 Process in group number            2
 A PDF is used, so alpha_s(MZ) is going to be modified
 Old value of alpha_s from param_card:   0.13000000000000003     
  ****************************************
 
       NNPDFDriver version 1.0.3
   Grid: NNPDF23_lo_as_0130_qed_mem0.grid
  ****************************************
 New value of alpha_s from PDF nn23lo1:  0.13000000000000000     
 Warning! ptj set to xqcut=   20.000000000000000       to improve integration efficiency
 Note that this might affect non-radiated jets,
 e.g. from decays. Use cut_decays=F in run_card.
 Warning! mmjj set to xqcut=   20.000000000000000       to improve integration efficiency
 Note that this might affect non-radiated jets,
 e.g. from decays. Use cut_decays=F in run_card.
 Define smin to   8000.0000000000000     
 Define smin to   8000.0000000000000     
 Define smin to   8000.0000000000000     
 Define smin to   8000.0000000000000     
 Define smin to   8000.0000000000000     
 Define smin to   8000.0000000000000     
 Define smin to   8000.0000000000000     
 Define smin to   8000.0000000000000     
 *****************************************************
 *               MadGraph/MadEvent                   *
 *        --------------------------------           *
 *          http://madgraph.hep.uiuc.edu             *
 *          http://madgraph.phys.ucl.ac.be           *
 *          http://madgraph.roma2.infn.it            *
 *        --------------------------------           *
 *                                                   *
 *          PARAMETER AND COUPLING VALUES            *
 *                                                   *
 *****************************************************

  External Params
  ---------------------------------
  
 aEWM1 =    132.50700000000001     
 mdl_Gf =    1.1663900000000000E-005
 aS =   0.13000000000000003     
 mdl_ymb =    4.7000000000000002     
 mdl_ymt =    173.00000000000000     
 mdl_ymtau =    1.7769999999999999     
 mdl_MZ =    91.188000000000002     
 mdl_MT =    173.00000000000000     
 mdl_MB =    4.7000000000000002     
 mdl_MH =    125.00000000000000     
 mdl_MTA =    1.7769999999999999     
 mdl_WZ =    2.4414039999999999     
 mdl_WW =    2.0476000000000001     
 mdl_WT =    1.4915000000000000     
 mdl_WH =    6.3823389999999999E-003
  Internal Params
  ---------------------------------
  
 mdl_conjg__CKM3x3 =    1.0000000000000000     
 mdl_conjg__CKM1x1 =    1.0000000000000000     
 mdl_CKM3x3 =    1.0000000000000000     
 mdl_complexi =                (0.0000000000000000,1.0000000000000000)
 mdl_MZ__exp__2 =    8315.2513440000002     
 mdl_MZ__exp__4 =    69143404.913893804     
 mdl_sqrt__2 =    1.4142135623730951     
 mdl_MH__exp__2 =    15625.000000000000     
 mdl_aEW =    7.5467711139788835E-003
 mdl_MW =    80.419002445756163     
 mdl_sqrt__aEW =    8.6872153846781555E-002
 mdl_ee =   0.30795376724436879     
 mdl_MW__exp__2 =    6467.2159543705357     
 mdl_sw2 =   0.22224648578577766     
 mdl_cw =   0.88190334743339216     
 mdl_sqrt__sw2 =   0.47143025548407230     
 mdl_sw =   0.47143025548407230     
 mdl_g1 =   0.34919219678733299     
 mdl_gw =   0.65323293034757990     
 mdl_vev =    246.21845810181637     
 mdl_vev__exp__2 =    60623.529110035903     
 mdl_lam =   0.12886910601690263     
 mdl_yb =    2.6995554250465490E-002
 mdl_yt =   0.99366614581500623     
 mdl_ytau =    1.0206617000654717E-002
 mdl_muH =    88.388347648318430     
 mdl_I1x33 =          (2.69955542504654901E-002,0.0000000000000000)
 mdl_I2x33 =               (0.99366614581500623,0.0000000000000000)
 mdl_I3x33 =               (0.99366614581500623,0.0000000000000000)
 mdl_I4x33 =          (2.69955542504654901E-002,0.0000000000000000)
 mdl_ee__exp__2 =    9.4835522759998875E-002
 mdl_sw__exp__2 =   0.22224648578577769     
 mdl_cw__exp__2 =   0.77775351421422245     
  Internal Params evaluated point by point
  ----------------------------------------
  
 mdl_sqrt__aS =   0.36055512754639896     
 mdl_G__exp__2 =    1.6336281798666927     
  Couplings of sm
  ---------------------------------
  
        GC_10 =  -0.12781E+01   0.00000E+00
        GC_11 =   0.00000E+00   0.12781E+01
        GC_50 =  -0.00000E+00  -0.28804E+00
        GC_58 =  -0.00000E+00  -0.27437E-01
        GC_59 =   0.00000E+00   0.82310E-01

 Collider parameters:
 --------------------

 Running at P P   machine @    13000.000000000000       GeV
 PDF set = nn23lo1
 alpha_s(Mz)= 0.1300 running at 2 loops.
 alpha_s(Mz)= 0.1300 running at 2 loops.
 Renormalization scale set on event-by-event basis
 Factorization   scale set on event-by-event basis


 getting user params
Enter number of events and max and min iterations: 
 Number of events and iterations         1000           5           3
Enter desired fractional accuracy: 
 Desired fractional accuracy:   0.10000000000000001     
Enter 0 for fixed, 2 for adjustable grid: 
Suppress amplitude (0 no, 1 yes)? 
 Using suppressed amplitude.
Exact helicity sum (0 yes, n = number/event)? 
 Explicitly summing over helicities
Enter Configuration Number: 
Running Configuration Number:   16
 Not subdividing B.W.
 Attempting mappinvarients           1           8
 Determine nb_t
 T-channel found:            0
 Completed mapping           8
 about to integrate           16        1000           5           3          16           1
 Using non-zero grid deformation.
 16 dimensions   1000 events 16 invarients  5 iterations  1 config(s),  (0.99)
 Using h-tuple random number sequence.
 Error opening grid
 Using Uniform Grid!          32
 Using uniform alpha   1.0000000000000000     
 Grid defined OK
 Masses: 0.000E+00 0.000E+00 0.000E+00 0.000E+00 0.000E+00 0.000E+00 0.000E+00 0.000E+00
 Set CM energy to      13000.00
 Mapping Graph          16  to config          16
 Determine nb_t
 T-channel found:            0
 Setting BW          -1           1   91.188000000000002     
Setting grid   2    0.17619E-04   1
Setting grid   3    0.17619E-04   1
 Setting BW          -4           2   91.188000000000002     
 Transforming s_hat 1/s           15   1.3160304238967098E-004   8000.0000000000000        168999999.99999997     
Using random seed offsets    16 :      2
  with seed                   57
 Ranmar initialization seeds       11139        9434
 
 ********************************************
 * You are using the DiscreteSampler module *
 *      part of the MG5_aMC framework       *
 *         Author: Valentin Hirschi         *
 ********************************************
 
  Particle       3       4       5       6       7       8
      Et >    20.0    20.0    20.0    20.0    20.0    20.0
       E >     0.0     0.0     0.0     0.0     0.0     0.0
     Eta <     2.5     2.5     2.5     2.5     2.8     2.8
   xqcut:      0.0     0.0     0.0     0.0    20.0    20.0
d R # 3  >    -0.0     0.4     0.4     0.4     0.0     0.0
d R # 4  >    -0.0    -0.0     0.4     0.4     0.0     0.0
d R # 5  >    -0.0    -0.0    -0.0     0.4     0.0     0.0
d R # 6  >    -0.0    -0.0    -0.0    -0.0     0.0     0.0
d R # 7  >    -0.0    -0.0    -0.0    -0.0    -0.0     0.0
s min # 3>     0.0     0.0     0.0     0.0     0.0     0.0
s min # 4>     0.0     0.0     0.0     0.0     0.0     0.0
s min # 5>     0.0     0.0     0.0     0.0     0.0     0.0
s min # 6>     0.0     0.0     0.0     0.0     0.0     0.0
s min # 7>     0.0     0.0     0.0     0.0     0.0   400.0
xqcutij # 3>     0.0     0.0     0.0     0.0     0.0     0.0
xqcutij # 4>     0.0     0.0     0.0     0.0     0.0     0.0
xqcutij # 5>     0.0     0.0     0.0     0.0     0.0     0.0
xqcutij # 6>     0.0     0.0     0.0     0.0     0.0     0.0
xqcutij # 7>     0.0     0.0     0.0     0.0     0.0    20.0
 No cut BW           -1           1
 No cut BW           -4           2
 alpha_s for scale    1547.0173866759646       is    8.8537749675128188E-002
 RESET CUMULATIVE VARIABLE
 Iteration  1   Mean: 0.2542E-05 Abs mean: 0.2542E-05   Fluctuation:  0.327E-06   0.228E-03     2.8%
  1    0.2542E-05 0.2542E-05 +- 0.3269E-06      4.07
 Writing out events   1.8326076081663025E-008   4.0664537812360564     
 Relative summed weights:
  0.2266E-01  0.2114E-01  0.3291E-01  0.2083E-01  0.1005E+00  0.3209E-01  0.5408E-01  0.5861E-01  0.3327E-02  0.2480E-02  0.5323E-02  0.1531E-01  0.8962E-02  0.9237E-02  0.1218E-01  0.8920E-02
  0.9035E-01  0.3788E-01  0.2760E-01  0.2074E-01  0.4126E-01  0.3491E-01  0.1278E+00  0.8191E-01  0.1166E-01  0.4278E-02  0.8698E-02  0.1547E-01  0.2236E-01  0.2866E-01  0.1766E-01  0.2016E-01
 Relative number of events:
  0.1586E-01  0.3469E-01  0.3568E-01  0.3370E-01  0.5946E-01  0.4559E-01  0.4460E-01  0.5253E-01  0.1388E-01  0.1189E-01  0.1784E-01  0.2775E-01  0.2775E-01  0.2676E-01  0.2676E-01  0.3271E-01
  0.4063E-01  0.3766E-01  0.3171E-01  0.3370E-01  0.4361E-01  0.3766E-01  0.5253E-01  0.5154E-01  0.1388E-01  0.1090E-01  0.7929E-02  0.1487E-01  0.3568E-01  0.3171E-01  0.2081E-01  0.2775E-01
 Events:
          16          35          36          34          60          46          45          53          14          12          18          28          28          27          27          33
          41          38          32          34          44          38          53          52          14          11           8          15          36          32          21          28
 Iteration  2   Mean: 0.2885E-05 Abs mean: 0.2885E-05   Fluctuation:  0.183E-06   0.150E-03    12.3%
  2    0.2885E-05 0.2885E-05 +- 0.1830E-06      2.84
 Relative summed weights:
  0.3659E-01  0.6715E-01  0.5621E-01  0.3693E-01  0.5744E-01  0.4495E-01  0.6092E-01  0.5496E-01  0.6711E-02  0.7317E-02  0.6084E-02  0.1167E-01  0.1840E-01  0.9913E-02  0.1110E-01  0.1433E-01
  0.3507E-01  0.3045E-01  0.3829E-01  0.3313E-01  0.4792E-01  0.7365E-01  0.4582E-01  0.6585E-01  0.5304E-02  0.4403E-02  0.9008E-02  0.1142E-01  0.2137E-01  0.1735E-01  0.2093E-01  0.3934E-01
 Relative number of events:
  0.3600E-01  0.3550E-01  0.3350E-01  0.3650E-01  0.5300E-01  0.4900E-01  0.3850E-01  0.5200E-01  0.1600E-01  0.1200E-01  0.1450E-01  0.1450E-01  0.2550E-01  0.2450E-01  0.3100E-01  0.2550E-01
  0.3900E-01  0.3350E-01  0.3800E-01  0.2550E-01  0.5100E-01  0.4900E-01  0.4550E-01  0.4500E-01  0.1200E-01  0.1350E-01  0.1250E-01  0.1600E-01  0.3150E-01  0.3250E-01  0.3050E-01  0.2750E-01
 Events:
          72          71          67          73         106          98          77         104          32          24          29          29          51          49          62          51
          78          67          76          51         102          98          91          90          24          27          25          32          63          65          61          55
 Iteration  3   Mean: 0.2521E-05 Abs mean: 0.2521E-05   Fluctuation:  0.901E-07   0.797E-04    16.3%
  3    0.2521E-05 0.2521E-05 +- 0.9010E-07      2.26
 Relative summed weights:
  0.4317E-01  0.4365E-01  0.3274E-01  0.3088E-01  0.5933E-01  0.4184E-01  0.4254E-01  0.5927E-01  0.8171E-02  0.1085E-01  0.7077E-02  0.7101E-02  0.2938E-01  0.1814E-01  0.2718E-01  0.2101E-01
  0.5017E-01  0.4588E-01  0.4407E-01  0.3086E-01  0.4994E-01  0.6191E-01  0.5047E-01  0.5121E-01  0.1096E-01  0.8964E-02  0.9132E-02  0.8772E-02  0.2271E-01  0.2708E-01  0.2847E-01  0.1708E-01
 Relative number of events:
  0.3475E-01  0.3250E-01  0.3275E-01  0.3000E-01  0.5700E-01  0.4450E-01  0.4575E-01  0.5050E-01  0.9500E-02  0.1475E-01  0.1250E-01  0.1075E-01  0.2725E-01  0.3000E-01  0.2750E-01  0.2975E-01
  0.3550E-01  0.3675E-01  0.3975E-01  0.3650E-01  0.5025E-01  0.5000E-01  0.4850E-01  0.5175E-01  0.1150E-01  0.1175E-01  0.1050E-01  0.9250E-02  0.2875E-01  0.3250E-01  0.2825E-01  0.2875E-01
 Events:
         139         130         131         120         228         178         183         202          38          59          50          43         109         120         110         119
         142         147         159         146         201         200         194         207          46          47          42          37         115         130         113         115
 Accuracy:    0.041   0.100   0.030   1.860
 Finished due to accuracy    4.1272990738962317E-002  0.10000000000000001     

 -------------------------------------------------------------------------------
 Accumulated results:   Integral =  0.2605E-05
                        Std dev  =  0.7884E-07
                       Cross sec =  0.2605E-05
             Chi**2 per DoF.     =      1.8600
 -------------------------------------------------------------------------------
 Found         1331  events.
 Wrote          228  events.
 Actual xsec    2.6051855026274907E-006
 Correct abs xsec    2.6051855026274907E-006
 Event xsec    2.6051855026274953E-006
 Events wgts > 1:           10
 % Cross section > 1:    2.3102827701103715E-008  0.88680163764933606     
-------------------------------------------------
---------------------------
 Results Last   3 iters: Integral =   0.2605E-05
                     Abs integral =   0.2605E-05
                          Std dev =   0.7884E-07
                  Chi**2 per DoF. =      1.6234
-------------------------------------------------
---------------------------
 Status  0.10000000000000001                4           5

ls status:
events.lhe
ftn26
input_app.txt
results.dat
run1_app.log
run_01_log.txt
run_02_log.txt
run_03_log.txt
run_04_log.txt
run_05_log.txt
