 Process in group number            2
 A PDF is used, so alpha_s(MZ) is going to be modified
 Old value of alpha_s from param_card:   0.13000000000000003     
  ****************************************
 
       NNPDFDriver version 1.0.3
   Grid: NNPDF23_lo_as_0130_qed_mem0.grid
  ****************************************
 New value of alpha_s from PDF nn23lo1:  0.13000000000000000     
 Warning! ptj set to xqcut=   20.000000000000000       to improve integration efficiency
 Note that this might affect non-radiated jets,
 e.g. from decays. Use cut_decays=F in run_card.
 Warning! mmjj set to xqcut=   20.000000000000000       to improve integration efficiency
 Note that this might affect non-radiated jets,
 e.g. from decays. Use cut_decays=F in run_card.
 Define smin to   8000.0000000000000     
 Define smin to   8000.0000000000000     
 Define smin to   8000.0000000000000     
 Define smin to   8000.0000000000000     
 *****************************************************
 *               MadGraph/MadEvent                   *
 *        --------------------------------           *
 *          http://madgraph.hep.uiuc.edu             *
 *          http://madgraph.phys.ucl.ac.be           *
 *          http://madgraph.roma2.infn.it            *
 *        --------------------------------           *
 *                                                   *
 *          PARAMETER AND COUPLING VALUES            *
 *                                                   *
 *****************************************************

  External Params
  ---------------------------------
  
 aEWM1 =    132.50700000000001     
 mdl_Gf =    1.1663900000000000E-005
 aS =   0.13000000000000003     
 mdl_ymb =    4.7000000000000002     
 mdl_ymt =    173.00000000000000     
 mdl_ymtau =    1.7769999999999999     
 mdl_MZ =    91.188000000000002     
 mdl_MT =    173.00000000000000     
 mdl_MB =    4.7000000000000002     
 mdl_MH =    125.00000000000000     
 mdl_MTA =    1.7769999999999999     
 mdl_WZ =    2.4414039999999999     
 mdl_WW =    2.0476000000000001     
 mdl_WT =    1.4915000000000000     
 mdl_WH =    6.3823389999999999E-003
  Internal Params
  ---------------------------------
  
 mdl_conjg__CKM3x3 =    1.0000000000000000     
 mdl_conjg__CKM1x1 =    1.0000000000000000     
 mdl_CKM3x3 =    1.0000000000000000     
 mdl_complexi =                (0.0000000000000000,1.0000000000000000)
 mdl_MZ__exp__2 =    8315.2513440000002     
 mdl_MZ__exp__4 =    69143404.913893804     
 mdl_sqrt__2 =    1.4142135623730951     
 mdl_MH__exp__2 =    15625.000000000000     
 mdl_aEW =    7.5467711139788835E-003
 mdl_MW =    80.419002445756163     
 mdl_sqrt__aEW =    8.6872153846781555E-002
 mdl_ee =   0.30795376724436879     
 mdl_MW__exp__2 =    6467.2159543705357     
 mdl_sw2 =   0.22224648578577766     
 mdl_cw =   0.88190334743339216     
 mdl_sqrt__sw2 =   0.47143025548407230     
 mdl_sw =   0.47143025548407230     
 mdl_g1 =   0.34919219678733299     
 mdl_gw =   0.65323293034757990     
 mdl_vev =    246.21845810181637     
 mdl_vev__exp__2 =    60623.529110035903     
 mdl_lam =   0.12886910601690263     
 mdl_yb =    2.6995554250465490E-002
 mdl_yt =   0.99366614581500623     
 mdl_ytau =    1.0206617000654717E-002
 mdl_muH =    88.388347648318430     
 mdl_I1x33 =          (2.69955542504654901E-002,0.0000000000000000)
 mdl_I2x33 =               (0.99366614581500623,0.0000000000000000)
 mdl_I3x33 =               (0.99366614581500623,0.0000000000000000)
 mdl_I4x33 =          (2.69955542504654901E-002,0.0000000000000000)
 mdl_ee__exp__2 =    9.4835522759998875E-002
 mdl_sw__exp__2 =   0.22224648578577769     
 mdl_cw__exp__2 =   0.77775351421422245     
  Internal Params evaluated point by point
  ----------------------------------------
  
 mdl_sqrt__aS =   0.36055512754639896     
 mdl_G__exp__2 =    1.6336281798666927     
  Couplings of sm
  ---------------------------------
  
        GC_10 =  -0.12781E+01   0.00000E+00
        GC_11 =   0.00000E+00   0.12781E+01
        GC_50 =  -0.00000E+00  -0.28804E+00
        GC_58 =  -0.00000E+00  -0.27437E-01
        GC_59 =   0.00000E+00   0.82310E-01

 Collider parameters:
 --------------------

 Running at P P   machine @    13000.000000000000       GeV
 PDF set = nn23lo1
 alpha_s(Mz)= 0.1300 running at 2 loops.
 alpha_s(Mz)= 0.1300 running at 2 loops.
 Renormalization scale set on event-by-event basis
 Factorization   scale set on event-by-event basis


 getting user params
Enter number of events and max and min iterations: 
 Number of events and iterations         1000           5           3
Enter desired fractional accuracy: 
 Desired fractional accuracy:   0.10000000000000001     
Enter 0 for fixed, 2 for adjustable grid: 
Suppress amplitude (0 no, 1 yes)? 
 Using suppressed amplitude.
Exact helicity sum (0 yes, n = number/event)? 
 Explicitly summing over helicities
Enter Configuration Number: 
Running Configuration Number:    7
 Not subdividing B.W.
 Attempting mappinvarients           1           8
 Determine nb_t
 T-channel found:            3
 Completed mapping           8
 about to integrate           16        1000           7           3          16           1
 Using non-zero grid deformation.
 16 dimensions   1000 events 16 invarients  7 iterations  1 config(s),  (0.99)
 Using h-tuple random number sequence.
 Error opening grid
 Using Uniform Grid!          32
 Using uniform alpha   1.0000000000000000     
 Grid defined OK
 Masses: 0.000E+00 0.000E+00 0.000E+00 0.000E+00 0.000E+00 0.000E+00 0.000E+00 0.000E+00
 Set CM energy to      13000.00
 Mapping Graph           7  to config           7
 Determine nb_t
 T-channel found:            3
 Setting BW          -1           1   91.188000000000002     
 Setting BW          -2           2   91.188000000000002     
Setting grid   3    0.23669E-05   1
Setting grid   4    0.23669E-05   1
Setting grid   5    0.17619E-04   1
 Transforming s_hat 1/s           15   1.3160304238967098E-004   8000.0000000000000        168999999.99999997     
 Got moffset           1
Using random seed offsets     7 :      4
  with seed                   57
 Ranmar initialization seeds       11130       12593
 
 ********************************************
 * You are using the DiscreteSampler module *
 *      part of the MG5_aMC framework       *
 *         Author: Valentin Hirschi         *
 ********************************************
 
  Particle       3       4       5       6       7       8
      Et >    20.0    20.0    20.0    20.0    20.0    20.0
       E >     0.0     0.0     0.0     0.0     0.0     0.0
     Eta <     2.5     2.5     2.5     2.5     2.8     2.8
   xqcut:      0.0     0.0     0.0     0.0    20.0    20.0
d R # 3  >    -0.0     0.4     0.4     0.4     0.0     0.0
d R # 4  >    -0.0    -0.0     0.4     0.4     0.0     0.0
d R # 5  >    -0.0    -0.0    -0.0     0.4     0.0     0.0
d R # 6  >    -0.0    -0.0    -0.0    -0.0     0.0     0.0
d R # 7  >    -0.0    -0.0    -0.0    -0.0    -0.0     0.0
s min # 3>     0.0     0.0     0.0     0.0     0.0     0.0
s min # 4>     0.0     0.0     0.0     0.0     0.0     0.0
s min # 5>     0.0     0.0     0.0     0.0     0.0     0.0
s min # 6>     0.0     0.0     0.0     0.0     0.0     0.0
s min # 7>     0.0     0.0     0.0     0.0     0.0   400.0
xqcutij # 3>     0.0     0.0     0.0     0.0     0.0     0.0
xqcutij # 4>     0.0     0.0     0.0     0.0     0.0     0.0
xqcutij # 5>     0.0     0.0     0.0     0.0     0.0     0.0
xqcutij # 6>     0.0     0.0     0.0     0.0     0.0     0.0
xqcutij # 7>     0.0     0.0     0.0     0.0     0.0    20.0
 No cut BW           -1           1
 No cut BW           -2           2
 alpha_s for scale    127.54764297705724       is   0.12311406036043648     
 RESET CUMULATIVE VARIABLE
 Iteration  1   Mean: 0.2122E-03 Abs mean: 0.2122E-03   Fluctuation:  0.186E-04   0.125E-01     1.4%
  1    0.2122E-03 0.2122E-03 +- 0.1864E-04      2.78
 Writing out events   2.2169693020248498E-006   2.7778656300672764     
 Relative summed weights:
  0.4517E-01  0.5890E-01  0.4365E-01  0.5628E-01  0.7974E-01  0.5752E-01  0.1570E+00  0.3492E-01
  0.6250E-01  0.3710E-01  0.2866E-01  0.3658E-01  0.7997E-01  0.7303E-01  0.5752E-01  0.9147E-01
 Relative number of events:
  0.4658E-01  0.6145E-01  0.3865E-01  0.3964E-01  0.8127E-01  0.7136E-01  0.7235E-01  0.6145E-01
  0.5352E-01  0.5055E-01  0.3271E-01  0.5253E-01  0.8325E-01  0.9316E-01  0.7532E-01  0.8622E-01
 Events:
          47          62          39          40          82          72          73          62
          54          51          33          53          84          94          76          87
 Iteration  2   Mean: 0.2159E-03 Abs mean: 0.2159E-03   Fluctuation:  0.132E-04   0.164E-01     6.9%
  2    0.2159E-03 0.2159E-03 +- 0.1320E-04      2.73
 Relative summed weights:
  0.3232E-01  0.4087E-01  0.5617E-01  0.3238E-01  0.8950E-01  0.8683E-01  0.7463E-01  0.8282E-01
  0.6472E-01  0.2940E-01  0.4241E-01  0.5266E-01  0.1044E+00  0.5873E-01  0.5262E-01  0.9953E-01
 Relative number of events:
  0.4150E-01  0.4650E-01  0.5400E-01  0.4000E-01  0.8250E-01  0.7550E-01  0.8100E-01  0.8050E-01
  0.4600E-01  0.4100E-01  0.4000E-01  0.5000E-01  0.8500E-01  0.8050E-01  0.7050E-01  0.8550E-01
 Events:
          83          93         108          80         165         151         162         161
          92          82          80         100         170         161         141         171
 Iteration  3   Mean: 0.2164E-03 Abs mean: 0.2164E-03   Fluctuation:  0.737E-05   0.130E-01    10.3%
  3    0.2164E-03 0.2164E-03 +- 0.7368E-05      2.15
 Relative summed weights:
  0.4749E-01  0.4480E-01  0.3925E-01  0.5762E-01  0.1026E+00  0.6821E-01  0.7151E-01  0.7188E-01
  0.5442E-01  0.4109E-01  0.4539E-01  0.4064E-01  0.7083E-01  0.7786E-01  0.8603E-01  0.8040E-01
 Relative number of events:
  0.4425E-01  0.4650E-01  0.4125E-01  0.4800E-01  0.8350E-01  0.8150E-01  0.7350E-01  0.7550E-01
  0.4700E-01  0.4125E-01  0.4750E-01  0.4400E-01  0.8200E-01  0.8000E-01  0.8500E-01  0.7925E-01
 Events:
         177         186         165         192         334         326         294         302
         188         165         190         176         328         320         340         317
 Accuracy:    0.004   0.100   0.028   0.021
 Finished due to accuracy    4.1174825732761839E-003  0.10000000000000001     

 -------------------------------------------------------------------------------
 Accumulated results:   Integral =  0.2159E-03
                        Std dev  =  0.6082E-05
                       Cross sec =  0.2159E-03
             Chi**2 per DoF.     =      0.0214
 -------------------------------------------------------------------------------
 Found         2226  events.
 Wrote          119  events.
 Actual xsec    2.1586237106402693E-004
 Correct abs xsec    2.1586237106402693E-004
 Event xsec    2.1586237106402737E-004
 Events wgts > 1:            3
 % Cross section > 1:    1.3721950840379157E-006  0.63568053907408717     
-------------------------------------------------
---------------------------
 Results Last   3 iters: Integral =   0.2159E-03
                     Abs integral =   0.2159E-03
                          Std dev =   0.6082E-05
                  Chi**2 per DoF. =      0.0220
-------------------------------------------------
---------------------------
 Status  0.10000000000000001                4           7

ls status:
events.lhe
ftn26
input_app.txt
input_sg.txt
moffset.dat
multijob.dat
results.dat
run1_app.log
run_01_log.txt
run_02_log.txt
