 Process in group number            1
 A PDF is used, so alpha_s(MZ) is going to be modified
 Old value of alpha_s from param_card:   0.13000000000000003     
  ****************************************
 
       NNPDFDriver version 1.0.3
   Grid: NNPDF23_lo_as_0130_qed_mem0.grid
  ****************************************
 New value of alpha_s from PDF nn23lo1:  0.13000000000000000     
 Warning! ptj set to xqcut=   20.000000000000000       to improve integration efficiency
 Note that this might affect non-radiated jets,
 e.g. from decays. Use cut_decays=F in run_card.
 Warning! mmjj set to xqcut=   20.000000000000000       to improve integration efficiency
 Note that this might affect non-radiated jets,
 e.g. from decays. Use cut_decays=F in run_card.
 Define smin to   6800.0000000000000     
 Define smin to   6800.0000000000000     
 Define smin to   6800.0000000000000     
 Define smin to   6800.0000000000000     
 *****************************************************
 *               MadGraph/MadEvent                   *
 *        --------------------------------           *
 *          http://madgraph.hep.uiuc.edu             *
 *          http://madgraph.phys.ucl.ac.be           *
 *          http://madgraph.roma2.infn.it            *
 *        --------------------------------           *
 *                                                   *
 *          PARAMETER AND COUPLING VALUES            *
 *                                                   *
 *****************************************************

  External Params
  ---------------------------------
  
 aEWM1 =    132.50700000000001     
 mdl_Gf =    1.1663900000000000E-005
 aS =   0.13000000000000003     
 mdl_ymb =    4.7000000000000002     
 mdl_ymt =    173.00000000000000     
 mdl_ymtau =    1.7769999999999999     
 mdl_MZ =    91.188000000000002     
 mdl_MT =    173.00000000000000     
 mdl_MB =    4.7000000000000002     
 mdl_MH =    125.00000000000000     
 mdl_MTA =    1.7769999999999999     
 mdl_WZ =    2.4414039999999999     
 mdl_WW =    2.0476000000000001     
 mdl_WT =    1.4915000000000000     
 mdl_WH =    6.3823389999999999E-003
  Internal Params
  ---------------------------------
  
 mdl_conjg__CKM3x3 =    1.0000000000000000     
 mdl_conjg__CKM1x1 =    1.0000000000000000     
 mdl_CKM3x3 =    1.0000000000000000     
 mdl_complexi =                (0.0000000000000000,1.0000000000000000)
 mdl_MZ__exp__2 =    8315.2513440000002     
 mdl_MZ__exp__4 =    69143404.913893804     
 mdl_sqrt__2 =    1.4142135623730951     
 mdl_MH__exp__2 =    15625.000000000000     
 mdl_aEW =    7.5467711139788835E-003
 mdl_MW =    80.419002445756163     
 mdl_sqrt__aEW =    8.6872153846781555E-002
 mdl_ee =   0.30795376724436879     
 mdl_MW__exp__2 =    6467.2159543705357     
 mdl_sw2 =   0.22224648578577766     
 mdl_cw =   0.88190334743339216     
 mdl_sqrt__sw2 =   0.47143025548407230     
 mdl_sw =   0.47143025548407230     
 mdl_g1 =   0.34919219678733299     
 mdl_gw =   0.65323293034757990     
 mdl_vev =    246.21845810181637     
 mdl_vev__exp__2 =    60623.529110035903     
 mdl_lam =   0.12886910601690263     
 mdl_yb =    2.6995554250465490E-002
 mdl_yt =   0.99366614581500623     
 mdl_ytau =    1.0206617000654717E-002
 mdl_muH =    88.388347648318430     
 mdl_I1x33 =          (2.69955542504654901E-002,0.0000000000000000)
 mdl_I2x33 =               (0.99366614581500623,0.0000000000000000)
 mdl_I3x33 =               (0.99366614581500623,0.0000000000000000)
 mdl_I4x33 =          (2.69955542504654901E-002,0.0000000000000000)
 mdl_ee__exp__2 =    9.4835522759998875E-002
 mdl_sw__exp__2 =   0.22224648578577769     
 mdl_cw__exp__2 =   0.77775351421422245     
  Internal Params evaluated point by point
  ----------------------------------------
  
 mdl_sqrt__aS =   0.36055512754639896     
 mdl_G__exp__2 =    1.6336281798666927     
  Couplings of sm
  ---------------------------------
  
        GC_10 =  -0.12781E+01   0.00000E+00
        GC_11 =   0.00000E+00   0.12781E+01
        GC_50 =  -0.00000E+00  -0.28804E+00
        GC_58 =  -0.00000E+00  -0.27437E-01
        GC_59 =   0.00000E+00   0.82310E-01

 Collider parameters:
 --------------------

 Running at P P   machine @    13000.000000000000       GeV
 PDF set = nn23lo1
 alpha_s(Mz)= 0.1300 running at 2 loops.
 alpha_s(Mz)= 0.1300 running at 2 loops.
 Renormalization scale set on event-by-event basis
 Factorization   scale set on event-by-event basis


 getting user params
Enter number of events and max and min iterations: 
 Number of events and iterations         1000           5           3
Enter desired fractional accuracy: 
 Desired fractional accuracy:   0.10000000000000001     
Enter 0 for fixed, 2 for adjustable grid: 
Suppress amplitude (0 no, 1 yes)? 
 Using suppressed amplitude.
Exact helicity sum (0 yes, n = number/event)? 
 Explicitly summing over helicities
Enter Configuration Number: 
Running Configuration Number:    3
 Not subdividing B.W.
 Attempting mappinvarients           1           7
 Determine nb_t
 T-channel found:            2
 Completed mapping           7
 about to integrate           13        1000           7           3          13           1
 Using non-zero grid deformation.
 13 dimensions   1000 events 13 invarients  7 iterations  1 config(s),  (0.99)
 Using h-tuple random number sequence.
 Error opening grid
 Using Uniform Grid!          32
 Using uniform alpha   1.0000000000000000     
 Grid defined OK
 Masses: 0.000E+00 0.000E+00 0.000E+00 0.000E+00 0.000E+00 0.000E+00 0.000E+00
 Set CM energy to      13000.00
 Mapping Graph           3  to config           3
 Determine nb_t
 T-channel found:            2
 Setting BW          -1           1   91.188000000000002     
 Setting BW          -2           2   91.188000000000002     
Setting grid   3    0.23669E-05   1
Setting grid   4    0.17619E-04   1
 Transforming s_hat 1/s           12   9.8671946531682858E-005   6800.0000000000000        168999999.99999997     
Using random seed offsets     3 :      6
  with seed                   57
 Ranmar initialization seeds       11126        9438
 
 ********************************************
 * You are using the DiscreteSampler module *
 *      part of the MG5_aMC framework       *
 *         Author: Valentin Hirschi         *
 ********************************************
 
  Particle       3       4       5       6       7
      Et >    20.0    20.0    20.0    20.0    20.0
       E >     0.0     0.0     0.0     0.0     0.0
     Eta <     2.5     2.5     2.5     2.5     2.8
   xqcut:      0.0     0.0     0.0     0.0    20.0
d R # 3  >    -0.0     0.4     0.4     0.4     0.0
d R # 4  >    -0.0    -0.0     0.4     0.4     0.0
d R # 5  >    -0.0    -0.0    -0.0     0.4     0.0
d R # 6  >    -0.0    -0.0    -0.0    -0.0     0.0
s min # 3>     0.0     0.0     0.0     0.0     0.0
s min # 4>     0.0     0.0     0.0     0.0     0.0
s min # 5>     0.0     0.0     0.0     0.0     0.0
s min # 6>     0.0     0.0     0.0     0.0     0.0
xqcutij # 3>     0.0     0.0     0.0     0.0     0.0
xqcutij # 4>     0.0     0.0     0.0     0.0     0.0
xqcutij # 5>     0.0     0.0     0.0     0.0     0.0
xqcutij # 6>     0.0     0.0     0.0     0.0     0.0
 No cut BW           -1           1
 No cut BW           -2           2
 alpha_s for scale    234.00038773966293       is   0.11238553531845893     
 RESET CUMULATIVE VARIABLE
 Iteration  1   Mean: 0.2107E-02 Abs mean: 0.2107E-02   Fluctuation:  0.122E-03   0.429E-01     3.6%
  1    0.2107E-02 0.2107E-02 +- 0.1218E-03      1.83
 Writing out events   8.2566629416973624E-006   1.8276414665445861     
 Relative summed weights:
  0.6492E-01  0.3871E-01  0.4610E-01  0.5150E-01  0.7195E-01  0.8577E-01  0.6034E-01  0.6890E-01
  0.3236E-01  0.4479E-01  0.3849E-01  0.5484E-01  0.6324E-01  0.9230E-01  0.1014E+00  0.8434E-01
 Relative number of events:
  0.5550E-01  0.3766E-01  0.5253E-01  0.5352E-01  0.7929E-01  0.6640E-01  0.7136E-01  0.7433E-01
  0.4163E-01  0.3370E-01  0.3370E-01  0.4460E-01  0.7037E-01  0.9812E-01  0.8722E-01  0.1001E+00
 Events:
          56          38          53          54          80          67          72          75
          42          34          34          45          71          99          88         101
 Iteration  2   Mean: 0.2283E-02 Abs mean: 0.2283E-02   Fluctuation:  0.114E-03   0.102E+00    14.6%
  2    0.2283E-02 0.2283E-02 +- 0.1136E-03      2.22
 Relative summed weights:
  0.4077E-01  0.6495E-01  0.3209E-01  0.4929E-01  0.6534E-01  0.7541E-01  0.8405E-01  0.7508E-01
  0.3438E-01  0.5650E-01  0.4923E-01  0.5325E-01  0.7207E-01  0.8138E-01  0.9011E-01  0.7610E-01
 Relative number of events:
  0.4250E-01  0.4550E-01  0.3950E-01  0.4250E-01  0.8000E-01  0.7650E-01  0.7800E-01  0.8500E-01
  0.3900E-01  0.4650E-01  0.4450E-01  0.5150E-01  0.8550E-01  0.8450E-01  0.8000E-01  0.7900E-01
 Events:
          85          91          79          85         160         153         156         170
          78          93          89         103         171         169         160         158
 Iteration  3   Mean: 0.2229E-02 Abs mean: 0.2229E-02   Fluctuation:  0.102E-03   0.303E+00    17.2%
  3    0.2229E-02 0.2229E-02 +- 0.1019E-03      2.89
 Relative summed weights:
  0.3352E-01  0.4370E-01  0.4158E-01  0.3723E-01  0.1143E+00  0.7617E-01  0.7568E-01  0.7658E-01
  0.3760E-01  0.4711E-01  0.4789E-01  0.6747E-01  0.7424E-01  0.8066E-01  0.7023E-01  0.7607E-01
 Relative number of events:
  0.3900E-01  0.4550E-01  0.4325E-01  0.4350E-01  0.7600E-01  0.7975E-01  0.7725E-01  0.8025E-01
  0.4300E-01  0.5100E-01  0.5050E-01  0.4625E-01  0.7725E-01  0.8125E-01  0.8025E-01  0.8600E-01
 Events:
         156         182         173         174         304         319         309         321
         172         204         202         185         309         325         321         344
 Accuracy:    0.022   0.100   0.029   0.553
 Finished due to accuracy    2.1629456159966955E-002  0.10000000000000001     

 -------------------------------------------------------------------------------
 Accumulated results:   Integral =  0.2217E-02
                        Std dev  =  0.6446E-04
                       Cross sec =  0.2217E-02
             Chi**2 per DoF.     =      0.5532
 -------------------------------------------------------------------------------
 Found         1839  events.
 Wrote           28  events.
 Actual xsec    2.2166569284787635E-003
 Correct abs xsec    2.2166569284787635E-003
 Event xsec    2.2166569284787639E-003
 Events wgts > 1:            0
 % Cross section > 1:    0.0000000000000000        0.0000000000000000     
-------------------------------------------------
---------------------------
 Results Last   3 iters: Integral =   0.2217E-02
                     Abs integral =   0.2217E-02
                          Std dev =   0.6446E-04
                  Chi**2 per DoF. =      0.5812
-------------------------------------------------
---------------------------
 Status  0.10000000000000001                4           7

ls status:
events.lhe
ftn26
input_app.txt
multijob.dat
results.dat
run1_app.log
run_01_log.txt
run_02_log.txt
run_03_log.txt
run_04_log.txt
run_05_log.txt
