 Process in group number            2
 A PDF is used, so alpha_s(MZ) is going to be modified
 Old value of alpha_s from param_card:   0.13000000000000003     
  ****************************************
 
       NNPDFDriver version 1.0.3
   Grid: NNPDF23_lo_as_0130_qed_mem0.grid
  ****************************************
 New value of alpha_s from PDF nn23lo1:  0.13000000000000000     
 Warning! ptj set to xqcut=   20.000000000000000       to improve integration efficiency
 Note that this might affect non-radiated jets,
 e.g. from decays. Use cut_decays=F in run_card.
 Warning! mmjj set to xqcut=   20.000000000000000       to improve integration efficiency
 Note that this might affect non-radiated jets,
 e.g. from decays. Use cut_decays=F in run_card.
 Define smin to   8000.0000000000000     
 Define smin to   8000.0000000000000     
 Define smin to   8000.0000000000000     
 Define smin to   8000.0000000000000     
 Define smin to   8000.0000000000000     
 Define smin to   8000.0000000000000     
 Define smin to   8000.0000000000000     
 Define smin to   8000.0000000000000     
 *****************************************************
 *               MadGraph/MadEvent                   *
 *        --------------------------------           *
 *          http://madgraph.hep.uiuc.edu             *
 *          http://madgraph.phys.ucl.ac.be           *
 *          http://madgraph.roma2.infn.it            *
 *        --------------------------------           *
 *                                                   *
 *          PARAMETER AND COUPLING VALUES            *
 *                                                   *
 *****************************************************

  External Params
  ---------------------------------
  
 aEWM1 =    132.50700000000001     
 mdl_Gf =    1.1663900000000000E-005
 aS =   0.13000000000000003     
 mdl_ymb =    4.7000000000000002     
 mdl_ymt =    173.00000000000000     
 mdl_ymtau =    1.7769999999999999     
 mdl_MZ =    91.188000000000002     
 mdl_MT =    173.00000000000000     
 mdl_MB =    4.7000000000000002     
 mdl_MH =    125.00000000000000     
 mdl_MTA =    1.7769999999999999     
 mdl_WZ =    2.4414039999999999     
 mdl_WW =    2.0476000000000001     
 mdl_WT =    1.4915000000000000     
 mdl_WH =    6.3823389999999999E-003
  Internal Params
  ---------------------------------
  
 mdl_conjg__CKM3x3 =    1.0000000000000000     
 mdl_conjg__CKM1x1 =    1.0000000000000000     
 mdl_CKM3x3 =    1.0000000000000000     
 mdl_complexi =                (0.0000000000000000,1.0000000000000000)
 mdl_MZ__exp__2 =    8315.2513440000002     
 mdl_MZ__exp__4 =    69143404.913893804     
 mdl_sqrt__2 =    1.4142135623730951     
 mdl_MH__exp__2 =    15625.000000000000     
 mdl_aEW =    7.5467711139788835E-003
 mdl_MW =    80.419002445756163     
 mdl_sqrt__aEW =    8.6872153846781555E-002
 mdl_ee =   0.30795376724436879     
 mdl_MW__exp__2 =    6467.2159543705357     
 mdl_sw2 =   0.22224648578577766     
 mdl_cw =   0.88190334743339216     
 mdl_sqrt__sw2 =   0.47143025548407230     
 mdl_sw =   0.47143025548407230     
 mdl_g1 =   0.34919219678733299     
 mdl_gw =   0.65323293034757990     
 mdl_vev =    246.21845810181637     
 mdl_vev__exp__2 =    60623.529110035903     
 mdl_lam =   0.12886910601690263     
 mdl_yb =    2.6995554250465490E-002
 mdl_yt =   0.99366614581500623     
 mdl_ytau =    1.0206617000654717E-002
 mdl_muH =    88.388347648318430     
 mdl_I1x33 =          (2.69955542504654901E-002,0.0000000000000000)
 mdl_I2x33 =               (0.99366614581500623,0.0000000000000000)
 mdl_I3x33 =               (0.99366614581500623,0.0000000000000000)
 mdl_I4x33 =          (2.69955542504654901E-002,0.0000000000000000)
 mdl_ee__exp__2 =    9.4835522759998875E-002
 mdl_sw__exp__2 =   0.22224648578577769     
 mdl_cw__exp__2 =   0.77775351421422245     
  Internal Params evaluated point by point
  ----------------------------------------
  
 mdl_sqrt__aS =   0.36055512754639896     
 mdl_G__exp__2 =    1.6336281798666927     
  Couplings of sm
  ---------------------------------
  
        GC_10 =  -0.12781E+01   0.00000E+00
        GC_11 =   0.00000E+00   0.12781E+01
        GC_50 =  -0.00000E+00  -0.28804E+00
        GC_58 =  -0.00000E+00  -0.27437E-01
        GC_59 =   0.00000E+00   0.82310E-01

 Collider parameters:
 --------------------

 Running at P P   machine @    13000.000000000000       GeV
 PDF set = nn23lo1
 alpha_s(Mz)= 0.1300 running at 2 loops.
 alpha_s(Mz)= 0.1300 running at 2 loops.
 Renormalization scale set on event-by-event basis
 Factorization   scale set on event-by-event basis


 getting user params
Enter number of events and max and min iterations: 
 Number of events and iterations         1000           5           3
Enter desired fractional accuracy: 
 Desired fractional accuracy:   0.10000000000000001     
Enter 0 for fixed, 2 for adjustable grid: 
Suppress amplitude (0 no, 1 yes)? 
 Using suppressed amplitude.
Exact helicity sum (0 yes, n = number/event)? 
 Explicitly summing over helicities
Enter Configuration Number: 
Running Configuration Number:   15
 Not subdividing B.W.
 Attempting mappinvarients           1           8
 Determine nb_t
 T-channel found:            0
 Completed mapping           8
 about to integrate           16        1000           5           3          16           1
 Using non-zero grid deformation.
 16 dimensions   1000 events 16 invarients  5 iterations  1 config(s),  (0.99)
 Using h-tuple random number sequence.
 Error opening grid
 Using Uniform Grid!          32
 Using uniform alpha   1.0000000000000000     
 Grid defined OK
 Masses: 0.000E+00 0.000E+00 0.000E+00 0.000E+00 0.000E+00 0.000E+00 0.000E+00 0.000E+00
 Set CM energy to      13000.00
 Mapping Graph          15  to config          15
 Determine nb_t
 T-channel found:            0
 Setting BW          -1           1   91.188000000000002     
Setting grid   2    0.17619E-04   1
 Setting BW          -3           2   91.188000000000002     
Setting grid   4    0.70475E-04   1
 Transforming s_hat 1/s           15   1.3160304238967098E-004   8000.0000000000000        168999999.99999997     
Using random seed offsets    15 :      2
  with seed                   57
 Ranmar initialization seeds       11138        9434
 
 ********************************************
 * You are using the DiscreteSampler module *
 *      part of the MG5_aMC framework       *
 *         Author: Valentin Hirschi         *
 ********************************************
 
  Particle       3       4       5       6       7       8
      Et >    20.0    20.0    20.0    20.0    20.0    20.0
       E >     0.0     0.0     0.0     0.0     0.0     0.0
     Eta <     2.5     2.5     2.5     2.5     2.8     2.8
   xqcut:      0.0     0.0     0.0     0.0    20.0    20.0
d R # 3  >    -0.0     0.4     0.4     0.4     0.0     0.0
d R # 4  >    -0.0    -0.0     0.4     0.4     0.0     0.0
d R # 5  >    -0.0    -0.0    -0.0     0.4     0.0     0.0
d R # 6  >    -0.0    -0.0    -0.0    -0.0     0.0     0.0
d R # 7  >    -0.0    -0.0    -0.0    -0.0    -0.0     0.0
s min # 3>     0.0     0.0     0.0     0.0     0.0     0.0
s min # 4>     0.0     0.0     0.0     0.0     0.0     0.0
s min # 5>     0.0     0.0     0.0     0.0     0.0     0.0
s min # 6>     0.0     0.0     0.0     0.0     0.0     0.0
s min # 7>     0.0     0.0     0.0     0.0     0.0   400.0
xqcutij # 3>     0.0     0.0     0.0     0.0     0.0     0.0
xqcutij # 4>     0.0     0.0     0.0     0.0     0.0     0.0
xqcutij # 5>     0.0     0.0     0.0     0.0     0.0     0.0
xqcutij # 6>     0.0     0.0     0.0     0.0     0.0     0.0
xqcutij # 7>     0.0     0.0     0.0     0.0     0.0    20.0
 No cut BW           -1           1
 No cut BW           -3           2
 alpha_s for scale    786.04224370039969       is    9.5804428751652598E-002
 RESET CUMULATIVE VARIABLE
 Iteration  1   Mean: 0.9669E-06 Abs mean: 0.9669E-06   Fluctuation:  0.762E-07   0.305E-04     3.6%
  1    0.9669E-06 0.9669E-06 +- 0.7622E-07      2.49
 Writing out events   5.4217334999266298E-009   2.4927579386234417     
 Relative summed weights:
  0.2726E-01  0.4120E-01  0.4925E-01  0.6570E-01  0.8045E-01  0.1185E+00  0.3689E-01  0.4956E-01  0.9266E-02  0.6458E-02  0.8997E-02  0.5970E-02  0.1911E-01  0.2288E-01  0.2854E-01  0.1821E-01
  0.4246E-01  0.2249E-01  0.1997E-01  0.2482E-01  0.6294E-01  0.2225E-01  0.4339E-01  0.4032E-01  0.7578E-02  0.9551E-02  0.1066E-01  0.3799E-02  0.2771E-01  0.2309E-01  0.1294E-01  0.3773E-01
 Relative number of events:
  0.3568E-01  0.3865E-01  0.3469E-01  0.3568E-01  0.5352E-01  0.5550E-01  0.4361E-01  0.5451E-01  0.1288E-01  0.1487E-01  0.1288E-01  0.8920E-02  0.2279E-01  0.3667E-01  0.1982E-01  0.3072E-01
  0.2973E-01  0.3072E-01  0.4063E-01  0.3766E-01  0.6145E-01  0.3667E-01  0.5154E-01  0.5154E-01  0.9911E-02  0.1189E-01  0.7929E-02  0.7929E-02  0.2874E-01  0.2676E-01  0.2577E-01  0.2973E-01
 Events:
          36          39          35          36          54          56          44          55          13          15          13           9          23          37          20          31
          30          31          41          38          62          37          52          52          10          12           8           8          29          27          26          30
 Iteration  2   Mean: 0.8717E-06 Abs mean: 0.8717E-06   Fluctuation:  0.412E-07   0.238E-04    16.2%
  2    0.8717E-06 0.8717E-06 +- 0.4124E-07      2.12
 Relative summed weights:
  0.6504E-01  0.3589E-01  0.2600E-01  0.3267E-01  0.5452E-01  0.5106E-01  0.6867E-01  0.5166E-01  0.4090E-02  0.1338E-01  0.1023E-01  0.1363E-01  0.2133E-01  0.1921E-01  0.3126E-01  0.2549E-01
  0.4132E-01  0.3733E-01  0.2102E-01  0.4990E-01  0.4069E-01  0.5106E-01  0.5126E-01  0.5446E-01  0.1244E-01  0.3592E-02  0.9195E-02  0.6836E-02  0.1730E-01  0.2495E-01  0.2346E-01  0.3106E-01
 Relative number of events:
  0.4950E-01  0.3700E-01  0.3000E-01  0.3300E-01  0.4850E-01  0.5000E-01  0.5850E-01  0.4250E-01  0.1050E-01  0.1200E-01  0.8500E-02  0.1400E-01  0.2800E-01  0.2700E-01  0.2950E-01  0.2850E-01
  0.4050E-01  0.3600E-01  0.2950E-01  0.3650E-01  0.4850E-01  0.5400E-01  0.5550E-01  0.5750E-01  0.1000E-01  0.8500E-02  0.9000E-02  0.8000E-02  0.2350E-01  0.2950E-01  0.1900E-01  0.2750E-01
 Events:
          99          74          60          66          97         100         117          85          21          24          17          28          56          54          59          57
          81          72          59          73          97         108         111         115          20          17          18          16          47          59          38          55
 Iteration  3   Mean: 0.9360E-06 Abs mean: 0.9360E-06   Fluctuation:  0.339E-07   0.462E-04    18.8%
  3    0.9360E-06 0.9360E-06 +- 0.3391E-07      2.29
 Relative summed weights:
  0.3450E-01  0.4580E-01  0.3054E-01  0.3208E-01  0.6672E-01  0.4053E-01  0.5681E-01  0.6292E-01  0.1184E-01  0.9743E-02  0.1002E-01  0.7173E-02  0.1949E-01  0.1610E-01  0.2140E-01  0.2404E-01
  0.3432E-01  0.4797E-01  0.2626E-01  0.3390E-01  0.6707E-01  0.5323E-01  0.6783E-01  0.5535E-01  0.1240E-01  0.1109E-01  0.1036E-01  0.1097E-01  0.2741E-01  0.2005E-01  0.1594E-01  0.1615E-01
 Relative number of events:
  0.3250E-01  0.4000E-01  0.3800E-01  0.3750E-01  0.5775E-01  0.4350E-01  0.5300E-01  0.5850E-01  0.1000E-01  0.1025E-01  0.1150E-01  0.1150E-01  0.2375E-01  0.2425E-01  0.2625E-01  0.2300E-01
  0.3475E-01  0.3650E-01  0.3100E-01  0.4000E-01  0.5375E-01  0.5325E-01  0.5375E-01  0.5250E-01  0.1275E-01  0.1075E-01  0.1125E-01  0.1150E-01  0.2650E-01  0.2650E-01  0.2200E-01  0.2200E-01
 Events:
         130         160         152         150         231         174         212         234          40          41          46          46          95          97         105          92
         139         146         124         160         215         213         215         210          51          43          45          46         106         106          88          88
 Accuracy:    0.026   0.100   0.027   0.943
 Finished due to accuracy    2.6239434865067034E-002  0.10000000000000001     

 -------------------------------------------------------------------------------
 Accumulated results:   Integral =  0.9187E-06
                        Std dev  =  0.2482E-07
                       Cross sec =  0.9187E-06
             Chi**2 per DoF.     =      0.9429
 -------------------------------------------------------------------------------
 Found         1529  events.
 Wrote          139  events.
 Actual xsec    9.1866794093941369E-007
 Correct abs xsec    9.1866794093941369E-007
 Event xsec    9.1866794093941454E-007
 Events wgts > 1:            3
 % Cross section > 1:    8.8150814457217691E-009  0.95955035033742586     
-------------------------------------------------
---------------------------
 Results Last   3 iters: Integral =   0.9187E-06
                     Abs integral =   0.9187E-06
                          Std dev =   0.2482E-07
                  Chi**2 per DoF. =      0.9811
-------------------------------------------------
---------------------------
 Status  0.10000000000000001                4           5

ls status:
events.lhe
ftn26
input_app.txt
results.dat
run1_app.log
run_01_log.txt
run_02_log.txt
run_03_log.txt
run_04_log.txt
run_05_log.txt
