 Process in group number            2
 A PDF is used, so alpha_s(MZ) is going to be modified
 Old value of alpha_s from param_card:   0.13000000000000003     
  ****************************************
 
       NNPDFDriver version 1.0.3
   Grid: NNPDF23_lo_as_0130_qed_mem0.grid
  ****************************************
 New value of alpha_s from PDF nn23lo1:  0.13000000000000000     
 Warning! ptj set to xqcut=   20.000000000000000       to improve integration efficiency
 Note that this might affect non-radiated jets,
 e.g. from decays. Use cut_decays=F in run_card.
 Warning! mmjj set to xqcut=   20.000000000000000       to improve integration efficiency
 Note that this might affect non-radiated jets,
 e.g. from decays. Use cut_decays=F in run_card.
 Define smin to   8000.0000000000000     
 Define smin to   8000.0000000000000     
 Define smin to   8000.0000000000000     
 Define smin to   8000.0000000000000     
 *****************************************************
 *               MadGraph/MadEvent                   *
 *        --------------------------------           *
 *          http://madgraph.hep.uiuc.edu             *
 *          http://madgraph.phys.ucl.ac.be           *
 *          http://madgraph.roma2.infn.it            *
 *        --------------------------------           *
 *                                                   *
 *          PARAMETER AND COUPLING VALUES            *
 *                                                   *
 *****************************************************

  External Params
  ---------------------------------
  
 aEWM1 =    132.50700000000001     
 mdl_Gf =    1.1663900000000000E-005
 aS =   0.13000000000000003     
 mdl_ymb =    4.7000000000000002     
 mdl_ymt =    173.00000000000000     
 mdl_ymtau =    1.7769999999999999     
 mdl_MZ =    91.188000000000002     
 mdl_MT =    173.00000000000000     
 mdl_MB =    4.7000000000000002     
 mdl_MH =    125.00000000000000     
 mdl_MTA =    1.7769999999999999     
 mdl_WZ =    2.4414039999999999     
 mdl_WW =    2.0476000000000001     
 mdl_WT =    1.4915000000000000     
 mdl_WH =    6.3823389999999999E-003
  Internal Params
  ---------------------------------
  
 mdl_conjg__CKM3x3 =    1.0000000000000000     
 mdl_conjg__CKM1x1 =    1.0000000000000000     
 mdl_CKM3x3 =    1.0000000000000000     
 mdl_complexi =                (0.0000000000000000,1.0000000000000000)
 mdl_MZ__exp__2 =    8315.2513440000002     
 mdl_MZ__exp__4 =    69143404.913893804     
 mdl_sqrt__2 =    1.4142135623730951     
 mdl_MH__exp__2 =    15625.000000000000     
 mdl_aEW =    7.5467711139788835E-003
 mdl_MW =    80.419002445756163     
 mdl_sqrt__aEW =    8.6872153846781555E-002
 mdl_ee =   0.30795376724436879     
 mdl_MW__exp__2 =    6467.2159543705357     
 mdl_sw2 =   0.22224648578577766     
 mdl_cw =   0.88190334743339216     
 mdl_sqrt__sw2 =   0.47143025548407230     
 mdl_sw =   0.47143025548407230     
 mdl_g1 =   0.34919219678733299     
 mdl_gw =   0.65323293034757990     
 mdl_vev =    246.21845810181637     
 mdl_vev__exp__2 =    60623.529110035903     
 mdl_lam =   0.12886910601690263     
 mdl_yb =    2.6995554250465490E-002
 mdl_yt =   0.99366614581500623     
 mdl_ytau =    1.0206617000654717E-002
 mdl_muH =    88.388347648318430     
 mdl_I1x33 =          (2.69955542504654901E-002,0.0000000000000000)
 mdl_I2x33 =               (0.99366614581500623,0.0000000000000000)
 mdl_I3x33 =               (0.99366614581500623,0.0000000000000000)
 mdl_I4x33 =          (2.69955542504654901E-002,0.0000000000000000)
 mdl_ee__exp__2 =    9.4835522759998875E-002
 mdl_sw__exp__2 =   0.22224648578577769     
 mdl_cw__exp__2 =   0.77775351421422245     
  Internal Params evaluated point by point
  ----------------------------------------
  
 mdl_sqrt__aS =   0.36055512754639896     
 mdl_G__exp__2 =    1.6336281798666927     
  Couplings of sm
  ---------------------------------
  
        GC_10 =  -0.12781E+01   0.00000E+00
        GC_11 =   0.00000E+00   0.12781E+01
        GC_50 =  -0.00000E+00  -0.28804E+00
        GC_58 =  -0.00000E+00  -0.27437E-01
        GC_59 =   0.00000E+00   0.82310E-01

 Collider parameters:
 --------------------

 Running at P P   machine @    13000.000000000000       GeV
 PDF set = nn23lo1
 alpha_s(Mz)= 0.1300 running at 2 loops.
 alpha_s(Mz)= 0.1300 running at 2 loops.
 Renormalization scale set on event-by-event basis
 Factorization   scale set on event-by-event basis


 getting user params
Enter number of events and max and min iterations: 
 Number of events and iterations         1000           5           3
Enter desired fractional accuracy: 
 Desired fractional accuracy:   0.10000000000000001     
Enter 0 for fixed, 2 for adjustable grid: 
Suppress amplitude (0 no, 1 yes)? 
 Using suppressed amplitude.
Exact helicity sum (0 yes, n = number/event)? 
 Explicitly summing over helicities
Enter Configuration Number: 
Running Configuration Number:   20
 Not subdividing B.W.
 Attempting mappinvarients           1           8
 Determine nb_t
 T-channel found:            2
 Completed mapping           8
 about to integrate           16        1000           7           3          16           1
 Using non-zero grid deformation.
 16 dimensions   1000 events 16 invarients  7 iterations  1 config(s),  (0.99)
 Using h-tuple random number sequence.
 Error opening grid
 Using Uniform Grid!          32
 Using uniform alpha   1.0000000000000000     
 Grid defined OK
 Masses: 0.000E+00 0.000E+00 0.000E+00 0.000E+00 0.000E+00 0.000E+00 0.000E+00 0.000E+00
 Set CM energy to      13000.00
 Mapping Graph          20  to config          20
 Determine nb_t
 T-channel found:            2
 Setting BW          -1           1   91.188000000000002     
Setting grid   2    0.17619E-04   1
 Setting BW          -3           2   91.188000000000002     
Setting grid   4    0.23669E-05   1
Setting grid   5    0.17619E-04   1
 Transforming s_hat 1/s           15   1.3160304238967098E-004   8000.0000000000000        168999999.99999997     
 Got moffset           1
Using random seed offsets    20 :      1
  with seed                   57
 Ranmar initialization seeds       11143       12590
 
 ********************************************
 * You are using the DiscreteSampler module *
 *      part of the MG5_aMC framework       *
 *         Author: Valentin Hirschi         *
 ********************************************
 
  Particle       3       4       5       6       7       8
      Et >    20.0    20.0    20.0    20.0    20.0    20.0
       E >     0.0     0.0     0.0     0.0     0.0     0.0
     Eta <     2.5     2.5     2.5     2.5     2.8     2.8
   xqcut:      0.0     0.0     0.0     0.0    20.0    20.0
d R # 3  >    -0.0     0.4     0.4     0.4     0.0     0.0
d R # 4  >    -0.0    -0.0     0.4     0.4     0.0     0.0
d R # 5  >    -0.0    -0.0    -0.0     0.4     0.0     0.0
d R # 6  >    -0.0    -0.0    -0.0    -0.0     0.0     0.0
d R # 7  >    -0.0    -0.0    -0.0    -0.0    -0.0     0.0
s min # 3>     0.0     0.0     0.0     0.0     0.0     0.0
s min # 4>     0.0     0.0     0.0     0.0     0.0     0.0
s min # 5>     0.0     0.0     0.0     0.0     0.0     0.0
s min # 6>     0.0     0.0     0.0     0.0     0.0     0.0
s min # 7>     0.0     0.0     0.0     0.0     0.0   400.0
xqcutij # 3>     0.0     0.0     0.0     0.0     0.0     0.0
xqcutij # 4>     0.0     0.0     0.0     0.0     0.0     0.0
xqcutij # 5>     0.0     0.0     0.0     0.0     0.0     0.0
xqcutij # 6>     0.0     0.0     0.0     0.0     0.0     0.0
xqcutij # 7>     0.0     0.0     0.0     0.0     0.0     0.0
 No cut BW           -1           1
 No cut BW           -3           2
 alpha_s for scale    191.68590560373909       is   0.11569494707864954     
 RESET CUMULATIVE VARIABLE
 Iteration  1   Mean: 0.2737E-04 Abs mean: 0.2737E-04   Fluctuation:  0.191E-05   0.661E-03     1.9%
  1    0.2737E-04 0.2737E-04 +- 0.1908E-05      2.20
 Writing out events   2.1070046594640790E-007   2.2041000200490344     
 Relative summed weights:
  0.4127E-01  0.0000E+00  0.2977E-01  0.0000E+00  0.1002E+00  0.0000E+00  0.5127E-01  0.0000E+00
  0.7087E-01  0.0000E+00  0.3404E-01  0.0000E+00  0.7554E-01  0.0000E+00  0.7884E-01  0.0000E+00
  0.7114E-01  0.0000E+00  0.3891E-01  0.0000E+00  0.5744E-01  0.0000E+00  0.1010E+00  0.0000E+00
  0.3740E-01  0.0000E+00  0.5009E-01  0.0000E+00  0.7600E-01  0.0000E+00  0.8628E-01  0.0000E+00
 Relative number of events:
  0.4856E-01  0.0000E+00  0.3865E-01  0.0000E+00  0.9713E-01  0.0000E+00  0.7532E-01  0.0000E+00
  0.3964E-01  0.0000E+00  0.4262E-01  0.0000E+00  0.9613E-01  0.0000E+00  0.9118E-01  0.0000E+00
  0.4361E-01  0.0000E+00  0.4262E-01  0.0000E+00  0.7136E-01  0.0000E+00  0.7235E-01  0.0000E+00
  0.4063E-01  0.0000E+00  0.4063E-01  0.0000E+00  0.7532E-01  0.0000E+00  0.8424E-01  0.0000E+00
 Events:
          49           0          39           0          98           0          76           0
          40           0          43           0          97           0          92           0
          44           0          43           0          72           0          73           0
          41           0          41           0          76           0          85           0
 Iteration  2   Mean: 0.2642E-04 Abs mean: 0.2642E-04   Fluctuation:  0.112E-05   0.679E-03     8.3%
  2    0.2642E-04 0.2642E-04 +- 0.1123E-05      1.90
 Relative summed weights:
  0.3162E-01  0.0000E+00  0.3441E-01  0.0000E+00  0.8729E-01  0.0000E+00  0.7853E-01  0.0000E+00
  0.5867E-01  0.0000E+00  0.4714E-01  0.0000E+00  0.7517E-01  0.0000E+00  0.7725E-01  0.0000E+00
  0.5235E-01  0.0000E+00  0.3578E-01  0.0000E+00  0.9683E-01  0.0000E+00  0.7721E-01  0.0000E+00
  0.4353E-01  0.0000E+00  0.5134E-01  0.0000E+00  0.7149E-01  0.0000E+00  0.8139E-01  0.0000E+00
 Relative number of events:
  0.3500E-01  0.0000E+00  0.4150E-01  0.0000E+00  0.8500E-01  0.0000E+00  0.8550E-01  0.0000E+00
  0.5000E-01  0.0000E+00  0.4950E-01  0.0000E+00  0.9050E-01  0.0000E+00  0.8550E-01  0.0000E+00
  0.3950E-01  0.0000E+00  0.3750E-01  0.0000E+00  0.9350E-01  0.0000E+00  0.8500E-01  0.0000E+00
  0.3750E-01  0.0000E+00  0.4200E-01  0.0000E+00  0.6650E-01  0.0000E+00  0.7600E-01  0.0000E+00
 Events:
          70           0          83           0         170           0         171           0
         100           0          99           0         181           0         171           0
          79           0          75           0         187           0         170           0
          75           0          84           0         133           0         152           0
 Iteration  3   Mean: 0.2591E-04 Abs mean: 0.2591E-04   Fluctuation:  0.687E-06   0.665E-03    10.4%
  3    0.2591E-04 0.2591E-04 +- 0.6874E-06      1.68
 Relative summed weights:
  0.4430E-01  0.0000E+00  0.4906E-01  0.0000E+00  0.8553E-01  0.0000E+00  0.8161E-01  0.0000E+00
  0.3590E-01  0.0000E+00  0.4212E-01  0.0000E+00  0.7667E-01  0.0000E+00  0.8092E-01  0.0000E+00
  0.3933E-01  0.0000E+00  0.4823E-01  0.0000E+00  0.8098E-01  0.0000E+00  0.7804E-01  0.0000E+00
  0.4638E-01  0.0000E+00  0.3905E-01  0.0000E+00  0.9566E-01  0.0000E+00  0.7619E-01  0.0000E+00
 Relative number of events:
  0.4625E-01  0.0000E+00  0.4375E-01  0.0000E+00  0.8175E-01  0.0000E+00  0.9400E-01  0.0000E+00
  0.3925E-01  0.0000E+00  0.3975E-01  0.0000E+00  0.8350E-01  0.0000E+00  0.8450E-01  0.0000E+00
  0.3500E-01  0.0000E+00  0.4800E-01  0.0000E+00  0.7725E-01  0.0000E+00  0.8400E-01  0.0000E+00
  0.4300E-01  0.0000E+00  0.3575E-01  0.0000E+00  0.8775E-01  0.0000E+00  0.7650E-01  0.0000E+00
 Events:
         185           0         175           0         327           0         376           0
         157           0         159           0         334           0         338           0
         140           0         192           0         309           0         336           0
         172           0         143           0         351           0         306           0
 Accuracy:    0.012   0.100   0.021   0.309
 Finished due to accuracy    1.1896293256228480E-002  0.10000000000000001     

 -------------------------------------------------------------------------------
 Accumulated results:   Integral =  0.2618E-04
                        Std dev  =  0.5606E-06
                       Cross sec =  0.2618E-04
             Chi**2 per DoF.     =      0.3086
 -------------------------------------------------------------------------------
 Found         2356  events.
 Wrote          343  events.
 Actual xsec    2.6180627058643999E-005
 Correct abs xsec    2.6180627058643999E-005
 Event xsec    2.6180627058643949E-005
 Events wgts > 1:           10
 % Cross section > 1:    1.7932795867219006E-007  0.68496433744883156     
-------------------------------------------------
---------------------------
 Results Last   3 iters: Integral =   0.2618E-04
                     Abs integral =   0.2618E-04
                          Std dev =   0.5606E-06
                  Chi**2 per DoF. =      0.2917
-------------------------------------------------
---------------------------
 Status  0.10000000000000001                4           7

ls status:
events.lhe
ftn26
input_app.txt
input_sg.txt
moffset.dat
results.dat
run1_app.log
run_01_log.txt
run_02_log.txt
run_03_log.txt
run_05_log.txt
