 Process in group number            3
 A PDF is used, so alpha_s(MZ) is going to be modified
 Old value of alpha_s from param_card:   0.13000000000000003     
  ****************************************
 
       NNPDFDriver version 1.0.3
   Grid: NNPDF23_lo_as_0130_qed_mem0.grid
  ****************************************
 New value of alpha_s from PDF nn23lo1:  0.13000000000000000     
 Warning! ptj set to xqcut=   20.000000000000000       to improve integration efficiency
 Note that this might affect non-radiated jets,
 e.g. from decays. Use cut_decays=F in run_card.
 Warning! mmjj set to xqcut=   20.000000000000000       to improve integration efficiency
 Note that this might affect non-radiated jets,
 e.g. from decays. Use cut_decays=F in run_card.
 Define smin to   4000.0000000000000     
 Define smin to   4000.0000000000000     
 Define smin to   4000.0000000000000     
 Define smin to   4000.0000000000000     
 Define smin to   4000.0000000000000     
 Define smin to   4000.0000000000000     
 Define smin to   4000.0000000000000     
 Define smin to   4000.0000000000000     
 Define smin to   4000.0000000000000     
 Define smin to   4000.0000000000000     
 Define smin to   4000.0000000000000     
 Define smin to   4000.0000000000000     
 Define smin to   4000.0000000000000     
 Define smin to   4000.0000000000000     
 Define smin to   4000.0000000000000     
 Define smin to   4000.0000000000000     
 *****************************************************
 *               MadGraph/MadEvent                   *
 *        --------------------------------           *
 *          http://madgraph.hep.uiuc.edu             *
 *          http://madgraph.phys.ucl.ac.be           *
 *          http://madgraph.roma2.infn.it            *
 *        --------------------------------           *
 *                                                   *
 *          PARAMETER AND COUPLING VALUES            *
 *                                                   *
 *****************************************************

  External Params
  ---------------------------------
  
 aEWM1 =    132.50700000000001     
 mdl_Gf =    1.1663900000000000E-005
 aS =   0.13000000000000003     
 mdl_ymb =    4.7000000000000002     
 mdl_ymt =    173.00000000000000     
 mdl_ymtau =    1.7769999999999999     
 mdl_MZ =    91.188000000000002     
 mdl_MT =    173.00000000000000     
 mdl_MB =    4.7000000000000002     
 mdl_MH =    125.00000000000000     
 mdl_MTA =    1.7769999999999999     
 mdl_WZ =    2.4414039999999999     
 mdl_WW =    2.0476000000000001     
 mdl_WT =    1.4915000000000000     
 mdl_WH =    6.3823389999999999E-003
  Internal Params
  ---------------------------------
  
 mdl_conjg__CKM3x3 =    1.0000000000000000     
 mdl_CKM3x3 =    1.0000000000000000     
 mdl_conjg__CKM1x1 =    1.0000000000000000     
 mdl_complexi =                (0.0000000000000000,1.0000000000000000)
 mdl_MZ__exp__2 =    8315.2513440000002     
 mdl_MZ__exp__4 =    69143404.913893804     
 mdl_sqrt__2 =    1.4142135623730951     
 mdl_MH__exp__2 =    15625.000000000000     
 mdl_aEW =    7.5467711139788835E-003
 mdl_MW =    80.419002445756163     
 mdl_sqrt__aEW =    8.6872153846781555E-002
 mdl_ee =   0.30795376724436879     
 mdl_MW__exp__2 =    6467.2159543705357     
 mdl_sw2 =   0.22224648578577766     
 mdl_cw =   0.88190334743339216     
 mdl_sqrt__sw2 =   0.47143025548407230     
 mdl_sw =   0.47143025548407230     
 mdl_g1 =   0.34919219678733299     
 mdl_gw =   0.65323293034757990     
 mdl_vev =    246.21845810181637     
 mdl_vev__exp__2 =    60623.529110035903     
 mdl_lam =   0.12886910601690263     
 mdl_yb =    2.6995554250465490E-002
 mdl_yt =   0.99366614581500623     
 mdl_ytau =    1.0206617000654717E-002
 mdl_muH =    88.388347648318430     
 mdl_I1x33 =          (2.69955542504654901E-002,0.0000000000000000)
 mdl_I2x33 =               (0.99366614581500623,0.0000000000000000)
 mdl_I3x33 =               (0.99366614581500623,0.0000000000000000)
 mdl_I4x33 =          (2.69955542504654901E-002,0.0000000000000000)
 mdl_ee__exp__2 =    9.4835522759998875E-002
 mdl_sw__exp__2 =   0.22224648578577769     
 mdl_cw__exp__2 =   0.77775351421422245     
  Internal Params evaluated point by point
  ----------------------------------------
  
 mdl_sqrt__aS =   0.36055512754639896     
 mdl_G__exp__2 =    1.6336281798666927     
  Couplings of sm
  ---------------------------------
  
        GC_10 =  -0.12781E+01   0.00000E+00
        GC_11 =   0.00000E+00   0.12781E+01
        GC_12 =   0.00000E+00   0.16336E+01
       GC_100 =   0.00000E+00   0.46191E+00

 Collider parameters:
 --------------------

 Running at P P   machine @    14000.000000000000       GeV
 PDF set = nn23lo1
 alpha_s(Mz)= 0.1300 running at 2 loops.
 alpha_s(Mz)= 0.1300 running at 2 loops.
 Renormalization scale set on event-by-event basis
 Factorization   scale set on event-by-event basis


 getting user params
Enter number of events and max and min iterations: 
 Number of events and iterations         1000           5           3
Enter desired fractional accuracy: 
 Desired fractional accuracy:   0.10000000000000001     
Enter 0 for fixed, 2 for adjustable grid: 
Suppress amplitude (0 no, 1 yes)? 
 Using suppressed amplitude.
Exact helicity sum (0 yes, n = number/event)? 
 Explicitly summing over helicities
Enter Configuration Number: 
Running Configuration Number:   14
 Not subdividing B.W.
 Attempting mappinvarients           1           7
 Determine nb_t
 T-channel found:            2
 Completed mapping           7
 about to integrate           13        1000           7           3          13           1
 Using non-zero grid deformation.
 13 dimensions   1000 events 13 invarients  7 iterations  1 config(s),  (0.99)
 Using h-tuple random number sequence.
 Error opening grid
 Using Uniform Grid!          28
 Using uniform alpha   1.0000000000000000     
 Grid defined OK
 Masses: 0.000E+00 0.000E+00 0.000E+00 0.000E+00 0.000E+00 0.000E+00 0.000E+00
 Set CM energy to      14000.00
 Mapping Graph          14  to config          14
 Determine nb_t
 T-channel found:            2
 Setting BW          -1           1   80.419002445756163     
Setting grid   2    0.12605E-04   1
Setting grid   3    0.20408E-05   1
Setting grid   4    0.20408E-05   1
 Transforming s_hat 1/s           12   6.1404018171547800E-005   4000.0000000000000        195999999.99999997     
Using random seed offsets    14 :      4
  with seed                   30
 Ranmar initialization seeds        8305        9408
 
 ********************************************
 * You are using the DiscreteSampler module *
 *      part of the MG5_aMC framework       *
 *         Author: Valentin Hirschi         *
 ********************************************
 
  Particle       3       4       5       6       7
      Et >    20.0     0.0    20.0    20.0    20.0
       E >     0.0     0.0     0.0     0.0     0.0
     Eta <     2.5    -1.0     2.8     2.8     2.8
   xqcut:      0.0     0.0    20.0    20.0    20.0
d R # 3  >    -0.0     0.0     0.0     0.0     0.0
d R # 4  >    -0.0    -0.0     0.0     0.0     0.0
d R # 5  >    -0.0    -0.0    -0.0     0.0     0.0
d R # 6  >    -0.0    -0.0    -0.0    -0.0     0.0
s min # 3>     0.0     0.0     0.0     0.0     0.0
s min # 4>     0.0     0.0     0.0     0.0     0.0
s min # 5>     0.0     0.0     0.0   400.0   400.0
s min # 6>     0.0     0.0     0.0     0.0   400.0
xqcutij # 3>     0.0     0.0     0.0     0.0     0.0
xqcutij # 4>     0.0     0.0     0.0     0.0     0.0
xqcutij # 5>     0.0     0.0     0.0    20.0    20.0
xqcutij # 6>     0.0     0.0    20.0     0.0    20.0
 No cut BW           -1           1
 alpha_s for scale    182.57923147353421       is   0.11653299248946695     
 RESET CUMULATIVE VARIABLE
 Iteration  1   Mean: 0.1804E+01 Abs mean: 0.1804E+01   Fluctuation:  0.312E+00   0.167E+03     1.9%
  1    0.1804E+01 0.1804E+01 +- 0.3124E+00      5.48
 Writing out events   1.3852022256882816E-002   5.4767031132575239     
 Relative summed weights:
  0.5823E-01  0.5154E-01  0.2071E+00  0.1262E+00  0.3055E-01  0.3766E-01  0.0000E+00  0.0000E+00  0.4009E-01  0.2645E-01  0.0000E+00  0.0000E+00  0.0000E+00  0.0000E+00  0.0000E+00  0.0000E+00  0.0000E+00  0.0000E+00  0.1159E-01  0.4041E-01  0.0000E+00  0.0000E+00  0.0000E+00  0.0000E+00  0.3124E-01  0.0000E+00  0.4470E-02  0.5437E-02  0.0000E+00  0.0000E+00  0.0000E+00  0.0000E+00
  0.2856E-01  0.2286E+00  0.0000E+00  0.0000E+00  0.0000E+00  0.0000E+00  0.0000E+00  0.0000E+00  0.0000E+00  0.0000E+00  0.7184E-01  0.0000E+00  0.0000E+00  0.0000E+00  0.0000E+00  0.0000E+00  0.0000E+00  0.0000E+00  0.0000E+00  0.0000E+00  0.0000E+00  0.0000E+00  0.0000E+00  0.0000E+00  0.0000E+00  0.0000E+00  0.0000E+00  0.0000E+00  0.0000E+00  0.0000E+00  0.0000E+00  0.0000E+00
 Relative number of events:
  0.5946E-01  0.5550E-01  0.7136E-01  0.8028E-01  0.1031E+00  0.8622E-01  0.0000E+00  0.0000E+00  0.9415E-01  0.8523E-01  0.0000E+00  0.0000E+00  0.0000E+00  0.0000E+00  0.0000E+00  0.0000E+00  0.0000E+00  0.0000E+00  0.5451E-01  0.4757E-01  0.0000E+00  0.0000E+00  0.0000E+00  0.0000E+00  0.2279E-01  0.0000E+00  0.8920E-02  0.1586E-01  0.0000E+00  0.0000E+00  0.0000E+00  0.0000E+00
  0.4856E-01  0.5352E-01  0.0000E+00  0.0000E+00  0.0000E+00  0.0000E+00  0.0000E+00  0.0000E+00  0.0000E+00  0.0000E+00  0.1130E+00  0.0000E+00  0.0000E+00  0.0000E+00  0.0000E+00  0.0000E+00  0.0000E+00  0.0000E+00  0.0000E+00  0.0000E+00  0.0000E+00  0.0000E+00  0.0000E+00  0.0000E+00  0.0000E+00  0.0000E+00  0.0000E+00  0.0000E+00  0.0000E+00  0.0000E+00  0.0000E+00  0.0000E+00
 Events:
          60          56          72          81         104          87           0           0          95          86           0           0           0           0           0           0           0           0          55          48           0           0           0           0          23           0           9          16           0           0           0           0
          49          54           0           0           0           0           0           0           0           0         114           0           0           0           0           0           0           0           0           0           0           0           0           0           0           0           0           0           0           0           0           0
 Iteration  2   Mean: 0.1323E+01 Abs mean: 0.1323E+01   Fluctuation:  0.178E+00   0.198E+03    10.8%
  2    0.1323E+01 0.1323E+01 +- 0.1776E+00      6.00
 Relative summed weights:
  0.4609E-01  0.9763E-01  0.5720E-01  0.4526E-01  0.3880E-01  0.4771E-01  0.0000E+00  0.0000E+00  0.1589E+00  0.1816E+00  0.0000E+00  0.0000E+00  0.0000E+00  0.0000E+00  0.0000E+00  0.0000E+00  0.0000E+00  0.0000E+00  0.4726E-01  0.2515E-01  0.0000E+00  0.0000E+00  0.0000E+00  0.0000E+00  0.9289E-02  0.0000E+00  0.2673E-02  0.8499E-02  0.0000E+00  0.0000E+00  0.0000E+00  0.0000E+00
  0.6860E-01  0.5413E-01  0.0000E+00  0.0000E+00  0.0000E+00  0.0000E+00  0.0000E+00  0.0000E+00  0.0000E+00  0.0000E+00  0.1112E+00  0.0000E+00  0.0000E+00  0.0000E+00  0.0000E+00  0.0000E+00  0.0000E+00  0.0000E+00  0.0000E+00  0.0000E+00  0.0000E+00  0.0000E+00  0.0000E+00  0.0000E+00  0.0000E+00  0.0000E+00  0.0000E+00  0.0000E+00  0.0000E+00  0.0000E+00  0.0000E+00  0.0000E+00
 Relative number of events:
  0.5250E-01  0.4600E-01  0.6800E-01  0.6150E-01  0.8400E-01  0.1005E+00  0.0000E+00  0.0000E+00  0.9750E-01  0.1075E+00  0.0000E+00  0.0000E+00  0.0000E+00  0.0000E+00  0.0000E+00  0.0000E+00  0.0000E+00  0.0000E+00  0.6250E-01  0.6550E-01  0.0000E+00  0.0000E+00  0.0000E+00  0.0000E+00  0.2500E-01  0.0000E+00  0.9500E-02  0.9000E-02  0.0000E+00  0.0000E+00  0.0000E+00  0.0000E+00
  0.5250E-01  0.5500E-01  0.0000E+00  0.0000E+00  0.0000E+00  0.0000E+00  0.0000E+00  0.0000E+00  0.0000E+00  0.0000E+00  0.1035E+00  0.0000E+00  0.0000E+00  0.0000E+00  0.0000E+00  0.0000E+00  0.0000E+00  0.0000E+00  0.0000E+00  0.0000E+00  0.0000E+00  0.0000E+00  0.0000E+00  0.0000E+00  0.0000E+00  0.0000E+00  0.0000E+00  0.0000E+00  0.0000E+00  0.0000E+00  0.0000E+00  0.0000E+00
 Events:
         105          92         136         123         168         201           0           0         195         215           0           0           0           0           0           0           0           0         125         131           0           0           0           0          50           0          19          18           0           0           0           0
         105         110           0           0           0           0           0           0           0           0         207           0           0           0           0           0           0           0           0           0           0           0           0           0           0           0           0           0           0           0           0           0
 Iteration  3   Mean: 0.2088E+01 Abs mean: 0.2088E+01   Fluctuation:  0.413E+00   0.143E+04    14.0%
  3    0.2088E+01 0.2088E+01 +- 0.4126E+00     12.50
 Relative summed weights:
  0.1336E+00  0.4561E-01  0.5914E-01  0.6229E-01  0.4792E-01  0.5254E-01  0.0000E+00  0.0000E+00  0.5792E-01  0.2533E+00  0.0000E+00  0.0000E+00  0.0000E+00  0.0000E+00  0.0000E+00  0.0000E+00  0.0000E+00  0.0000E+00  0.2174E-01  0.5829E-01  0.0000E+00  0.0000E+00  0.0000E+00  0.0000E+00  0.1114E-01  0.0000E+00  0.3570E-01  0.3439E-02  0.0000E+00  0.0000E+00  0.0000E+00  0.0000E+00
  0.4050E-01  0.5550E-01  0.0000E+00  0.0000E+00  0.0000E+00  0.0000E+00  0.0000E+00  0.0000E+00  0.0000E+00  0.0000E+00  0.6128E-01  0.0000E+00  0.0000E+00  0.0000E+00  0.0000E+00  0.0000E+00  0.0000E+00  0.0000E+00  0.0000E+00  0.0000E+00  0.0000E+00  0.0000E+00  0.0000E+00  0.0000E+00  0.0000E+00  0.0000E+00  0.0000E+00  0.0000E+00  0.0000E+00  0.0000E+00  0.0000E+00  0.0000E+00
 Relative number of events:
  0.5500E-01  0.4900E-01  0.6775E-01  0.6625E-01  0.9750E-01  0.9400E-01  0.0000E+00  0.0000E+00  0.1013E+00  0.1065E+00  0.0000E+00  0.0000E+00  0.0000E+00  0.0000E+00  0.0000E+00  0.0000E+00  0.0000E+00  0.0000E+00  0.5950E-01  0.5400E-01  0.0000E+00  0.0000E+00  0.0000E+00  0.0000E+00  0.2275E-01  0.0000E+00  0.1275E-01  0.1025E-01  0.0000E+00  0.0000E+00  0.0000E+00  0.0000E+00
  0.4800E-01  0.5400E-01  0.0000E+00  0.0000E+00  0.0000E+00  0.0000E+00  0.0000E+00  0.0000E+00  0.0000E+00  0.0000E+00  0.1015E+00  0.0000E+00  0.0000E+00  0.0000E+00  0.0000E+00  0.0000E+00  0.0000E+00  0.0000E+00  0.0000E+00  0.0000E+00  0.0000E+00  0.0000E+00  0.0000E+00  0.0000E+00  0.0000E+00  0.0000E+00  0.0000E+00  0.0000E+00  0.0000E+00  0.0000E+00  0.0000E+00  0.0000E+00
 Events:
         220         196         271         265         390         376           0           0         405         426           0           0           0           0           0           0           0           0         238         216           0           0           0           0          91           0          51          41           0           0           0           0
         192         216           0           0           0           0           0           0           0           0         406           0           0           0           0           0           0           0           0           0           0           0           0           0           0           0           0           0           0           0           0           0
 Accuracy:    0.138   0.100   0.093   2.171
 Found         1052  events.
 Wrote            5  events.
 Actual xsec    1.6341889799979843     
 Correct abs xsec    1.6341889799979843     
 Event xsec    1.6341889799979843     
 Events wgts > 1:            1
 % Cross section > 1:    3.4671230886296200E-009   2.1216169800838436E-007
 Iteration  4   Mean: 0.2265E+01 Abs mean: 0.2265E+01   Fluctuation:  0.398E+00   0.282E+04    15.9%
  4    0.2265E+01 0.2265E+01 +- 0.3975E+00     15.70
 Relative summed weights:
  0.7112E-01  0.1940E+00  0.1251E+00  0.6042E-01  0.3799E-01  0.4776E-01  0.0000E+00  0.0000E+00  0.5774E-01  0.1061E+00  0.0000E+00  0.0000E+00  0.0000E+00  0.0000E+00  0.0000E+00  0.0000E+00  0.0000E+00  0.0000E+00  0.2551E-01  0.3008E-01  0.0000E+00  0.0000E+00  0.0000E+00  0.0000E+00  0.7125E-02  0.0000E+00  0.7018E-02  0.1535E-02  0.0000E+00  0.0000E+00  0.0000E+00  0.0000E+00
  0.6729E-01  0.6486E-01  0.0000E+00  0.0000E+00  0.0000E+00  0.0000E+00  0.0000E+00  0.0000E+00  0.0000E+00  0.0000E+00  0.9640E-01  0.0000E+00  0.0000E+00  0.0000E+00  0.0000E+00  0.0000E+00  0.0000E+00  0.0000E+00  0.0000E+00  0.0000E+00  0.0000E+00  0.0000E+00  0.0000E+00  0.0000E+00  0.0000E+00  0.0000E+00  0.0000E+00  0.0000E+00  0.0000E+00  0.0000E+00  0.0000E+00  0.0000E+00
 Relative number of events:
  0.5412E-01  0.5525E-01  0.6900E-01  0.6975E-01  0.9237E-01  0.9187E-01  0.0000E+00  0.0000E+00  0.9888E-01  0.1016E+00  0.0000E+00  0.0000E+00  0.0000E+00  0.0000E+00  0.0000E+00  0.0000E+00  0.0000E+00  0.0000E+00  0.5462E-01  0.5700E-01  0.0000E+00  0.0000E+00  0.0000E+00  0.0000E+00  0.2100E-01  0.0000E+00  0.1175E-01  0.1025E-01  0.0000E+00  0.0000E+00  0.0000E+00  0.0000E+00
  0.5763E-01  0.5750E-01  0.0000E+00  0.0000E+00  0.0000E+00  0.0000E+00  0.0000E+00  0.0000E+00  0.0000E+00  0.0000E+00  0.9738E-01  0.0000E+00  0.0000E+00  0.0000E+00  0.0000E+00  0.0000E+00  0.0000E+00  0.0000E+00  0.0000E+00  0.0000E+00  0.0000E+00  0.0000E+00  0.0000E+00  0.0000E+00  0.0000E+00  0.0000E+00  0.0000E+00  0.0000E+00  0.0000E+00  0.0000E+00  0.0000E+00  0.0000E+00
 Events:
         433         442         552         558         739         735           0           0         791         813           0           0           0           0           0           0           0           0         437         456           0           0           0           0         168           0          94          82           0           0           0           0
         461         460           0           0           0           0           0           0           0           0         779           0           0           0           0           0           0           0           0           0           0           0           0           0           0           0           0           0           0           0           0           0
 Accuracy:    0.125   0.100   0.083   2.294
 Found         1531  events.
 Wrote            8  events.
 Actual xsec    1.7646109714429585     
 Correct abs xsec    1.7646109714429585     
 Event xsec    1.7646109714429590     
 Events wgts > 1:            0
 % Cross section > 1:    0.0000000000000000        0.0000000000000000     
 Iteration  5   Mean: 0.2118E+01 Abs mean: 0.2118E+01   Fluctuation:  0.176E+00   0.203E+04    16.8%
  5    0.2118E+01 0.2118E+01 +- 0.1755E+00     10.48
 Relative summed weights:
  0.1120E+00  0.5314E-01  0.5894E-01  0.9260E-01  0.5326E-01  0.1176E+00  0.0000E+00  0.0000E+00  0.5980E-01  0.1011E+00  0.0000E+00  0.0000E+00  0.0000E+00  0.0000E+00  0.0000E+00  0.0000E+00  0.0000E+00  0.0000E+00  0.2984E-01  0.3169E-01  0.0000E+00  0.0000E+00  0.0000E+00  0.0000E+00  0.1414E-01  0.0000E+00  0.1284E-01  0.1062E-01  0.0000E+00  0.0000E+00  0.0000E+00  0.0000E+00
  0.6693E-01  0.7344E-01  0.0000E+00  0.0000E+00  0.0000E+00  0.0000E+00  0.0000E+00  0.0000E+00  0.0000E+00  0.0000E+00  0.1120E+00  0.0000E+00  0.0000E+00  0.0000E+00  0.0000E+00  0.0000E+00  0.0000E+00  0.0000E+00  0.0000E+00  0.0000E+00  0.0000E+00  0.0000E+00  0.0000E+00  0.0000E+00  0.0000E+00  0.0000E+00  0.0000E+00  0.0000E+00  0.0000E+00  0.0000E+00  0.0000E+00  0.0000E+00
 Relative number of events:
  0.5419E-01  0.5356E-01  0.6881E-01  0.6963E-01  0.9575E-01  0.9638E-01  0.0000E+00  0.0000E+00  0.1008E+00  0.9756E-01  0.0000E+00  0.0000E+00  0.0000E+00  0.0000E+00  0.0000E+00  0.0000E+00  0.0000E+00  0.0000E+00  0.5300E-01  0.5606E-01  0.0000E+00  0.0000E+00  0.0000E+00  0.0000E+00  0.2187E-01  0.0000E+00  0.1038E-01  0.1006E-01  0.0000E+00  0.0000E+00  0.0000E+00  0.0000E+00
  0.5488E-01  0.5619E-01  0.0000E+00  0.0000E+00  0.0000E+00  0.0000E+00  0.0000E+00  0.0000E+00  0.0000E+00  0.0000E+00  0.1009E+00  0.0000E+00  0.0000E+00  0.0000E+00  0.0000E+00  0.0000E+00  0.0000E+00  0.0000E+00  0.0000E+00  0.0000E+00  0.0000E+00  0.0000E+00  0.0000E+00  0.0000E+00  0.0000E+00  0.0000E+00  0.0000E+00  0.0000E+00  0.0000E+00  0.0000E+00  0.0000E+00  0.0000E+00
 Events:
         867         857        1101        1114        1532        1542           0           0        1612        1561           0           0           0           0           0           0           0           0         848         897           0           0           0           0         350           0         166         161           0           0           0           0
         878         899           0           0           0           0           0           0           0           0        1615           0           0           0           0           0           0           0           0           0           0           0           0           0           0           0           0           0           0           0           0           0
 Accuracy:    0.083   0.100   0.058   2.005
 Finished due to accuracy    8.2793086191678203E-002  0.10000000000000001     

 -------------------------------------------------------------------------------
 Accumulated results:   Integral =  0.1945E+01
                        Std dev  =  0.1137E+00
                       Cross sec =  0.1945E+01
             Chi**2 per DoF.     =      2.0048
 -------------------------------------------------------------------------------
 Found         3168  events.
 Wrote           18  events.
 Actual xsec    2.1377952028744831     
 Correct abs xsec    2.1377952028744831     
 Event xsec    2.1377952028744840     
 Events wgts > 1:            0
 % Cross section > 1:    0.0000000000000000        0.0000000000000000     
-------------------------------------------------
---------------------------
 Results Last   3 iters: Integral =   0.2138E+01
                     Abs integral =   0.2138E+01
                          Std dev =   0.1498E+00
                  Chi**2 per DoF. =      0.0645
-------------------------------------------------
---------------------------
 Status  0.10000000000000001                6           7

ls status:
events.lhe
ftn26
input_app.txt
results.dat
run1_app.log
run_01_log.txt
