 Process in group number            2
 A PDF is used, so alpha_s(MZ) is going to be modified
 Old value of alpha_s from param_card:   0.13000000000000003     
  ****************************************
 
       NNPDFDriver version 1.0.3
   Grid: NNPDF23_lo_as_0130_qed_mem0.grid
  ****************************************
 New value of alpha_s from PDF nn23lo1:  0.13000000000000000     
 Warning! ptj set to xqcut=   20.000000000000000       to improve integration efficiency
 Note that this might affect non-radiated jets,
 e.g. from decays. Use cut_decays=F in run_card.
 Warning! mmjj set to xqcut=   20.000000000000000       to improve integration efficiency
 Note that this might affect non-radiated jets,
 e.g. from decays. Use cut_decays=F in run_card.
 Define smin to   8000.0000000000000     
 Define smin to   8000.0000000000000     
 Define smin to   8000.0000000000000     
 Define smin to   8000.0000000000000     
 Define smin to   8000.0000000000000     
 Define smin to   8000.0000000000000     
 Define smin to   8000.0000000000000     
 Define smin to   8000.0000000000000     
 *****************************************************
 *               MadGraph/MadEvent                   *
 *        --------------------------------           *
 *          http://madgraph.hep.uiuc.edu             *
 *          http://madgraph.phys.ucl.ac.be           *
 *          http://madgraph.roma2.infn.it            *
 *        --------------------------------           *
 *                                                   *
 *          PARAMETER AND COUPLING VALUES            *
 *                                                   *
 *****************************************************

  External Params
  ---------------------------------
  
 aEWM1 =    132.50700000000001     
 mdl_Gf =    1.1663900000000000E-005
 aS =   0.13000000000000003     
 mdl_ymb =    4.7000000000000002     
 mdl_ymt =    173.00000000000000     
 mdl_ymtau =    1.7769999999999999     
 mdl_MZ =    91.188000000000002     
 mdl_MT =    173.00000000000000     
 mdl_MB =    4.7000000000000002     
 mdl_MH =    125.00000000000000     
 mdl_MTA =    1.7769999999999999     
 mdl_WZ =    2.4414039999999999     
 mdl_WW =    2.0476000000000001     
 mdl_WT =    1.4915000000000000     
 mdl_WH =    6.3823389999999999E-003
  Internal Params
  ---------------------------------
  
 mdl_conjg__CKM3x3 =    1.0000000000000000     
 mdl_conjg__CKM1x1 =    1.0000000000000000     
 mdl_CKM3x3 =    1.0000000000000000     
 mdl_complexi =                (0.0000000000000000,1.0000000000000000)
 mdl_MZ__exp__2 =    8315.2513440000002     
 mdl_MZ__exp__4 =    69143404.913893804     
 mdl_sqrt__2 =    1.4142135623730951     
 mdl_MH__exp__2 =    15625.000000000000     
 mdl_aEW =    7.5467711139788835E-003
 mdl_MW =    80.419002445756163     
 mdl_sqrt__aEW =    8.6872153846781555E-002
 mdl_ee =   0.30795376724436879     
 mdl_MW__exp__2 =    6467.2159543705357     
 mdl_sw2 =   0.22224648578577766     
 mdl_cw =   0.88190334743339216     
 mdl_sqrt__sw2 =   0.47143025548407230     
 mdl_sw =   0.47143025548407230     
 mdl_g1 =   0.34919219678733299     
 mdl_gw =   0.65323293034757990     
 mdl_vev =    246.21845810181637     
 mdl_vev__exp__2 =    60623.529110035903     
 mdl_lam =   0.12886910601690263     
 mdl_yb =    2.6995554250465490E-002
 mdl_yt =   0.99366614581500623     
 mdl_ytau =    1.0206617000654717E-002
 mdl_muH =    88.388347648318430     
 mdl_I1x33 =          (2.69955542504654901E-002,0.0000000000000000)
 mdl_I2x33 =               (0.99366614581500623,0.0000000000000000)
 mdl_I3x33 =               (0.99366614581500623,0.0000000000000000)
 mdl_I4x33 =          (2.69955542504654901E-002,0.0000000000000000)
 mdl_ee__exp__2 =    9.4835522759998875E-002
 mdl_sw__exp__2 =   0.22224648578577769     
 mdl_cw__exp__2 =   0.77775351421422245     
  Internal Params evaluated point by point
  ----------------------------------------
  
 mdl_sqrt__aS =   0.36055512754639896     
 mdl_G__exp__2 =    1.6336281798666927     
  Couplings of sm
  ---------------------------------
  
        GC_10 =  -0.12781E+01   0.00000E+00
        GC_11 =   0.00000E+00   0.12781E+01
        GC_50 =  -0.00000E+00  -0.28804E+00
        GC_58 =  -0.00000E+00  -0.27437E-01
        GC_59 =   0.00000E+00   0.82310E-01

 Collider parameters:
 --------------------

 Running at P P   machine @    13000.000000000000       GeV
 PDF set = nn23lo1
 alpha_s(Mz)= 0.1300 running at 2 loops.
 alpha_s(Mz)= 0.1300 running at 2 loops.
 Renormalization scale set on event-by-event basis
 Factorization   scale set on event-by-event basis


 getting user params
Enter number of events and max and min iterations: 
 Number of events and iterations         1000           5           3
Enter desired fractional accuracy: 
 Desired fractional accuracy:   0.10000000000000001     
Enter 0 for fixed, 2 for adjustable grid: 
Suppress amplitude (0 no, 1 yes)? 
 Using suppressed amplitude.
Exact helicity sum (0 yes, n = number/event)? 
 Explicitly summing over helicities
Enter Configuration Number: 
Running Configuration Number:   10
 Not subdividing B.W.
 Attempting mappinvarients           1           8
 Determine nb_t
 T-channel found:            3
 Completed mapping           8
 about to integrate           16        1000           7           3          16           1
 Using non-zero grid deformation.
 16 dimensions   1000 events 16 invarients  7 iterations  1 config(s),  (0.99)
 Using h-tuple random number sequence.
 Error opening grid
 Using Uniform Grid!          32
 Using uniform alpha   1.0000000000000000     
 Grid defined OK
 Masses: 0.000E+00 0.000E+00 0.000E+00 0.000E+00 0.000E+00 0.000E+00 0.000E+00 0.000E+00
 Set CM energy to      13000.00
 Mapping Graph          10  to config          10
 Determine nb_t
 T-channel found:            3
 Setting BW          -1           1   91.188000000000002     
 Setting BW          -2           2   91.188000000000002     
Setting grid   3    0.23669E-05   1
Setting grid   4    0.17619E-04   1
Setting grid   5    0.23669E-05   1
 Transforming s_hat 1/s           15   1.3160304238967098E-004   8000.0000000000000        168999999.99999997     
 Got moffset           1
Using random seed offsets    10 :      2
  with seed                   57
 Ranmar initialization seeds       11133       12591
 
 ********************************************
 * You are using the DiscreteSampler module *
 *      part of the MG5_aMC framework       *
 *         Author: Valentin Hirschi         *
 ********************************************
 
  Particle       3       4       5       6       7       8
      Et >    20.0    20.0    20.0    20.0    20.0    20.0
       E >     0.0     0.0     0.0     0.0     0.0     0.0
     Eta <     2.5     2.5     2.5     2.5     2.8     2.8
   xqcut:      0.0     0.0     0.0     0.0    20.0    20.0
d R # 3  >    -0.0     0.4     0.4     0.4     0.0     0.0
d R # 4  >    -0.0    -0.0     0.4     0.4     0.0     0.0
d R # 5  >    -0.0    -0.0    -0.0     0.4     0.0     0.0
d R # 6  >    -0.0    -0.0    -0.0    -0.0     0.0     0.0
d R # 7  >    -0.0    -0.0    -0.0    -0.0    -0.0     0.0
s min # 3>     0.0     0.0     0.0     0.0     0.0     0.0
s min # 4>     0.0     0.0     0.0     0.0     0.0     0.0
s min # 5>     0.0     0.0     0.0     0.0     0.0     0.0
s min # 6>     0.0     0.0     0.0     0.0     0.0     0.0
s min # 7>     0.0     0.0     0.0     0.0     0.0   400.0
xqcutij # 3>     0.0     0.0     0.0     0.0     0.0     0.0
xqcutij # 4>     0.0     0.0     0.0     0.0     0.0     0.0
xqcutij # 5>     0.0     0.0     0.0     0.0     0.0     0.0
xqcutij # 6>     0.0     0.0     0.0     0.0     0.0     0.0
xqcutij # 7>     0.0     0.0     0.0     0.0     0.0    20.0
 No cut BW           -1           1
 No cut BW           -2           2
 alpha_s for scale    158.45001001696218       is   0.11904578482855568     
 RESET CUMULATIVE VARIABLE
 Iteration  1   Mean: 0.9309E-04 Abs mean: 0.9309E-04   Fluctuation:  0.618E-05   0.212E-02     2.4%
  1    0.9309E-04 0.9309E-04 +- 0.6178E-05      2.10
 Writing out events   5.5357838395744223E-007   2.0989260526537916     
 Relative summed weights:
  0.2169E-01  0.2930E-01  0.4149E-01  0.6486E-01  0.5356E-01  0.3146E-01  0.4736E-01  0.5572E-01  0.5750E-02  0.1142E-01  0.5519E-02  0.9256E-02  0.2344E-01  0.2133E-01  0.2959E-01  0.3713E-01
  0.3100E-01  0.2083E-01  0.3154E-01  0.3519E-01  0.8279E-01  0.5672E-01  0.4690E-01  0.3424E-01  0.1475E-01  0.2460E-01  0.9468E-02  0.9302E-02  0.2319E-01  0.2652E-01  0.4215E-01  0.2193E-01
 Relative number of events:
  0.2081E-01  0.4063E-01  0.3469E-01  0.3766E-01  0.4361E-01  0.4460E-01  0.4460E-01  0.5154E-01  0.9911E-02  0.1388E-01  0.9911E-02  0.1288E-01  0.3865E-01  0.3072E-01  0.3865E-01  0.3171E-01
  0.2379E-01  0.2676E-01  0.3766E-01  0.3072E-01  0.5451E-01  0.4361E-01  0.4559E-01  0.4262E-01  0.1685E-01  0.1487E-01  0.1288E-01  0.1487E-01  0.3171E-01  0.3271E-01  0.2676E-01  0.3964E-01
 Events:
          21          41          35          38          44          45          45          52          10          14          10          13          39          31          39          32
          24          27          38          31          55          44          46          43          17          15          13          15          32          33          27          40
 Iteration  2   Mean: 0.9859E-04 Abs mean: 0.9859E-04   Fluctuation:  0.588E-05   0.371E-02    12.0%
  2    0.9859E-04 0.9859E-04 +- 0.5879E-05      2.67
 Relative summed weights:
  0.5833E-01  0.2445E-01  0.4148E-01  0.3860E-01  0.6540E-01  0.4230E-01  0.4289E-01  0.5879E-01  0.7991E-02  0.7822E-02  0.1521E-01  0.6924E-02  0.2408E-01  0.3255E-01  0.3278E-01  0.4192E-01
  0.2236E-01  0.5651E-01  0.3685E-01  0.2077E-01  0.5703E-01  0.3663E-01  0.4859E-01  0.4089E-01  0.5445E-02  0.1171E-01  0.1590E-01  0.7083E-02  0.2671E-01  0.1874E-01  0.2348E-01  0.2977E-01
 Relative number of events:
  0.3900E-01  0.3050E-01  0.3250E-01  0.3150E-01  0.5350E-01  0.4200E-01  0.4100E-01  0.5150E-01  0.1850E-01  0.8500E-02  0.1050E-01  0.1350E-01  0.3700E-01  0.3350E-01  0.3300E-01  0.2600E-01
  0.2400E-01  0.3500E-01  0.3250E-01  0.3000E-01  0.4650E-01  0.3750E-01  0.5200E-01  0.4000E-01  0.1000E-01  0.1550E-01  0.2050E-01  0.1750E-01  0.3700E-01  0.3400E-01  0.2900E-01  0.3700E-01
 Events:
          78          61          65          63         107          84          82         103          37          17          21          27          74          67          66          52
          48          70          65          60          93          75         104          80          20          31          41          35          74          68          58          74
 Iteration  3   Mean: 0.1037E-03 Abs mean: 0.1037E-03   Fluctuation:  0.434E-05   0.644E-02    13.2%
  3    0.1037E-03 0.1037E-03 +- 0.4338E-05      2.65
 Relative summed weights:
  0.3588E-01  0.2550E-01  0.6472E-01  0.2760E-01  0.3864E-01  0.5566E-01  0.3871E-01  0.6153E-01  0.7960E-02  0.1098E-01  0.9393E-02  0.1011E-01  0.1342E-01  0.1766E-01  0.2657E-01  0.2858E-01
  0.3212E-01  0.3880E-01  0.6835E-01  0.4050E-01  0.5312E-01  0.6529E-01  0.4799E-01  0.5208E-01  0.5988E-02  0.6390E-02  0.5030E-02  0.7446E-02  0.3389E-01  0.2261E-01  0.2618E-01  0.2128E-01
 Relative number of events:
  0.3575E-01  0.2925E-01  0.2925E-01  0.3425E-01  0.4625E-01  0.5075E-01  0.4525E-01  0.5300E-01  0.1075E-01  0.9000E-02  0.1450E-01  0.1475E-01  0.2900E-01  0.2925E-01  0.3200E-01  0.3125E-01
  0.3350E-01  0.3850E-01  0.3675E-01  0.3150E-01  0.5050E-01  0.4925E-01  0.4600E-01  0.4725E-01  0.1175E-01  0.8750E-02  0.9000E-02  0.1150E-01  0.3525E-01  0.3475E-01  0.3275E-01  0.2875E-01
 Events:
         143         117         117         137         185         203         181         212          43          36          58          59         116         117         128         125
         134         154         147         126         202         197         184         189          47          35          36          46         141         139         131         115
 Accuracy:    0.030   0.100   0.030   0.957
 Finished due to accuracy    2.9776570091223403E-002  0.10000000000000001     

 -------------------------------------------------------------------------------
 Accumulated results:   Integral =  0.1001E-03
                        Std dev  =  0.3048E-05
                       Cross sec =  0.1001E-03
             Chi**2 per DoF.     =      0.9572
 -------------------------------------------------------------------------------
 Found         1940  events.
 Wrote           93  events.
 Actual xsec    1.0013619509871563E-004
 Correct abs xsec    1.0013619509871563E-004
 Event xsec    1.0013619509871530E-004
 Events wgts > 1:            3
 % Cross section > 1:    8.2824156186496787E-007  0.82711507167660869     
-------------------------------------------------
---------------------------
 Results Last   3 iters: Integral =   0.1001E-03
                     Abs integral =   0.1001E-03
                          Std dev =   0.3048E-05
                  Chi**2 per DoF. =      1.0224
-------------------------------------------------
---------------------------
 Status  0.10000000000000001                4           7

ls status:
events.lhe
ftn26
input_app.txt
input_sg.txt
moffset.dat
results.dat
run1_app.log
run_01_log.txt
