 Process in group number            4
 A PDF is used, so alpha_s(MZ) is going to be modified
 Old value of alpha_s from param_card:   0.13000000000000003     
  ****************************************
 
       NNPDFDriver version 1.0.3
   Grid: NNPDF23_lo_as_0130_qed_mem0.grid
  ****************************************
 New value of alpha_s from PDF nn23lo1:  0.13000000000000000     
 Warning! ptj set to xqcut=   20.000000000000000       to improve integration efficiency
 Note that this might affect non-radiated jets,
 e.g. from decays. Use cut_decays=F in run_card.
 Warning! mmjj set to xqcut=   20.000000000000000       to improve integration efficiency
 Note that this might affect non-radiated jets,
 e.g. from decays. Use cut_decays=F in run_card.
 Define smin to   5200.0000000000000     
 Define smin to   5200.0000000000000     
 Define smin to   5200.0000000000000     
 Define smin to   5200.0000000000000     
 *****************************************************
 *               MadGraph/MadEvent                   *
 *        --------------------------------           *
 *          http://madgraph.hep.uiuc.edu             *
 *          http://madgraph.phys.ucl.ac.be           *
 *          http://madgraph.roma2.infn.it            *
 *        --------------------------------           *
 *                                                   *
 *          PARAMETER AND COUPLING VALUES            *
 *                                                   *
 *****************************************************

  External Params
  ---------------------------------
  
 aEWM1 =    132.50700000000001     
 mdl_Gf =    1.1663900000000000E-005
 aS =   0.13000000000000003     
 mdl_ymb =    4.7000000000000002     
 mdl_ymt =    173.00000000000000     
 mdl_ymtau =    1.7769999999999999     
 mdl_MZ =    91.188000000000002     
 mdl_MT =    173.00000000000000     
 mdl_MB =    4.7000000000000002     
 mdl_MH =    125.00000000000000     
 mdl_MTA =    1.7769999999999999     
 mdl_WZ =    2.4414039999999999     
 mdl_WW =    2.0476000000000001     
 mdl_WT =    1.4915000000000000     
 mdl_WH =    6.3823389999999999E-003
  Internal Params
  ---------------------------------
  
 mdl_CKM3x3 =    1.0000000000000000     
 mdl_conjg__CKM3x3 =    1.0000000000000000     
 mdl_conjg__CKM1x1 =    1.0000000000000000     
 mdl_complexi =                (0.0000000000000000,1.0000000000000000)
 mdl_MZ__exp__2 =    8315.2513440000002     
 mdl_MZ__exp__4 =    69143404.913893804     
 mdl_sqrt__2 =    1.4142135623730951     
 mdl_MH__exp__2 =    15625.000000000000     
 mdl_aEW =    7.5467711139788835E-003
 mdl_MW =    80.419002445756163     
 mdl_sqrt__aEW =    8.6872153846781555E-002
 mdl_ee =   0.30795376724436879     
 mdl_MW__exp__2 =    6467.2159543705357     
 mdl_sw2 =   0.22224648578577766     
 mdl_cw =   0.88190334743339216     
 mdl_sqrt__sw2 =   0.47143025548407230     
 mdl_sw =   0.47143025548407230     
 mdl_g1 =   0.34919219678733299     
 mdl_gw =   0.65323293034757990     
 mdl_vev =    246.21845810181637     
 mdl_vev__exp__2 =    60623.529110035903     
 mdl_lam =   0.12886910601690263     
 mdl_yb =    2.6995554250465490E-002
 mdl_yt =   0.99366614581500623     
 mdl_ytau =    1.0206617000654717E-002
 mdl_muH =    88.388347648318430     
 mdl_I1x33 =          (2.69955542504654901E-002,0.0000000000000000)
 mdl_I2x33 =               (0.99366614581500623,0.0000000000000000)
 mdl_I3x33 =               (0.99366614581500623,0.0000000000000000)
 mdl_I4x33 =          (2.69955542504654901E-002,0.0000000000000000)
 mdl_ee__exp__2 =    9.4835522759998875E-002
 mdl_sw__exp__2 =   0.22224648578577769     
 mdl_cw__exp__2 =   0.77775351421422245     
  Internal Params evaluated point by point
  ----------------------------------------
  
 mdl_sqrt__aS =   0.36055512754639896     
 mdl_G__exp__2 =    1.6336281798666927     
  Couplings of sm
  ---------------------------------
  
        GC_10 =  -0.12781E+01   0.00000E+00
        GC_11 =   0.00000E+00   0.12781E+01
        GC_50 =  -0.00000E+00  -0.28804E+00
        GC_53 =   0.00000E+00   0.57609E+00
        GC_58 =  -0.00000E+00  -0.27437E-01
        GC_59 =   0.00000E+00   0.82310E-01
       GC_100 =   0.00000E+00   0.46191E+00

 Collider parameters:
 --------------------

 Running at P P   machine @    13000.000000000000       GeV
 PDF set = nn23lo1
 alpha_s(Mz)= 0.1300 running at 2 loops.
 alpha_s(Mz)= 0.1300 running at 2 loops.
 Renormalization scale set on event-by-event basis
 Factorization   scale set on event-by-event basis


 getting user params
Enter number of events and max and min iterations: 
 Number of events and iterations         1000           5           3
Enter desired fractional accuracy: 
 Desired fractional accuracy:   0.10000000000000001     
Enter 0 for fixed, 2 for adjustable grid: 
Suppress amplitude (0 no, 1 yes)? 
 Using suppressed amplitude.
Exact helicity sum (0 yes, n = number/event)? 
 Explicitly summing over helicities
Enter Configuration Number: 
Running Configuration Number:   28
 Not subdividing B.W.
 Attempting mappinvarients           1           8
 Determine nb_t
 T-channel found:            2
 Completed mapping           8
 about to integrate           16        1000           7           3          16           1
 Using non-zero grid deformation.
 16 dimensions   1000 events 16 invarients  7 iterations  1 config(s),  (0.99)
 Using h-tuple random number sequence.
 Error opening grid
 Using Uniform Grid!          32
 Using uniform alpha   1.0000000000000000     
 Grid defined OK
 Masses: 0.000E+00 0.000E+00 0.000E+00 0.000E+00 0.000E+00 0.000E+00 0.000E+00 0.000E+00
 Set CM energy to      13000.00
 Mapping Graph          28  to config          28
 Determine nb_t
 T-channel found:            2
Setting grid   1    0.23669E-05   1
 Setting BW          -2           1   80.419002445756163     
 Setting BW          -3           2   91.188000000000002     
Setting grid   4    0.94675E-05   1
Setting grid   5    0.14619E-04   1
 Transforming s_hat 1/s           15   1.2316209098858926E-004   5200.0000000000000        168999999.99999997     
 Got moffset           1
Using random seed offsets    28 :      6
  with seed                   78
 Ranmar initialization seeds        6669       12617
 
 ********************************************
 * You are using the DiscreteSampler module *
 *      part of the MG5_aMC framework       *
 *         Author: Valentin Hirschi         *
 ********************************************
 
  Particle       3       4       5       6       7       8
      Et >    20.0     0.0    20.0    20.0    20.0    20.0
       E >     0.0     0.0     0.0     0.0     0.0     0.0
     Eta <     2.5    -1.0     2.5     2.5     2.8     2.8
   xqcut:      0.0     0.0     0.0     0.0    20.0    20.0
d R # 3  >    -0.0     0.0     0.4     0.4     0.0     0.0
d R # 4  >    -0.0    -0.0     0.0     0.0     0.0     0.0
d R # 5  >    -0.0    -0.0    -0.0     0.4     0.0     0.0
d R # 6  >    -0.0    -0.0    -0.0    -0.0     0.0     0.0
d R # 7  >    -0.0    -0.0    -0.0    -0.0    -0.0     0.0
s min # 3>     0.0     0.0     0.0     0.0     0.0     0.0
s min # 4>     0.0     0.0     0.0     0.0     0.0     0.0
s min # 5>     0.0     0.0     0.0     0.0     0.0     0.0
s min # 6>     0.0     0.0     0.0     0.0     0.0     0.0
s min # 7>     0.0     0.0     0.0     0.0     0.0   400.0
xqcutij # 3>     0.0     0.0     0.0     0.0     0.0     0.0
xqcutij # 4>     0.0     0.0     0.0     0.0     0.0     0.0
xqcutij # 5>     0.0     0.0     0.0     0.0     0.0     0.0
xqcutij # 6>     0.0     0.0     0.0     0.0     0.0     0.0
xqcutij # 7>     0.0     0.0     0.0     0.0     0.0    20.0
 No cut BW           -2           1
 No cut BW           -3           2
 alpha_s for scale    100.69986673072607       is   0.12788310535082079     
 RESET CUMULATIVE VARIABLE
 Iteration  1   Mean: 0.7497E-03 Abs mean: 0.7497E-03   Fluctuation:  0.995E-04   0.560E-01     4.5%
  1    0.7497E-03 0.7497E-03 +- 0.9954E-04      4.20
 Writing out events   2.3905304916754012E-006   4.1988251432780999     
 Relative summed weights:
  0.1224E+00  0.1976E+00  0.2717E+00  0.1151E+00  0.7243E-01  0.3611E-01  0.1010E+00  0.8360E-01
 Relative number of events:
  0.1774E+00  0.1913E+00  0.1992E+00  0.1705E+00  0.7136E-01  0.5748E-01  0.7532E-01  0.5748E-01
 Events:
         179         193         201         172          72          58          76          58
 Iteration  2   Mean: 0.9189E-03 Abs mean: 0.9189E-03   Fluctuation:  0.104E-03   0.100E+00    13.8%
  2    0.9189E-03 0.9189E-03 +- 0.1039E-03      5.05
 Relative summed weights:
  0.1448E+00  0.1684E+00  0.1262E+00  0.1316E+00  0.1288E+00  0.1570E+00  0.4924E-01  0.9394E-01
 Relative number of events:
  0.1865E+00  0.1960E+00  0.1950E+00  0.1905E+00  0.5750E-01  0.6400E-01  0.6150E-01  0.4900E-01
 Events:
         373         392         390         381         115         128         123          98
 Iteration  3   Mean: 0.1226E-02 Abs mean: 0.1226E-02   Fluctuation:  0.264E-03   0.102E+01    17.5%
  3    0.1226E-02 0.1226E-02 +- 0.2639E-03     13.62
 Relative summed weights:
  0.9870E-01  0.1670E+00  0.3717E+00  0.1464E+00  0.7194E-01  0.6819E-01  0.4518E-01  0.3084E-01
 Relative number of events:
  0.1953E+00  0.2052E+00  0.2023E+00  0.1918E+00  0.5275E-01  0.5475E-01  0.5150E-01  0.4650E-01
 Events:
         781         821         809         767         211         219         206         186
 Accuracy:    0.119   0.100   0.080   2.224
 Found         1039  events.
 Wrote            6  events.
 Actual xsec    8.9992708487429706E-004
 Correct abs xsec    8.9992708487429706E-004
 Event xsec    8.9992708487429717E-004
 Events wgts > 1:            1
 % Cross section > 1:    1.1442748577015008E-011   1.2715195230081718E-006
 Iteration  4   Mean: 0.8672E-03 Abs mean: 0.8672E-03   Fluctuation:  0.403E-04   0.147E+00    20.0%
  4    0.8672E-03 0.8672E-03 +- 0.4025E-04      4.15
 Relative summed weights:
  0.1408E+00  0.1632E+00  0.1874E+00  0.1862E+00  0.8666E-01  0.9166E-01  0.7542E-01  0.6864E-01
 Relative number of events:
  0.1970E+00  0.2001E+00  0.2021E+00  0.2009E+00  0.4863E-01  0.5025E-01  0.5437E-01  0.4662E-01
 Events:
        1576        1601        1617        1607         389         402         435         373
 Accuracy:    0.051   0.100   0.040   1.621
 Finished due to accuracy    5.1102183561242867E-002  0.10000000000000001     

 -------------------------------------------------------------------------------
 Accumulated results:   Integral =  0.8755E-03
                        Std dev  =  0.3514E-04
                       Cross sec =  0.8755E-03
             Chi**2 per DoF.     =      1.6210
 -------------------------------------------------------------------------------
 Found         1666  events.
 Wrote           58  events.
 Actual xsec    8.8812561583623620E-004
 Correct abs xsec    8.8812561583623620E-004
 Event xsec    8.8812561583623707E-004
 Events wgts > 1:            2
 % Cross section > 1:    3.0625519003980823E-006  0.34483319091235304     
-------------------------------------------------
---------------------------
 Results Last   3 iters: Integral =   0.8881E-03
                     Abs integral =   0.8881E-03
                          Std dev =   0.3740E-04
                  Chi**2 per DoF. =      0.9980
-------------------------------------------------
---------------------------
 Status  0.10000000000000001                5           7

ls status:
events.lhe
ftn26
input_app.txt
input_sg.txt
moffset.dat
results.dat
run1_app.log
run_01_log.txt
