 Process in group number            1
 A PDF is used, so alpha_s(MZ) is going to be modified
 Old value of alpha_s from param_card:   0.13000000000000003     
  ****************************************
 
       NNPDFDriver version 1.0.3
   Grid: NNPDF23_lo_as_0130_qed_mem0.grid
  ****************************************
 New value of alpha_s from PDF nn23lo1:  0.13000000000000000     
 Warning! ptj set to xqcut=   20.000000000000000       to improve integration efficiency
 Note that this might affect non-radiated jets,
 e.g. from decays. Use cut_decays=F in run_card.
 Warning! mmjj set to xqcut=   20.000000000000000       to improve integration efficiency
 Note that this might affect non-radiated jets,
 e.g. from decays. Use cut_decays=F in run_card.
 Define smin to   4000.0000000000000     
 Define smin to   4000.0000000000000     
 Define smin to   4000.0000000000000     
 Define smin to   4000.0000000000000     
 *****************************************************
 *               MadGraph/MadEvent                   *
 *        --------------------------------           *
 *          http://madgraph.hep.uiuc.edu             *
 *          http://madgraph.phys.ucl.ac.be           *
 *          http://madgraph.roma2.infn.it            *
 *        --------------------------------           *
 *                                                   *
 *          PARAMETER AND COUPLING VALUES            *
 *                                                   *
 *****************************************************

  External Params
  ---------------------------------
  
 aEWM1 =    132.50700000000001     
 mdl_Gf =    1.1663900000000000E-005
 aS =   0.13000000000000003     
 mdl_ymb =    4.7000000000000002     
 mdl_ymt =    173.00000000000000     
 mdl_ymtau =    1.7769999999999999     
 mdl_MZ =    91.188000000000002     
 mdl_MT =    173.00000000000000     
 mdl_MB =    4.7000000000000002     
 mdl_MH =    125.00000000000000     
 mdl_MTA =    1.7769999999999999     
 mdl_WZ =    2.4414039999999999     
 mdl_WW =    2.0476000000000001     
 mdl_WT =    1.4915000000000000     
 mdl_WH =    6.3823389999999999E-003
  Internal Params
  ---------------------------------
  
 mdl_CKM3x3 =    1.0000000000000000     
 mdl_conjg__CKM3x3 =    1.0000000000000000     
 mdl_conjg__CKM1x1 =    1.0000000000000000     
 mdl_complexi =                (0.0000000000000000,1.0000000000000000)
 mdl_MZ__exp__2 =    8315.2513440000002     
 mdl_MZ__exp__4 =    69143404.913893804     
 mdl_sqrt__2 =    1.4142135623730951     
 mdl_MH__exp__2 =    15625.000000000000     
 mdl_aEW =    7.5467711139788835E-003
 mdl_MW =    80.419002445756163     
 mdl_sqrt__aEW =    8.6872153846781555E-002
 mdl_ee =   0.30795376724436879     
 mdl_MW__exp__2 =    6467.2159543705357     
 mdl_sw2 =   0.22224648578577766     
 mdl_cw =   0.88190334743339216     
 mdl_sqrt__sw2 =   0.47143025548407230     
 mdl_sw =   0.47143025548407230     
 mdl_g1 =   0.34919219678733299     
 mdl_gw =   0.65323293034757990     
 mdl_vev =    246.21845810181637     
 mdl_vev__exp__2 =    60623.529110035903     
 mdl_lam =   0.12886910601690263     
 mdl_yb =    2.6995554250465490E-002
 mdl_yt =   0.99366614581500623     
 mdl_ytau =    1.0206617000654717E-002
 mdl_muH =    88.388347648318430     
 mdl_I1x33 =          (2.69955542504654901E-002,0.0000000000000000)
 mdl_I2x33 =               (0.99366614581500623,0.0000000000000000)
 mdl_I3x33 =               (0.99366614581500623,0.0000000000000000)
 mdl_I4x33 =          (2.69955542504654901E-002,0.0000000000000000)
 mdl_ee__exp__2 =    9.4835522759998875E-002
 mdl_sw__exp__2 =   0.22224648578577769     
 mdl_cw__exp__2 =   0.77775351421422245     
  Internal Params evaluated point by point
  ----------------------------------------
  
 mdl_sqrt__aS =   0.36055512754639896     
 mdl_G__exp__2 =    1.6336281798666927     
  Couplings of sm
  ---------------------------------
  
        GC_10 =  -0.12781E+01   0.00000E+00
        GC_11 =   0.00000E+00   0.12781E+01
        GC_50 =  -0.00000E+00  -0.28804E+00
        GC_53 =   0.00000E+00   0.57609E+00
        GC_58 =  -0.00000E+00  -0.27437E-01
        GC_59 =   0.00000E+00   0.82310E-01
       GC_100 =   0.00000E+00   0.46191E+00

 Collider parameters:
 --------------------

 Running at P P   machine @    13000.000000000000       GeV
 PDF set = nn23lo1
 alpha_s(Mz)= 0.1300 running at 2 loops.
 alpha_s(Mz)= 0.1300 running at 2 loops.
 Renormalization scale set on event-by-event basis
 Factorization   scale set on event-by-event basis


 getting user params
Enter number of events and max and min iterations: 
 Number of events and iterations         1000           5           3
Enter desired fractional accuracy: 
 Desired fractional accuracy:   0.10000000000000001     
Enter 0 for fixed, 2 for adjustable grid: 
Suppress amplitude (0 no, 1 yes)? 
 Using suppressed amplitude.
Exact helicity sum (0 yes, n = number/event)? 
 Explicitly summing over helicities
Enter Configuration Number: 
Running Configuration Number:    6
 Using dconfig=          22
 BW Setting            1           1           2           0           0
 Attempting mappinvarients           1           7
 Determine nb_t
 T-channel found:            1
 Completed mapping           7
 about to integrate           13        1000           5           3          13           1
 Using non-zero grid deformation.
 13 dimensions   1000 events 13 invarients  5 iterations  1 config(s),  (0.99)
 Using h-tuple random number sequence.
 Error opening grid
 Using Uniform Grid!          32
 Using uniform alpha   1.0000000000000000     
 Grid defined OK
 Masses: 0.000E+00 0.000E+00 0.000E+00 0.000E+00 0.000E+00 0.000E+00 0.000E+00
 Set CM energy to      13000.00
 Mapping Graph           6  to config           6
 Determine nb_t
 T-channel found:            1
 Setting BW          -1           1   91.188000000000002     
 Setting BW          -2           2   80.419002445756163     
Setting grid   3    0.64335E-04   1
Setting grid   4    0.23669E-05   1
 Transforming s_hat 1/s           12   9.1381749581309672E-005   4000.0000000000000        168999999.99999997     
Using random seed offsets     6 :      9
  with seed                   78
 Ranmar initialization seeds        6647        9463
 
 ********************************************
 * You are using the DiscreteSampler module *
 *      part of the MG5_aMC framework       *
 *         Author: Valentin Hirschi         *
 ********************************************
 
  Particle       3       4       5       6       7
      Et >    20.0     0.0    20.0    20.0    20.0
       E >     0.0     0.0     0.0     0.0     0.0
     Eta <     2.5    -1.0     2.5     2.5     2.8
   xqcut:      0.0     0.0     0.0     0.0    20.0
d R # 3  >    -0.0     0.0     0.4     0.4     0.0
d R # 4  >    -0.0    -0.0     0.0     0.0     0.0
d R # 5  >    -0.0    -0.0    -0.0     0.4     0.0
d R # 6  >    -0.0    -0.0    -0.0    -0.0     0.0
s min # 3>     0.0     0.0     0.0     0.0     0.0
s min # 4>     0.0     0.0     0.0     0.0     0.0
s min # 5>     0.0     0.0     0.0     0.0     0.0
s min # 6>     0.0     0.0     0.0     0.0     0.0
xqcutij # 3>     0.0     0.0     0.0     0.0     0.0
xqcutij # 4>     0.0     0.0     0.0     0.0     0.0
xqcutij # 5>     0.0     0.0     0.0     0.0     0.0
xqcutij # 6>     0.0     0.0     0.0     0.0     0.0
 Requiring BW           -1           1
 Requiring BW           -2           2
 Excluding BW           -3           3
 alpha_s for scale    144.19354525318096       is   0.12077950488542225     
 RESET CUMULATIVE VARIABLE
 Iteration  1   Mean: 0.1412E-01 Abs mean: 0.1412E-01   Fluctuation:  0.145E-02   0.704E+00     5.4%
  1    0.1412E-01 0.1412E-01 +- 0.1449E-02      3.25
 Writing out events   5.1819416328365059E-005   3.2454637453536672     
 Relative summed weights:
  0.1765E+00  0.1822E+00  0.1175E+00  0.2083E+00  0.1118E+00  0.5218E-01  0.7410E-01  0.7745E-01
 Relative number of events:
  0.2468E+00  0.2349E+00  0.2230E+00  0.2349E+00  0.2180E-01  0.1189E-01  0.1288E-01  0.1388E-01
 Events:
         249         237         225         237          22          12          13          14
 Iteration  2   Mean: 0.1431E-01 Abs mean: 0.1431E-01   Fluctuation:  0.834E-03   0.815E+00    22.3%
  2    0.1431E-01 0.1431E-01 +- 0.8344E-03      2.61
 Relative summed weights:
  0.1571E+00  0.1668E+00  0.1962E+00  0.2101E+00  0.4204E-01  0.7640E-01  0.8664E-01  0.6476E-01
 Relative number of events:
  0.2275E+00  0.2225E+00  0.2495E+00  0.2520E+00  0.1200E-01  0.1300E-01  0.1050E-01  0.1300E-01
 Events:
         455         445         499         504          24          26          21          26
 Iteration  3   Mean: 0.1431E-01 Abs mean: 0.1431E-01   Fluctuation:  0.589E-03   0.732E+00    27.9%
  3    0.1431E-01 0.1431E-01 +- 0.5888E-03      2.60
 Relative summed weights:
  0.1878E+00  0.1757E+00  0.1712E+00  0.1851E+00  0.9465E-01  0.5096E-01  0.9326E-01  0.4131E-01
 Relative number of events:
  0.2372E+00  0.2330E+00  0.2392E+00  0.2457E+00  0.1300E-01  0.8500E-02  0.1450E-01  0.8750E-02
 Events:
         949         932         957         983          52          34          58          35
 Accuracy:    0.003   0.100   0.032   0.008
 Finished due to accuracy    2.7855719847407986E-003  0.10000000000000001     

 -------------------------------------------------------------------------------
 Accumulated results:   Integral =  0.1429E-01
                        Std dev  =  0.4566E-03
                       Cross sec =  0.1429E-01
             Chi**2 per DoF.     =      0.0076
 -------------------------------------------------------------------------------
 Found         1038  events.
 Wrote          101  events.
 Actual xsec    1.4289084022697665E-002
 Correct abs xsec    1.4289084022697665E-002
 Event xsec    1.4289084022697620E-002
 Events wgts > 1:            3
 % Cross section > 1:    7.1158762171155465E-005  0.49799386761336634     
-------------------------------------------------
---------------------------
 Results Last   3 iters: Integral =   0.1429E-01
                     Abs integral =   0.1429E-01
                          Std dev =   0.4566E-03
                  Chi**2 per DoF. =      0.0078
-------------------------------------------------
---------------------------
 Status  0.10000000000000001                4           5

ls status:
events.lhe
ftn26
input_app.txt
multijob.dat
results.dat
run1_app.log
run_01_log.txt
run_02_log.txt
run_03_log.txt
run_04_log.txt
run_05_log.txt
run_06_log.txt
