 Process in group number            2
 A PDF is used, so alpha_s(MZ) is going to be modified
 Old value of alpha_s from param_card:   0.13000000000000003     
  ****************************************
 
       NNPDFDriver version 1.0.3
   Grid: NNPDF23_lo_as_0130_qed_mem0.grid
  ****************************************
 New value of alpha_s from PDF nn23lo1:  0.13000000000000000     
 Warning! ptj set to xqcut=   20.000000000000000       to improve integration efficiency
 Note that this might affect non-radiated jets,
 e.g. from decays. Use cut_decays=F in run_card.
 Warning! mmjj set to xqcut=   20.000000000000000       to improve integration efficiency
 Note that this might affect non-radiated jets,
 e.g. from decays. Use cut_decays=F in run_card.
 Define smin to   8000.0000000000000     
 Define smin to   8000.0000000000000     
 Define smin to   8000.0000000000000     
 Define smin to   8000.0000000000000     
 *****************************************************
 *               MadGraph/MadEvent                   *
 *        --------------------------------           *
 *          http://madgraph.hep.uiuc.edu             *
 *          http://madgraph.phys.ucl.ac.be           *
 *          http://madgraph.roma2.infn.it            *
 *        --------------------------------           *
 *                                                   *
 *          PARAMETER AND COUPLING VALUES            *
 *                                                   *
 *****************************************************

  External Params
  ---------------------------------
  
 aEWM1 =    132.50700000000001     
 mdl_Gf =    1.1663900000000000E-005
 aS =   0.13000000000000003     
 mdl_ymb =    4.7000000000000002     
 mdl_ymt =    173.00000000000000     
 mdl_ymtau =    1.7769999999999999     
 mdl_MZ =    91.188000000000002     
 mdl_MT =    173.00000000000000     
 mdl_MB =    4.7000000000000002     
 mdl_MH =    125.00000000000000     
 mdl_MTA =    1.7769999999999999     
 mdl_WZ =    2.4414039999999999     
 mdl_WW =    2.0476000000000001     
 mdl_WT =    1.4915000000000000     
 mdl_WH =    6.3823389999999999E-003
  Internal Params
  ---------------------------------
  
 mdl_conjg__CKM3x3 =    1.0000000000000000     
 mdl_conjg__CKM1x1 =    1.0000000000000000     
 mdl_CKM3x3 =    1.0000000000000000     
 mdl_complexi =                (0.0000000000000000,1.0000000000000000)
 mdl_MZ__exp__2 =    8315.2513440000002     
 mdl_MZ__exp__4 =    69143404.913893804     
 mdl_sqrt__2 =    1.4142135623730951     
 mdl_MH__exp__2 =    15625.000000000000     
 mdl_aEW =    7.5467711139788835E-003
 mdl_MW =    80.419002445756163     
 mdl_sqrt__aEW =    8.6872153846781555E-002
 mdl_ee =   0.30795376724436879     
 mdl_MW__exp__2 =    6467.2159543705357     
 mdl_sw2 =   0.22224648578577766     
 mdl_cw =   0.88190334743339216     
 mdl_sqrt__sw2 =   0.47143025548407230     
 mdl_sw =   0.47143025548407230     
 mdl_g1 =   0.34919219678733299     
 mdl_gw =   0.65323293034757990     
 mdl_vev =    246.21845810181637     
 mdl_vev__exp__2 =    60623.529110035903     
 mdl_lam =   0.12886910601690263     
 mdl_yb =    2.6995554250465490E-002
 mdl_yt =   0.99366614581500623     
 mdl_ytau =    1.0206617000654717E-002
 mdl_muH =    88.388347648318430     
 mdl_I1x33 =          (2.69955542504654901E-002,0.0000000000000000)
 mdl_I2x33 =               (0.99366614581500623,0.0000000000000000)
 mdl_I3x33 =               (0.99366614581500623,0.0000000000000000)
 mdl_I4x33 =          (2.69955542504654901E-002,0.0000000000000000)
 mdl_ee__exp__2 =    9.4835522759998875E-002
 mdl_sw__exp__2 =   0.22224648578577769     
 mdl_cw__exp__2 =   0.77775351421422245     
  Internal Params evaluated point by point
  ----------------------------------------
  
 mdl_sqrt__aS =   0.36055512754639896     
 mdl_G__exp__2 =    1.6336281798666927     
  Couplings of sm
  ---------------------------------
  
        GC_10 =  -0.12781E+01   0.00000E+00
        GC_11 =   0.00000E+00   0.12781E+01
        GC_50 =  -0.00000E+00  -0.28804E+00
        GC_58 =  -0.00000E+00  -0.27437E-01
        GC_59 =   0.00000E+00   0.82310E-01

 Collider parameters:
 --------------------

 Running at P P   machine @    13000.000000000000       GeV
 PDF set = nn23lo1
 alpha_s(Mz)= 0.1300 running at 2 loops.
 alpha_s(Mz)= 0.1300 running at 2 loops.
 Renormalization scale set on event-by-event basis
 Factorization   scale set on event-by-event basis


 getting user params
Enter number of events and max and min iterations: 
 Number of events and iterations         1000           5           3
Enter desired fractional accuracy: 
 Desired fractional accuracy:   0.10000000000000001     
Enter 0 for fixed, 2 for adjustable grid: 
Suppress amplitude (0 no, 1 yes)? 
 Using suppressed amplitude.
Exact helicity sum (0 yes, n = number/event)? 
 Explicitly summing over helicities
Enter Configuration Number: 
Running Configuration Number:   15
 Not subdividing B.W.
 Attempting mappinvarients           1           8
 Determine nb_t
 T-channel found:            3
 Completed mapping           8
 about to integrate           16        1000           7           3          16           1
 Using non-zero grid deformation.
 16 dimensions   1000 events 16 invarients  7 iterations  1 config(s),  (0.99)
 Using h-tuple random number sequence.
 Error opening grid
 Using Uniform Grid!          32
 Using uniform alpha   1.0000000000000000     
 Grid defined OK
 Masses: 0.000E+00 0.000E+00 0.000E+00 0.000E+00 0.000E+00 0.000E+00 0.000E+00 0.000E+00
 Set CM energy to      13000.00
 Mapping Graph          15  to config          15
 Determine nb_t
 T-channel found:            3
 Setting BW          -1           1   91.188000000000002     
 Setting BW          -2           2   91.188000000000002     
Setting grid   3    0.23669E-05   1
Setting grid   4    0.23669E-05   1
Setting grid   5    0.17619E-04   1
 Transforming s_hat 1/s           15   1.3160304238967098E-004   8000.0000000000000        168999999.99999997     
 Got moffset           1
Using random seed offsets    15 :      4
  with seed                   57
 Ranmar initialization seeds       11138       12593
 
 ********************************************
 * You are using the DiscreteSampler module *
 *      part of the MG5_aMC framework       *
 *         Author: Valentin Hirschi         *
 ********************************************
 
  Particle       3       4       5       6       7       8
      Et >    20.0    20.0    20.0    20.0    20.0    20.0
       E >     0.0     0.0     0.0     0.0     0.0     0.0
     Eta <     2.5     2.5     2.5     2.5     2.8     2.8
   xqcut:      0.0     0.0     0.0     0.0    20.0    20.0
d R # 3  >    -0.0     0.4     0.4     0.4     0.0     0.0
d R # 4  >    -0.0    -0.0     0.4     0.4     0.0     0.0
d R # 5  >    -0.0    -0.0    -0.0     0.4     0.0     0.0
d R # 6  >    -0.0    -0.0    -0.0    -0.0     0.0     0.0
d R # 7  >    -0.0    -0.0    -0.0    -0.0    -0.0     0.0
s min # 3>     0.0     0.0     0.0     0.0     0.0     0.0
s min # 4>     0.0     0.0     0.0     0.0     0.0     0.0
s min # 5>     0.0     0.0     0.0     0.0     0.0     0.0
s min # 6>     0.0     0.0     0.0     0.0     0.0     0.0
s min # 7>     0.0     0.0     0.0     0.0     0.0   400.0
xqcutij # 3>     0.0     0.0     0.0     0.0     0.0     0.0
xqcutij # 4>     0.0     0.0     0.0     0.0     0.0     0.0
xqcutij # 5>     0.0     0.0     0.0     0.0     0.0     0.0
xqcutij # 6>     0.0     0.0     0.0     0.0     0.0     0.0
xqcutij # 7>     0.0     0.0     0.0     0.0     0.0    20.0
 No cut BW           -1           1
 No cut BW           -2           2
 alpha_s for scale    113.68490913181516       is   0.12538942261817967     
 RESET CUMULATIVE VARIABLE
 Iteration  1   Mean: 0.1561E-03 Abs mean: 0.1561E-03   Fluctuation:  0.206E-04   0.130E-01     2.3%
  1    0.1561E-03 0.1561E-03 +- 0.2058E-04      4.17
 Writing out events   9.5704602436978217E-007   4.1682861859380207     
 Relative summed weights:
  0.3443E-01  0.2164E-02  0.2662E-01  0.1783E-01  0.1731E-01  0.4304E-01  0.2196E-01  0.3908E-01
  0.8126E-02  0.1715E-01  0.5621E-02  0.5369E-01  0.8075E-01  0.2662E-01  0.1385E-01  0.2452E-01
  0.5980E-02  0.1681E-01  0.2554E-01  0.2690E-01  0.3629E-01  0.4199E-01  0.3119E-01  0.1468E-01
  0.2193E-01  0.5497E-01  0.9074E-02  0.5012E-02  0.1417E+00  0.3515E-01  0.6027E-01  0.3968E-01
 Relative number of events:
  0.2478E-01  0.1685E-01  0.2379E-01  0.2775E-01  0.3865E-01  0.4955E-01  0.3568E-01  0.3964E-01
  0.2279E-01  0.1784E-01  0.1288E-01  0.3072E-01  0.3072E-01  0.3766E-01  0.3271E-01  0.3964E-01
  0.2775E-01  0.2775E-01  0.2577E-01  0.2676E-01  0.3171E-01  0.4063E-01  0.4163E-01  0.4559E-01
  0.1685E-01  0.2081E-01  0.1883E-01  0.2081E-01  0.4955E-01  0.3370E-01  0.3865E-01  0.5154E-01
 Events:
          25          17          24          28          39          50          36          40
          23          18          13          31          31          38          33          40
          28          28          26          27          32          41          42          46
          17          21          19          21          50          34          39          52
 Iteration  2   Mean: 0.1268E-03 Abs mean: 0.1268E-03   Fluctuation:  0.113E-04   0.143E-01    11.6%
  2    0.1268E-03 0.1268E-03 +- 0.1130E-04      3.99
 Relative summed weights:
  0.2648E-01  0.7260E-01  0.1146E-01  0.1227E-01  0.3204E-01  0.3584E-01  0.3442E-01  0.2915E-01
  0.1388E-01  0.5737E-01  0.2176E-01  0.4138E-01  0.2353E-01  0.3855E-01  0.2700E-01  0.2437E-01
  0.1919E-01  0.1799E-01  0.3404E-01  0.3243E-01  0.3210E-01  0.5108E-01  0.3048E-01  0.3218E-01
  0.3795E-01  0.1312E-01  0.2066E-01  0.2285E-01  0.4195E-01  0.2177E-01  0.3048E-01  0.5962E-01
 Relative number of events:
  0.2400E-01  0.2350E-01  0.1850E-01  0.2650E-01  0.3900E-01  0.3750E-01  0.3750E-01  0.4200E-01
  0.2750E-01  0.2900E-01  0.2450E-01  0.2800E-01  0.4000E-01  0.4650E-01  0.3450E-01  0.3950E-01
  0.2550E-01  0.1800E-01  0.2550E-01  0.2250E-01  0.3650E-01  0.3500E-01  0.3950E-01  0.4000E-01
  0.2750E-01  0.1900E-01  0.2400E-01  0.2050E-01  0.3900E-01  0.3500E-01  0.3400E-01  0.4050E-01
 Events:
          48          47          37          53          78          75          75          84
          55          58          49          56          80          93          69          79
          51          36          51          45          73          70          79          80
          55          38          48          41          78          70          68          81
 Iteration  3   Mean: 0.1184E-03 Abs mean: 0.1184E-03   Fluctuation:  0.603E-05   0.106E-01    13.0%
  3    0.1184E-03 0.1184E-03 +- 0.6034E-05      3.22
 Relative summed weights:
  0.2236E-01  0.2539E-01  0.2063E-01  0.1591E-01  0.3223E-01  0.3326E-01  0.3537E-01  0.5832E-01
  0.2083E-01  0.2281E-01  0.1174E-01  0.2305E-01  0.3394E-01  0.3849E-01  0.3667E-01  0.3556E-01
  0.2049E-01  0.2542E-01  0.2107E-01  0.2434E-01  0.2936E-01  0.3804E-01  0.5926E-01  0.5279E-01
  0.2067E-01  0.2343E-01  0.2009E-01  0.2632E-01  0.3978E-01  0.4855E-01  0.4774E-01  0.3608E-01
 Relative number of events:
  0.2350E-01  0.2150E-01  0.2325E-01  0.1975E-01  0.3700E-01  0.4150E-01  0.3700E-01  0.4000E-01
  0.2250E-01  0.2675E-01  0.2150E-01  0.2375E-01  0.3950E-01  0.3825E-01  0.4150E-01  0.3900E-01
  0.2425E-01  0.2300E-01  0.2225E-01  0.2150E-01  0.4150E-01  0.4025E-01  0.3825E-01  0.3825E-01
  0.2175E-01  0.2150E-01  0.2350E-01  0.2300E-01  0.4350E-01  0.4050E-01  0.4525E-01  0.3550E-01
 Events:
          94          86          93          79         148         166         148         160
          90         107          86          95         158         153         166         156
          97          92          89          86         166         161         153         153
          87          86          94          92         174         162         181         142
 Accuracy:    0.064   0.100   0.042   2.354
 Finished due to accuracy    6.4338266630931951E-002  0.10000000000000001     

 -------------------------------------------------------------------------------
 Accumulated results:   Integral =  0.1241E-03
                        Std dev  =  0.5204E-05
                       Cross sec =  0.1241E-03
             Chi**2 per DoF.     =      2.3536
 -------------------------------------------------------------------------------
 Found         1512  events.
 Wrote           62  events.
 Actual xsec    1.2408184498177653E-004
 Correct abs xsec    1.2408184498177653E-004
 Event xsec    1.2408184498177667E-004
 Events wgts > 1:            3
 % Cross section > 1:    9.3664099789817681E-007  0.75485740725062311     
-------------------------------------------------
---------------------------
 Results Last   3 iters: Integral =   0.1241E-03
                     Abs integral =   0.1241E-03
                          Std dev =   0.5204E-05
                  Chi**2 per DoF. =      1.6839
-------------------------------------------------
---------------------------
 Status  0.10000000000000001                4           7

ls status:
events.lhe
ftn26
input_app.txt
input_sg.txt
moffset.dat
results.dat
run1_app.log
run_01_log.txt
