 Process in group number            2
 A PDF is used, so alpha_s(MZ) is going to be modified
 Old value of alpha_s from param_card:   0.13000000000000003     
  ****************************************
 
       NNPDFDriver version 1.0.3
   Grid: NNPDF23_lo_as_0130_qed_mem0.grid
  ****************************************
 New value of alpha_s from PDF nn23lo1:  0.13000000000000000     
 Warning! ptj set to xqcut=   20.000000000000000       to improve integration efficiency
 Note that this might affect non-radiated jets,
 e.g. from decays. Use cut_decays=F in run_card.
 Warning! mmjj set to xqcut=   20.000000000000000       to improve integration efficiency
 Note that this might affect non-radiated jets,
 e.g. from decays. Use cut_decays=F in run_card.
 Define smin to   8000.0000000000000     
 Define smin to   8000.0000000000000     
 Define smin to   8000.0000000000000     
 Define smin to   8000.0000000000000     
 Define smin to   8000.0000000000000     
 Define smin to   8000.0000000000000     
 Define smin to   8000.0000000000000     
 Define smin to   8000.0000000000000     
 *****************************************************
 *               MadGraph/MadEvent                   *
 *        --------------------------------           *
 *          http://madgraph.hep.uiuc.edu             *
 *          http://madgraph.phys.ucl.ac.be           *
 *          http://madgraph.roma2.infn.it            *
 *        --------------------------------           *
 *                                                   *
 *          PARAMETER AND COUPLING VALUES            *
 *                                                   *
 *****************************************************

  External Params
  ---------------------------------
  
 aEWM1 =    132.50700000000001     
 mdl_Gf =    1.1663900000000000E-005
 aS =   0.13000000000000003     
 mdl_ymb =    4.7000000000000002     
 mdl_ymt =    173.00000000000000     
 mdl_ymtau =    1.7769999999999999     
 mdl_MZ =    91.188000000000002     
 mdl_MT =    173.00000000000000     
 mdl_MB =    4.7000000000000002     
 mdl_MH =    125.00000000000000     
 mdl_MTA =    1.7769999999999999     
 mdl_WZ =    2.4414039999999999     
 mdl_WW =    2.0476000000000001     
 mdl_WT =    1.4915000000000000     
 mdl_WH =    6.3823389999999999E-003
  Internal Params
  ---------------------------------
  
 mdl_conjg__CKM3x3 =    1.0000000000000000     
 mdl_conjg__CKM1x1 =    1.0000000000000000     
 mdl_CKM3x3 =    1.0000000000000000     
 mdl_complexi =                (0.0000000000000000,1.0000000000000000)
 mdl_MZ__exp__2 =    8315.2513440000002     
 mdl_MZ__exp__4 =    69143404.913893804     
 mdl_sqrt__2 =    1.4142135623730951     
 mdl_MH__exp__2 =    15625.000000000000     
 mdl_aEW =    7.5467711139788835E-003
 mdl_MW =    80.419002445756163     
 mdl_sqrt__aEW =    8.6872153846781555E-002
 mdl_ee =   0.30795376724436879     
 mdl_MW__exp__2 =    6467.2159543705357     
 mdl_sw2 =   0.22224648578577766     
 mdl_cw =   0.88190334743339216     
 mdl_sqrt__sw2 =   0.47143025548407230     
 mdl_sw =   0.47143025548407230     
 mdl_g1 =   0.34919219678733299     
 mdl_gw =   0.65323293034757990     
 mdl_vev =    246.21845810181637     
 mdl_vev__exp__2 =    60623.529110035903     
 mdl_lam =   0.12886910601690263     
 mdl_yb =    2.6995554250465490E-002
 mdl_yt =   0.99366614581500623     
 mdl_ytau =    1.0206617000654717E-002
 mdl_muH =    88.388347648318430     
 mdl_I1x33 =          (2.69955542504654901E-002,0.0000000000000000)
 mdl_I2x33 =               (0.99366614581500623,0.0000000000000000)
 mdl_I3x33 =               (0.99366614581500623,0.0000000000000000)
 mdl_I4x33 =          (2.69955542504654901E-002,0.0000000000000000)
 mdl_ee__exp__2 =    9.4835522759998875E-002
 mdl_sw__exp__2 =   0.22224648578577769     
 mdl_cw__exp__2 =   0.77775351421422245     
  Internal Params evaluated point by point
  ----------------------------------------
  
 mdl_sqrt__aS =   0.36055512754639896     
 mdl_G__exp__2 =    1.6336281798666927     
  Couplings of sm
  ---------------------------------
  
        GC_10 =  -0.12781E+01   0.00000E+00
        GC_11 =   0.00000E+00   0.12781E+01
        GC_50 =  -0.00000E+00  -0.28804E+00
        GC_58 =  -0.00000E+00  -0.27437E-01
        GC_59 =   0.00000E+00   0.82310E-01

 Collider parameters:
 --------------------

 Running at P P   machine @    13000.000000000000       GeV
 PDF set = nn23lo1
 alpha_s(Mz)= 0.1300 running at 2 loops.
 alpha_s(Mz)= 0.1300 running at 2 loops.
 Renormalization scale set on event-by-event basis
 Factorization   scale set on event-by-event basis


 getting user params
Enter number of events and max and min iterations: 
 Number of events and iterations         1000           5           3
Enter desired fractional accuracy: 
 Desired fractional accuracy:   0.10000000000000001     
Enter 0 for fixed, 2 for adjustable grid: 
Suppress amplitude (0 no, 1 yes)? 
 Using suppressed amplitude.
Exact helicity sum (0 yes, n = number/event)? 
 Explicitly summing over helicities
Enter Configuration Number: 
Running Configuration Number:    9
 Not subdividing B.W.
 Attempting mappinvarients           1           8
 Determine nb_t
 T-channel found:            3
 Completed mapping           8
 about to integrate           16        1000           7           3          16           1
 Using non-zero grid deformation.
 16 dimensions   1000 events 16 invarients  7 iterations  1 config(s),  (0.99)
 Using h-tuple random number sequence.
 Error opening grid
 Using Uniform Grid!          32
 Using uniform alpha   1.0000000000000000     
 Grid defined OK
 Masses: 0.000E+00 0.000E+00 0.000E+00 0.000E+00 0.000E+00 0.000E+00 0.000E+00 0.000E+00
 Set CM energy to      13000.00
 Mapping Graph           9  to config           9
 Determine nb_t
 T-channel found:            3
 Setting BW          -1           1   91.188000000000002     
 Setting BW          -2           2   91.188000000000002     
Setting grid   3    0.23669E-05   1
Setting grid   4    0.23669E-05   1
Setting grid   5    0.17619E-04   1
 Transforming s_hat 1/s           15   1.3160304238967098E-004   8000.0000000000000        168999999.99999997     
 Got moffset           1
Using random seed offsets     9 :      2
  with seed                   57
 Ranmar initialization seeds       11132       12591
 
 ********************************************
 * You are using the DiscreteSampler module *
 *      part of the MG5_aMC framework       *
 *         Author: Valentin Hirschi         *
 ********************************************
 
  Particle       3       4       5       6       7       8
      Et >    20.0    20.0    20.0    20.0    20.0    20.0
       E >     0.0     0.0     0.0     0.0     0.0     0.0
     Eta <     2.5     2.5     2.5     2.5     2.8     2.8
   xqcut:      0.0     0.0     0.0     0.0    20.0    20.0
d R # 3  >    -0.0     0.4     0.4     0.4     0.0     0.0
d R # 4  >    -0.0    -0.0     0.4     0.4     0.0     0.0
d R # 5  >    -0.0    -0.0    -0.0     0.4     0.0     0.0
d R # 6  >    -0.0    -0.0    -0.0    -0.0     0.0     0.0
d R # 7  >    -0.0    -0.0    -0.0    -0.0    -0.0     0.0
s min # 3>     0.0     0.0     0.0     0.0     0.0     0.0
s min # 4>     0.0     0.0     0.0     0.0     0.0     0.0
s min # 5>     0.0     0.0     0.0     0.0     0.0     0.0
s min # 6>     0.0     0.0     0.0     0.0     0.0     0.0
s min # 7>     0.0     0.0     0.0     0.0     0.0   400.0
xqcutij # 3>     0.0     0.0     0.0     0.0     0.0     0.0
xqcutij # 4>     0.0     0.0     0.0     0.0     0.0     0.0
xqcutij # 5>     0.0     0.0     0.0     0.0     0.0     0.0
xqcutij # 6>     0.0     0.0     0.0     0.0     0.0     0.0
xqcutij # 7>     0.0     0.0     0.0     0.0     0.0    20.0
 No cut BW           -1           1
 No cut BW           -2           2
 alpha_s for scale    96.195701886729509       is   0.12885055299959580     
 RESET CUMULATIVE VARIABLE
 Iteration  1   Mean: 0.1569E-03 Abs mean: 0.1569E-03   Fluctuation:  0.102E-04   0.383E-02     2.3%
  1    0.1569E-03 0.1569E-03 +- 0.1018E-04      2.05
 Writing out events   9.7639477251943043E-007   2.0510463357071598     
 Relative summed weights:
  0.3380E-01  0.2163E-01  0.2690E-01  0.3725E-01  0.6097E-01  0.5088E-01  0.5880E-01  0.6829E-01  0.8360E-02  0.3305E-02  0.1378E-01  0.8084E-02  0.1903E-01  0.2202E-01  0.3602E-01  0.1254E-01
  0.3752E-01  0.5711E-01  0.2640E-01  0.3640E-01  0.5827E-01  0.4432E-01  0.5701E-01  0.4294E-01  0.7320E-02  0.1047E-01  0.2033E-01  0.1416E-01  0.3037E-01  0.1796E-01  0.4068E-01  0.1707E-01
 Relative number of events:
  0.3667E-01  0.3370E-01  0.2973E-01  0.3072E-01  0.5055E-01  0.4460E-01  0.5946E-01  0.5253E-01  0.1189E-01  0.9911E-02  0.1090E-01  0.9911E-02  0.2874E-01  0.2775E-01  0.3271E-01  0.2973E-01
  0.2676E-01  0.3271E-01  0.2874E-01  0.3271E-01  0.4856E-01  0.5550E-01  0.5649E-01  0.4757E-01  0.1586E-01  0.9911E-02  0.1883E-01  0.1288E-01  0.3171E-01  0.2874E-01  0.3171E-01  0.2180E-01
 Events:
          37          34          30          31          51          45          60          53          12          10          11          10          29          28          33          30
          27          33          29          33          49          56          57          48          16          10          19          13          32          29          32          22
 Iteration  2   Mean: 0.1627E-03 Abs mean: 0.1627E-03   Fluctuation:  0.111E-04   0.135E-01     9.5%
  2    0.1627E-03 0.1627E-03 +- 0.1107E-04      3.04
 Relative summed weights:
  0.4650E-01  0.2688E-01  0.2796E-01  0.2355E-01  0.3615E-01  0.5109E-01  0.5247E-01  0.4928E-01  0.6284E-02  0.1108E-01  0.7799E-02  0.5334E-02  0.2431E-01  0.2248E-01  0.3817E-01  0.1589E-01
  0.3076E-01  0.6718E-01  0.8379E-01  0.1673E-01  0.5253E-01  0.4171E-01  0.6841E-01  0.5144E-01  0.5428E-02  0.1226E-01  0.8198E-02  0.1315E-01  0.4390E-01  0.2482E-01  0.1251E-01  0.2195E-01
 Relative number of events:
  0.3100E-01  0.2950E-01  0.3750E-01  0.3400E-01  0.4750E-01  0.4800E-01  0.5100E-01  0.4350E-01  0.1050E-01  0.9500E-02  0.8500E-02  0.9500E-02  0.2900E-01  0.3800E-01  0.3550E-01  0.2650E-01
  0.3700E-01  0.4000E-01  0.3000E-01  0.2600E-01  0.5100E-01  0.5350E-01  0.5850E-01  0.4900E-01  0.1000E-01  0.1000E-01  0.1400E-01  0.1550E-01  0.3450E-01  0.2950E-01  0.2750E-01  0.2500E-01
 Events:
          62          59          75          68          95          96         102          87          21          19          17          19          58          76          71          53
          74          80          60          52         102         107         117          98          20          20          28          31          69          59          55          50
 Iteration  3   Mean: 0.1742E-03 Abs mean: 0.1742E-03   Fluctuation:  0.710E-05   0.158E-01    11.2%
  3    0.1742E-03 0.1742E-03 +- 0.7101E-05      2.58
 Relative summed weights:
  0.3652E-01  0.3050E-01  0.3236E-01  0.2883E-01  0.5028E-01  0.4549E-01  0.6596E-01  0.4641E-01  0.9160E-02  0.6725E-02  0.7261E-02  0.8836E-02  0.4283E-01  0.1941E-01  0.1958E-01  0.2716E-01
  0.3840E-01  0.3265E-01  0.4387E-01  0.3598E-01  0.5697E-01  0.6672E-01  0.6804E-01  0.5707E-01  0.5535E-02  0.7322E-02  0.7203E-02  0.6008E-02  0.2222E-01  0.2564E-01  0.2763E-01  0.2139E-01
 Relative number of events:
  0.2900E-01  0.3225E-01  0.3150E-01  0.3025E-01  0.4975E-01  0.4875E-01  0.5050E-01  0.5375E-01  0.1275E-01  0.9750E-02  0.1025E-01  0.1175E-01  0.2750E-01  0.2325E-01  0.2675E-01  0.3425E-01
  0.3475E-01  0.3975E-01  0.3400E-01  0.3350E-01  0.5125E-01  0.5050E-01  0.5750E-01  0.5250E-01  0.1100E-01  0.1125E-01  0.1375E-01  0.1050E-01  0.3125E-01  0.2775E-01  0.2875E-01  0.3000E-01
 Events:
         116         129         126         121         199         195         202         215          51          39          41          47         110          93         107         137
         139         159         136         134         205         202         230         210          44          45          55          42         125         111         115         120
 Accuracy:    0.031   0.100   0.031   1.039
 Finished due to accuracy    3.1371587980152410E-002  0.10000000000000001     

 -------------------------------------------------------------------------------
 Accumulated results:   Integral =  0.1680E-03
                        Std dev  =  0.5170E-05
                       Cross sec =  0.1680E-03
             Chi**2 per DoF.     =      1.0392
 -------------------------------------------------------------------------------
 Found         2068  events.
 Wrote           47  events.
 Actual xsec    1.6798080064900410E-004
 Correct abs xsec    1.6798080064900410E-004
 Event xsec    1.6798080064900407E-004
 Events wgts > 1:            1
 % Cross section > 1:    1.4990611647104158E-013   8.9240029748560639E-008
-------------------------------------------------
---------------------------
 Results Last   3 iters: Integral =   0.1680E-03
                     Abs integral =   0.1680E-03
                          Std dev =   0.5170E-05
                  Chi**2 per DoF. =      1.0920
-------------------------------------------------
---------------------------
 Status  0.10000000000000001                4           7

ls status:
events.lhe
ftn26
input_app.txt
input_sg.txt
moffset.dat
results.dat
run1_app.log
run_01_log.txt
