 Process in group number            2
 A PDF is used, so alpha_s(MZ) is going to be modified
 Old value of alpha_s from param_card:   0.13000000000000003     
  ****************************************
 
       NNPDFDriver version 1.0.3
   Grid: NNPDF23_lo_as_0130_qed_mem0.grid
  ****************************************
 New value of alpha_s from PDF nn23lo1:  0.13000000000000000     
 Warning! ptj set to xqcut=   20.000000000000000       to improve integration efficiency
 Note that this might affect non-radiated jets,
 e.g. from decays. Use cut_decays=F in run_card.
 Warning! mmjj set to xqcut=   20.000000000000000       to improve integration efficiency
 Note that this might affect non-radiated jets,
 e.g. from decays. Use cut_decays=F in run_card.
 Define smin to   8000.0000000000000     
 Define smin to   8000.0000000000000     
 Define smin to   8000.0000000000000     
 Define smin to   8000.0000000000000     
 *****************************************************
 *               MadGraph/MadEvent                   *
 *        --------------------------------           *
 *          http://madgraph.hep.uiuc.edu             *
 *          http://madgraph.phys.ucl.ac.be           *
 *          http://madgraph.roma2.infn.it            *
 *        --------------------------------           *
 *                                                   *
 *          PARAMETER AND COUPLING VALUES            *
 *                                                   *
 *****************************************************

  External Params
  ---------------------------------
  
 aEWM1 =    132.50700000000001     
 mdl_Gf =    1.1663900000000000E-005
 aS =   0.13000000000000003     
 mdl_ymb =    4.7000000000000002     
 mdl_ymt =    173.00000000000000     
 mdl_ymtau =    1.7769999999999999     
 mdl_MZ =    91.188000000000002     
 mdl_MT =    173.00000000000000     
 mdl_MB =    4.7000000000000002     
 mdl_MH =    125.00000000000000     
 mdl_MTA =    1.7769999999999999     
 mdl_WZ =    2.4414039999999999     
 mdl_WW =    2.0476000000000001     
 mdl_WT =    1.4915000000000000     
 mdl_WH =    6.3823389999999999E-003
  Internal Params
  ---------------------------------
  
 mdl_conjg__CKM3x3 =    1.0000000000000000     
 mdl_conjg__CKM1x1 =    1.0000000000000000     
 mdl_CKM3x3 =    1.0000000000000000     
 mdl_complexi =                (0.0000000000000000,1.0000000000000000)
 mdl_MZ__exp__2 =    8315.2513440000002     
 mdl_MZ__exp__4 =    69143404.913893804     
 mdl_sqrt__2 =    1.4142135623730951     
 mdl_MH__exp__2 =    15625.000000000000     
 mdl_aEW =    7.5467711139788835E-003
 mdl_MW =    80.419002445756163     
 mdl_sqrt__aEW =    8.6872153846781555E-002
 mdl_ee =   0.30795376724436879     
 mdl_MW__exp__2 =    6467.2159543705357     
 mdl_sw2 =   0.22224648578577766     
 mdl_cw =   0.88190334743339216     
 mdl_sqrt__sw2 =   0.47143025548407230     
 mdl_sw =   0.47143025548407230     
 mdl_g1 =   0.34919219678733299     
 mdl_gw =   0.65323293034757990     
 mdl_vev =    246.21845810181637     
 mdl_vev__exp__2 =    60623.529110035903     
 mdl_lam =   0.12886910601690263     
 mdl_yb =    2.6995554250465490E-002
 mdl_yt =   0.99366614581500623     
 mdl_ytau =    1.0206617000654717E-002
 mdl_muH =    88.388347648318430     
 mdl_I1x33 =          (2.69955542504654901E-002,0.0000000000000000)
 mdl_I2x33 =               (0.99366614581500623,0.0000000000000000)
 mdl_I3x33 =               (0.99366614581500623,0.0000000000000000)
 mdl_I4x33 =          (2.69955542504654901E-002,0.0000000000000000)
 mdl_ee__exp__2 =    9.4835522759998875E-002
 mdl_sw__exp__2 =   0.22224648578577769     
 mdl_cw__exp__2 =   0.77775351421422245     
  Internal Params evaluated point by point
  ----------------------------------------
  
 mdl_sqrt__aS =   0.36055512754639896     
 mdl_G__exp__2 =    1.6336281798666927     
  Couplings of sm
  ---------------------------------
  
        GC_10 =  -0.12781E+01   0.00000E+00
        GC_11 =   0.00000E+00   0.12781E+01
        GC_50 =  -0.00000E+00  -0.28804E+00
        GC_58 =  -0.00000E+00  -0.27437E-01
        GC_59 =   0.00000E+00   0.82310E-01

 Collider parameters:
 --------------------

 Running at P P   machine @    13000.000000000000       GeV
 PDF set = nn23lo1
 alpha_s(Mz)= 0.1300 running at 2 loops.
 alpha_s(Mz)= 0.1300 running at 2 loops.
 Renormalization scale set on event-by-event basis
 Factorization   scale set on event-by-event basis


 getting user params
Enter number of events and max and min iterations: 
 Number of events and iterations         1000           5           3
Enter desired fractional accuracy: 
 Desired fractional accuracy:   0.10000000000000001     
Enter 0 for fixed, 2 for adjustable grid: 
Suppress amplitude (0 no, 1 yes)? 
 Using suppressed amplitude.
Exact helicity sum (0 yes, n = number/event)? 
 Explicitly summing over helicities
Enter Configuration Number: 
Running Configuration Number:   10
 Not subdividing B.W.
 Attempting mappinvarients           1           8
 Determine nb_t
 T-channel found:            2
 Completed mapping           8
 about to integrate           16        1000           7           3          16           1
 Using non-zero grid deformation.
 16 dimensions   1000 events 16 invarients  7 iterations  1 config(s),  (0.99)
 Using h-tuple random number sequence.
 Error opening grid
 Using Uniform Grid!          32
 Using uniform alpha   1.0000000000000000     
 Grid defined OK
 Masses: 0.000E+00 0.000E+00 0.000E+00 0.000E+00 0.000E+00 0.000E+00 0.000E+00 0.000E+00
 Set CM energy to      13000.00
 Mapping Graph          10  to config          10
 Determine nb_t
 T-channel found:            2
 Setting BW          -1           1   91.188000000000002     
 Setting BW          -2           2   91.188000000000002     
Setting grid   3    0.17619E-04   1
Setting grid   4    0.23669E-05   1
Setting grid   5    0.17619E-04   1
 Transforming s_hat 1/s           15   1.3160304238967098E-004   8000.0000000000000        168999999.99999997     
Using random seed offsets    10 :      1
  with seed                   57
 Ranmar initialization seeds       11133        9433
 
 ********************************************
 * You are using the DiscreteSampler module *
 *      part of the MG5_aMC framework       *
 *         Author: Valentin Hirschi         *
 ********************************************
 
  Particle       3       4       5       6       7       8
      Et >    20.0    20.0    20.0    20.0    20.0    20.0
       E >     0.0     0.0     0.0     0.0     0.0     0.0
     Eta <     2.5     2.5     2.5     2.5     2.8     2.8
   xqcut:      0.0     0.0     0.0     0.0    20.0    20.0
d R # 3  >    -0.0     0.4     0.4     0.4     0.0     0.0
d R # 4  >    -0.0    -0.0     0.4     0.4     0.0     0.0
d R # 5  >    -0.0    -0.0    -0.0     0.4     0.0     0.0
d R # 6  >    -0.0    -0.0    -0.0    -0.0     0.0     0.0
d R # 7  >    -0.0    -0.0    -0.0    -0.0    -0.0     0.0
s min # 3>     0.0     0.0     0.0     0.0     0.0     0.0
s min # 4>     0.0     0.0     0.0     0.0     0.0     0.0
s min # 5>     0.0     0.0     0.0     0.0     0.0     0.0
s min # 6>     0.0     0.0     0.0     0.0     0.0     0.0
s min # 7>     0.0     0.0     0.0     0.0     0.0   400.0
xqcutij # 3>     0.0     0.0     0.0     0.0     0.0     0.0
xqcutij # 4>     0.0     0.0     0.0     0.0     0.0     0.0
xqcutij # 5>     0.0     0.0     0.0     0.0     0.0     0.0
xqcutij # 6>     0.0     0.0     0.0     0.0     0.0     0.0
xqcutij # 7>     0.0     0.0     0.0     0.0     0.0     0.0
 No cut BW           -1           1
 No cut BW           -2           2
 alpha_s for scale    423.69628398435174       is   0.10358699570895741     
 RESET CUMULATIVE VARIABLE
 Iteration  1   Mean: 0.2633E-04 Abs mean: 0.2633E-04   Fluctuation:  0.172E-05   0.421E-03     2.3%
  1    0.2633E-04 0.2633E-04 +- 0.1716E-05      2.06
 Writing out events   1.6653220389817070E-007   2.0613004640389052     
 Relative summed weights:
  0.3709E-01  0.0000E+00  0.3430E-01  0.0000E+00  0.9361E-01  0.0000E+00  0.5993E-01  0.0000E+00
  0.6708E-01  0.0000E+00  0.3117E-01  0.0000E+00  0.8906E-01  0.0000E+00  0.8957E-01  0.0000E+00
  0.2956E-01  0.0000E+00  0.5154E-01  0.0000E+00  0.6875E-01  0.0000E+00  0.1323E+00  0.0000E+00
  0.4882E-01  0.0000E+00  0.5239E-01  0.0000E+00  0.7112E-01  0.0000E+00  0.4365E-01  0.0000E+00
 Relative number of events:
  0.3766E-01  0.0000E+00  0.3865E-01  0.0000E+00  0.1229E+00  0.0000E+00  0.8028E-01  0.0000E+00
  0.4559E-01  0.0000E+00  0.5550E-01  0.0000E+00  0.1070E+00  0.0000E+00  0.1051E+00  0.0000E+00
  0.3072E-01  0.0000E+00  0.4063E-01  0.0000E+00  0.5946E-01  0.0000E+00  0.8325E-01  0.0000E+00
  0.3865E-01  0.0000E+00  0.4063E-01  0.0000E+00  0.6442E-01  0.0000E+00  0.4955E-01  0.0000E+00
 Events:
          38           0          39           0         124           0          81           0
          46           0          56           0         108           0         106           0
          31           0          41           0          60           0          84           0
          39           0          41           0          65           0          50           0
 Iteration  2   Mean: 0.2552E-04 Abs mean: 0.2552E-04   Fluctuation:  0.109E-05   0.464E-03    10.2%
  2    0.2552E-04 0.2552E-04 +- 0.1095E-05      1.92
 Relative summed weights:
  0.3466E-01  0.0000E+00  0.4284E-01  0.0000E+00  0.9789E-01  0.0000E+00  0.7791E-01  0.0000E+00
  0.3993E-01  0.0000E+00  0.3758E-01  0.0000E+00  0.9723E-01  0.0000E+00  0.7118E-01  0.0000E+00
  0.4113E-01  0.0000E+00  0.3431E-01  0.0000E+00  0.6925E-01  0.0000E+00  0.8714E-01  0.0000E+00
  0.5518E-01  0.0000E+00  0.4377E-01  0.0000E+00  0.9010E-01  0.0000E+00  0.7990E-01  0.0000E+00
 Relative number of events:
  0.4600E-01  0.0000E+00  0.4450E-01  0.0000E+00  0.1105E+00  0.0000E+00  0.1050E+00  0.0000E+00
  0.4600E-01  0.0000E+00  0.5050E-01  0.0000E+00  0.1085E+00  0.0000E+00  0.1030E+00  0.0000E+00
  0.3350E-01  0.0000E+00  0.3100E-01  0.0000E+00  0.6300E-01  0.0000E+00  0.6000E-01  0.0000E+00
  0.3100E-01  0.0000E+00  0.3300E-01  0.0000E+00  0.6550E-01  0.0000E+00  0.6900E-01  0.0000E+00
 Events:
          92           0          89           0         221           0         210           0
          92           0         101           0         217           0         206           0
          67           0          62           0         126           0         120           0
          62           0          66           0         131           0         138           0
 Iteration  3   Mean: 0.2641E-04 Abs mean: 0.2641E-04   Fluctuation:  0.701E-06   0.495E-03    14.0%
  3    0.2641E-04 0.2641E-04 +- 0.7005E-06      1.68
 Relative summed weights:
  0.4168E-01  0.0000E+00  0.3927E-01  0.0000E+00  0.7928E-01  0.0000E+00  0.7401E-01  0.0000E+00
  0.4650E-01  0.0000E+00  0.4377E-01  0.0000E+00  0.9587E-01  0.0000E+00  0.8706E-01  0.0000E+00
  0.4400E-01  0.0000E+00  0.3953E-01  0.0000E+00  0.7562E-01  0.0000E+00  0.8119E-01  0.0000E+00
  0.3954E-01  0.0000E+00  0.4784E-01  0.0000E+00  0.7478E-01  0.0000E+00  0.9004E-01  0.0000E+00
 Relative number of events:
  0.4600E-01  0.0000E+00  0.5375E-01  0.0000E+00  0.9650E-01  0.0000E+00  0.1045E+00  0.0000E+00
  0.5300E-01  0.0000E+00  0.5000E-01  0.0000E+00  0.1108E+00  0.0000E+00  0.1030E+00  0.0000E+00
  0.3450E-01  0.0000E+00  0.2575E-01  0.0000E+00  0.6525E-01  0.0000E+00  0.5750E-01  0.0000E+00
  0.2825E-01  0.0000E+00  0.3350E-01  0.0000E+00  0.6600E-01  0.0000E+00  0.7175E-01  0.0000E+00
 Events:
         184           0         215           0         386           0         418           0
         212           0         200           0         443           0         412           0
         138           0         103           0         261           0         230           0
         113           0         134           0         264           0         287           0
 Accuracy:    0.010   0.100   0.021   0.230
 Finished due to accuracy    1.0225439158293421E-002  0.10000000000000001     

 -------------------------------------------------------------------------------
 Accumulated results:   Integral =  0.2618E-04
                        Std dev  =  0.5582E-06
                       Cross sec =  0.2618E-04
             Chi**2 per DoF.     =      0.2301
 -------------------------------------------------------------------------------
 Found         2014  events.
 Wrote          399  events.
 Actual xsec    2.6184171186494402E-005
 Correct abs xsec    2.6184171186494402E-005
 Event xsec    2.6184171186494710E-005
 Events wgts > 1:           16
 % Cross section > 1:    2.3031109796098176E-007  0.87958139412016889     
-------------------------------------------------
---------------------------
 Results Last   3 iters: Integral =   0.2618E-04
                     Abs integral =   0.2618E-04
                          Std dev =   0.5582E-06
                  Chi**2 per DoF. =      0.2381
-------------------------------------------------
---------------------------
 Status  0.10000000000000001                4           7

ls status:
events.lhe
ftn26
input_app.txt
results.dat
run1_app.log
run_01_log.txt
run_02_log.txt
run_03_log.txt
run_04_log.txt
run_05_log.txt
