 Process in group number            2
 A PDF is used, so alpha_s(MZ) is going to be modified
 Old value of alpha_s from param_card:   0.13000000000000003     
  ****************************************
 
       NNPDFDriver version 1.0.3
   Grid: NNPDF23_lo_as_0130_qed_mem0.grid
  ****************************************
 New value of alpha_s from PDF nn23lo1:  0.13000000000000000     
 Warning! ptj set to xqcut=   20.000000000000000       to improve integration efficiency
 Note that this might affect non-radiated jets,
 e.g. from decays. Use cut_decays=F in run_card.
 Warning! mmjj set to xqcut=   20.000000000000000       to improve integration efficiency
 Note that this might affect non-radiated jets,
 e.g. from decays. Use cut_decays=F in run_card.
 Define smin to   8000.0000000000000     
 Define smin to   8000.0000000000000     
 Define smin to   8000.0000000000000     
 Define smin to   8000.0000000000000     
 *****************************************************
 *               MadGraph/MadEvent                   *
 *        --------------------------------           *
 *          http://madgraph.hep.uiuc.edu             *
 *          http://madgraph.phys.ucl.ac.be           *
 *          http://madgraph.roma2.infn.it            *
 *        --------------------------------           *
 *                                                   *
 *          PARAMETER AND COUPLING VALUES            *
 *                                                   *
 *****************************************************

  External Params
  ---------------------------------
  
 aEWM1 =    132.50700000000001     
 mdl_Gf =    1.1663900000000000E-005
 aS =   0.13000000000000003     
 mdl_ymb =    4.7000000000000002     
 mdl_ymt =    173.00000000000000     
 mdl_ymtau =    1.7769999999999999     
 mdl_MZ =    91.188000000000002     
 mdl_MT =    173.00000000000000     
 mdl_MB =    4.7000000000000002     
 mdl_MH =    125.00000000000000     
 mdl_MTA =    1.7769999999999999     
 mdl_WZ =    2.4414039999999999     
 mdl_WW =    2.0476000000000001     
 mdl_WT =    1.4915000000000000     
 mdl_WH =    6.3823389999999999E-003
  Internal Params
  ---------------------------------
  
 mdl_conjg__CKM3x3 =    1.0000000000000000     
 mdl_conjg__CKM1x1 =    1.0000000000000000     
 mdl_CKM3x3 =    1.0000000000000000     
 mdl_complexi =                (0.0000000000000000,1.0000000000000000)
 mdl_MZ__exp__2 =    8315.2513440000002     
 mdl_MZ__exp__4 =    69143404.913893804     
 mdl_sqrt__2 =    1.4142135623730951     
 mdl_MH__exp__2 =    15625.000000000000     
 mdl_aEW =    7.5467711139788835E-003
 mdl_MW =    80.419002445756163     
 mdl_sqrt__aEW =    8.6872153846781555E-002
 mdl_ee =   0.30795376724436879     
 mdl_MW__exp__2 =    6467.2159543705357     
 mdl_sw2 =   0.22224648578577766     
 mdl_cw =   0.88190334743339216     
 mdl_sqrt__sw2 =   0.47143025548407230     
 mdl_sw =   0.47143025548407230     
 mdl_g1 =   0.34919219678733299     
 mdl_gw =   0.65323293034757990     
 mdl_vev =    246.21845810181637     
 mdl_vev__exp__2 =    60623.529110035903     
 mdl_lam =   0.12886910601690263     
 mdl_yb =    2.6995554250465490E-002
 mdl_yt =   0.99366614581500623     
 mdl_ytau =    1.0206617000654717E-002
 mdl_muH =    88.388347648318430     
 mdl_I1x33 =          (2.69955542504654901E-002,0.0000000000000000)
 mdl_I2x33 =               (0.99366614581500623,0.0000000000000000)
 mdl_I3x33 =               (0.99366614581500623,0.0000000000000000)
 mdl_I4x33 =          (2.69955542504654901E-002,0.0000000000000000)
 mdl_ee__exp__2 =    9.4835522759998875E-002
 mdl_sw__exp__2 =   0.22224648578577769     
 mdl_cw__exp__2 =   0.77775351421422245     
  Internal Params evaluated point by point
  ----------------------------------------
  
 mdl_sqrt__aS =   0.36055512754639896     
 mdl_G__exp__2 =    1.6336281798666927     
  Couplings of sm
  ---------------------------------
  
        GC_10 =  -0.12781E+01   0.00000E+00
        GC_11 =   0.00000E+00   0.12781E+01
        GC_50 =  -0.00000E+00  -0.28804E+00
        GC_58 =  -0.00000E+00  -0.27437E-01
        GC_59 =   0.00000E+00   0.82310E-01

 Collider parameters:
 --------------------

 Running at P P   machine @    13000.000000000000       GeV
 PDF set = nn23lo1
 alpha_s(Mz)= 0.1300 running at 2 loops.
 alpha_s(Mz)= 0.1300 running at 2 loops.
 Renormalization scale set on event-by-event basis
 Factorization   scale set on event-by-event basis


 getting user params
Enter number of events and max and min iterations: 
 Number of events and iterations         1000           5           3
Enter desired fractional accuracy: 
 Desired fractional accuracy:   0.10000000000000001     
Enter 0 for fixed, 2 for adjustable grid: 
Suppress amplitude (0 no, 1 yes)? 
 Using suppressed amplitude.
Exact helicity sum (0 yes, n = number/event)? 
 Explicitly summing over helicities
Enter Configuration Number: 
Running Configuration Number:   28
 Not subdividing B.W.
 Attempting mappinvarients           1           8
 Determine nb_t
 T-channel found:            3
 Completed mapping           8
 about to integrate           16        1000           7           3          16           1
 Using non-zero grid deformation.
 16 dimensions   1000 events 16 invarients  7 iterations  1 config(s),  (0.99)
 Using h-tuple random number sequence.
 Error opening grid
 Using Uniform Grid!          32
 Using uniform alpha   1.0000000000000000     
 Grid defined OK
 Masses: 0.000E+00 0.000E+00 0.000E+00 0.000E+00 0.000E+00 0.000E+00 0.000E+00 0.000E+00
 Set CM energy to      13000.00
 Mapping Graph          28  to config          28
 Determine nb_t
 T-channel found:            3
 Setting BW          -1           1   91.188000000000002     
 Setting BW          -2           2   91.188000000000002     
Setting grid   3    0.17619E-04   1
Setting grid   4    0.23669E-05   1
Setting grid   5    0.23669E-05   1
 Transforming s_hat 1/s           15   1.3160304238967098E-004   8000.0000000000000        168999999.99999997     
Using random seed offsets    28 :      4
  with seed                   57
 Ranmar initialization seeds       11151        9436
 
 ********************************************
 * You are using the DiscreteSampler module *
 *      part of the MG5_aMC framework       *
 *         Author: Valentin Hirschi         *
 ********************************************
 
  Particle       3       4       5       6       7       8
      Et >    20.0    20.0    20.0    20.0    20.0    20.0
       E >     0.0     0.0     0.0     0.0     0.0     0.0
     Eta <     2.5     2.5     2.5     2.5     2.8     2.8
   xqcut:      0.0     0.0     0.0     0.0    20.0    20.0
d R # 3  >    -0.0     0.4     0.4     0.4     0.0     0.0
d R # 4  >    -0.0    -0.0     0.4     0.4     0.0     0.0
d R # 5  >    -0.0    -0.0    -0.0     0.4     0.0     0.0
d R # 6  >    -0.0    -0.0    -0.0    -0.0     0.0     0.0
d R # 7  >    -0.0    -0.0    -0.0    -0.0    -0.0     0.0
s min # 3>     0.0     0.0     0.0     0.0     0.0     0.0
s min # 4>     0.0     0.0     0.0     0.0     0.0     0.0
s min # 5>     0.0     0.0     0.0     0.0     0.0     0.0
s min # 6>     0.0     0.0     0.0     0.0     0.0     0.0
s min # 7>     0.0     0.0     0.0     0.0     0.0   400.0
xqcutij # 3>     0.0     0.0     0.0     0.0     0.0     0.0
xqcutij # 4>     0.0     0.0     0.0     0.0     0.0     0.0
xqcutij # 5>     0.0     0.0     0.0     0.0     0.0     0.0
xqcutij # 6>     0.0     0.0     0.0     0.0     0.0     0.0
xqcutij # 7>     0.0     0.0     0.0     0.0     0.0    20.0
 No cut BW           -1           1
 No cut BW           -2           2
 alpha_s for scale    375.09796339104446       is   0.10527605700953796     
 RESET CUMULATIVE VARIABLE
 Iteration  1   Mean: 0.5025E-05 Abs mean: 0.5025E-05   Fluctuation:  0.341E-06   0.171E-03     4.2%
  1    0.5025E-05 0.5025E-05 +- 0.3405E-06      2.14
 Writing out events   1.7195421013826868E-008   2.1429157817805198     
 Relative summed weights:
  0.3281E-01  0.5118E-01  0.2977E-01  0.3148E-01  0.6218E-01  0.8239E-01  0.6874E-01  0.1364E+00
  0.6592E-01  0.4560E-01  0.3668E-01  0.3386E-01  0.7032E-01  0.8730E-01  0.7094E-01  0.9440E-01
 Relative number of events:
  0.4658E-01  0.4262E-01  0.4262E-01  0.4063E-01  0.7631E-01  0.8622E-01  0.8028E-01  0.8325E-01
  0.5847E-01  0.3667E-01  0.4757E-01  0.3370E-01  0.8424E-01  0.7830E-01  0.7631E-01  0.8622E-01
 Events:
          47          43          43          41          77          87          81          84
          59          37          48          34          85          79          77          87
 Iteration  2   Mean: 0.5328E-05 Abs mean: 0.5328E-05   Fluctuation:  0.317E-06   0.246E-03    18.1%
  2    0.5328E-05 0.5328E-05 +- 0.3174E-06      2.66
 Relative summed weights:
  0.4792E-01  0.6036E-01  0.4933E-01  0.3520E-01  0.1071E+00  0.9251E-01  0.6832E-01  0.6425E-01
  0.4249E-01  0.4037E-01  0.5389E-01  0.4498E-01  0.7140E-01  0.7430E-01  0.4987E-01  0.9773E-01
 Relative number of events:
  0.4450E-01  0.5600E-01  0.4950E-01  0.4600E-01  0.7900E-01  0.7750E-01  0.7300E-01  0.7750E-01
  0.4850E-01  0.4900E-01  0.4800E-01  0.4600E-01  0.7700E-01  0.8000E-01  0.7100E-01  0.7750E-01
 Events:
          89         112          99          92         158         155         146         155
          97          98          96          92         154         160         142         155
 Iteration  3   Mean: 0.5031E-05 Abs mean: 0.5031E-05   Fluctuation:  0.146E-06   0.149E-03    21.6%
  3    0.5031E-05 0.5031E-05 +- 0.1463E-06      1.84
 Relative summed weights:
  0.4804E-01  0.3761E-01  0.5186E-01  0.3896E-01  0.8388E-01  0.7918E-01  0.7677E-01  0.8000E-01
  0.5010E-01  0.5455E-01  0.4619E-01  0.4208E-01  0.5497E-01  0.8233E-01  0.8100E-01  0.9247E-01
 Relative number of events:
  0.4575E-01  0.4300E-01  0.4625E-01  0.4175E-01  0.8075E-01  0.8025E-01  0.7725E-01  0.8125E-01
  0.4850E-01  0.4900E-01  0.4725E-01  0.4600E-01  0.6450E-01  0.8200E-01  0.8000E-01  0.8650E-01
 Events:
         183         172         185         167         323         321         309         325
         194         196         189         184         258         328         320         346
 Accuracy:    0.016   0.100   0.024   0.405
 Finished due to accuracy    1.5523568449765605E-002  0.10000000000000001     

 -------------------------------------------------------------------------------
 Accumulated results:   Integral =  0.5080E-05
                        Std dev  =  0.1239E-06
                       Cross sec =  0.5080E-05
             Chi**2 per DoF.     =      0.4054
 -------------------------------------------------------------------------------
 Found         1385  events.
 Wrote          258  events.
 Actual xsec    5.0799161324949128E-006
 Correct abs xsec    5.0799161324949128E-006
 Event xsec    5.0799161324949077E-006
 Events wgts > 1:            7
 % Cross section > 1:    4.5490747815105227E-008  0.89550194587097021     
-------------------------------------------------
---------------------------
 Results Last   3 iters: Integral =   0.5080E-05
                     Abs integral =   0.5080E-05
                          Std dev =   0.1239E-06
                  Chi**2 per DoF. =      0.3760
-------------------------------------------------
---------------------------
 Status  0.10000000000000001                4           7

ls status:
events.lhe
ftn26
input_app.txt
results.dat
run1_app.log
run_01_log.txt
run_02_log.txt
run_03_log.txt
run_04_log.txt
run_05_log.txt
