 Process in group number            4
 A PDF is used, so alpha_s(MZ) is going to be modified
 Old value of alpha_s from param_card:   0.13000000000000003     
  ****************************************
 
       NNPDFDriver version 1.0.3
   Grid: NNPDF23_lo_as_0130_qed_mem0.grid
  ****************************************
 New value of alpha_s from PDF nn23lo1:  0.13000000000000000     
 Warning! ptj set to xqcut=   20.000000000000000       to improve integration efficiency
 Note that this might affect non-radiated jets,
 e.g. from decays. Use cut_decays=F in run_card.
 Warning! mmjj set to xqcut=   20.000000000000000       to improve integration efficiency
 Note that this might affect non-radiated jets,
 e.g. from decays. Use cut_decays=F in run_card.
 Define smin to   4000.0000000000000     
 Define smin to   4000.0000000000000     
 Define smin to   4000.0000000000000     
 Define smin to   4000.0000000000000     
 Define smin to   4000.0000000000000     
 Define smin to   4000.0000000000000     
 Define smin to   4000.0000000000000     
 Define smin to   4000.0000000000000     
 Define smin to   4000.0000000000000     
 Define smin to   4000.0000000000000     
 *****************************************************
 *               MadGraph/MadEvent                   *
 *        --------------------------------           *
 *          http://madgraph.hep.uiuc.edu             *
 *          http://madgraph.phys.ucl.ac.be           *
 *          http://madgraph.roma2.infn.it            *
 *        --------------------------------           *
 *                                                   *
 *          PARAMETER AND COUPLING VALUES            *
 *                                                   *
 *****************************************************

  External Params
  ---------------------------------
  
 aEWM1 =    132.50700000000001     
 mdl_Gf =    1.1663900000000000E-005
 aS =   0.13000000000000003     
 mdl_ymb =    4.7000000000000002     
 mdl_ymt =    173.00000000000000     
 mdl_ymtau =    1.7769999999999999     
 mdl_MZ =    91.188000000000002     
 mdl_MT =    173.00000000000000     
 mdl_MB =    4.7000000000000002     
 mdl_MH =    125.00000000000000     
 mdl_MTA =    1.7769999999999999     
 mdl_WZ =    2.4414039999999999     
 mdl_WW =    2.0476000000000001     
 mdl_WT =    1.4915000000000000     
 mdl_WH =    6.3823389999999999E-003
  Internal Params
  ---------------------------------
  
 mdl_conjg__CKM3x3 =    1.0000000000000000     
 mdl_CKM3x3 =    1.0000000000000000     
 mdl_conjg__CKM1x1 =    1.0000000000000000     
 mdl_complexi =                (0.0000000000000000,1.0000000000000000)
 mdl_MZ__exp__2 =    8315.2513440000002     
 mdl_MZ__exp__4 =    69143404.913893804     
 mdl_sqrt__2 =    1.4142135623730951     
 mdl_MH__exp__2 =    15625.000000000000     
 mdl_aEW =    7.5467711139788835E-003
 mdl_MW =    80.419002445756163     
 mdl_sqrt__aEW =    8.6872153846781555E-002
 mdl_ee =   0.30795376724436879     
 mdl_MW__exp__2 =    6467.2159543705357     
 mdl_sw2 =   0.22224648578577766     
 mdl_cw =   0.88190334743339216     
 mdl_sqrt__sw2 =   0.47143025548407230     
 mdl_sw =   0.47143025548407230     
 mdl_g1 =   0.34919219678733299     
 mdl_gw =   0.65323293034757990     
 mdl_vev =    246.21845810181637     
 mdl_vev__exp__2 =    60623.529110035903     
 mdl_lam =   0.12886910601690263     
 mdl_yb =    2.6995554250465490E-002
 mdl_yt =   0.99366614581500623     
 mdl_ytau =    1.0206617000654717E-002
 mdl_muH =    88.388347648318430     
 mdl_I1x33 =          (2.69955542504654901E-002,0.0000000000000000)
 mdl_I2x33 =               (0.99366614581500623,0.0000000000000000)
 mdl_I3x33 =               (0.99366614581500623,0.0000000000000000)
 mdl_I4x33 =          (2.69955542504654901E-002,0.0000000000000000)
 mdl_ee__exp__2 =    9.4835522759998875E-002
 mdl_sw__exp__2 =   0.22224648578577769     
 mdl_cw__exp__2 =   0.77775351421422245     
  Internal Params evaluated point by point
  ----------------------------------------
  
 mdl_sqrt__aS =   0.36055512754639896     
 mdl_G__exp__2 =    1.6336281798666927     
  Couplings of sm
  ---------------------------------
  
        GC_10 =  -0.12781E+01   0.00000E+00
        GC_11 =   0.00000E+00   0.12781E+01
        GC_12 =   0.00000E+00   0.16336E+01
       GC_100 =   0.00000E+00   0.46191E+00

 Collider parameters:
 --------------------

 Running at P P   machine @    14000.000000000000       GeV
 PDF set = nn23lo1
 alpha_s(Mz)= 0.1300 running at 2 loops.
 alpha_s(Mz)= 0.1300 running at 2 loops.
 Renormalization scale set on event-by-event basis
 Factorization   scale set on event-by-event basis


 getting user params
Enter number of events and max and min iterations: 
 Number of events and iterations         1000           5           3
Enter desired fractional accuracy: 
 Desired fractional accuracy:   0.10000000000000001     
Enter 0 for fixed, 2 for adjustable grid: 
Suppress amplitude (0 no, 1 yes)? 
 Using suppressed amplitude.
Exact helicity sum (0 yes, n = number/event)? 
 Explicitly summing over helicities
Enter Configuration Number: 
Running Configuration Number:    5
 Not subdividing B.W.
 Attempting mappinvarients           1           7
 Determine nb_t
 T-channel found:            3
 Completed mapping           7
 about to integrate           13        1000           7           3          13           1
 Using non-zero grid deformation.
 13 dimensions   1000 events 13 invarients  7 iterations  1 config(s),  (0.99)
 Using h-tuple random number sequence.
 Error opening grid
 Using Uniform Grid!          28
 Using uniform alpha   1.0000000000000000     
 Grid defined OK
 Masses: 0.000E+00 0.000E+00 0.000E+00 0.000E+00 0.000E+00 0.000E+00 0.000E+00
 Set CM energy to      14000.00
 Mapping Graph           5  to config           5
 Determine nb_t
 T-channel found:            3
 Setting BW          -1           1   80.419002445756163     
Setting grid   2    0.20408E-05   1
Setting grid   3    0.20408E-05   1
Setting grid   4    0.20408E-05   1
 Transforming s_hat 1/s           12   6.1404018171547800E-005   4000.0000000000000        195999999.99999997     
Using random seed offsets     5 :      8
  with seed                   30
 Ranmar initialization seeds        8296        9412
 
 ********************************************
 * You are using the DiscreteSampler module *
 *      part of the MG5_aMC framework       *
 *         Author: Valentin Hirschi         *
 ********************************************
 
  Particle       3       4       5       6       7
      Et >    20.0     0.0    20.0    20.0    20.0
       E >     0.0     0.0     0.0     0.0     0.0
     Eta <     2.5    -1.0     2.8     2.8     2.8
   xqcut:      0.0     0.0    20.0    20.0    20.0
d R # 3  >    -0.0     0.0     0.0     0.0     0.0
d R # 4  >    -0.0    -0.0     0.0     0.0     0.0
d R # 5  >    -0.0    -0.0    -0.0     0.0     0.0
d R # 6  >    -0.0    -0.0    -0.0    -0.0     0.0
s min # 3>     0.0     0.0     0.0     0.0     0.0
s min # 4>     0.0     0.0     0.0     0.0     0.0
s min # 5>     0.0     0.0     0.0   400.0   400.0
s min # 6>     0.0     0.0     0.0     0.0   400.0
xqcutij # 3>     0.0     0.0     0.0     0.0     0.0
xqcutij # 4>     0.0     0.0     0.0     0.0     0.0
xqcutij # 5>     0.0     0.0     0.0    20.0    20.0
xqcutij # 6>     0.0     0.0    20.0     0.0    20.0
 No cut BW           -1           1
 alpha_s for scale    88.698160100560102       is   0.13060352366957509     
 RESET CUMULATIVE VARIABLE
 Iteration  1   Mean: 0.8796E+00 Abs mean: 0.8796E+00   Fluctuation:  0.101E+00   0.529E+02     3.0%
  1    0.8796E+00 0.8796E+00 +- 0.1011E+00      3.63
 Writing out events   4.2100503794344820E-003   3.6337325756316954     
 Relative summed weights:
  0.2237E-01  0.5457E-01  0.0000E+00  0.0000E+00  0.4280E-01  0.1033E+00  0.1198E-01  0.1433E-01  0.0000E+00  0.0000E+00  0.0000E+00  0.0000E+00  0.0000E+00  0.0000E+00  0.1505E-01  0.8908E-02  0.5322E-01  0.2469E-01  0.8840E-02  0.2290E-01
  0.1374E-01  0.3620E-01  0.0000E+00  0.0000E+00  0.9218E-01  0.1531E+00  0.4518E-01  0.6139E-01  0.0000E+00  0.0000E+00  0.0000E+00  0.0000E+00  0.0000E+00  0.0000E+00  0.5458E-02  0.5809E-02  0.2258E-01  0.2708E-01  0.8749E-02  0.1195E-01
  0.0000E+00  0.0000E+00  0.0000E+00  0.0000E+00  0.0000E+00  0.0000E+00  0.7653E-01  0.1994E-01  0.0000E+00  0.0000E+00  0.0000E+00  0.0000E+00  0.0000E+00  0.0000E+00  0.0000E+00  0.0000E+00  0.0000E+00  0.0000E+00  0.0000E+00  0.0000E+00
  0.0000E+00  0.0000E+00  0.0000E+00  0.0000E+00  0.0000E+00  0.0000E+00  0.1322E-01  0.1365E-01  0.0000E+00  0.0000E+00  0.0000E+00  0.0000E+00  0.0000E+00  0.0000E+00  0.0000E+00  0.0000E+00  0.0000E+00  0.0000E+00  0.0000E+00  0.0000E+00
  0.0000E+00  0.0000E+00  0.0000E+00  0.0000E+00  0.0000E+00  0.0000E+00  0.0000E+00  0.0000E+00  0.0000E+00  0.0000E+00  0.0000E+00  0.0000E+00  0.0000E+00  0.0000E+00  0.1070E-02  0.3752E-02  0.0000E+00  0.0000E+00  0.0000E+00  0.0000E+00
  0.0000E+00  0.0000E+00  0.0000E+00  0.0000E+00  0.0000E+00  0.0000E+00  0.0000E+00  0.0000E+00  0.0000E+00  0.0000E+00  0.0000E+00  0.0000E+00  0.0000E+00  0.0000E+00  0.2089E-02  0.3335E-02  0.0000E+00  0.0000E+00  0.0000E+00  0.0000E+00
 Relative number of events:
  0.4757E-01  0.4757E-01  0.0000E+00  0.0000E+00  0.7532E-01  0.8226E-01  0.1982E-01  0.3271E-01  0.0000E+00  0.0000E+00  0.0000E+00  0.0000E+00  0.0000E+00  0.0000E+00  0.1487E-01  0.1388E-01  0.4361E-01  0.4262E-01  0.2478E-01  0.2775E-01
  0.4163E-01  0.4063E-01  0.0000E+00  0.0000E+00  0.8622E-01  0.5847E-01  0.2874E-01  0.1982E-01  0.0000E+00  0.0000E+00  0.0000E+00  0.0000E+00  0.0000E+00  0.0000E+00  0.1784E-01  0.7929E-02  0.3766E-01  0.3568E-01  0.1784E-01  0.1685E-01
  0.0000E+00  0.0000E+00  0.0000E+00  0.0000E+00  0.0000E+00  0.0000E+00  0.2775E-01  0.2478E-01  0.0000E+00  0.0000E+00  0.0000E+00  0.0000E+00  0.0000E+00  0.0000E+00  0.0000E+00  0.0000E+00  0.0000E+00  0.0000E+00  0.0000E+00  0.0000E+00
  0.0000E+00  0.0000E+00  0.0000E+00  0.0000E+00  0.0000E+00  0.0000E+00  0.1288E-01  0.1586E-01  0.0000E+00  0.0000E+00  0.0000E+00  0.0000E+00  0.0000E+00  0.0000E+00  0.0000E+00  0.0000E+00  0.0000E+00  0.0000E+00  0.0000E+00  0.0000E+00
  0.0000E+00  0.0000E+00  0.0000E+00  0.0000E+00  0.0000E+00  0.0000E+00  0.0000E+00  0.0000E+00  0.0000E+00  0.0000E+00  0.0000E+00  0.0000E+00  0.0000E+00  0.0000E+00  0.9911E-02  0.7929E-02  0.0000E+00  0.0000E+00  0.0000E+00  0.0000E+00
  0.0000E+00  0.0000E+00  0.0000E+00  0.0000E+00  0.0000E+00  0.0000E+00  0.0000E+00  0.0000E+00  0.0000E+00  0.0000E+00  0.0000E+00  0.0000E+00  0.0000E+00  0.0000E+00  0.7929E-02  0.1090E-01  0.0000E+00  0.0000E+00  0.0000E+00  0.0000E+00
 Events:
          48          48           0           0          76          83          20          33           0           0           0           0           0           0          15          14          44          43          25          28
          42          41           0           0          87          59          29          20           0           0           0           0           0           0          18           8          38          36          18          17
           0           0           0           0           0           0          28          25           0           0           0           0           0           0           0           0           0           0           0           0
           0           0           0           0           0           0          13          16           0           0           0           0           0           0           0           0           0           0           0           0
           0           0           0           0           0           0           0           0           0           0           0           0           0           0          10           8           0           0           0           0
           0           0           0           0           0           0           0           0           0           0           0           0           0           0           8          11           0           0           0           0
 Iteration  2   Mean: 0.1009E+01 Abs mean: 0.1009E+01   Fluctuation:  0.808E-01   0.854E+02    10.2%
  2    0.1009E+01 0.1009E+01 +- 0.8084E-01      3.58
 Relative summed weights:
  0.4523E-01  0.3887E-01  0.0000E+00  0.0000E+00  0.8469E-01  0.1135E+00  0.2027E-01  0.5169E-01  0.0000E+00  0.0000E+00  0.0000E+00  0.0000E+00  0.0000E+00  0.0000E+00  0.4394E-02  0.3877E-02  0.3427E-01  0.3137E-01  0.1203E-01  0.1447E-01
  0.2351E-01  0.3885E-01  0.0000E+00  0.0000E+00  0.9718E-01  0.7436E-01  0.7274E-01  0.2829E-01  0.0000E+00  0.0000E+00  0.0000E+00  0.0000E+00  0.0000E+00  0.0000E+00  0.4492E-02  0.4359E-02  0.2788E-01  0.2490E-01  0.1057E-01  0.1267E-01
  0.0000E+00  0.0000E+00  0.0000E+00  0.0000E+00  0.0000E+00  0.0000E+00  0.2366E-01  0.2406E-01  0.0000E+00  0.0000E+00  0.0000E+00  0.0000E+00  0.0000E+00  0.0000E+00  0.0000E+00  0.0000E+00  0.0000E+00  0.0000E+00  0.0000E+00  0.0000E+00
  0.0000E+00  0.0000E+00  0.0000E+00  0.0000E+00  0.0000E+00  0.0000E+00  0.1650E-01  0.3853E-01  0.0000E+00  0.0000E+00  0.0000E+00  0.0000E+00  0.0000E+00  0.0000E+00  0.0000E+00  0.0000E+00  0.0000E+00  0.0000E+00  0.0000E+00  0.0000E+00
  0.0000E+00  0.0000E+00  0.0000E+00  0.0000E+00  0.0000E+00  0.0000E+00  0.0000E+00  0.0000E+00  0.0000E+00  0.0000E+00  0.0000E+00  0.0000E+00  0.0000E+00  0.0000E+00  0.5271E-02  0.3940E-02  0.0000E+00  0.0000E+00  0.0000E+00  0.0000E+00
  0.0000E+00  0.0000E+00  0.0000E+00  0.0000E+00  0.0000E+00  0.0000E+00  0.0000E+00  0.0000E+00  0.0000E+00  0.0000E+00  0.0000E+00  0.0000E+00  0.0000E+00  0.0000E+00  0.6573E-02  0.7029E-02  0.0000E+00  0.0000E+00  0.0000E+00  0.0000E+00
 Relative number of events:
  0.4950E-01  0.3350E-01  0.0000E+00  0.0000E+00  0.9300E-01  0.8050E-01  0.2700E-01  0.2000E-01  0.0000E+00  0.0000E+00  0.0000E+00  0.0000E+00  0.0000E+00  0.0000E+00  0.1250E-01  0.8500E-02  0.3950E-01  0.3300E-01  0.2050E-01  0.1750E-01
  0.3250E-01  0.4050E-01  0.0000E+00  0.0000E+00  0.9350E-01  0.8550E-01  0.2200E-01  0.2600E-01  0.0000E+00  0.0000E+00  0.0000E+00  0.0000E+00  0.0000E+00  0.0000E+00  0.7000E-02  0.6500E-02  0.3550E-01  0.3700E-01  0.1900E-01  0.2250E-01
  0.0000E+00  0.0000E+00  0.0000E+00  0.0000E+00  0.0000E+00  0.0000E+00  0.2700E-01  0.2200E-01  0.0000E+00  0.0000E+00  0.0000E+00  0.0000E+00  0.0000E+00  0.0000E+00  0.0000E+00  0.0000E+00  0.0000E+00  0.0000E+00  0.0000E+00  0.0000E+00
  0.0000E+00  0.0000E+00  0.0000E+00  0.0000E+00  0.0000E+00  0.0000E+00  0.2550E-01  0.2900E-01  0.0000E+00  0.0000E+00  0.0000E+00  0.0000E+00  0.0000E+00  0.0000E+00  0.0000E+00  0.0000E+00  0.0000E+00  0.0000E+00  0.0000E+00  0.0000E+00
  0.0000E+00  0.0000E+00  0.0000E+00  0.0000E+00  0.0000E+00  0.0000E+00  0.0000E+00  0.0000E+00  0.0000E+00  0.0000E+00  0.0000E+00  0.0000E+00  0.0000E+00  0.0000E+00  0.8000E-02  0.1000E-01  0.0000E+00  0.0000E+00  0.0000E+00  0.0000E+00
  0.0000E+00  0.0000E+00  0.0000E+00  0.0000E+00  0.0000E+00  0.0000E+00  0.0000E+00  0.0000E+00  0.0000E+00  0.0000E+00  0.0000E+00  0.0000E+00  0.0000E+00  0.0000E+00  0.8000E-02  0.8000E-02  0.0000E+00  0.0000E+00  0.0000E+00  0.0000E+00
 Events:
          99          67           0           0         186         161          54          40           0           0           0           0           0           0          25          17          79          66          41          35
          65          81           0           0         187         171          44          52           0           0           0           0           0           0          14          13          71          74          38          45
           0           0           0           0           0           0          54          44           0           0           0           0           0           0           0           0           0           0           0           0
           0           0           0           0           0           0          51          58           0           0           0           0           0           0           0           0           0           0           0           0
           0           0           0           0           0           0           0           0           0           0           0           0           0           0          16          20           0           0           0           0
           0           0           0           0           0           0           0           0           0           0           0           0           0           0          16          16           0           0           0           0
 Iteration  3   Mean: 0.1085E+01 Abs mean: 0.1085E+01   Fluctuation:  0.549E-01   0.101E+03    12.2%
  3    0.1085E+01 0.1085E+01 +- 0.5487E-01      3.20
 Relative summed weights:
  0.5853E-01  0.3575E-01  0.0000E+00  0.0000E+00  0.8588E-01  0.9566E-01  0.2991E-01  0.1903E-01  0.0000E+00  0.0000E+00  0.0000E+00  0.0000E+00  0.0000E+00  0.0000E+00  0.7852E-02  0.6413E-02  0.2852E-01  0.2518E-01  0.2091E-01  0.1094E-01
  0.4015E-01  0.6802E-01  0.0000E+00  0.0000E+00  0.8382E-01  0.9111E-01  0.4018E-01  0.2932E-01  0.0000E+00  0.0000E+00  0.0000E+00  0.0000E+00  0.0000E+00  0.0000E+00  0.7329E-02  0.1403E-01  0.3062E-01  0.2069E-01  0.1836E-01  0.2134E-01
  0.0000E+00  0.0000E+00  0.0000E+00  0.0000E+00  0.0000E+00  0.0000E+00  0.1936E-01  0.1347E-01  0.0000E+00  0.0000E+00  0.0000E+00  0.0000E+00  0.0000E+00  0.0000E+00  0.0000E+00  0.0000E+00  0.0000E+00  0.0000E+00  0.0000E+00  0.0000E+00
  0.0000E+00  0.0000E+00  0.0000E+00  0.0000E+00  0.0000E+00  0.0000E+00  0.2776E-01  0.2277E-01  0.0000E+00  0.0000E+00  0.0000E+00  0.0000E+00  0.0000E+00  0.0000E+00  0.0000E+00  0.0000E+00  0.0000E+00  0.0000E+00  0.0000E+00  0.0000E+00
  0.0000E+00  0.0000E+00  0.0000E+00  0.0000E+00  0.0000E+00  0.0000E+00  0.0000E+00  0.0000E+00  0.0000E+00  0.0000E+00  0.0000E+00  0.0000E+00  0.0000E+00  0.0000E+00  0.8822E-02  0.4497E-02  0.0000E+00  0.0000E+00  0.0000E+00  0.0000E+00
  0.0000E+00  0.0000E+00  0.0000E+00  0.0000E+00  0.0000E+00  0.0000E+00  0.0000E+00  0.0000E+00  0.0000E+00  0.0000E+00  0.0000E+00  0.0000E+00  0.0000E+00  0.0000E+00  0.6590E-02  0.7182E-02  0.0000E+00  0.0000E+00  0.0000E+00  0.0000E+00
 Relative number of events:
  0.4650E-01  0.4150E-01  0.0000E+00  0.0000E+00  0.9275E-01  0.8475E-01  0.2700E-01  0.2250E-01  0.0000E+00  0.0000E+00  0.0000E+00  0.0000E+00  0.0000E+00  0.0000E+00  0.9250E-02  0.8750E-02  0.3050E-01  0.3175E-01  0.1800E-01  0.1600E-01
  0.3925E-01  0.4900E-01  0.0000E+00  0.0000E+00  0.9200E-01  0.8600E-01  0.3250E-01  0.2550E-01  0.0000E+00  0.0000E+00  0.0000E+00  0.0000E+00  0.0000E+00  0.0000E+00  0.7250E-02  0.8750E-02  0.3450E-01  0.2975E-01  0.1850E-01  0.1800E-01
  0.0000E+00  0.0000E+00  0.0000E+00  0.0000E+00  0.0000E+00  0.0000E+00  0.2650E-01  0.2075E-01  0.0000E+00  0.0000E+00  0.0000E+00  0.0000E+00  0.0000E+00  0.0000E+00  0.0000E+00  0.0000E+00  0.0000E+00  0.0000E+00  0.0000E+00  0.0000E+00
  0.0000E+00  0.0000E+00  0.0000E+00  0.0000E+00  0.0000E+00  0.0000E+00  0.2375E-01  0.2825E-01  0.0000E+00  0.0000E+00  0.0000E+00  0.0000E+00  0.0000E+00  0.0000E+00  0.0000E+00  0.0000E+00  0.0000E+00  0.0000E+00  0.0000E+00  0.0000E+00
  0.0000E+00  0.0000E+00  0.0000E+00  0.0000E+00  0.0000E+00  0.0000E+00  0.0000E+00  0.0000E+00  0.0000E+00  0.0000E+00  0.0000E+00  0.0000E+00  0.0000E+00  0.0000E+00  0.8500E-02  0.8250E-02  0.0000E+00  0.0000E+00  0.0000E+00  0.0000E+00
  0.0000E+00  0.0000E+00  0.0000E+00  0.0000E+00  0.0000E+00  0.0000E+00  0.0000E+00  0.0000E+00  0.0000E+00  0.0000E+00  0.0000E+00  0.0000E+00  0.0000E+00  0.0000E+00  0.6250E-02  0.7500E-02  0.0000E+00  0.0000E+00  0.0000E+00  0.0000E+00
 Events:
         186         166           0           0         371         339         108          90           0           0           0           0           0           0          37          35         122         127          72          64
         157         196           0           0         368         344         130         102           0           0           0           0           0           0          29          35         138         119          74          72
           0           0           0           0           0           0         106          83           0           0           0           0           0           0           0           0           0           0           0           0
           0           0           0           0           0           0          95         113           0           0           0           0           0           0           0           0           0           0           0           0
           0           0           0           0           0           0           0           0           0           0           0           0           0           0          34          33           0           0           0           0
           0           0           0           0           0           0           0           0           0           0           0           0           0           0          25          30           0           0           0           0
 Accuracy:    0.046   0.100   0.040   1.333
 Finished due to accuracy    4.6271357682789858E-002  0.10000000000000001     

 -------------------------------------------------------------------------------
 Accumulated results:   Integral =  0.1041E+01
                        Std dev  =  0.4172E-01
                       Cross sec =  0.1041E+01
             Chi**2 per DoF.     =      1.3333
 -------------------------------------------------------------------------------
 Found         1613  events.
 Wrote           71  events.
 Actual xsec    1.0411958707637166     
 Correct abs xsec    1.0411958707637166     
 Event xsec    1.0411958707637148     
 Events wgts > 1:            1
 % Cross section > 1:    7.4476935129836452E-003  0.71530186798769946     
-------------------------------------------------
---------------------------
 Results Last   3 iters: Integral =   0.1041E+01
                     Abs integral =   0.1041E+01
                          Std dev =   0.4172E-01
                  Chi**2 per DoF. =      1.6761
-------------------------------------------------
---------------------------
 Status  0.10000000000000001                4           7

ls status:
events.lhe
ftn26
input_app.txt
results.dat
run1_app.log
run_01_log.txt
