 Process in group number            3
 A PDF is used, so alpha_s(MZ) is going to be modified
 Old value of alpha_s from param_card:   0.13000000000000003     
  ****************************************
 
       NNPDFDriver version 1.0.3
   Grid: NNPDF23_lo_as_0130_qed_mem0.grid
  ****************************************
 New value of alpha_s from PDF nn23lo1:  0.13000000000000000     
 Warning! ptj set to xqcut=   20.000000000000000       to improve integration efficiency
 Note that this might affect non-radiated jets,
 e.g. from decays. Use cut_decays=F in run_card.
 Warning! mmjj set to xqcut=   20.000000000000000       to improve integration efficiency
 Note that this might affect non-radiated jets,
 e.g. from decays. Use cut_decays=F in run_card.
 Define smin to   4000.0000000000000     
 Define smin to   4000.0000000000000     
 *****************************************************
 *               MadGraph/MadEvent                   *
 *        --------------------------------           *
 *          http://madgraph.hep.uiuc.edu             *
 *          http://madgraph.phys.ucl.ac.be           *
 *          http://madgraph.roma2.infn.it            *
 *        --------------------------------           *
 *                                                   *
 *          PARAMETER AND COUPLING VALUES            *
 *                                                   *
 *****************************************************

  External Params
  ---------------------------------
  
 aEWM1 =    132.50700000000001     
 mdl_Gf =    1.1663900000000000E-005
 aS =   0.13000000000000003     
 mdl_ymb =    4.7000000000000002     
 mdl_ymt =    173.00000000000000     
 mdl_ymtau =    1.7769999999999999     
 mdl_MZ =    91.188000000000002     
 mdl_MT =    173.00000000000000     
 mdl_MB =    4.7000000000000002     
 mdl_MH =    125.00000000000000     
 mdl_MTA =    1.7769999999999999     
 mdl_WZ =    2.4414039999999999     
 mdl_WW =    2.0476000000000001     
 mdl_WT =    1.4915000000000000     
 mdl_WH =    6.3823389999999999E-003
  Internal Params
  ---------------------------------
  
 mdl_conjg__CKM3x3 =    1.0000000000000000     
 mdl_CKM3x3 =    1.0000000000000000     
 mdl_conjg__CKM1x1 =    1.0000000000000000     
 mdl_complexi =                (0.0000000000000000,1.0000000000000000)
 mdl_MZ__exp__2 =    8315.2513440000002     
 mdl_MZ__exp__4 =    69143404.913893804     
 mdl_sqrt__2 =    1.4142135623730951     
 mdl_MH__exp__2 =    15625.000000000000     
 mdl_aEW =    7.5467711139788835E-003
 mdl_MW =    80.419002445756163     
 mdl_sqrt__aEW =    8.6872153846781555E-002
 mdl_ee =   0.30795376724436879     
 mdl_MW__exp__2 =    6467.2159543705357     
 mdl_sw2 =   0.22224648578577766     
 mdl_cw =   0.88190334743339216     
 mdl_sqrt__sw2 =   0.47143025548407230     
 mdl_sw =   0.47143025548407230     
 mdl_g1 =   0.34919219678733299     
 mdl_gw =   0.65323293034757990     
 mdl_vev =    246.21845810181637     
 mdl_vev__exp__2 =    60623.529110035903     
 mdl_lam =   0.12886910601690263     
 mdl_yb =    2.6995554250465490E-002
 mdl_yt =   0.99366614581500623     
 mdl_ytau =    1.0206617000654717E-002
 mdl_muH =    88.388347648318430     
 mdl_I1x33 =          (2.69955542504654901E-002,0.0000000000000000)
 mdl_I2x33 =               (0.99366614581500623,0.0000000000000000)
 mdl_I3x33 =               (0.99366614581500623,0.0000000000000000)
 mdl_I4x33 =          (2.69955542504654901E-002,0.0000000000000000)
 mdl_ee__exp__2 =    9.4835522759998875E-002
 mdl_sw__exp__2 =   0.22224648578577769     
 mdl_cw__exp__2 =   0.77775351421422245     
  Internal Params evaluated point by point
  ----------------------------------------
  
 mdl_sqrt__aS =   0.36055512754639896     
 mdl_G__exp__2 =    1.6336281798666927     
  Couplings of sm
  ---------------------------------
  
        GC_10 =  -0.12781E+01   0.00000E+00
        GC_11 =   0.00000E+00   0.12781E+01
        GC_12 =   0.00000E+00   0.16336E+01
       GC_100 =   0.00000E+00   0.46191E+00

 Collider parameters:
 --------------------

 Running at P P   machine @    14000.000000000000       GeV
 PDF set = nn23lo1
 alpha_s(Mz)= 0.1300 running at 2 loops.
 alpha_s(Mz)= 0.1300 running at 2 loops.
 Renormalization scale set on event-by-event basis
 Factorization   scale set on event-by-event basis


 getting user params
Enter number of events and max and min iterations: 
 Number of events and iterations         1000           5           3
Enter desired fractional accuracy: 
 Desired fractional accuracy:   0.10000000000000001     
Enter 0 for fixed, 2 for adjustable grid: 
Suppress amplitude (0 no, 1 yes)? 
 Using suppressed amplitude.
Exact helicity sum (0 yes, n = number/event)? 
 Explicitly summing over helicities
Enter Configuration Number: 
Running Configuration Number:    8
 Not subdividing B.W.
 Attempting mappinvarients           1           7
 Determine nb_t
 T-channel found:            3
 Completed mapping           7
 about to integrate           13        1000           7           3          13           1
 Using non-zero grid deformation.
 13 dimensions   1000 events 13 invarients  7 iterations  1 config(s),  (0.99)
 Using h-tuple random number sequence.
 Error opening grid
 Using Uniform Grid!          28
 Using uniform alpha   1.0000000000000000     
 Grid defined OK
 Masses: 0.000E+00 0.000E+00 0.000E+00 0.000E+00 0.000E+00 0.000E+00 0.000E+00
 Set CM energy to      14000.00
 Mapping Graph           8  to config           8
 Determine nb_t
 T-channel found:            3
 Setting BW          -1           1   80.419002445756163     
Setting grid   2    0.20408E-05   1
Setting grid   3    0.20408E-05   1
Setting grid   4    0.20408E-05   1
 Transforming s_hat 1/s           12   6.1404018171547800E-005   4000.0000000000000        195999999.99999997     
Using random seed offsets     8 :      3
  with seed                   30
 Ranmar initialization seeds        8299        9407
 
 ********************************************
 * You are using the DiscreteSampler module *
 *      part of the MG5_aMC framework       *
 *         Author: Valentin Hirschi         *
 ********************************************
 
  Particle       3       4       5       6       7
      Et >    20.0     0.0    20.0    20.0    20.0
       E >     0.0     0.0     0.0     0.0     0.0
     Eta <     2.5    -1.0     2.8     2.8     2.8
   xqcut:      0.0     0.0    20.0    20.0    20.0
d R # 3  >    -0.0     0.0     0.0     0.0     0.0
d R # 4  >    -0.0    -0.0     0.0     0.0     0.0
d R # 5  >    -0.0    -0.0    -0.0     0.0     0.0
d R # 6  >    -0.0    -0.0    -0.0    -0.0     0.0
s min # 3>     0.0     0.0     0.0     0.0     0.0
s min # 4>     0.0     0.0     0.0     0.0     0.0
s min # 5>     0.0     0.0     0.0   400.0   400.0
s min # 6>     0.0     0.0     0.0     0.0   400.0
xqcutij # 3>     0.0     0.0     0.0     0.0     0.0
xqcutij # 4>     0.0     0.0     0.0     0.0     0.0
xqcutij # 5>     0.0     0.0     0.0    20.0    20.0
xqcutij # 6>     0.0     0.0    20.0     0.0    20.0
 No cut BW           -1           1
 alpha_s for scale    114.97870361052539       is   0.12516182534834813     
 RESET CUMULATIVE VARIABLE
 Iteration  1   Mean: 0.9934E+01 Abs mean: 0.9934E+01   Fluctuation:  0.751E+00   0.247E+03     1.6%
  1    0.9934E+01 0.9934E+01 +- 0.7514E+00      2.39
 Writing out events   9.1396830538151522E-002   2.3920448871231774     
 Relative summed weights:
  0.2386E+00  0.2109E+00  0.5334E-01  0.7253E-01
  0.1572E+00  0.1476E+00  0.5676E-01  0.6314E-01
 Relative number of events:
  0.2230E+00  0.2061E+00  0.4559E-01  0.4262E-01
  0.2002E+00  0.2200E+00  0.2973E-01  0.3271E-01
 Events:
         225         208          46          43
         202         222          30          33
 Iteration  2   Mean: 0.1272E+02 Abs mean: 0.1272E+02   Fluctuation:  0.139E+01   0.154E+04     5.1%
  2    0.1272E+02 0.1272E+02 +- 0.1388E+01      4.88
 Relative summed weights:
  0.1531E+00  0.1334E+00  0.1210E+00  0.7168E-01
  0.2020E+00  0.1829E+00  0.5683E-01  0.7909E-01
 Relative number of events:
  0.2070E+00  0.1950E+00  0.3850E-01  0.3650E-01
  0.2265E+00  0.2145E+00  0.4400E-01  0.3800E-01
 Events:
         414         390          77          73
         453         429          88          76
 Iteration  3   Mean: 0.1428E+02 Abs mean: 0.1428E+02   Fluctuation:  0.120E+01   0.389E+04     7.9%
  3    0.1428E+02 0.1428E+02 +- 0.1198E+01      5.31
 Relative summed weights:
  0.1724E+00  0.2517E+00  0.8616E-01  0.6834E-01
  0.1581E+00  0.1562E+00  0.5683E-01  0.5031E-01
 Relative number of events:
  0.2177E+00  0.2125E+00  0.4300E-01  0.4325E-01
  0.2010E+00  0.2072E+00  0.4100E-01  0.3425E-01
 Events:
         871         850         172         173
         804         829         164         137
 Accuracy:    0.114   0.100   0.050   5.255
 Found         1995  events.
 Wrote           16  events.
 Actual xsec    12.059142993361906     
 Correct abs xsec    12.059142993361906     
 Event xsec    12.059142993361899     
 Events wgts > 1:            0
 % Cross section > 1:    0.0000000000000000        0.0000000000000000     
 Iteration  4   Mean: 0.1208E+02 Abs mean: 0.1208E+02   Fluctuation:  0.374E+00   0.114E+04     8.9%
  4    0.1208E+02 0.1208E+02 +- 0.3737E+00      2.77
 Relative summed weights:
  0.1737E+00  0.1680E+00  0.7550E-01  0.7622E-01
  0.1611E+00  0.1822E+00  0.7207E-01  0.9123E-01
 Relative number of events:
  0.2001E+00  0.2135E+00  0.3988E-01  0.3612E-01
  0.2121E+00  0.2209E+00  0.3650E-01  0.4088E-01
 Events:
        1601        1708         319         289
        1697        1767         292         327
 Accuracy:    0.049   0.100   0.026   3.494
 Finished due to accuracy    4.9150304103656291E-002  0.10000000000000001     

 -------------------------------------------------------------------------------
 Accumulated results:   Integral =  0.1208E+02
                        Std dev  =  0.3176E+00
                       Cross sec =  0.1208E+02
             Chi**2 per DoF.     =      3.4939
 -------------------------------------------------------------------------------
 Found         3633  events.
 Wrote          159  events.
 Actual xsec    12.371120210807511     
 Correct abs xsec    12.371120210807511     
 Event xsec    12.371120210807465     
 Events wgts > 1:            3
 % Cross section > 1:    9.9621996595017720E-002  0.80527870473675855     
-------------------------------------------------
---------------------------
 Results Last   3 iters: Integral =   0.1237E+02
                     Abs integral =   0.1237E+02
                          Std dev =   0.3469E+00
                  Chi**2 per DoF. =      1.6002
-------------------------------------------------
---------------------------
 Status  0.10000000000000001                5           7

ls status:
events.lhe
ftn26
input_app.txt
results.dat
run1_app.log
run_01_log.txt
