 Process in group number            4
 A PDF is used, so alpha_s(MZ) is going to be modified
 Old value of alpha_s from param_card:   0.13000000000000003     
  ****************************************
 
       NNPDFDriver version 1.0.3
   Grid: NNPDF23_lo_as_0130_qed_mem0.grid
  ****************************************
 New value of alpha_s from PDF nn23lo1:  0.13000000000000000     
 Warning! ptj set to xqcut=   20.000000000000000       to improve integration efficiency
 Note that this might affect non-radiated jets,
 e.g. from decays. Use cut_decays=F in run_card.
 Warning! mmjj set to xqcut=   20.000000000000000       to improve integration efficiency
 Note that this might affect non-radiated jets,
 e.g. from decays. Use cut_decays=F in run_card.
 Define smin to   5200.0000000000000     
 Define smin to   5200.0000000000000     
 Define smin to   5200.0000000000000     
 Define smin to   5200.0000000000000     
 *****************************************************
 *               MadGraph/MadEvent                   *
 *        --------------------------------           *
 *          http://madgraph.hep.uiuc.edu             *
 *          http://madgraph.phys.ucl.ac.be           *
 *          http://madgraph.roma2.infn.it            *
 *        --------------------------------           *
 *                                                   *
 *          PARAMETER AND COUPLING VALUES            *
 *                                                   *
 *****************************************************

  External Params
  ---------------------------------
  
 aEWM1 =    132.50700000000001     
 mdl_Gf =    1.1663900000000000E-005
 aS =   0.13000000000000003     
 mdl_ymb =    4.7000000000000002     
 mdl_ymt =    173.00000000000000     
 mdl_ymtau =    1.7769999999999999     
 mdl_MZ =    91.188000000000002     
 mdl_MT =    173.00000000000000     
 mdl_MB =    4.7000000000000002     
 mdl_MH =    125.00000000000000     
 mdl_MTA =    1.7769999999999999     
 mdl_WZ =    2.4414039999999999     
 mdl_WW =    2.0476000000000001     
 mdl_WT =    1.4915000000000000     
 mdl_WH =    6.3823389999999999E-003
  Internal Params
  ---------------------------------
  
 mdl_CKM3x3 =    1.0000000000000000     
 mdl_conjg__CKM3x3 =    1.0000000000000000     
 mdl_conjg__CKM1x1 =    1.0000000000000000     
 mdl_complexi =                (0.0000000000000000,1.0000000000000000)
 mdl_MZ__exp__2 =    8315.2513440000002     
 mdl_MZ__exp__4 =    69143404.913893804     
 mdl_sqrt__2 =    1.4142135623730951     
 mdl_MH__exp__2 =    15625.000000000000     
 mdl_aEW =    7.5467711139788835E-003
 mdl_MW =    80.419002445756163     
 mdl_sqrt__aEW =    8.6872153846781555E-002
 mdl_ee =   0.30795376724436879     
 mdl_MW__exp__2 =    6467.2159543705357     
 mdl_sw2 =   0.22224648578577766     
 mdl_cw =   0.88190334743339216     
 mdl_sqrt__sw2 =   0.47143025548407230     
 mdl_sw =   0.47143025548407230     
 mdl_g1 =   0.34919219678733299     
 mdl_gw =   0.65323293034757990     
 mdl_vev =    246.21845810181637     
 mdl_vev__exp__2 =    60623.529110035903     
 mdl_lam =   0.12886910601690263     
 mdl_yb =    2.6995554250465490E-002
 mdl_yt =   0.99366614581500623     
 mdl_ytau =    1.0206617000654717E-002
 mdl_muH =    88.388347648318430     
 mdl_I1x33 =          (2.69955542504654901E-002,0.0000000000000000)
 mdl_I2x33 =               (0.99366614581500623,0.0000000000000000)
 mdl_I3x33 =               (0.99366614581500623,0.0000000000000000)
 mdl_I4x33 =          (2.69955542504654901E-002,0.0000000000000000)
 mdl_ee__exp__2 =    9.4835522759998875E-002
 mdl_sw__exp__2 =   0.22224648578577769     
 mdl_cw__exp__2 =   0.77775351421422245     
  Internal Params evaluated point by point
  ----------------------------------------
  
 mdl_sqrt__aS =   0.36055512754639896     
 mdl_G__exp__2 =    1.6336281798666927     
  Couplings of sm
  ---------------------------------
  
        GC_10 =  -0.12781E+01   0.00000E+00
        GC_11 =   0.00000E+00   0.12781E+01
        GC_50 =  -0.00000E+00  -0.28804E+00
        GC_53 =   0.00000E+00   0.57609E+00
        GC_58 =  -0.00000E+00  -0.27437E-01
        GC_59 =   0.00000E+00   0.82310E-01
       GC_100 =   0.00000E+00   0.46191E+00

 Collider parameters:
 --------------------

 Running at P P   machine @    13000.000000000000       GeV
 PDF set = nn23lo1
 alpha_s(Mz)= 0.1300 running at 2 loops.
 alpha_s(Mz)= 0.1300 running at 2 loops.
 Renormalization scale set on event-by-event basis
 Factorization   scale set on event-by-event basis


 getting user params
Enter number of events and max and min iterations: 
 Number of events and iterations         1000           5           3
Enter desired fractional accuracy: 
 Desired fractional accuracy:   0.10000000000000001     
Enter 0 for fixed, 2 for adjustable grid: 
Suppress amplitude (0 no, 1 yes)? 
 Using suppressed amplitude.
Exact helicity sum (0 yes, n = number/event)? 
 Explicitly summing over helicities
Enter Configuration Number: 
Running Configuration Number:   29
 Not subdividing B.W.
 Attempting mappinvarients           1           8
 Determine nb_t
 T-channel found:            1
 Completed mapping           8
 about to integrate           16        1000           5           3          16           1
 Using non-zero grid deformation.
 16 dimensions   1000 events 16 invarients  5 iterations  1 config(s),  (0.99)
 Using h-tuple random number sequence.
 Error opening grid
 Using Uniform Grid!          32
 Using uniform alpha   1.0000000000000000     
 Grid defined OK
 Masses: 0.000E+00 0.000E+00 0.000E+00 0.000E+00 0.000E+00 0.000E+00 0.000E+00 0.000E+00
 Set CM energy to      13000.00
 Mapping Graph          29  to config          29
 Determine nb_t
 T-channel found:            1
Setting grid   1    0.23669E-05   1
 Setting BW          -2           1   80.419002445756163     
Setting grid   3    0.28750E-04   1
 Setting BW          -4           2   91.188000000000002     
Setting grid   5    0.17619E-04   1
 Transforming s_hat 1/s           15   1.2316209098858926E-004   5200.0000000000000        168999999.99999997     
 Got moffset           1
Using random seed offsets    29 :      6
  with seed                   78
 Ranmar initialization seeds        6670       12617
 
 ********************************************
 * You are using the DiscreteSampler module *
 *      part of the MG5_aMC framework       *
 *         Author: Valentin Hirschi         *
 ********************************************
 
  Particle       3       4       5       6       7       8
      Et >    20.0     0.0    20.0    20.0    20.0    20.0
       E >     0.0     0.0     0.0     0.0     0.0     0.0
     Eta <     2.5    -1.0     2.5     2.5     2.8     2.8
   xqcut:      0.0     0.0     0.0     0.0    20.0    20.0
d R # 3  >    -0.0     0.0     0.4     0.4     0.0     0.0
d R # 4  >    -0.0    -0.0     0.0     0.0     0.0     0.0
d R # 5  >    -0.0    -0.0    -0.0     0.4     0.0     0.0
d R # 6  >    -0.0    -0.0    -0.0    -0.0     0.0     0.0
d R # 7  >    -0.0    -0.0    -0.0    -0.0    -0.0     0.0
s min # 3>     0.0     0.0     0.0     0.0     0.0     0.0
s min # 4>     0.0     0.0     0.0     0.0     0.0     0.0
s min # 5>     0.0     0.0     0.0     0.0     0.0     0.0
s min # 6>     0.0     0.0     0.0     0.0     0.0     0.0
s min # 7>     0.0     0.0     0.0     0.0     0.0   400.0
xqcutij # 3>     0.0     0.0     0.0     0.0     0.0     0.0
xqcutij # 4>     0.0     0.0     0.0     0.0     0.0     0.0
xqcutij # 5>     0.0     0.0     0.0     0.0     0.0     0.0
xqcutij # 6>     0.0     0.0     0.0     0.0     0.0     0.0
xqcutij # 7>     0.0     0.0     0.0     0.0     0.0    20.0
 No cut BW           -2           1
 No cut BW           -4           2
 alpha_s for scale    424.67303703236053       is   0.10355560340239080     
 RESET CUMULATIVE VARIABLE
 Iteration  1   Mean: 0.6952E-03 Abs mean: 0.6952E-03   Fluctuation:  0.103E-03   0.461E-01     3.0%
  1    0.6952E-03 0.6952E-03 +- 0.1032E-03      4.69
 Writing out events   4.6151390650332458E-006   4.6920293402672320     
 Relative summed weights:
  0.2153E+00  0.1159E+00  0.1502E+00  0.1382E+00  0.8258E-01  0.7124E-01  0.1021E+00  0.1245E+00
 Relative number of events:
  0.6046E-01  0.6343E-01  0.7433E-01  0.6343E-01  0.1814E+00  0.1903E+00  0.1804E+00  0.1863E+00
 Events:
          61          64          75          64         183         192         182         188
 Iteration  2   Mean: 0.7616E-03 Abs mean: 0.7616E-03   Fluctuation:  0.625E-04   0.448E-01    13.2%
  2    0.7616E-03 0.7616E-03 +- 0.6251E-04      3.67
 Relative summed weights:
  0.1162E+00  0.2060E+00  0.1502E+00  0.1293E+00  0.1161E+00  0.1033E+00  0.8642E-01  0.9239E-01
 Relative number of events:
  0.8150E-01  0.8150E-01  0.7950E-01  0.8350E-01  0.1715E+00  0.1810E+00  0.1500E+00  0.1715E+00
 Events:
         163         163         159         167         343         362         300         343
 Iteration  3   Mean: 0.7128E-03 Abs mean: 0.7128E-03   Fluctuation:  0.413E-04   0.477E-01    17.6%
  3    0.7128E-03 0.7128E-03 +- 0.4132E-04      3.67
 Relative summed weights:
  0.1860E+00  0.1513E+00  0.1392E+00  0.1597E+00  0.8041E-01  0.1055E+00  0.7749E-01  0.1004E+00
 Relative number of events:
  0.7400E-01  0.8875E-01  0.8550E-01  0.7100E-01  0.1648E+00  0.1802E+00  0.1695E+00  0.1663E+00
 Events:
         296         355         342         284         659         721         678         665
 Accuracy:    0.023   0.100   0.045   0.268
 Finished due to accuracy    2.3344225587905873E-002  0.10000000000000001     

 -------------------------------------------------------------------------------
 Accumulated results:   Integral =  0.7259E-03
                        Std dev  =  0.3274E-04
                       Cross sec =  0.7259E-03
             Chi**2 per DoF.     =      0.2679
 -------------------------------------------------------------------------------
 Found          906  events.
 Wrote           83  events.
 Actual xsec    7.2593452931983061E-004
 Correct abs xsec    7.2593452931983061E-004
 Event xsec    7.2593452931983126E-004
 Events wgts > 1:            6
 % Cross section > 1:    6.6742877036172615E-006  0.91940628721308737     
-------------------------------------------------
---------------------------
 Results Last   3 iters: Integral =   0.7259E-03
                     Abs integral =   0.7259E-03
                          Std dev =   0.3274E-04
                  Chi**2 per DoF. =      0.2570
-------------------------------------------------
---------------------------
 Status  0.10000000000000001                4           5

ls status:
events.lhe
ftn26
input_app.txt
input_sg.txt
moffset.dat
results.dat
run1_app.log
run_01_log.txt
