 Process in group number            4
 A PDF is used, so alpha_s(MZ) is going to be modified
 Old value of alpha_s from param_card:   0.13000000000000003     
  ****************************************
 
       NNPDFDriver version 1.0.3
   Grid: NNPDF23_lo_as_0130_qed_mem0.grid
  ****************************************
 New value of alpha_s from PDF nn23lo1:  0.13000000000000000     
 Warning! ptj set to xqcut=   20.000000000000000       to improve integration efficiency
 Note that this might affect non-radiated jets,
 e.g. from decays. Use cut_decays=F in run_card.
 Warning! mmjj set to xqcut=   20.000000000000000       to improve integration efficiency
 Note that this might affect non-radiated jets,
 e.g. from decays. Use cut_decays=F in run_card.
 Define smin to   5200.0000000000000     
 Define smin to   5200.0000000000000     
 Define smin to   5200.0000000000000     
 Define smin to   5200.0000000000000     
 *****************************************************
 *               MadGraph/MadEvent                   *
 *        --------------------------------           *
 *          http://madgraph.hep.uiuc.edu             *
 *          http://madgraph.phys.ucl.ac.be           *
 *          http://madgraph.roma2.infn.it            *
 *        --------------------------------           *
 *                                                   *
 *          PARAMETER AND COUPLING VALUES            *
 *                                                   *
 *****************************************************

  External Params
  ---------------------------------
  
 aEWM1 =    132.50700000000001     
 mdl_Gf =    1.1663900000000000E-005
 aS =   0.13000000000000003     
 mdl_ymb =    4.7000000000000002     
 mdl_ymt =    173.00000000000000     
 mdl_ymtau =    1.7769999999999999     
 mdl_MZ =    91.188000000000002     
 mdl_MT =    173.00000000000000     
 mdl_MB =    4.7000000000000002     
 mdl_MH =    125.00000000000000     
 mdl_MTA =    1.7769999999999999     
 mdl_WZ =    2.4414039999999999     
 mdl_WW =    2.0476000000000001     
 mdl_WT =    1.4915000000000000     
 mdl_WH =    6.3823389999999999E-003
  Internal Params
  ---------------------------------
  
 mdl_CKM3x3 =    1.0000000000000000     
 mdl_conjg__CKM3x3 =    1.0000000000000000     
 mdl_conjg__CKM1x1 =    1.0000000000000000     
 mdl_complexi =                (0.0000000000000000,1.0000000000000000)
 mdl_MZ__exp__2 =    8315.2513440000002     
 mdl_MZ__exp__4 =    69143404.913893804     
 mdl_sqrt__2 =    1.4142135623730951     
 mdl_MH__exp__2 =    15625.000000000000     
 mdl_aEW =    7.5467711139788835E-003
 mdl_MW =    80.419002445756163     
 mdl_sqrt__aEW =    8.6872153846781555E-002
 mdl_ee =   0.30795376724436879     
 mdl_MW__exp__2 =    6467.2159543705357     
 mdl_sw2 =   0.22224648578577766     
 mdl_cw =   0.88190334743339216     
 mdl_sqrt__sw2 =   0.47143025548407230     
 mdl_sw =   0.47143025548407230     
 mdl_g1 =   0.34919219678733299     
 mdl_gw =   0.65323293034757990     
 mdl_vev =    246.21845810181637     
 mdl_vev__exp__2 =    60623.529110035903     
 mdl_lam =   0.12886910601690263     
 mdl_yb =    2.6995554250465490E-002
 mdl_yt =   0.99366614581500623     
 mdl_ytau =    1.0206617000654717E-002
 mdl_muH =    88.388347648318430     
 mdl_I1x33 =          (2.69955542504654901E-002,0.0000000000000000)
 mdl_I2x33 =               (0.99366614581500623,0.0000000000000000)
 mdl_I3x33 =               (0.99366614581500623,0.0000000000000000)
 mdl_I4x33 =          (2.69955542504654901E-002,0.0000000000000000)
 mdl_ee__exp__2 =    9.4835522759998875E-002
 mdl_sw__exp__2 =   0.22224648578577769     
 mdl_cw__exp__2 =   0.77775351421422245     
  Internal Params evaluated point by point
  ----------------------------------------
  
 mdl_sqrt__aS =   0.36055512754639896     
 mdl_G__exp__2 =    1.6336281798666927     
  Couplings of sm
  ---------------------------------
  
        GC_10 =  -0.12781E+01   0.00000E+00
        GC_11 =   0.00000E+00   0.12781E+01
        GC_50 =  -0.00000E+00  -0.28804E+00
        GC_53 =   0.00000E+00   0.57609E+00
        GC_58 =  -0.00000E+00  -0.27437E-01
        GC_59 =   0.00000E+00   0.82310E-01
       GC_100 =   0.00000E+00   0.46191E+00

 Collider parameters:
 --------------------

 Running at P P   machine @    13000.000000000000       GeV
 PDF set = nn23lo1
 alpha_s(Mz)= 0.1300 running at 2 loops.
 alpha_s(Mz)= 0.1300 running at 2 loops.
 Renormalization scale set on event-by-event basis
 Factorization   scale set on event-by-event basis


 getting user params
Enter number of events and max and min iterations: 
 Number of events and iterations         1000           5           3
Enter desired fractional accuracy: 
 Desired fractional accuracy:   0.10000000000000001     
Enter 0 for fixed, 2 for adjustable grid: 
Suppress amplitude (0 no, 1 yes)? 
 Using suppressed amplitude.
Exact helicity sum (0 yes, n = number/event)? 
 Explicitly summing over helicities
Enter Configuration Number: 
Running Configuration Number:    3
 Not subdividing B.W.
 Attempting mappinvarients           1           8
 Determine nb_t
 T-channel found:            1
 Completed mapping           8
 about to integrate           16        1000           5           3          16           1
 Using non-zero grid deformation.
 16 dimensions   1000 events 16 invarients  5 iterations  1 config(s),  (0.99)
 Using h-tuple random number sequence.
 Error opening grid
 Using Uniform Grid!          32
 Using uniform alpha   1.0000000000000000     
 Grid defined OK
 Masses: 0.000E+00 0.000E+00 0.000E+00 0.000E+00 0.000E+00 0.000E+00 0.000E+00 0.000E+00
 Set CM energy to      13000.00
 Mapping Graph           3  to config           3
 Determine nb_t
 T-channel found:            1
 Setting BW          -1           1   80.419002445756163     
Setting grid   2    0.14619E-04   1
 Setting BW          -3           2   91.188000000000002     
Setting grid   4    0.64335E-04   1
Setting grid   5    0.23669E-05   1
 Transforming s_hat 1/s           15   1.2316209098858926E-004   5200.0000000000000        168999999.99999997     
 Got moffset           1
Using random seed offsets     3 :      6
  with seed                   78
 Ranmar initialization seeds        6644       12617
 
 ********************************************
 * You are using the DiscreteSampler module *
 *      part of the MG5_aMC framework       *
 *         Author: Valentin Hirschi         *
 ********************************************
 
  Particle       3       4       5       6       7       8
      Et >    20.0     0.0    20.0    20.0    20.0    20.0
       E >     0.0     0.0     0.0     0.0     0.0     0.0
     Eta <     2.5    -1.0     2.5     2.5     2.8     2.8
   xqcut:      0.0     0.0     0.0     0.0    20.0    20.0
d R # 3  >    -0.0     0.0     0.4     0.4     0.0     0.0
d R # 4  >    -0.0    -0.0     0.0     0.0     0.0     0.0
d R # 5  >    -0.0    -0.0    -0.0     0.4     0.0     0.0
d R # 6  >    -0.0    -0.0    -0.0    -0.0     0.0     0.0
d R # 7  >    -0.0    -0.0    -0.0    -0.0    -0.0     0.0
s min # 3>     0.0     0.0     0.0     0.0     0.0     0.0
s min # 4>     0.0     0.0     0.0     0.0     0.0     0.0
s min # 5>     0.0     0.0     0.0     0.0     0.0     0.0
s min # 6>     0.0     0.0     0.0     0.0     0.0     0.0
s min # 7>     0.0     0.0     0.0     0.0     0.0   400.0
xqcutij # 3>     0.0     0.0     0.0     0.0     0.0     0.0
xqcutij # 4>     0.0     0.0     0.0     0.0     0.0     0.0
xqcutij # 5>     0.0     0.0     0.0     0.0     0.0     0.0
xqcutij # 6>     0.0     0.0     0.0     0.0     0.0     0.0
xqcutij # 7>     0.0     0.0     0.0     0.0     0.0    20.0
 No cut BW           -1           1
 No cut BW           -3           2
 alpha_s for scale    920.11310913668422       is    9.4007823603602672E-002
 RESET CUMULATIVE VARIABLE
 Iteration  1   Mean: 0.1218E-02 Abs mean: 0.1218E-02   Fluctuation:  0.164E-03   0.126E+00     2.6%
  1    0.1218E-02 0.1218E-02 +- 0.1641E-03      4.26
 Writing out events   9.2693631689938356E-006   4.2610471293196737     
 Relative summed weights:
  0.2015E+00  0.2473E+00  0.1739E+00  0.1137E+00  0.5709E-01  0.7541E-01  0.7291E-01  0.5815E-01
 Relative number of events:
  0.1031E+00  0.1031E+00  0.1021E+00  0.1060E+00  0.1407E+00  0.1437E+00  0.1566E+00  0.1447E+00
 Events:
         104         104         103         107         142         145         158         146
 Iteration  2   Mean: 0.1300E-02 Abs mean: 0.1300E-02   Fluctuation:  0.104E-03   0.137E+00    12.7%
  2    0.1300E-02 0.1300E-02 +- 0.1036E-03      3.56
 Relative summed weights:
  0.2021E+00  0.1447E+00  0.1566E+00  0.1543E+00  0.1069E+00  0.6939E-01  0.7277E-01  0.9310E-01
 Relative number of events:
  0.1020E+00  0.1050E+00  0.1105E+00  0.1065E+00  0.1620E+00  0.1305E+00  0.1425E+00  0.1410E+00
 Events:
         204         210         221         213         324         261         285         282
 Iteration  3   Mean: 0.1277E-02 Abs mean: 0.1277E-02   Fluctuation:  0.572E-04   0.567E-01    16.9%
  3    0.1277E-02 0.1277E-02 +- 0.5718E-04      2.83
 Relative summed weights:
  0.1456E+00  0.1859E+00  0.1741E+00  0.1695E+00  0.8679E-01  0.7662E-01  0.7400E-01  0.8751E-01
 Relative number of events:
  0.1155E+00  0.1170E+00  0.1227E+00  0.1195E+00  0.1405E+00  0.1227E+00  0.1343E+00  0.1278E+00
 Events:
         462         468         491         478         562         491         537         511
 Accuracy:    0.011   0.100   0.037   0.085
 Finished due to accuracy    1.0911115035323306E-002  0.10000000000000001     

 -------------------------------------------------------------------------------
 Accumulated results:   Integral =  0.1278E-02
                        Std dev  =  0.4790E-04
                       Cross sec =  0.1278E-02
             Chi**2 per DoF.     =      0.0847
 -------------------------------------------------------------------------------
 Found         1231  events.
 Wrote          131  events.
 Actual xsec    1.2776612592330350E-003
 Correct abs xsec    1.2776612592330350E-003
 Event xsec    1.2776612592330331E-003
 Events wgts > 1:            7
 % Cross section > 1:    1.1090184719240413E-005  0.86800665192726723     
-------------------------------------------------
---------------------------
 Results Last   3 iters: Integral =   0.1278E-02
                     Abs integral =   0.1278E-02
                          Std dev =   0.4790E-04
                  Chi**2 per DoF. =      0.0900
-------------------------------------------------
---------------------------
 Status  0.10000000000000001                4           5

ls status:
events.lhe
ftn26
input_app.txt
input_sg.txt
moffset.dat
results.dat
run1_app.log
run_01_log.txt
