 Process in group number            2
 A PDF is used, so alpha_s(MZ) is going to be modified
 Old value of alpha_s from param_card:   0.13000000000000003     
  ****************************************
 
       NNPDFDriver version 1.0.3
   Grid: NNPDF23_lo_as_0130_qed_mem0.grid
  ****************************************
 New value of alpha_s from PDF nn23lo1:  0.13000000000000000     
 Warning! ptj set to xqcut=   20.000000000000000       to improve integration efficiency
 Note that this might affect non-radiated jets,
 e.g. from decays. Use cut_decays=F in run_card.
 Warning! mmjj set to xqcut=   20.000000000000000       to improve integration efficiency
 Note that this might affect non-radiated jets,
 e.g. from decays. Use cut_decays=F in run_card.
 Define smin to   8000.0000000000000     
 Define smin to   8000.0000000000000     
 Define smin to   8000.0000000000000     
 Define smin to   8000.0000000000000     
 Define smin to   8000.0000000000000     
 Define smin to   8000.0000000000000     
 Define smin to   8000.0000000000000     
 Define smin to   8000.0000000000000     
 *****************************************************
 *               MadGraph/MadEvent                   *
 *        --------------------------------           *
 *          http://madgraph.hep.uiuc.edu             *
 *          http://madgraph.phys.ucl.ac.be           *
 *          http://madgraph.roma2.infn.it            *
 *        --------------------------------           *
 *                                                   *
 *          PARAMETER AND COUPLING VALUES            *
 *                                                   *
 *****************************************************

  External Params
  ---------------------------------
  
 aEWM1 =    132.50700000000001     
 mdl_Gf =    1.1663900000000000E-005
 aS =   0.13000000000000003     
 mdl_ymb =    4.7000000000000002     
 mdl_ymt =    173.00000000000000     
 mdl_ymtau =    1.7769999999999999     
 mdl_MZ =    91.188000000000002     
 mdl_MT =    173.00000000000000     
 mdl_MB =    4.7000000000000002     
 mdl_MH =    125.00000000000000     
 mdl_MTA =    1.7769999999999999     
 mdl_WZ =    2.4414039999999999     
 mdl_WW =    2.0476000000000001     
 mdl_WT =    1.4915000000000000     
 mdl_WH =    6.3823389999999999E-003
  Internal Params
  ---------------------------------
  
 mdl_conjg__CKM3x3 =    1.0000000000000000     
 mdl_conjg__CKM1x1 =    1.0000000000000000     
 mdl_CKM3x3 =    1.0000000000000000     
 mdl_complexi =                (0.0000000000000000,1.0000000000000000)
 mdl_MZ__exp__2 =    8315.2513440000002     
 mdl_MZ__exp__4 =    69143404.913893804     
 mdl_sqrt__2 =    1.4142135623730951     
 mdl_MH__exp__2 =    15625.000000000000     
 mdl_aEW =    7.5467711139788835E-003
 mdl_MW =    80.419002445756163     
 mdl_sqrt__aEW =    8.6872153846781555E-002
 mdl_ee =   0.30795376724436879     
 mdl_MW__exp__2 =    6467.2159543705357     
 mdl_sw2 =   0.22224648578577766     
 mdl_cw =   0.88190334743339216     
 mdl_sqrt__sw2 =   0.47143025548407230     
 mdl_sw =   0.47143025548407230     
 mdl_g1 =   0.34919219678733299     
 mdl_gw =   0.65323293034757990     
 mdl_vev =    246.21845810181637     
 mdl_vev__exp__2 =    60623.529110035903     
 mdl_lam =   0.12886910601690263     
 mdl_yb =    2.6995554250465490E-002
 mdl_yt =   0.99366614581500623     
 mdl_ytau =    1.0206617000654717E-002
 mdl_muH =    88.388347648318430     
 mdl_I1x33 =          (2.69955542504654901E-002,0.0000000000000000)
 mdl_I2x33 =               (0.99366614581500623,0.0000000000000000)
 mdl_I3x33 =               (0.99366614581500623,0.0000000000000000)
 mdl_I4x33 =          (2.69955542504654901E-002,0.0000000000000000)
 mdl_ee__exp__2 =    9.4835522759998875E-002
 mdl_sw__exp__2 =   0.22224648578577769     
 mdl_cw__exp__2 =   0.77775351421422245     
  Internal Params evaluated point by point
  ----------------------------------------
  
 mdl_sqrt__aS =   0.36055512754639896     
 mdl_G__exp__2 =    1.6336281798666927     
  Couplings of sm
  ---------------------------------
  
        GC_10 =  -0.12781E+01   0.00000E+00
        GC_11 =   0.00000E+00   0.12781E+01
        GC_50 =  -0.00000E+00  -0.28804E+00
        GC_58 =  -0.00000E+00  -0.27437E-01
        GC_59 =   0.00000E+00   0.82310E-01

 Collider parameters:
 --------------------

 Running at P P   machine @    13000.000000000000       GeV
 PDF set = nn23lo1
 alpha_s(Mz)= 0.1300 running at 2 loops.
 alpha_s(Mz)= 0.1300 running at 2 loops.
 Renormalization scale set on event-by-event basis
 Factorization   scale set on event-by-event basis


 getting user params
Enter number of events and max and min iterations: 
 Number of events and iterations         1000           5           3
Enter desired fractional accuracy: 
 Desired fractional accuracy:   0.10000000000000001     
Enter 0 for fixed, 2 for adjustable grid: 
Suppress amplitude (0 no, 1 yes)? 
 Using suppressed amplitude.
Exact helicity sum (0 yes, n = number/event)? 
 Explicitly summing over helicities
Enter Configuration Number: 
Running Configuration Number:   19
 Not subdividing B.W.
 Attempting mappinvarients           1           8
 Determine nb_t
 T-channel found:            2
 Completed mapping           8
 about to integrate           16        1000           7           3          16           1
 Using non-zero grid deformation.
 16 dimensions   1000 events 16 invarients  7 iterations  1 config(s),  (0.99)
 Using h-tuple random number sequence.
 Error opening grid
 Using Uniform Grid!          32
 Using uniform alpha   1.0000000000000000     
 Grid defined OK
 Masses: 0.000E+00 0.000E+00 0.000E+00 0.000E+00 0.000E+00 0.000E+00 0.000E+00 0.000E+00
 Set CM energy to      13000.00
 Mapping Graph          19  to config          19
 Determine nb_t
 T-channel found:            2
Setting grid   1    0.23669E-05   1
 Setting BW          -2           1   91.188000000000002     
 Setting BW          -3           2   91.188000000000002     
Setting grid   4    0.94675E-05   1
Setting grid   5    0.17619E-04   1
 Transforming s_hat 1/s           15   1.3160304238967098E-004   8000.0000000000000        168999999.99999997     
Using random seed offsets    19 :      2
  with seed                   57
 Ranmar initialization seeds       11142        9434
 
 ********************************************
 * You are using the DiscreteSampler module *
 *      part of the MG5_aMC framework       *
 *         Author: Valentin Hirschi         *
 ********************************************
 
  Particle       3       4       5       6       7       8
      Et >    20.0    20.0    20.0    20.0    20.0    20.0
       E >     0.0     0.0     0.0     0.0     0.0     0.0
     Eta <     2.5     2.5     2.5     2.5     2.8     2.8
   xqcut:      0.0     0.0     0.0     0.0    20.0    20.0
d R # 3  >    -0.0     0.4     0.4     0.4     0.0     0.0
d R # 4  >    -0.0    -0.0     0.4     0.4     0.0     0.0
d R # 5  >    -0.0    -0.0    -0.0     0.4     0.0     0.0
d R # 6  >    -0.0    -0.0    -0.0    -0.0     0.0     0.0
d R # 7  >    -0.0    -0.0    -0.0    -0.0    -0.0     0.0
s min # 3>     0.0     0.0     0.0     0.0     0.0     0.0
s min # 4>     0.0     0.0     0.0     0.0     0.0     0.0
s min # 5>     0.0     0.0     0.0     0.0     0.0     0.0
s min # 6>     0.0     0.0     0.0     0.0     0.0     0.0
s min # 7>     0.0     0.0     0.0     0.0     0.0   400.0
xqcutij # 3>     0.0     0.0     0.0     0.0     0.0     0.0
xqcutij # 4>     0.0     0.0     0.0     0.0     0.0     0.0
xqcutij # 5>     0.0     0.0     0.0     0.0     0.0     0.0
xqcutij # 6>     0.0     0.0     0.0     0.0     0.0     0.0
xqcutij # 7>     0.0     0.0     0.0     0.0     0.0    20.0
 No cut BW           -2           1
 No cut BW           -3           2
 alpha_s for scale    108.33055433953577       is   0.12636930059322576     
 RESET CUMULATIVE VARIABLE
 Iteration  1   Mean: 0.2471E-03 Abs mean: 0.2471E-03   Fluctuation:  0.216E-04   0.771E-02     3.7%
  1    0.2471E-03 0.2471E-03 +- 0.2164E-04      2.77
 Writing out events   9.6596836842654819E-007   2.7692372455495264     
 Relative summed weights:
  0.3237E-01  0.3758E-01  0.3113E-01  0.6463E-01  0.5962E-01  0.2332E-01  0.2999E-01  0.5647E-01  0.7853E-02  0.1284E-01  0.1876E-04  0.6978E-02  0.4739E-01  0.3636E-01  0.3189E-01  0.9798E-02
  0.2445E-01  0.6729E-01  0.5971E-01  0.4394E-01  0.5249E-01  0.4727E-01  0.2309E-01  0.7107E-01  0.3176E-02  0.7758E-02  0.7178E-03  0.8856E-02  0.2316E-01  0.2789E-01  0.2155E-01  0.2936E-01
 Relative number of events:
  0.2379E-01  0.3072E-01  0.2973E-01  0.3469E-01  0.4856E-01  0.5154E-01  0.5748E-01  0.5253E-01  0.1487E-01  0.1586E-01  0.4955E-02  0.1784E-01  0.3865E-01  0.2279E-01  0.2775E-01  0.1685E-01
  0.3469E-01  0.3865E-01  0.2180E-01  0.2973E-01  0.5847E-01  0.6046E-01  0.4559E-01  0.4955E-01  0.1288E-01  0.1090E-01  0.9911E-02  0.9911E-02  0.3865E-01  0.3271E-01  0.2676E-01  0.3072E-01
 Events:
          24          31          30          35          49          52          58          53          15          16           5          18          39          23          28          17
          35          39          22          30          59          61          46          50          13          11          10          10          39          33          27          31
 Iteration  2   Mean: 0.3403E-03 Abs mean: 0.3403E-03   Fluctuation:  0.343E-04   0.284E-01    12.7%
  2    0.3403E-03 0.3403E-03 +- 0.3427E-04      4.50
 Relative summed weights:
  0.4989E-01  0.1418E-01  0.1261E-01  0.1867E-01  0.3787E-01  0.5761E-01  0.8356E-01  0.1084E+00  0.2094E-02  0.3483E-02  0.1142E-01  0.3822E-02  0.2557E-01  0.2401E-01  0.2749E-01  0.1649E-01
  0.2117E-01  0.2353E-01  0.2859E-01  0.5070E-01  0.2510E-01  0.9185E-01  0.3727E-01  0.6004E-01  0.9289E-02  0.5149E-02  0.9301E-02  0.9305E-02  0.6116E-01  0.1690E-01  0.2423E-01  0.2922E-01
 Relative number of events:
  0.3300E-01  0.3150E-01  0.3050E-01  0.3100E-01  0.5350E-01  0.5750E-01  0.6050E-01  0.5550E-01  0.1100E-01  0.1000E-01  0.1200E-01  0.1050E-01  0.2400E-01  0.1850E-01  0.2600E-01  0.2750E-01
  0.3300E-01  0.3500E-01  0.2750E-01  0.3250E-01  0.4800E-01  0.4900E-01  0.6300E-01  0.5050E-01  0.1150E-01  0.8000E-02  0.1150E-01  0.1400E-01  0.3500E-01  0.2800E-01  0.3650E-01  0.2450E-01
 Events:
          66          63          61          62         107         115         121         111          22          20          24          21          48          37          52          55
          66          70          55          65          96          98         126         101          23          16          23          28          70          56          73          49
 Iteration  3   Mean: 0.2770E-03 Abs mean: 0.2770E-03   Fluctuation:  0.139E-04   0.329E-01    13.9%
  3    0.2770E-03 0.2770E-03 +- 0.1387E-04      3.17
 Relative summed weights:
  0.2419E-01  0.3240E-01  0.4034E-01  0.3595E-01  0.5465E-01  0.5162E-01  0.6271E-01  0.5613E-01  0.1890E-01  0.1221E-01  0.8233E-02  0.7868E-02  0.1859E-01  0.3474E-01  0.1951E-01  0.3300E-01
  0.7003E-01  0.2943E-01  0.4304E-01  0.3603E-01  0.3949E-01  0.4324E-01  0.4865E-01  0.3091E-01  0.6715E-02  0.1003E-01  0.7800E-02  0.1064E-01  0.3087E-01  0.3900E-01  0.2176E-01  0.2131E-01
 Relative number of events:
  0.3225E-01  0.3400E-01  0.3825E-01  0.3500E-01  0.5650E-01  0.5075E-01  0.5800E-01  0.5225E-01  0.1000E-01  0.1200E-01  0.1100E-01  0.1325E-01  0.2500E-01  0.2725E-01  0.2650E-01  0.2950E-01
  0.3850E-01  0.4050E-01  0.3450E-01  0.3525E-01  0.4975E-01  0.4850E-01  0.5625E-01  0.4175E-01  0.1000E-01  0.8500E-02  0.1125E-01  0.1025E-01  0.2875E-01  0.2575E-01  0.2575E-01  0.2325E-01
 Events:
         129         136         153         140         226         203         232         209          40          48          44          53         100         109         106         118
         154         162         138         141         199         194         225         167          40          34          45          41         115         103         103          93
 Accuracy:    0.071   0.100   0.040   3.192
 Finished due to accuracy    7.1291332104780170E-002  0.10000000000000001     

 -------------------------------------------------------------------------------
 Accumulated results:   Integral =  0.2808E-03
                        Std dev  =  0.1120E-04
                       Cross sec =  0.2808E-03
             Chi**2 per DoF.     =      3.1916
 -------------------------------------------------------------------------------
 Found         1270  events.
 Wrote           36  events.
 Actual xsec    2.8076468419630131E-004
 Correct abs xsec    2.8076468419630131E-004
 Event xsec    2.8076468419630153E-004
 Events wgts > 1:            0
 % Cross section > 1:    0.0000000000000000        0.0000000000000000     
-------------------------------------------------
---------------------------
 Results Last   3 iters: Integral =   0.2808E-03
                     Abs integral =   0.2808E-03
                          Std dev =   0.1120E-04
                  Chi**2 per DoF. =      2.7563
-------------------------------------------------
---------------------------
 Status  0.10000000000000001                4           7

ls status:
events.lhe
ftn26
input_app.txt
multijob.dat
results.dat
run1_app.log
run_01_log.txt
run_02_log.txt
run_03_log.txt
run_04_log.txt
run_05_log.txt
