 Process in group number            2
 A PDF is used, so alpha_s(MZ) is going to be modified
 Old value of alpha_s from param_card:   0.13000000000000003     
  ****************************************
 
       NNPDFDriver version 1.0.3
   Grid: NNPDF23_lo_as_0130_qed_mem0.grid
  ****************************************
 New value of alpha_s from PDF nn23lo1:  0.13000000000000000     
 Warning! ptj set to xqcut=   20.000000000000000       to improve integration efficiency
 Note that this might affect non-radiated jets,
 e.g. from decays. Use cut_decays=F in run_card.
 Warning! mmjj set to xqcut=   20.000000000000000       to improve integration efficiency
 Note that this might affect non-radiated jets,
 e.g. from decays. Use cut_decays=F in run_card.
 Define smin to   8000.0000000000000     
 Define smin to   8000.0000000000000     
 Define smin to   8000.0000000000000     
 Define smin to   8000.0000000000000     
 Define smin to   8000.0000000000000     
 Define smin to   8000.0000000000000     
 Define smin to   8000.0000000000000     
 Define smin to   8000.0000000000000     
 *****************************************************
 *               MadGraph/MadEvent                   *
 *        --------------------------------           *
 *          http://madgraph.hep.uiuc.edu             *
 *          http://madgraph.phys.ucl.ac.be           *
 *          http://madgraph.roma2.infn.it            *
 *        --------------------------------           *
 *                                                   *
 *          PARAMETER AND COUPLING VALUES            *
 *                                                   *
 *****************************************************

  External Params
  ---------------------------------
  
 aEWM1 =    132.50700000000001     
 mdl_Gf =    1.1663900000000000E-005
 aS =   0.13000000000000003     
 mdl_ymb =    4.7000000000000002     
 mdl_ymt =    173.00000000000000     
 mdl_ymtau =    1.7769999999999999     
 mdl_MZ =    91.188000000000002     
 mdl_MT =    173.00000000000000     
 mdl_MB =    4.7000000000000002     
 mdl_MH =    125.00000000000000     
 mdl_MTA =    1.7769999999999999     
 mdl_WZ =    2.4414039999999999     
 mdl_WW =    2.0476000000000001     
 mdl_WT =    1.4915000000000000     
 mdl_WH =    6.3823389999999999E-003
  Internal Params
  ---------------------------------
  
 mdl_conjg__CKM3x3 =    1.0000000000000000     
 mdl_conjg__CKM1x1 =    1.0000000000000000     
 mdl_CKM3x3 =    1.0000000000000000     
 mdl_complexi =                (0.0000000000000000,1.0000000000000000)
 mdl_MZ__exp__2 =    8315.2513440000002     
 mdl_MZ__exp__4 =    69143404.913893804     
 mdl_sqrt__2 =    1.4142135623730951     
 mdl_MH__exp__2 =    15625.000000000000     
 mdl_aEW =    7.5467711139788835E-003
 mdl_MW =    80.419002445756163     
 mdl_sqrt__aEW =    8.6872153846781555E-002
 mdl_ee =   0.30795376724436879     
 mdl_MW__exp__2 =    6467.2159543705357     
 mdl_sw2 =   0.22224648578577766     
 mdl_cw =   0.88190334743339216     
 mdl_sqrt__sw2 =   0.47143025548407230     
 mdl_sw =   0.47143025548407230     
 mdl_g1 =   0.34919219678733299     
 mdl_gw =   0.65323293034757990     
 mdl_vev =    246.21845810181637     
 mdl_vev__exp__2 =    60623.529110035903     
 mdl_lam =   0.12886910601690263     
 mdl_yb =    2.6995554250465490E-002
 mdl_yt =   0.99366614581500623     
 mdl_ytau =    1.0206617000654717E-002
 mdl_muH =    88.388347648318430     
 mdl_I1x33 =          (2.69955542504654901E-002,0.0000000000000000)
 mdl_I2x33 =               (0.99366614581500623,0.0000000000000000)
 mdl_I3x33 =               (0.99366614581500623,0.0000000000000000)
 mdl_I4x33 =          (2.69955542504654901E-002,0.0000000000000000)
 mdl_ee__exp__2 =    9.4835522759998875E-002
 mdl_sw__exp__2 =   0.22224648578577769     
 mdl_cw__exp__2 =   0.77775351421422245     
  Internal Params evaluated point by point
  ----------------------------------------
  
 mdl_sqrt__aS =   0.36055512754639896     
 mdl_G__exp__2 =    1.6336281798666927     
  Couplings of sm
  ---------------------------------
  
        GC_10 =  -0.12781E+01   0.00000E+00
        GC_11 =   0.00000E+00   0.12781E+01
        GC_50 =  -0.00000E+00  -0.28804E+00
        GC_58 =  -0.00000E+00  -0.27437E-01
        GC_59 =   0.00000E+00   0.82310E-01

 Collider parameters:
 --------------------

 Running at P P   machine @    13000.000000000000       GeV
 PDF set = nn23lo1
 alpha_s(Mz)= 0.1300 running at 2 loops.
 alpha_s(Mz)= 0.1300 running at 2 loops.
 Renormalization scale set on event-by-event basis
 Factorization   scale set on event-by-event basis


 getting user params
Enter number of events and max and min iterations: 
 Number of events and iterations         1000           5           3
Enter desired fractional accuracy: 
 Desired fractional accuracy:   0.10000000000000001     
Enter 0 for fixed, 2 for adjustable grid: 
Suppress amplitude (0 no, 1 yes)? 
 Using suppressed amplitude.
Exact helicity sum (0 yes, n = number/event)? 
 Explicitly summing over helicities
Enter Configuration Number: 
Running Configuration Number:    7
 Not subdividing B.W.
 Attempting mappinvarients           1           8
 Determine nb_t
 T-channel found:            3
 Completed mapping           8
 about to integrate           16        1000           7           3          16           1
 Using non-zero grid deformation.
 16 dimensions   1000 events 16 invarients  7 iterations  1 config(s),  (0.99)
 Using h-tuple random number sequence.
 Error opening grid
 Using Uniform Grid!          32
 Using uniform alpha   1.0000000000000000     
 Grid defined OK
 Masses: 0.000E+00 0.000E+00 0.000E+00 0.000E+00 0.000E+00 0.000E+00 0.000E+00 0.000E+00
 Set CM energy to      13000.00
 Mapping Graph           7  to config           7
 Determine nb_t
 T-channel found:            3
 Setting BW          -1           1   91.188000000000002     
 Setting BW          -2           2   91.188000000000002     
Setting grid   3    0.23669E-05   1
Setting grid   4    0.23669E-05   1
Setting grid   5    0.17619E-04   1
 Transforming s_hat 1/s           15   1.3160304238967098E-004   8000.0000000000000        168999999.99999997     
Using random seed offsets     7 :      2
  with seed                   57
 Ranmar initialization seeds       11130        9434
 
 ********************************************
 * You are using the DiscreteSampler module *
 *      part of the MG5_aMC framework       *
 *         Author: Valentin Hirschi         *
 ********************************************
 
  Particle       3       4       5       6       7       8
      Et >    20.0    20.0    20.0    20.0    20.0    20.0
       E >     0.0     0.0     0.0     0.0     0.0     0.0
     Eta <     2.5     2.5     2.5     2.5     2.8     2.8
   xqcut:      0.0     0.0     0.0     0.0    20.0    20.0
d R # 3  >    -0.0     0.4     0.4     0.4     0.0     0.0
d R # 4  >    -0.0    -0.0     0.4     0.4     0.0     0.0
d R # 5  >    -0.0    -0.0    -0.0     0.4     0.0     0.0
d R # 6  >    -0.0    -0.0    -0.0    -0.0     0.0     0.0
d R # 7  >    -0.0    -0.0    -0.0    -0.0    -0.0     0.0
s min # 3>     0.0     0.0     0.0     0.0     0.0     0.0
s min # 4>     0.0     0.0     0.0     0.0     0.0     0.0
s min # 5>     0.0     0.0     0.0     0.0     0.0     0.0
s min # 6>     0.0     0.0     0.0     0.0     0.0     0.0
s min # 7>     0.0     0.0     0.0     0.0     0.0   400.0
xqcutij # 3>     0.0     0.0     0.0     0.0     0.0     0.0
xqcutij # 4>     0.0     0.0     0.0     0.0     0.0     0.0
xqcutij # 5>     0.0     0.0     0.0     0.0     0.0     0.0
xqcutij # 6>     0.0     0.0     0.0     0.0     0.0     0.0
xqcutij # 7>     0.0     0.0     0.0     0.0     0.0    20.0
 No cut BW           -1           1
 No cut BW           -2           2
 alpha_s for scale    101.76836421555748       is   0.12766206514688061     
 RESET CUMULATIVE VARIABLE
 Iteration  1   Mean: 0.5230E-03 Abs mean: 0.5230E-03   Fluctuation:  0.308E-04   0.102E-01     1.3%
  1    0.5230E-03 0.5230E-03 +- 0.3082E-04      1.86
 Writing out events   5.5848962734641529E-006   1.8633667842566690     
 Relative summed weights:
  0.2596E-01  0.3600E-01  0.6133E-01  0.3477E-01  0.5976E-01  0.5178E-01  0.4101E-01  0.6699E-01  0.1336E-01  0.2165E-02  0.1382E-01  0.4697E-02  0.1767E-01  0.3335E-01  0.1780E-01  0.3873E-01
  0.5060E-01  0.3354E-01  0.3607E-01  0.3606E-01  0.5530E-01  0.3507E-01  0.4828E-01  0.5704E-01  0.4834E-02  0.1473E-01  0.8046E-02  0.1378E-01  0.1378E-01  0.2390E-01  0.3895E-01  0.1082E-01
 Relative number of events:
  0.2577E-01  0.2775E-01  0.3370E-01  0.2577E-01  0.5748E-01  0.4361E-01  0.4955E-01  0.7037E-01  0.9911E-02  0.3964E-02  0.1388E-01  0.1487E-01  0.3072E-01  0.4361E-01  0.2676E-01  0.3865E-01
  0.3865E-01  0.3072E-01  0.3072E-01  0.3766E-01  0.4262E-01  0.4163E-01  0.4559E-01  0.5253E-01  0.7929E-02  0.1883E-01  0.1189E-01  0.1487E-01  0.2081E-01  0.3271E-01  0.2478E-01  0.3171E-01
 Events:
          26          28          34          26          58          44          50          71          10           4          14          15          31          44          27          39
          39          31          31          38          43          42          46          53           8          19          12          15          21          33          25          32
 Iteration  2   Mean: 0.6354E-03 Abs mean: 0.6354E-03   Fluctuation:  0.348E-04   0.378E-01     6.9%
  2    0.6354E-03 0.6354E-03 +- 0.3479E-04      2.45
 Relative summed weights:
  0.3407E-01  0.3947E-01  0.3541E-01  0.3877E-01  0.4406E-01  0.4306E-01  0.4377E-01  0.6140E-01  0.1416E-01  0.5040E-02  0.1209E-01  0.6265E-02  0.2035E-01  0.2333E-01  0.2000E-01  0.2354E-01
  0.3685E-01  0.5490E-01  0.3454E-01  0.3210E-01  0.5350E-01  0.6995E-01  0.5374E-01  0.4458E-01  0.1064E-01  0.9709E-02  0.2754E-01  0.7213E-02  0.2998E-01  0.2500E-01  0.2034E-01  0.2461E-01
 Relative number of events:
  0.3650E-01  0.3300E-01  0.2950E-01  0.3400E-01  0.4950E-01  0.4650E-01  0.4900E-01  0.5400E-01  0.1250E-01  0.1150E-01  0.1450E-01  0.8500E-02  0.2750E-01  0.2750E-01  0.3000E-01  0.2750E-01
  0.3500E-01  0.3400E-01  0.3300E-01  0.2550E-01  0.5050E-01  0.5300E-01  0.5550E-01  0.4150E-01  0.1200E-01  0.1350E-01  0.1150E-01  0.1300E-01  0.3400E-01  0.3450E-01  0.3350E-01  0.2850E-01
 Events:
          73          66          59          68          99          93          98         108          25          23          29          17          55          55          60          55
          70          68          66          51         101         106         111          83          24          27          23          26          68          69          67          57
 Iteration  3   Mean: 0.5821E-03 Abs mean: 0.5821E-03   Fluctuation:  0.171E-04   0.235E-01     8.5%
  3    0.5821E-03 0.5821E-03 +- 0.1705E-04      1.85
 Relative summed weights:
  0.3897E-01  0.3355E-01  0.3924E-01  0.2587E-01  0.5520E-01  0.7157E-01  0.5267E-01  0.5146E-01  0.1498E-01  0.1402E-01  0.1227E-01  0.6964E-02  0.1966E-01  0.2932E-01  0.2717E-01  0.2150E-01
  0.3907E-01  0.3258E-01  0.3091E-01  0.3397E-01  0.5229E-01  0.4531E-01  0.5182E-01  0.5140E-01  0.1010E-01  0.9363E-02  0.1115E-01  0.7783E-02  0.2637E-01  0.3206E-01  0.2141E-01  0.3002E-01
 Relative number of events:
  0.3475E-01  0.3525E-01  0.3625E-01  0.3000E-01  0.4575E-01  0.5375E-01  0.4825E-01  0.5175E-01  0.1400E-01  0.1350E-01  0.1450E-01  0.9000E-02  0.2725E-01  0.2800E-01  0.3150E-01  0.3000E-01
  0.3350E-01  0.3425E-01  0.3150E-01  0.3450E-01  0.4925E-01  0.4675E-01  0.5175E-01  0.5275E-01  0.1075E-01  0.1050E-01  0.1375E-01  0.9250E-02  0.2950E-01  0.3025E-01  0.3025E-01  0.2800E-01
 Events:
         139         141         145         120         183         215         193         207          56          54          58          36         109         112         126         120
         134         137         126         138         197         187         207         211          43          42          55          37         118         121         121         112
 Accuracy:    0.040   0.100   0.024   2.875
 Finished due to accuracy    4.0109725953031083E-002  0.10000000000000001     

 -------------------------------------------------------------------------------
 Accumulated results:   Integral =  0.5825E-03
                        Std dev  =  0.1378E-04
                       Cross sec =  0.5825E-03
             Chi**2 per DoF.     =      2.8746
 -------------------------------------------------------------------------------
 Found         2466  events.
 Wrote          245  events.
 Actual xsec    5.8252766310139313E-004
 Correct abs xsec    5.8252766310139313E-004
 Event xsec    5.8252766310139465E-004
 Events wgts > 1:            7
 % Cross section > 1:    5.4891981608766520E-006  0.94230686516276285     
-------------------------------------------------
---------------------------
 Results Last   3 iters: Integral =   0.5825E-03
                     Abs integral =   0.5825E-03
                          Std dev =   0.1378E-04
                  Chi**2 per DoF. =      3.0174
-------------------------------------------------
---------------------------
 Status  0.10000000000000001                4           7

ls status:
events.lhe
ftn26
input_app.txt
multijob.dat
results.dat
run1_app.log
run_01_log.txt
run_02_log.txt
run_03_log.txt
run_04_log.txt
run_05_log.txt
