 Process in group number            2
 A PDF is used, so alpha_s(MZ) is going to be modified
 Old value of alpha_s from param_card:   0.13000000000000003     
  ****************************************
 
       NNPDFDriver version 1.0.3
   Grid: NNPDF23_lo_as_0130_qed_mem0.grid
  ****************************************
 New value of alpha_s from PDF nn23lo1:  0.13000000000000000     
 Warning! ptj set to xqcut=   20.000000000000000       to improve integration efficiency
 Note that this might affect non-radiated jets,
 e.g. from decays. Use cut_decays=F in run_card.
 Warning! mmjj set to xqcut=   20.000000000000000       to improve integration efficiency
 Note that this might affect non-radiated jets,
 e.g. from decays. Use cut_decays=F in run_card.
 Define smin to   8000.0000000000000     
 Define smin to   8000.0000000000000     
 Define smin to   8000.0000000000000     
 Define smin to   8000.0000000000000     
 Define smin to   8000.0000000000000     
 Define smin to   8000.0000000000000     
 Define smin to   8000.0000000000000     
 Define smin to   8000.0000000000000     
 Define smin to   8000.0000000000000     
 Define smin to   8000.0000000000000     
 Define smin to   8000.0000000000000     
 Define smin to   8000.0000000000000     
 Define smin to   8000.0000000000000     
 Define smin to   8000.0000000000000     
 Define smin to   8000.0000000000000     
 Define smin to   8000.0000000000000     
 Define smin to   8000.0000000000000     
 Define smin to   8000.0000000000000     
 Define smin to   8000.0000000000000     
 Define smin to   8000.0000000000000     
 Define smin to   8000.0000000000000     
 Define smin to   8000.0000000000000     
 Define smin to   8000.0000000000000     
 Define smin to   8000.0000000000000     
 Define smin to   8000.0000000000000     
 Define smin to   8000.0000000000000     
 Define smin to   8000.0000000000000     
 Define smin to   8000.0000000000000     
 Define smin to   8000.0000000000000     
 Define smin to   8000.0000000000000     
 Define smin to   8000.0000000000000     
 Define smin to   8000.0000000000000     
 Define smin to   8000.0000000000000     
 Define smin to   8000.0000000000000     
 Define smin to   8000.0000000000000     
 Define smin to   8000.0000000000000     
 Define smin to   8000.0000000000000     
 Define smin to   8000.0000000000000     
 Define smin to   8000.0000000000000     
 Define smin to   8000.0000000000000     
 *****************************************************
 *               MadGraph/MadEvent                   *
 *        --------------------------------           *
 *          http://madgraph.hep.uiuc.edu             *
 *          http://madgraph.phys.ucl.ac.be           *
 *          http://madgraph.roma2.infn.it            *
 *        --------------------------------           *
 *                                                   *
 *          PARAMETER AND COUPLING VALUES            *
 *                                                   *
 *****************************************************

  External Params
  ---------------------------------
  
 aEWM1 =    132.50700000000001     
 mdl_Gf =    1.1663900000000000E-005
 aS =   0.13000000000000003     
 mdl_ymb =    4.7000000000000002     
 mdl_ymt =    173.00000000000000     
 mdl_ymtau =    1.7769999999999999     
 mdl_MZ =    91.188000000000002     
 mdl_MT =    173.00000000000000     
 mdl_MB =    4.7000000000000002     
 mdl_MH =    125.00000000000000     
 mdl_MTA =    1.7769999999999999     
 mdl_WZ =    2.4414039999999999     
 mdl_WW =    2.0476000000000001     
 mdl_WT =    1.4915000000000000     
 mdl_WH =    6.3823389999999999E-003
  Internal Params
  ---------------------------------
  
 mdl_conjg__CKM3x3 =    1.0000000000000000     
 mdl_conjg__CKM1x1 =    1.0000000000000000     
 mdl_CKM3x3 =    1.0000000000000000     
 mdl_complexi =                (0.0000000000000000,1.0000000000000000)
 mdl_MZ__exp__2 =    8315.2513440000002     
 mdl_MZ__exp__4 =    69143404.913893804     
 mdl_sqrt__2 =    1.4142135623730951     
 mdl_MH__exp__2 =    15625.000000000000     
 mdl_aEW =    7.5467711139788835E-003
 mdl_MW =    80.419002445756163     
 mdl_sqrt__aEW =    8.6872153846781555E-002
 mdl_ee =   0.30795376724436879     
 mdl_MW__exp__2 =    6467.2159543705357     
 mdl_sw2 =   0.22224648578577766     
 mdl_cw =   0.88190334743339216     
 mdl_sqrt__sw2 =   0.47143025548407230     
 mdl_sw =   0.47143025548407230     
 mdl_g1 =   0.34919219678733299     
 mdl_gw =   0.65323293034757990     
 mdl_vev =    246.21845810181637     
 mdl_vev__exp__2 =    60623.529110035903     
 mdl_lam =   0.12886910601690263     
 mdl_yb =    2.6995554250465490E-002
 mdl_yt =   0.99366614581500623     
 mdl_ytau =    1.0206617000654717E-002
 mdl_muH =    88.388347648318430     
 mdl_I1x33 =          (2.69955542504654901E-002,0.0000000000000000)
 mdl_I2x33 =               (0.99366614581500623,0.0000000000000000)
 mdl_I3x33 =               (0.99366614581500623,0.0000000000000000)
 mdl_I4x33 =          (2.69955542504654901E-002,0.0000000000000000)
 mdl_ee__exp__2 =    9.4835522759998875E-002
 mdl_sw__exp__2 =   0.22224648578577769     
 mdl_cw__exp__2 =   0.77775351421422245     
  Internal Params evaluated point by point
  ----------------------------------------
  
 mdl_sqrt__aS =   0.36055512754639896     
 mdl_G__exp__2 =    1.6336281798666927     
  Couplings of sm
  ---------------------------------
  
        GC_10 =  -0.12781E+01   0.00000E+00
        GC_11 =   0.00000E+00   0.12781E+01
        GC_50 =  -0.00000E+00  -0.28804E+00
        GC_58 =  -0.00000E+00  -0.27437E-01
        GC_59 =   0.00000E+00   0.82310E-01

 Collider parameters:
 --------------------

 Running at P P   machine @    13000.000000000000       GeV
 PDF set = nn23lo1
 alpha_s(Mz)= 0.1300 running at 2 loops.
 alpha_s(Mz)= 0.1300 running at 2 loops.
 Renormalization scale set on event-by-event basis
 Factorization   scale set on event-by-event basis


 getting user params
Enter number of events and max and min iterations: 
 Number of events and iterations         1000           5           3
Enter desired fractional accuracy: 
 Desired fractional accuracy:   0.10000000000000001     
Enter 0 for fixed, 2 for adjustable grid: 
Suppress amplitude (0 no, 1 yes)? 
 Using suppressed amplitude.
Exact helicity sum (0 yes, n = number/event)? 
 Explicitly summing over helicities
Enter Configuration Number: 
Running Configuration Number:   29
 Not subdividing B.W.
 Attempting mappinvarients           1           8
 Determine nb_t
 T-channel found:            2
 Completed mapping           8
 about to integrate           16        1000           7           3          16           1
 Using non-zero grid deformation.
 16 dimensions   1000 events 16 invarients  7 iterations  1 config(s),  (0.99)
 Using h-tuple random number sequence.
 Error opening grid
 Using Uniform Grid!          32
 Using uniform alpha   1.0000000000000000     
 Grid defined OK
 Masses: 0.000E+00 0.000E+00 0.000E+00 0.000E+00 0.000E+00 0.000E+00 0.000E+00 0.000E+00
 Set CM energy to      13000.00
 Mapping Graph          29  to config          29
 Determine nb_t
 T-channel found:            2
 Setting BW          -1           1   91.188000000000002     
Setting grid   2    0.17619E-04   1
 Setting BW          -3           2   91.188000000000002     
Setting grid   4    0.23669E-05   1
Setting grid   5    0.17619E-04   1
 Transforming s_hat 1/s           15   1.3160304238967098E-004   8000.0000000000000        168999999.99999997     
 Got moffset           1
Using random seed offsets    29 :      3
  with seed                   57
 Ranmar initialization seeds       11152       12592
 
 ********************************************
 * You are using the DiscreteSampler module *
 *      part of the MG5_aMC framework       *
 *         Author: Valentin Hirschi         *
 ********************************************
 
  Particle       3       4       5       6       7       8
      Et >    20.0    20.0    20.0    20.0    20.0    20.0
       E >     0.0     0.0     0.0     0.0     0.0     0.0
     Eta <     2.5     2.5     2.5     2.5     2.8     2.8
   xqcut:      0.0     0.0     0.0     0.0    20.0    20.0
d R # 3  >    -0.0     0.4     0.4     0.4     0.0     0.0
d R # 4  >    -0.0    -0.0     0.4     0.4     0.0     0.0
d R # 5  >    -0.0    -0.0    -0.0     0.4     0.0     0.0
d R # 6  >    -0.0    -0.0    -0.0    -0.0     0.0     0.0
d R # 7  >    -0.0    -0.0    -0.0    -0.0    -0.0     0.0
s min # 3>     0.0     0.0     0.0     0.0     0.0     0.0
s min # 4>     0.0     0.0     0.0     0.0     0.0     0.0
s min # 5>     0.0     0.0     0.0     0.0     0.0     0.0
s min # 6>     0.0     0.0     0.0     0.0     0.0     0.0
s min # 7>     0.0     0.0     0.0     0.0     0.0   400.0
xqcutij # 3>     0.0     0.0     0.0     0.0     0.0     0.0
xqcutij # 4>     0.0     0.0     0.0     0.0     0.0     0.0
xqcutij # 5>     0.0     0.0     0.0     0.0     0.0     0.0
xqcutij # 6>     0.0     0.0     0.0     0.0     0.0     0.0
xqcutij # 7>     0.0     0.0     0.0     0.0     0.0    20.0
 No cut BW           -1           1
 No cut BW           -3           2
 alpha_s for scale    296.38813283769724       is   0.10870601896592647     
 RESET CUMULATIVE VARIABLE
 Iteration  1   Mean: 0.1356E-04 Abs mean: 0.1356E-04   Fluctuation:  0.220E-05   0.122E-02     3.0%
  1    0.1356E-04 0.1356E-04 +- 0.2199E-05      5.13
 Writing out events   6.4405737949261658E-008   5.1260512527637365     
 Relative summed weights:
  0.1146E-01  0.0000E+00  0.2549E-01  0.0000E+00  0.3830E-03  0.3879E-03  0.8157E-05  0.0000E+00  0.5897E-01  0.2254E-01  0.1414E+00  0.5464E-01  0.1942E-02  0.1891E-02  0.3159E-02  0.8746E-02  0.0000E+00  0.0000E+00  0.0000E+00  0.0000E+00  0.0000E+00  0.0000E+00  0.0000E+00  0.0000E+00  0.1774E-03  0.1501E-02  0.1575E-03  0.4751E-03  0.1063E-02  0.8752E-02  0.2660E-02  0.5885E-01  0.2564E-02  0.0000E+00  0.1839E-02  0.0000E+00  0.1233E-02  0.0000E+00  0.6742E-03  0.3822E-02  0.8693E-02  0.1260E-02  0.2984E-02  0.1771E-02  0.0000E+00  0.0000E+00  0.0000E+00  0.0000E+00  0.1393E-03  0.5312E-03  0.1056E-01  0.8976E-02  0.0000E+00  0.0000E+00  0.0000E+00  0.0000E+00  0.4678E-03  0.1713E-02  0.9831E-03  0.1779E-02  0.0000E+00  0.0000E+00  0.0000E+00  0.0000E+00  0.0000E+00  0.0000E+00  0.0000E+00  0.1306E-03  0.5332E-01  0.3691E-02  0.1333E-02  0.2278E-02  0.1036E-03  0.0000E+00  0.2303E-04  0.0000E+00  0.0000E+00  0.0000E+00  0.6349E-04  0.8998E-03
  0.8110E-02  0.0000E+00  0.7446E-02  0.0000E+00  0.0000E+00  0.0000E+00  0.0000E+00  0.0000E+00  0.0000E+00  0.0000E+00  0.0000E+00  0.0000E+00  0.0000E+00  0.0000E+00  0.0000E+00  0.0000E+00  0.0000E+00  0.0000E+00  0.0000E+00  0.0000E+00  0.0000E+00  0.0000E+00  0.0000E+00  0.0000E+00  0.0000E+00  0.0000E+00  0.0000E+00  0.0000E+00  0.0000E+00  0.0000E+00  0.0000E+00  0.0000E+00  0.1368E-02  0.0000E+00  0.1350E-02  0.0000E+00  0.0000E+00  0.0000E+00  0.0000E+00  0.0000E+00  0.0000E+00  0.0000E+00  0.0000E+00  0.0000E+00  0.0000E+00  0.0000E+00  0.0000E+00  0.0000E+00  0.0000E+00  0.0000E+00  0.0000E+00  0.0000E+00  0.0000E+00  0.0000E+00  0.0000E+00  0.0000E+00  0.0000E+00  0.0000E+00  0.0000E+00  0.0000E+00  0.0000E+00  0.0000E+00  0.9039E-05  0.0000E+00  0.0000E+00  0.0000E+00  0.0000E+00  0.0000E+00  0.0000E+00  0.0000E+00  0.0000E+00  0.0000E+00  0.0000E+00  0.0000E+00  0.1094E-03  0.0000E+00  0.0000E+00  0.0000E+00  0.0000E+00  0.0000E+00
  0.2544E-03  0.0000E+00  0.1021E-02  0.0000E+00  0.9612E-04  0.0000E+00  0.5856E-02  0.1979E-04  0.3731E-01  0.1159E+00  0.5584E-01  0.4222E-01  0.9953E-03  0.3960E-02  0.2242E-02  0.1578E-02  0.0000E+00  0.0000E+00  0.0000E+00  0.0000E+00  0.0000E+00  0.0000E+00  0.0000E+00  0.0000E+00  0.0000E+00  0.3179E-02  0.5081E-02  0.1149E-02  0.1463E-02  0.8258E-02  0.1359E-02  0.8505E-03  0.5098E-02  0.0000E+00  0.4233E-03  0.0000E+00  0.1257E-03  0.1536E-02  0.0000E+00  0.1434E-03  0.4884E-03  0.2058E-02  0.4990E-02  0.1950E-02  0.0000E+00  0.0000E+00  0.0000E+00  0.0000E+00  0.4102E-02  0.5634E-02  0.2218E-02  0.2990E-02  0.0000E+00  0.0000E+00  0.0000E+00  0.0000E+00  0.7340E-02  0.3679E-03  0.4987E-03  0.1448E-02  0.1858E-04  0.0000E+00  0.6998E-03  0.0000E+00  0.0000E+00  0.0000E+00  0.1230E-04  0.0000E+00  0.2611E-02  0.1152E-01  0.2263E-02  0.3665E-02  0.4217E-04  0.0000E+00  0.2809E-03  0.0000E+00  0.2442E-04  0.7584E-04  0.0000E+00  0.0000E+00
  0.2873E-02  0.0000E+00  0.2070E-01  0.0000E+00  0.0000E+00  0.0000E+00  0.0000E+00  0.0000E+00  0.0000E+00  0.0000E+00  0.0000E+00  0.0000E+00  0.0000E+00  0.0000E+00  0.0000E+00  0.0000E+00  0.0000E+00  0.0000E+00  0.0000E+00  0.0000E+00  0.0000E+00  0.0000E+00  0.0000E+00  0.0000E+00  0.0000E+00  0.0000E+00  0.0000E+00  0.0000E+00  0.0000E+00  0.0000E+00  0.0000E+00  0.0000E+00  0.2182E-03  0.0000E+00  0.8938E-01  0.0000E+00  0.0000E+00  0.0000E+00  0.0000E+00  0.0000E+00  0.0000E+00  0.0000E+00  0.0000E+00  0.0000E+00  0.0000E+00  0.0000E+00  0.0000E+00  0.0000E+00  0.0000E+00  0.0000E+00  0.0000E+00  0.0000E+00  0.0000E+00  0.0000E+00  0.0000E+00  0.0000E+00  0.0000E+00  0.0000E+00  0.0000E+00  0.0000E+00  0.0000E+00  0.0000E+00  0.7049E-04  0.0000E+00  0.0000E+00  0.0000E+00  0.0000E+00  0.0000E+00  0.0000E+00  0.0000E+00  0.0000E+00  0.0000E+00  0.5838E-03  0.0000E+00  0.7633E-05  0.0000E+00  0.0000E+00  0.0000E+00  0.0000E+00  0.0000E+00
 Relative number of events:
  0.1982E-02  0.0000E+00  0.5946E-02  0.0000E+00  0.9911E-03  0.1982E-02  0.9911E-03  0.0000E+00  0.5649E-01  0.5055E-01  0.5649E-01  0.4856E-01  0.6938E-02  0.9911E-02  0.1090E-01  0.1090E-01  0.0000E+00  0.0000E+00  0.0000E+00  0.0000E+00  0.0000E+00  0.0000E+00  0.0000E+00  0.0000E+00  0.3964E-02  0.1982E-02  0.1982E-02  0.2973E-02  0.3964E-02  0.1090E-01  0.7929E-02  0.6938E-02  0.4955E-02  0.0000E+00  0.9911E-02  0.0000E+00  0.1982E-02  0.0000E+00  0.9911E-03  0.2973E-02  0.3964E-02  0.5946E-02  0.5946E-02  0.1982E-02  0.0000E+00  0.0000E+00  0.0000E+00  0.0000E+00  0.7929E-02  0.5946E-02  0.1685E-01  0.1784E-01  0.0000E+00  0.0000E+00  0.0000E+00  0.0000E+00  0.4955E-02  0.7929E-02  0.7929E-02  0.8920E-02  0.0000E+00  0.0000E+00  0.0000E+00  0.0000E+00  0.0000E+00  0.0000E+00  0.0000E+00  0.9911E-03  0.7929E-02  0.1388E-01  0.1090E-01  0.8920E-02  0.1982E-02  0.0000E+00  0.9911E-03  0.0000E+00  0.0000E+00  0.0000E+00  0.1982E-02  0.9911E-03
  0.5946E-02  0.0000E+00  0.1090E-01  0.0000E+00  0.0000E+00  0.0000E+00  0.0000E+00  0.0000E+00  0.0000E+00  0.0000E+00  0.0000E+00  0.0000E+00  0.0000E+00  0.0000E+00  0.0000E+00  0.0000E+00  0.0000E+00  0.0000E+00  0.0000E+00  0.0000E+00  0.0000E+00  0.0000E+00  0.0000E+00  0.0000E+00  0.0000E+00  0.0000E+00  0.0000E+00  0.0000E+00  0.0000E+00  0.0000E+00  0.0000E+00  0.0000E+00  0.4955E-02  0.0000E+00  0.2973E-02  0.0000E+00  0.0000E+00  0.0000E+00  0.0000E+00  0.0000E+00  0.0000E+00  0.0000E+00  0.0000E+00  0.0000E+00  0.0000E+00  0.0000E+00  0.0000E+00  0.0000E+00  0.0000E+00  0.0000E+00  0.0000E+00  0.0000E+00  0.0000E+00  0.0000E+00  0.0000E+00  0.0000E+00  0.0000E+00  0.0000E+00  0.0000E+00  0.0000E+00  0.0000E+00  0.0000E+00  0.9911E-03  0.0000E+00  0.0000E+00  0.0000E+00  0.0000E+00  0.0000E+00  0.0000E+00  0.0000E+00  0.0000E+00  0.0000E+00  0.0000E+00  0.0000E+00  0.1982E-02  0.0000E+00  0.0000E+00  0.0000E+00  0.0000E+00  0.0000E+00
  0.4955E-02  0.0000E+00  0.7929E-02  0.0000E+00  0.1982E-02  0.0000E+00  0.3964E-02  0.9911E-03  0.4658E-01  0.6244E-01  0.5154E-01  0.4559E-01  0.6938E-02  0.1090E-01  0.7929E-02  0.1388E-01  0.0000E+00  0.0000E+00  0.0000E+00  0.0000E+00  0.0000E+00  0.0000E+00  0.0000E+00  0.0000E+00  0.0000E+00  0.6938E-02  0.3964E-02  0.5946E-02  0.5946E-02  0.1090E-01  0.5946E-02  0.6938E-02  0.2973E-02  0.0000E+00  0.3964E-02  0.0000E+00  0.9911E-03  0.1982E-02  0.0000E+00  0.9911E-03  0.3964E-02  0.4955E-02  0.6938E-02  0.6938E-02  0.0000E+00  0.0000E+00  0.0000E+00  0.0000E+00  0.1586E-01  0.1288E-01  0.1784E-01  0.1487E-01  0.0000E+00  0.0000E+00  0.0000E+00  0.0000E+00  0.9911E-02  0.3964E-02  0.5946E-02  0.7929E-02  0.9911E-03  0.0000E+00  0.2973E-02  0.0000E+00  0.0000E+00  0.0000E+00  0.9911E-03  0.0000E+00  0.6938E-02  0.7929E-02  0.5946E-02  0.8920E-02  0.9911E-03  0.0000E+00  0.1982E-02  0.0000E+00  0.9911E-03  0.1982E-02  0.0000E+00  0.0000E+00
  0.7929E-02  0.0000E+00  0.1090E-01  0.0000E+00  0.0000E+00  0.0000E+00  0.0000E+00  0.0000E+00  0.0000E+00  0.0000E+00  0.0000E+00  0.0000E+00  0.0000E+00  0.0000E+00  0.0000E+00  0.0000E+00  0.0000E+00  0.0000E+00  0.0000E+00  0.0000E+00  0.0000E+00  0.0000E+00  0.0000E+00  0.0000E+00  0.0000E+00  0.0000E+00  0.0000E+00  0.0000E+00  0.0000E+00  0.0000E+00  0.0000E+00  0.0000E+00  0.1982E-02  0.0000E+00  0.2973E-02  0.0000E+00  0.0000E+00  0.0000E+00  0.0000E+00  0.0000E+00  0.0000E+00  0.0000E+00  0.0000E+00  0.0000E+00  0.0000E+00  0.0000E+00  0.0000E+00  0.0000E+00  0.0000E+00  0.0000E+00  0.0000E+00  0.0000E+00  0.0000E+00  0.0000E+00  0.0000E+00  0.0000E+00  0.0000E+00  0.0000E+00  0.0000E+00  0.0000E+00  0.0000E+00  0.0000E+00  0.9911E-03  0.0000E+00  0.0000E+00  0.0000E+00  0.0000E+00  0.0000E+00  0.0000E+00  0.0000E+00  0.0000E+00  0.0000E+00  0.1982E-02  0.0000E+00  0.9911E-03  0.0000E+00  0.0000E+00  0.0000E+00  0.0000E+00  0.0000E+00
 Events:
           2           0           6           0           1           2           1           0          57          51          57          49           7          10          11          11           0           0           0           0           0           0           0           0           4           2           2           3           4          11           8           7           5           0          10           0           2           0           1           3           4           6           6           2           0           0           0           0           8           6          17          18           0           0           0           0           5           8           8           9           0           0           0           0           0           0           0           1           8          14          11           9           2           0           1           0           0           0           2           1
           6           0          11           0           0           0           0           0           0           0           0           0           0           0           0           0           0           0           0           0           0           0           0           0           0           0           0           0           0           0           0           0           5           0           3           0           0           0           0           0           0           0           0           0           0           0           0           0           0           0           0           0           0           0           0           0           0           0           0           0           0           0           1           0           0           0           0           0           0           0           0           0           0           0           2           0           0           0           0           0
           5           0           8           0           2           0           4           1          47          63          52          46           7          11           8          14           0           0           0           0           0           0           0           0           0           7           4           6           6          11           6           7           3           0           4           0           1           2           0           1           4           5           7           7           0           0           0           0          16          13          18          15           0           0           0           0          10           4           6           8           1           0           3           0           0           0           1           0           7           8           6           9           1           0           2           0           1           2           0           0
           8           0          11           0           0           0           0           0           0           0           0           0           0           0           0           0           0           0           0           0           0           0           0           0           0           0           0           0           0           0           0           0           2           0           3           0           0           0           0           0           0           0           0           0           0           0           0           0           0           0           0           0           0           0           0           0           0           0           0           0           0           0           1           0           0           0           0           0           0           0           0           0           2           0           1           0           0           0           0           0
 Iteration  2   Mean: 0.1896E-04 Abs mean: 0.1896E-04   Fluctuation:  0.430E-05   0.548E-02    16.4%
  2    0.1896E-04 0.1896E-04 +- 0.4299E-05     10.14
 Relative summed weights:
  0.2141E-02  0.0000E+00  0.1432E-02  0.0000E+00  0.6709E-04  0.1402E-01  0.5119E-04  0.4237E-04  0.2124E-01  0.9386E-01  0.5423E-01  0.2953E-01  0.1661E-02  0.2930E-02  0.3445E-02  0.7310E-03  0.0000E+00  0.0000E+00  0.0000E+00  0.0000E+00  0.0000E+00  0.0000E+00  0.0000E+00  0.0000E+00  0.7305E-03  0.1652E-02  0.1603E-02  0.1003E-02  0.1913E-02  0.1060E-02  0.3428E-02  0.1002E-01  0.7833E-03  0.0000E+00  0.3621E-03  0.0000E+00  0.2851E-04  0.9850E-03  0.4120E-03  0.4146E-03  0.1018E-01  0.2952E-03  0.1417E-01  0.1002E+00  0.0000E+00  0.0000E+00  0.0000E+00  0.0000E+00  0.1013E-02  0.8582E-03  0.1028E-02  0.1001E-01  0.0000E+00  0.0000E+00  0.0000E+00  0.0000E+00  0.2779E-03  0.4111E-03  0.4495E-02  0.1310E-02  0.0000E+00  0.0000E+00  0.0000E+00  0.0000E+00  0.6995E-04  0.0000E+00  0.0000E+00  0.0000E+00  0.1237E-02  0.1525E-02  0.4590E-02  0.2005E-02  0.0000E+00  0.0000E+00  0.2022E-04  0.0000E+00  0.5938E-04  0.4452E-03  0.3548E-03  0.2480E-03
  0.8026E-02  0.0000E+00  0.1621E-02  0.0000E+00  0.0000E+00  0.0000E+00  0.0000E+00  0.0000E+00  0.0000E+00  0.0000E+00  0.0000E+00  0.0000E+00  0.0000E+00  0.0000E+00  0.0000E+00  0.0000E+00  0.0000E+00  0.0000E+00  0.0000E+00  0.0000E+00  0.0000E+00  0.0000E+00  0.0000E+00  0.0000E+00  0.0000E+00  0.0000E+00  0.0000E+00  0.0000E+00  0.0000E+00  0.0000E+00  0.0000E+00  0.0000E+00  0.2476E-01  0.0000E+00  0.2166E-02  0.0000E+00  0.0000E+00  0.0000E+00  0.0000E+00  0.0000E+00  0.0000E+00  0.0000E+00  0.0000E+00  0.0000E+00  0.0000E+00  0.0000E+00  0.0000E+00  0.0000E+00  0.0000E+00  0.0000E+00  0.0000E+00  0.0000E+00  0.0000E+00  0.0000E+00  0.0000E+00  0.0000E+00  0.0000E+00  0.0000E+00  0.0000E+00  0.0000E+00  0.4737E-04  0.0000E+00  0.0000E+00  0.0000E+00  0.0000E+00  0.0000E+00  0.0000E+00  0.0000E+00  0.0000E+00  0.0000E+00  0.0000E+00  0.0000E+00  0.0000E+00  0.0000E+00  0.5298E-03  0.0000E+00  0.0000E+00  0.0000E+00  0.0000E+00  0.0000E+00
  0.4237E-02  0.0000E+00  0.2647E-02  0.0000E+00  0.9430E-03  0.2345E-02  0.3059E-04  0.1262E-02  0.6815E-01  0.4742E-01  0.5998E-01  0.3394E-01  0.6400E-02  0.5107E-02  0.3806E-02  0.8362E-03  0.0000E+00  0.0000E+00  0.0000E+00  0.0000E+00  0.0000E+00  0.0000E+00  0.0000E+00  0.0000E+00  0.3177E-03  0.9936E-03  0.2185E-03  0.2719E-03  0.7278E-02  0.3472E-02  0.1831E-02  0.6063E-02  0.3005E-02  0.0000E+00  0.2103E-02  0.0000E+00  0.5713E-03  0.3708E-03  0.4527E-03  0.1217E-02  0.8743E-03  0.2748E-03  0.1360E-02  0.1131E+00  0.0000E+00  0.0000E+00  0.0000E+00  0.0000E+00  0.1464E-02  0.2822E-02  0.1871E-02  0.9203E-03  0.0000E+00  0.0000E+00  0.0000E+00  0.0000E+00  0.2870E-03  0.2236E-03  0.1685E-02  0.4624E-03  0.0000E+00  0.0000E+00  0.9162E-04  0.0000E+00  0.3331E-03  0.1101E-03  0.0000E+00  0.0000E+00  0.3528E-02  0.1573E-02  0.2758E-02  0.2006E-02  0.5295E-04  0.0000E+00  0.1410E-03  0.0000E+00  0.2848E-03  0.5252E-05  0.0000E+00  0.0000E+00
  0.1472E+00  0.0000E+00  0.3761E-02  0.0000E+00  0.0000E+00  0.0000E+00  0.0000E+00  0.0000E+00  0.0000E+00  0.0000E+00  0.0000E+00  0.0000E+00  0.0000E+00  0.0000E+00  0.0000E+00  0.0000E+00  0.0000E+00  0.0000E+00  0.0000E+00  0.0000E+00  0.0000E+00  0.0000E+00  0.0000E+00  0.0000E+00  0.0000E+00  0.0000E+00  0.0000E+00  0.0000E+00  0.0000E+00  0.0000E+00  0.0000E+00  0.0000E+00  0.4709E-02  0.0000E+00  0.7671E-03  0.0000E+00  0.0000E+00  0.0000E+00  0.0000E+00  0.0000E+00  0.0000E+00  0.0000E+00  0.0000E+00  0.0000E+00  0.0000E+00  0.0000E+00  0.0000E+00  0.0000E+00  0.0000E+00  0.0000E+00  0.0000E+00  0.0000E+00  0.0000E+00  0.0000E+00  0.0000E+00  0.0000E+00  0.0000E+00  0.0000E+00  0.0000E+00  0.0000E+00  0.0000E+00  0.0000E+00  0.6664E-05  0.0000E+00  0.0000E+00  0.0000E+00  0.0000E+00  0.0000E+00  0.0000E+00  0.0000E+00  0.0000E+00  0.0000E+00  0.2147E-04  0.0000E+00  0.2697E-03  0.0000E+00  0.0000E+00  0.0000E+00  0.0000E+00  0.0000E+00
 Relative number of events:
  0.8000E-02  0.0000E+00  0.7000E-02  0.0000E+00  0.5000E-03  0.3500E-02  0.2000E-02  0.1000E-02  0.5100E-01  0.5750E-01  0.5400E-01  0.4550E-01  0.8500E-02  0.9500E-02  0.9500E-02  0.1200E-01  0.0000E+00  0.0000E+00  0.0000E+00  0.0000E+00  0.0000E+00  0.0000E+00  0.0000E+00  0.0000E+00  0.5500E-02  0.4000E-02  0.5000E-02  0.6000E-02  0.8000E-02  0.7000E-02  0.7500E-02  0.1000E-01  0.3000E-02  0.0000E+00  0.3000E-02  0.0000E+00  0.1500E-02  0.4000E-02  0.1500E-02  0.2000E-02  0.5000E-02  0.1500E-02  0.4000E-02  0.5000E-02  0.0000E+00  0.0000E+00  0.0000E+00  0.0000E+00  0.1350E-01  0.1600E-01  0.1050E-01  0.1150E-01  0.0000E+00  0.0000E+00  0.0000E+00  0.0000E+00  0.6000E-02  0.5500E-02  0.5500E-02  0.7500E-02  0.0000E+00  0.0000E+00  0.0000E+00  0.0000E+00  0.1500E-02  0.0000E+00  0.0000E+00  0.0000E+00  0.6000E-02  0.9500E-02  0.6500E-02  0.7500E-02  0.0000E+00  0.0000E+00  0.5000E-03  0.0000E+00  0.5000E-03  0.1000E-02  0.5000E-03  0.1500E-02
  0.1400E-01  0.0000E+00  0.7000E-02  0.0000E+00  0.0000E+00  0.0000E+00  0.0000E+00  0.0000E+00  0.0000E+00  0.0000E+00  0.0000E+00  0.0000E+00  0.0000E+00  0.0000E+00  0.0000E+00  0.0000E+00  0.0000E+00  0.0000E+00  0.0000E+00  0.0000E+00  0.0000E+00  0.0000E+00  0.0000E+00  0.0000E+00  0.0000E+00  0.0000E+00  0.0000E+00  0.0000E+00  0.0000E+00  0.0000E+00  0.0000E+00  0.0000E+00  0.6000E-02  0.0000E+00  0.4500E-02  0.0000E+00  0.0000E+00  0.0000E+00  0.0000E+00  0.0000E+00  0.0000E+00  0.0000E+00  0.0000E+00  0.0000E+00  0.0000E+00  0.0000E+00  0.0000E+00  0.0000E+00  0.0000E+00  0.0000E+00  0.0000E+00  0.0000E+00  0.0000E+00  0.0000E+00  0.0000E+00  0.0000E+00  0.0000E+00  0.0000E+00  0.0000E+00  0.0000E+00  0.1000E-02  0.0000E+00  0.0000E+00  0.0000E+00  0.0000E+00  0.0000E+00  0.0000E+00  0.0000E+00  0.0000E+00  0.0000E+00  0.0000E+00  0.0000E+00  0.0000E+00  0.0000E+00  0.3000E-02  0.0000E+00  0.0000E+00  0.0000E+00  0.0000E+00  0.0000E+00
  0.1100E-01  0.0000E+00  0.7500E-02  0.0000E+00  0.1000E-02  0.2500E-02  0.1000E-02  0.1500E-02  0.6100E-01  0.5350E-01  0.5700E-01  0.5000E-01  0.9000E-02  0.1350E-01  0.9500E-02  0.8500E-02  0.0000E+00  0.0000E+00  0.0000E+00  0.0000E+00  0.0000E+00  0.0000E+00  0.0000E+00  0.0000E+00  0.3000E-02  0.5000E-02  0.3500E-02  0.3000E-02  0.8500E-02  0.8000E-02  0.6000E-02  0.6000E-02  0.6500E-02  0.0000E+00  0.4000E-02  0.0000E+00  0.2000E-02  0.1000E-02  0.1000E-02  0.3000E-02  0.5500E-02  0.2500E-02  0.5500E-02  0.6000E-02  0.0000E+00  0.0000E+00  0.0000E+00  0.0000E+00  0.1400E-01  0.1400E-01  0.1550E-01  0.9000E-02  0.0000E+00  0.0000E+00  0.0000E+00  0.0000E+00  0.3500E-02  0.3000E-02  0.6500E-02  0.2500E-02  0.0000E+00  0.0000E+00  0.1500E-02  0.0000E+00  0.5000E-03  0.5000E-03  0.0000E+00  0.0000E+00  0.8000E-02  0.7500E-02  0.7000E-02  0.8000E-02  0.1500E-02  0.0000E+00  0.1500E-02  0.0000E+00  0.1500E-02  0.5000E-03  0.0000E+00  0.0000E+00
  0.7000E-02  0.0000E+00  0.1050E-01  0.0000E+00  0.0000E+00  0.0000E+00  0.0000E+00  0.0000E+00  0.0000E+00  0.0000E+00  0.0000E+00  0.0000E+00  0.0000E+00  0.0000E+00  0.0000E+00  0.0000E+00  0.0000E+00  0.0000E+00  0.0000E+00  0.0000E+00  0.0000E+00  0.0000E+00  0.0000E+00  0.0000E+00  0.0000E+00  0.0000E+00  0.0000E+00  0.0000E+00  0.0000E+00  0.0000E+00  0.0000E+00  0.0000E+00  0.4500E-02  0.0000E+00  0.2500E-02  0.0000E+00  0.0000E+00  0.0000E+00  0.0000E+00  0.0000E+00  0.0000E+00  0.0000E+00  0.0000E+00  0.0000E+00  0.0000E+00  0.0000E+00  0.0000E+00  0.0000E+00  0.0000E+00  0.0000E+00  0.0000E+00  0.0000E+00  0.0000E+00  0.0000E+00  0.0000E+00  0.0000E+00  0.0000E+00  0.0000E+00  0.0000E+00  0.0000E+00  0.0000E+00  0.0000E+00  0.5000E-03  0.0000E+00  0.0000E+00  0.0000E+00  0.0000E+00  0.0000E+00  0.0000E+00  0.0000E+00  0.0000E+00  0.0000E+00  0.1500E-02  0.0000E+00  0.1500E-02  0.0000E+00  0.0000E+00  0.0000E+00  0.0000E+00  0.0000E+00
 Events:
          16           0          14           0           1           7           4           2         102         115         108          91          17          19          19          24           0           0           0           0           0           0           0           0          11           8          10          12          16          14          15          20           6           0           6           0           3           8           3           4          10           3           8          10           0           0           0           0          27          32          21          23           0           0           0           0          12          11          11          15           0           0           0           0           3           0           0           0          12          19          13          15           0           0           1           0           1           2           1           3
          28           0          14           0           0           0           0           0           0           0           0           0           0           0           0           0           0           0           0           0           0           0           0           0           0           0           0           0           0           0           0           0          12           0           9           0           0           0           0           0           0           0           0           0           0           0           0           0           0           0           0           0           0           0           0           0           0           0           0           0           2           0           0           0           0           0           0           0           0           0           0           0           0           0           6           0           0           0           0           0
          22           0          15           0           2           5           2           3         122         107         114         100          18          27          19          17           0           0           0           0           0           0           0           0           6          10           7           6          17          16          12          12          13           0           8           0           4           2           2           6          11           5          11          12           0           0           0           0          28          28          31          18           0           0           0           0           7           6          13           5           0           0           3           0           1           1           0           0          16          15          14          16           3           0           3           0           3           1           0           0
          14           0          21           0           0           0           0           0           0           0           0           0           0           0           0           0           0           0           0           0           0           0           0           0           0           0           0           0           0           0           0           0           9           0           5           0           0           0           0           0           0           0           0           0           0           0           0           0           0           0           0           0           0           0           0           0           0           0           0           0           0           0           1           0           0           0           0           0           0           0           0           0           3           0           3           0           0           0           0           0
 Iteration  3   Mean: 0.1185E-04 Abs mean: 0.1185E-04   Fluctuation:  0.822E-06   0.103E-02    22.7%
  3    0.1185E-04 0.1185E-04 +- 0.8225E-06      4.39
 Relative summed weights:
  0.4108E-01  0.0000E+00  0.1230E-02  0.0000E+00  0.1109E-02  0.3718E-02  0.8258E-03  0.4991E-03  0.5676E-01  0.4502E-01  0.8932E-01  0.5850E-01  0.2269E-02  0.1276E-01  0.3701E-02  0.4703E-02  0.0000E+00  0.0000E+00  0.0000E+00  0.0000E+00  0.0000E+00  0.0000E+00  0.0000E+00  0.0000E+00  0.1796E-02  0.1751E-02  0.2592E-02  0.6967E-02  0.9861E-02  0.3280E-01  0.7661E-02  0.9706E-02  0.4139E-02  0.0000E+00  0.5710E-02  0.0000E+00  0.1177E-02  0.4674E-02  0.3939E-03  0.4505E-03  0.1318E-02  0.1913E-02  0.3207E-02  0.5124E-02  0.0000E+00  0.0000E+00  0.0000E+00  0.0000E+00  0.3537E-02  0.1360E-01  0.3041E-02  0.1094E-01  0.0000E+00  0.0000E+00  0.0000E+00  0.0000E+00  0.2226E-01  0.4244E-02  0.1545E-02  0.2904E-02  0.4358E-04  0.0000E+00  0.1288E-05  0.0000E+00  0.2826E-04  0.3998E-04  0.0000E+00  0.8526E-03  0.4066E-02  0.5900E-02  0.4382E-02  0.8423E-02  0.8602E-06  0.0000E+00  0.6254E-04  0.0000E+00  0.0000E+00  0.6275E-04  0.1621E-04  0.7917E-04
  0.3499E-02  0.0000E+00  0.3311E-02  0.0000E+00  0.0000E+00  0.0000E+00  0.0000E+00  0.0000E+00  0.0000E+00  0.0000E+00  0.0000E+00  0.0000E+00  0.0000E+00  0.0000E+00  0.0000E+00  0.0000E+00  0.0000E+00  0.0000E+00  0.0000E+00  0.0000E+00  0.0000E+00  0.0000E+00  0.0000E+00  0.0000E+00  0.0000E+00  0.0000E+00  0.0000E+00  0.0000E+00  0.0000E+00  0.0000E+00  0.0000E+00  0.0000E+00  0.5181E-02  0.0000E+00  0.9608E-02  0.0000E+00  0.0000E+00  0.0000E+00  0.0000E+00  0.0000E+00  0.0000E+00  0.0000E+00  0.0000E+00  0.0000E+00  0.0000E+00  0.0000E+00  0.0000E+00  0.0000E+00  0.0000E+00  0.0000E+00  0.0000E+00  0.0000E+00  0.0000E+00  0.0000E+00  0.0000E+00  0.0000E+00  0.0000E+00  0.0000E+00  0.0000E+00  0.0000E+00  0.1107E-03  0.0000E+00  0.2888E-03  0.0000E+00  0.0000E+00  0.0000E+00  0.0000E+00  0.0000E+00  0.0000E+00  0.0000E+00  0.0000E+00  0.0000E+00  0.1090E-03  0.0000E+00  0.6243E-03  0.0000E+00  0.0000E+00  0.0000E+00  0.0000E+00  0.0000E+00
  0.4458E-02  0.0000E+00  0.2668E-01  0.0000E+00  0.5348E-03  0.7861E-02  0.1285E-02  0.1160E-01  0.6913E-01  0.3472E-01  0.3929E-01  0.5310E-01  0.2944E-02  0.5282E-02  0.9727E-02  0.8868E-02  0.0000E+00  0.0000E+00  0.0000E+00  0.0000E+00  0.0000E+00  0.0000E+00  0.0000E+00  0.0000E+00  0.2792E-02  0.5907E-03  0.6959E-03  0.6325E-03  0.4017E-02  0.1773E-01  0.6194E-02  0.2674E-01  0.9047E-02  0.0000E+00  0.1331E-01  0.0000E+00  0.2337E-02  0.2319E-03  0.9317E-03  0.6511E-03  0.6888E-02  0.1022E-02  0.1532E-02  0.1099E-01  0.0000E+00  0.0000E+00  0.0000E+00  0.0000E+00  0.2438E-02  0.8854E-02  0.2890E-02  0.1387E-02  0.0000E+00  0.0000E+00  0.0000E+00  0.0000E+00  0.2802E-02  0.1027E-02  0.2951E-02  0.2465E-02  0.3288E-03  0.0000E+00  0.1215E-03  0.0000E+00  0.8865E-04  0.2064E-02  0.4353E-04  0.3829E-03  0.1512E-01  0.2285E-02  0.7969E-02  0.2573E-02  0.2412E-03  0.0000E+00  0.7488E-06  0.0000E+00  0.3623E-03  0.7749E-03  0.5339E-03  0.2518E-03
  0.1186E-01  0.0000E+00  0.9130E-02  0.0000E+00  0.0000E+00  0.0000E+00  0.0000E+00  0.0000E+00  0.0000E+00  0.0000E+00  0.0000E+00  0.0000E+00  0.0000E+00  0.0000E+00  0.0000E+00  0.0000E+00  0.0000E+00  0.0000E+00  0.0000E+00  0.0000E+00  0.0000E+00  0.0000E+00  0.0000E+00  0.0000E+00  0.0000E+00  0.0000E+00  0.0000E+00  0.0000E+00  0.0000E+00  0.0000E+00  0.0000E+00  0.0000E+00  0.6913E-02  0.0000E+00  0.3042E-03  0.0000E+00  0.0000E+00  0.0000E+00  0.0000E+00  0.0000E+00  0.0000E+00  0.0000E+00  0.0000E+00  0.0000E+00  0.0000E+00  0.0000E+00  0.0000E+00  0.0000E+00  0.0000E+00  0.0000E+00  0.0000E+00  0.0000E+00  0.0000E+00  0.0000E+00  0.0000E+00  0.0000E+00  0.0000E+00  0.0000E+00  0.0000E+00  0.0000E+00  0.5303E-05  0.0000E+00  0.3866E-04  0.0000E+00  0.0000E+00  0.0000E+00  0.0000E+00  0.0000E+00  0.0000E+00  0.0000E+00  0.0000E+00  0.0000E+00  0.2254E-03  0.0000E+00  0.2478E-03  0.0000E+00  0.0000E+00  0.0000E+00  0.0000E+00  0.0000E+00
 Relative number of events:
  0.8000E-02  0.0000E+00  0.7500E-02  0.0000E+00  0.2250E-02  0.3750E-02  0.2500E-02  0.1500E-02  0.5575E-01  0.5050E-01  0.5400E-01  0.5475E-01  0.1075E-01  0.1150E-01  0.1150E-01  0.1100E-01  0.0000E+00  0.0000E+00  0.0000E+00  0.0000E+00  0.0000E+00  0.0000E+00  0.0000E+00  0.0000E+00  0.2250E-02  0.5000E-02  0.4000E-02  0.3000E-02  0.9000E-02  0.9500E-02  0.6500E-02  0.1075E-01  0.3250E-02  0.0000E+00  0.4750E-02  0.0000E+00  0.5000E-03  0.1500E-02  0.1750E-02  0.1250E-02  0.4000E-02  0.4250E-02  0.4250E-02  0.4250E-02  0.0000E+00  0.0000E+00  0.0000E+00  0.0000E+00  0.1225E-01  0.1075E-01  0.1475E-01  0.1225E-01  0.0000E+00  0.0000E+00  0.0000E+00  0.0000E+00  0.6000E-02  0.8500E-02  0.6000E-02  0.6000E-02  0.2500E-03  0.0000E+00  0.2500E-03  0.0000E+00  0.5000E-03  0.7500E-03  0.0000E+00  0.2500E-03  0.6250E-02  0.9250E-02  0.6750E-02  0.5000E-02  0.2500E-03  0.0000E+00  0.1000E-02  0.0000E+00  0.0000E+00  0.5000E-03  0.5000E-03  0.7500E-03
  0.8750E-02  0.0000E+00  0.6000E-02  0.0000E+00  0.0000E+00  0.0000E+00  0.0000E+00  0.0000E+00  0.0000E+00  0.0000E+00  0.0000E+00  0.0000E+00  0.0000E+00  0.0000E+00  0.0000E+00  0.0000E+00  0.0000E+00  0.0000E+00  0.0000E+00  0.0000E+00  0.0000E+00  0.0000E+00  0.0000E+00  0.0000E+00  0.0000E+00  0.0000E+00  0.0000E+00  0.0000E+00  0.0000E+00  0.0000E+00  0.0000E+00  0.0000E+00  0.3250E-02  0.0000E+00  0.5000E-02  0.0000E+00  0.0000E+00  0.0000E+00  0.0000E+00  0.0000E+00  0.0000E+00  0.0000E+00  0.0000E+00  0.0000E+00  0.0000E+00  0.0000E+00  0.0000E+00  0.0000E+00  0.0000E+00  0.0000E+00  0.0000E+00  0.0000E+00  0.0000E+00  0.0000E+00  0.0000E+00  0.0000E+00  0.0000E+00  0.0000E+00  0.0000E+00  0.0000E+00  0.2500E-03  0.0000E+00  0.7500E-03  0.0000E+00  0.0000E+00  0.0000E+00  0.0000E+00  0.0000E+00  0.0000E+00  0.0000E+00  0.0000E+00  0.0000E+00  0.7500E-03  0.0000E+00  0.1250E-02  0.0000E+00  0.0000E+00  0.0000E+00  0.0000E+00  0.0000E+00
  0.7250E-02  0.0000E+00  0.8750E-02  0.0000E+00  0.1500E-02  0.3500E-02  0.7500E-03  0.2750E-02  0.5400E-01  0.5050E-01  0.5275E-01  0.4875E-01  0.1250E-01  0.1100E-01  0.1200E-01  0.1225E-01  0.0000E+00  0.0000E+00  0.0000E+00  0.0000E+00  0.0000E+00  0.0000E+00  0.0000E+00  0.0000E+00  0.5250E-02  0.3250E-02  0.4750E-02  0.3500E-02  0.9500E-02  0.1125E-01  0.1000E-01  0.1075E-01  0.4750E-02  0.0000E+00  0.4250E-02  0.0000E+00  0.3000E-02  0.1250E-02  0.2500E-02  0.2500E-02  0.5250E-02  0.6000E-02  0.4250E-02  0.4750E-02  0.0000E+00  0.0000E+00  0.0000E+00  0.0000E+00  0.1100E-01  0.1200E-01  0.1150E-01  0.8000E-02  0.0000E+00  0.0000E+00  0.0000E+00  0.0000E+00  0.6500E-02  0.4250E-02  0.3750E-02  0.6250E-02  0.2500E-03  0.0000E+00  0.5000E-03  0.0000E+00  0.5000E-03  0.5000E-03  0.2500E-03  0.2500E-03  0.6500E-02  0.7250E-02  0.7750E-02  0.6000E-02  0.1250E-02  0.0000E+00  0.2500E-03  0.0000E+00  0.1000E-02  0.1250E-02  0.1250E-02  0.5000E-03
  0.1025E-01  0.0000E+00  0.9250E-02  0.0000E+00  0.0000E+00  0.0000E+00  0.0000E+00  0.0000E+00  0.0000E+00  0.0000E+00  0.0000E+00  0.0000E+00  0.0000E+00  0.0000E+00  0.0000E+00  0.0000E+00  0.0000E+00  0.0000E+00  0.0000E+00  0.0000E+00  0.0000E+00  0.0000E+00  0.0000E+00  0.0000E+00  0.0000E+00  0.0000E+00  0.0000E+00  0.0000E+00  0.0000E+00  0.0000E+00  0.0000E+00  0.0000E+00  0.1750E-02  0.0000E+00  0.2750E-02  0.0000E+00  0.0000E+00  0.0000E+00  0.0000E+00  0.0000E+00  0.0000E+00  0.0000E+00  0.0000E+00  0.0000E+00  0.0000E+00  0.0000E+00  0.0000E+00  0.0000E+00  0.0000E+00  0.0000E+00  0.0000E+00  0.0000E+00  0.0000E+00  0.0000E+00  0.0000E+00  0.0000E+00  0.0000E+00  0.0000E+00  0.0000E+00  0.0000E+00  0.5000E-03  0.0000E+00  0.2500E-03  0.0000E+00  0.0000E+00  0.0000E+00  0.0000E+00  0.0000E+00  0.0000E+00  0.0000E+00  0.0000E+00  0.0000E+00  0.1000E-02  0.0000E+00  0.1000E-02  0.0000E+00  0.0000E+00  0.0000E+00  0.0000E+00  0.0000E+00
 Events:
          32           0          30           0           9          15          10           6         223         202         216         219          43          46          46          44           0           0           0           0           0           0           0           0           9          20          16          12          36          38          26          43          13           0          19           0           2           6           7           5          16          17          17          17           0           0           0           0          49          43          59          49           0           0           0           0          24          34          24          24           1           0           1           0           2           3           0           1          25          37          27          20           1           0           4           0           0           2           2           3
          35           0          24           0           0           0           0           0           0           0           0           0           0           0           0           0           0           0           0           0           0           0           0           0           0           0           0           0           0           0           0           0          13           0          20           0           0           0           0           0           0           0           0           0           0           0           0           0           0           0           0           0           0           0           0           0           0           0           0           0           1           0           3           0           0           0           0           0           0           0           0           0           3           0           5           0           0           0           0           0
          29           0          35           0           6          14           3          11         216         202         211         195          50          44          48          49           0           0           0           0           0           0           0           0          21          13          19          14          38          45          40          43          19           0          17           0          12           5          10          10          21          24          17          19           0           0           0           0          44          48          46          32           0           0           0           0          26          17          15          25           1           0           2           0           2           2           1           1          26          29          31          24           5           0           1           0           4           5           5           2
          41           0          37           0           0           0           0           0           0           0           0           0           0           0           0           0           0           0           0           0           0           0           0           0           0           0           0           0           0           0           0           0           7           0          11           0           0           0           0           0           0           0           0           0           0           0           0           0           0           0           0           0           0           0           0           0           0           0           0           0           2           0           1           0           0           0           0           0           0           0           0           0           4           0           4           0           0           0           0           0
 Accuracy:    0.106   0.100   0.061   2.949
 Found          552  events.
 Wrote           67  events.
 Actual xsec    1.2614292756664305E-005
 Correct abs xsec    1.2614292756664305E-005
 Event xsec    1.2614292756664341E-005
 Events wgts > 1:            3
 % Cross section > 1:    7.9259943965144692E-008  0.62833442583033716     
 Iteration  4   Mean: 0.1185E-04 Abs mean: 0.1185E-04   Fluctuation:  0.731E-06   0.432E-02    24.9%
  4    0.1185E-04 0.1185E-04 +- 0.7307E-06      5.52
 Relative summed weights:
  0.4299E-02  0.0000E+00  0.1231E-01  0.0000E+00  0.1017E-02  0.4745E-03  0.4451E-02  0.7344E-03  0.8166E-01  0.6606E-01  0.1220E+00  0.5347E-01  0.4924E-02  0.7839E-02  0.3090E-02  0.5393E-02  0.0000E+00  0.0000E+00  0.0000E+00  0.0000E+00  0.0000E+00  0.0000E+00  0.0000E+00  0.0000E+00  0.5592E-03  0.1283E-02  0.1080E-02  0.9236E-03  0.1001E-01  0.1250E-01  0.1368E-01  0.1185E-01  0.3540E-02  0.0000E+00  0.5673E-02  0.0000E+00  0.4545E-02  0.6959E-03  0.1838E-03  0.2031E-02  0.9357E-02  0.7978E-02  0.4660E-02  0.3714E-02  0.0000E+00  0.0000E+00  0.0000E+00  0.0000E+00  0.6139E-02  0.5592E-02  0.4528E-02  0.4433E-02  0.0000E+00  0.0000E+00  0.0000E+00  0.0000E+00  0.2176E-02  0.9454E-03  0.4386E-02  0.1839E-02  0.1675E-04  0.0000E+00  0.3296E-03  0.0000E+00  0.3387E-03  0.2930E-03  0.3971E-03  0.2993E-05  0.6148E-02  0.7898E-02  0.4928E-02  0.5644E-02  0.4467E-04  0.0000E+00  0.5732E-03  0.0000E+00  0.9078E-03  0.6653E-03  0.1530E-02  0.3970E-03
  0.6733E-02  0.0000E+00  0.3483E-02  0.0000E+00  0.0000E+00  0.0000E+00  0.0000E+00  0.0000E+00  0.0000E+00  0.0000E+00  0.0000E+00  0.0000E+00  0.0000E+00  0.0000E+00  0.0000E+00  0.0000E+00  0.0000E+00  0.0000E+00  0.0000E+00  0.0000E+00  0.0000E+00  0.0000E+00  0.0000E+00  0.0000E+00  0.0000E+00  0.0000E+00  0.0000E+00  0.0000E+00  0.0000E+00  0.0000E+00  0.0000E+00  0.0000E+00  0.3359E-02  0.0000E+00  0.2907E-02  0.0000E+00  0.0000E+00  0.0000E+00  0.0000E+00  0.0000E+00  0.0000E+00  0.0000E+00  0.0000E+00  0.0000E+00  0.0000E+00  0.0000E+00  0.0000E+00  0.0000E+00  0.0000E+00  0.0000E+00  0.0000E+00  0.0000E+00  0.0000E+00  0.0000E+00  0.0000E+00  0.0000E+00  0.0000E+00  0.0000E+00  0.0000E+00  0.0000E+00  0.1667E-03  0.0000E+00  0.6689E-05  0.0000E+00  0.0000E+00  0.0000E+00  0.0000E+00  0.0000E+00  0.0000E+00  0.0000E+00  0.0000E+00  0.0000E+00  0.7762E-03  0.0000E+00  0.6129E-03  0.0000E+00  0.0000E+00  0.0000E+00  0.0000E+00  0.0000E+00
  0.6409E-02  0.0000E+00  0.1370E-01  0.0000E+00  0.4648E-02  0.3715E-02  0.1003E-02  0.1212E-02  0.5374E-01  0.4911E-01  0.5808E-01  0.4899E-01  0.1149E-01  0.5207E-02  0.3914E-02  0.5906E-02  0.0000E+00  0.0000E+00  0.0000E+00  0.0000E+00  0.0000E+00  0.0000E+00  0.0000E+00  0.0000E+00  0.1497E-02  0.2886E-03  0.2231E-02  0.4242E-02  0.5927E-02  0.5487E-02  0.6200E-02  0.8951E-02  0.5723E-02  0.0000E+00  0.3247E-02  0.0000E+00  0.6972E-02  0.4431E-03  0.1280E-02  0.4168E-02  0.6578E-02  0.2668E-02  0.2303E-02  0.9965E-02  0.0000E+00  0.0000E+00  0.0000E+00  0.0000E+00  0.1312E-01  0.5281E-02  0.6246E-02  0.3986E-02  0.0000E+00  0.0000E+00  0.0000E+00  0.0000E+00  0.8699E-02  0.3164E-02  0.3103E-02  0.1932E-02  0.1548E-03  0.0000E+00  0.1293E-03  0.0000E+00  0.4378E-03  0.1771E-03  0.8269E-04  0.3777E-03  0.3649E-02  0.7736E-02  0.8657E-02  0.6802E-02  0.3773E-03  0.0000E+00  0.9035E-04  0.0000E+00  0.1496E-02  0.8795E-03  0.7076E-03  0.2869E-02
  0.4042E-02  0.0000E+00  0.2197E-01  0.0000E+00  0.0000E+00  0.0000E+00  0.0000E+00  0.0000E+00  0.0000E+00  0.0000E+00  0.0000E+00  0.0000E+00  0.0000E+00  0.0000E+00  0.0000E+00  0.0000E+00  0.0000E+00  0.0000E+00  0.0000E+00  0.0000E+00  0.0000E+00  0.0000E+00  0.0000E+00  0.0000E+00  0.0000E+00  0.0000E+00  0.0000E+00  0.0000E+00  0.0000E+00  0.0000E+00  0.0000E+00  0.0000E+00  0.2226E-02  0.0000E+00  0.4055E-02  0.0000E+00  0.0000E+00  0.0000E+00  0.0000E+00  0.0000E+00  0.0000E+00  0.0000E+00  0.0000E+00  0.0000E+00  0.0000E+00  0.0000E+00  0.0000E+00  0.0000E+00  0.0000E+00  0.0000E+00  0.0000E+00  0.0000E+00  0.0000E+00  0.0000E+00  0.0000E+00  0.0000E+00  0.0000E+00  0.0000E+00  0.0000E+00  0.0000E+00  0.2158E-03  0.0000E+00  0.2106E-03  0.0000E+00  0.0000E+00  0.0000E+00  0.0000E+00  0.0000E+00  0.0000E+00  0.0000E+00  0.0000E+00  0.0000E+00  0.2124E-03  0.0000E+00  0.1420E-02  0.0000E+00  0.0000E+00  0.0000E+00  0.0000E+00  0.0000E+00
 Relative number of events:
  0.7500E-02  0.0000E+00  0.8500E-02  0.0000E+00  0.1750E-02  0.1625E-02  0.2125E-02  0.1875E-02  0.5500E-01  0.5800E-01  0.5650E-01  0.5013E-01  0.1213E-01  0.1275E-01  0.1100E-01  0.1100E-01  0.0000E+00  0.0000E+00  0.0000E+00  0.0000E+00  0.0000E+00  0.0000E+00  0.0000E+00  0.0000E+00  0.2625E-02  0.4000E-02  0.2375E-02  0.4000E-02  0.9125E-02  0.9625E-02  0.8875E-02  0.8250E-02  0.3875E-02  0.0000E+00  0.3500E-02  0.0000E+00  0.1750E-02  0.1375E-02  0.8750E-03  0.1750E-02  0.4125E-02  0.5000E-02  0.5750E-02  0.5250E-02  0.0000E+00  0.0000E+00  0.0000E+00  0.0000E+00  0.1225E-01  0.1300E-01  0.1275E-01  0.1250E-01  0.0000E+00  0.0000E+00  0.0000E+00  0.0000E+00  0.5875E-02  0.5250E-02  0.6375E-02  0.5250E-02  0.1250E-03  0.0000E+00  0.3750E-03  0.0000E+00  0.3750E-03  0.3750E-03  0.5000E-03  0.1250E-03  0.6500E-02  0.7000E-02  0.6500E-02  0.6875E-02  0.5000E-03  0.0000E+00  0.1000E-02  0.0000E+00  0.7500E-03  0.7500E-03  0.8750E-03  0.8750E-03
  0.7375E-02  0.0000E+00  0.9500E-02  0.0000E+00  0.0000E+00  0.0000E+00  0.0000E+00  0.0000E+00  0.0000E+00  0.0000E+00  0.0000E+00  0.0000E+00  0.0000E+00  0.0000E+00  0.0000E+00  0.0000E+00  0.0000E+00  0.0000E+00  0.0000E+00  0.0000E+00  0.0000E+00  0.0000E+00  0.0000E+00  0.0000E+00  0.0000E+00  0.0000E+00  0.0000E+00  0.0000E+00  0.0000E+00  0.0000E+00  0.0000E+00  0.0000E+00  0.4500E-02  0.0000E+00  0.4500E-02  0.0000E+00  0.0000E+00  0.0000E+00  0.0000E+00  0.0000E+00  0.0000E+00  0.0000E+00  0.0000E+00  0.0000E+00  0.0000E+00  0.0000E+00  0.0000E+00  0.0000E+00  0.0000E+00  0.0000E+00  0.0000E+00  0.0000E+00  0.0000E+00  0.0000E+00  0.0000E+00  0.0000E+00  0.0000E+00  0.0000E+00  0.0000E+00  0.0000E+00  0.6250E-03  0.0000E+00  0.1250E-03  0.0000E+00  0.0000E+00  0.0000E+00  0.0000E+00  0.0000E+00  0.0000E+00  0.0000E+00  0.0000E+00  0.0000E+00  0.7500E-03  0.0000E+00  0.1500E-02  0.0000E+00  0.0000E+00  0.0000E+00  0.0000E+00  0.0000E+00
  0.8125E-02  0.0000E+00  0.9375E-02  0.0000E+00  0.2875E-02  0.1750E-02  0.2125E-02  0.1875E-02  0.5287E-01  0.5425E-01  0.5125E-01  0.5125E-01  0.9875E-02  0.9500E-02  0.1087E-01  0.1275E-01  0.0000E+00  0.0000E+00  0.0000E+00  0.0000E+00  0.0000E+00  0.0000E+00  0.0000E+00  0.0000E+00  0.3125E-02  0.2125E-02  0.2750E-02  0.4625E-02  0.8875E-02  0.8875E-02  0.8250E-02  0.9500E-02  0.3875E-02  0.0000E+00  0.4500E-02  0.0000E+00  0.1500E-02  0.1625E-02  0.1125E-02  0.2000E-02  0.4500E-02  0.2500E-02  0.3750E-02  0.4500E-02  0.0000E+00  0.0000E+00  0.0000E+00  0.0000E+00  0.1087E-01  0.1438E-01  0.1400E-01  0.1137E-01  0.0000E+00  0.0000E+00  0.0000E+00  0.0000E+00  0.5875E-02  0.7500E-02  0.5750E-02  0.4750E-02  0.5000E-03  0.0000E+00  0.6250E-03  0.0000E+00  0.8750E-03  0.5000E-03  0.1250E-03  0.5000E-03  0.6250E-02  0.7000E-02  0.6750E-02  0.8000E-02  0.1125E-02  0.0000E+00  0.6250E-03  0.0000E+00  0.6250E-03  0.1000E-02  0.8750E-03  0.1000E-02
  0.7375E-02  0.0000E+00  0.8875E-02  0.0000E+00  0.0000E+00  0.0000E+00  0.0000E+00  0.0000E+00  0.0000E+00  0.0000E+00  0.0000E+00  0.0000E+00  0.0000E+00  0.0000E+00  0.0000E+00  0.0000E+00  0.0000E+00  0.0000E+00  0.0000E+00  0.0000E+00  0.0000E+00  0.0000E+00  0.0000E+00  0.0000E+00  0.0000E+00  0.0000E+00  0.0000E+00  0.0000E+00  0.0000E+00  0.0000E+00  0.0000E+00  0.0000E+00  0.2375E-02  0.0000E+00  0.3875E-02  0.0000E+00  0.0000E+00  0.0000E+00  0.0000E+00  0.0000E+00  0.0000E+00  0.0000E+00  0.0000E+00  0.0000E+00  0.0000E+00  0.0000E+00  0.0000E+00  0.0000E+00  0.0000E+00  0.0000E+00  0.0000E+00  0.0000E+00  0.0000E+00  0.0000E+00  0.0000E+00  0.0000E+00  0.0000E+00  0.0000E+00  0.0000E+00  0.0000E+00  0.3750E-03  0.0000E+00  0.2500E-03  0.0000E+00  0.0000E+00  0.0000E+00  0.0000E+00  0.0000E+00  0.0000E+00  0.0000E+00  0.0000E+00  0.0000E+00  0.8750E-03  0.0000E+00  0.7500E-03  0.0000E+00  0.0000E+00  0.0000E+00  0.0000E+00  0.0000E+00
 Events:
          60           0          68           0          14          13          17          15         440         464         452         401          97         102          88          88           0           0           0           0           0           0           0           0          21          32          19          32          73          77          71          66          31           0          28           0          14          11           7          14          33          40          46          42           0           0           0           0          98         104         102         100           0           0           0           0          47          42          51          42           1           0           3           0           3           3           4           1          52          56          52          55           4           0           8           0           6           6           7           7
          59           0          76           0           0           0           0           0           0           0           0           0           0           0           0           0           0           0           0           0           0           0           0           0           0           0           0           0           0           0           0           0          36           0          36           0           0           0           0           0           0           0           0           0           0           0           0           0           0           0           0           0           0           0           0           0           0           0           0           0           5           0           1           0           0           0           0           0           0           0           0           0           6           0          12           0           0           0           0           0
          65           0          75           0          23          14          17          15         423         434         410         410          79          76          87         102           0           0           0           0           0           0           0           0          25          17          22          37          71          71          66          76          31           0          36           0          12          13           9          16          36          20          30          36           0           0           0           0          87         115         112          91           0           0           0           0          47          60          46          38           4           0           5           0           7           4           1           4          50          56          54          64           9           0           5           0           5           8           7           8
          59           0          71           0           0           0           0           0           0           0           0           0           0           0           0           0           0           0           0           0           0           0           0           0           0           0           0           0           0           0           0           0          19           0          31           0           0           0           0           0           0           0           0           0           0           0           0           0           0           0           0           0           0           0           0           0           0           0           0           0           3           0           2           0           0           0           0           0           0           0           0           0           7           0           6           0           0           0           0           0
 Accuracy:    0.066   0.100   0.044   2.265
 Finished due to accuracy    6.5504429837165493E-002  0.10000000000000001     

 -------------------------------------------------------------------------------
 Accumulated results:   Integral =  0.1223E-04
                        Std dev  =  0.5324E-06
                       Cross sec =  0.1223E-04
             Chi**2 per DoF.     =      2.2646
 -------------------------------------------------------------------------------
 Found         1603  events.
 Wrote           29  events.
 Actual xsec    1.2127921061797239E-005
 Correct abs xsec    1.2127921061797239E-005
 Event xsec    1.2127921061797232E-005
 Events wgts > 1:            1
 % Cross section > 1:    1.0055348430125380E-013   8.2910734485233208E-007
-------------------------------------------------
---------------------------
 Results Last   3 iters: Integral =   0.1213E-04
                     Abs integral =   0.1213E-04
                          Std dev =   0.5480E-06
                  Chi**2 per DoF. =      1.3943
-------------------------------------------------
---------------------------
 Status  0.10000000000000001                5           7

ls status:
events.lhe
ftn26
input_app.txt
input_sg.txt
moffset.dat
results.dat
run1_app.log
run_01_log.txt
run_02_log.txt
run_03_log.txt
