 Process in group number            2
 A PDF is used, so alpha_s(MZ) is going to be modified
 Old value of alpha_s from param_card:   0.13000000000000003     
  ****************************************
 
       NNPDFDriver version 1.0.3
   Grid: NNPDF23_lo_as_0130_qed_mem0.grid
  ****************************************
 New value of alpha_s from PDF nn23lo1:  0.13000000000000000     
 Warning! ptj set to xqcut=   20.000000000000000       to improve integration efficiency
 Note that this might affect non-radiated jets,
 e.g. from decays. Use cut_decays=F in run_card.
 Warning! mmjj set to xqcut=   20.000000000000000       to improve integration efficiency
 Note that this might affect non-radiated jets,
 e.g. from decays. Use cut_decays=F in run_card.
 Define smin to   8000.0000000000000     
 Define smin to   8000.0000000000000     
 Define smin to   8000.0000000000000     
 Define smin to   8000.0000000000000     
 *****************************************************
 *               MadGraph/MadEvent                   *
 *        --------------------------------           *
 *          http://madgraph.hep.uiuc.edu             *
 *          http://madgraph.phys.ucl.ac.be           *
 *          http://madgraph.roma2.infn.it            *
 *        --------------------------------           *
 *                                                   *
 *          PARAMETER AND COUPLING VALUES            *
 *                                                   *
 *****************************************************

  External Params
  ---------------------------------
  
 aEWM1 =    132.50700000000001     
 mdl_Gf =    1.1663900000000000E-005
 aS =   0.13000000000000003     
 mdl_ymb =    4.7000000000000002     
 mdl_ymt =    173.00000000000000     
 mdl_ymtau =    1.7769999999999999     
 mdl_MZ =    91.188000000000002     
 mdl_MT =    173.00000000000000     
 mdl_MB =    4.7000000000000002     
 mdl_MH =    125.00000000000000     
 mdl_MTA =    1.7769999999999999     
 mdl_WZ =    2.4414039999999999     
 mdl_WW =    2.0476000000000001     
 mdl_WT =    1.4915000000000000     
 mdl_WH =    6.3823389999999999E-003
  Internal Params
  ---------------------------------
  
 mdl_conjg__CKM3x3 =    1.0000000000000000     
 mdl_conjg__CKM1x1 =    1.0000000000000000     
 mdl_CKM3x3 =    1.0000000000000000     
 mdl_complexi =                (0.0000000000000000,1.0000000000000000)
 mdl_MZ__exp__2 =    8315.2513440000002     
 mdl_MZ__exp__4 =    69143404.913893804     
 mdl_sqrt__2 =    1.4142135623730951     
 mdl_MH__exp__2 =    15625.000000000000     
 mdl_aEW =    7.5467711139788835E-003
 mdl_MW =    80.419002445756163     
 mdl_sqrt__aEW =    8.6872153846781555E-002
 mdl_ee =   0.30795376724436879     
 mdl_MW__exp__2 =    6467.2159543705357     
 mdl_sw2 =   0.22224648578577766     
 mdl_cw =   0.88190334743339216     
 mdl_sqrt__sw2 =   0.47143025548407230     
 mdl_sw =   0.47143025548407230     
 mdl_g1 =   0.34919219678733299     
 mdl_gw =   0.65323293034757990     
 mdl_vev =    246.21845810181637     
 mdl_vev__exp__2 =    60623.529110035903     
 mdl_lam =   0.12886910601690263     
 mdl_yb =    2.6995554250465490E-002
 mdl_yt =   0.99366614581500623     
 mdl_ytau =    1.0206617000654717E-002
 mdl_muH =    88.388347648318430     
 mdl_I1x33 =          (2.69955542504654901E-002,0.0000000000000000)
 mdl_I2x33 =               (0.99366614581500623,0.0000000000000000)
 mdl_I3x33 =               (0.99366614581500623,0.0000000000000000)
 mdl_I4x33 =          (2.69955542504654901E-002,0.0000000000000000)
 mdl_ee__exp__2 =    9.4835522759998875E-002
 mdl_sw__exp__2 =   0.22224648578577769     
 mdl_cw__exp__2 =   0.77775351421422245     
  Internal Params evaluated point by point
  ----------------------------------------
  
 mdl_sqrt__aS =   0.36055512754639896     
 mdl_G__exp__2 =    1.6336281798666927     
  Couplings of sm
  ---------------------------------
  
        GC_10 =  -0.12781E+01   0.00000E+00
        GC_11 =   0.00000E+00   0.12781E+01
        GC_50 =  -0.00000E+00  -0.28804E+00
        GC_58 =  -0.00000E+00  -0.27437E-01
        GC_59 =   0.00000E+00   0.82310E-01

 Collider parameters:
 --------------------

 Running at P P   machine @    13000.000000000000       GeV
 PDF set = nn23lo1
 alpha_s(Mz)= 0.1300 running at 2 loops.
 alpha_s(Mz)= 0.1300 running at 2 loops.
 Renormalization scale set on event-by-event basis
 Factorization   scale set on event-by-event basis


 getting user params
Enter number of events and max and min iterations: 
 Number of events and iterations         1000           5           3
Enter desired fractional accuracy: 
 Desired fractional accuracy:   0.10000000000000001     
Enter 0 for fixed, 2 for adjustable grid: 
Suppress amplitude (0 no, 1 yes)? 
 Using suppressed amplitude.
Exact helicity sum (0 yes, n = number/event)? 
 Explicitly summing over helicities
Enter Configuration Number: 
Running Configuration Number:    1
 Not subdividing B.W.
 Attempting mappinvarients           1           8
 Determine nb_t
 T-channel found:            0
 Completed mapping           8
 about to integrate           16        1000           5           3          16           1
 Using non-zero grid deformation.
 16 dimensions   1000 events 16 invarients  5 iterations  1 config(s),  (0.99)
 Using h-tuple random number sequence.
 Error opening grid
 Using Uniform Grid!          32
 Using uniform alpha   1.0000000000000000     
 Grid defined OK
 Masses: 0.000E+00 0.000E+00 0.000E+00 0.000E+00 0.000E+00 0.000E+00 0.000E+00 0.000E+00
 Set CM energy to      13000.00
 Mapping Graph           1  to config           1
 Determine nb_t
 T-channel found:            0
 Setting BW          -1           1   91.188000000000002     
Setting grid   2    0.17619E-04   1
 Setting BW          -3           2   91.188000000000002     
Setting grid   4    0.70475E-04   1
 Transforming s_hat 1/s           15   1.3160304238967098E-004   8000.0000000000000        168999999.99999997     
Using random seed offsets     1 :      1
  with seed                   57
 Ranmar initialization seeds       11124        9433
 
 ********************************************
 * You are using the DiscreteSampler module *
 *      part of the MG5_aMC framework       *
 *         Author: Valentin Hirschi         *
 ********************************************
 
  Particle       3       4       5       6       7       8
      Et >    20.0    20.0    20.0    20.0    20.0    20.0
       E >     0.0     0.0     0.0     0.0     0.0     0.0
     Eta <     2.5     2.5     2.5     2.5     2.8     2.8
   xqcut:      0.0     0.0     0.0     0.0    20.0    20.0
d R # 3  >    -0.0     0.4     0.4     0.4     0.0     0.0
d R # 4  >    -0.0    -0.0     0.4     0.4     0.0     0.0
d R # 5  >    -0.0    -0.0    -0.0     0.4     0.0     0.0
d R # 6  >    -0.0    -0.0    -0.0    -0.0     0.0     0.0
d R # 7  >    -0.0    -0.0    -0.0    -0.0    -0.0     0.0
s min # 3>     0.0     0.0     0.0     0.0     0.0     0.0
s min # 4>     0.0     0.0     0.0     0.0     0.0     0.0
s min # 5>     0.0     0.0     0.0     0.0     0.0     0.0
s min # 6>     0.0     0.0     0.0     0.0     0.0     0.0
s min # 7>     0.0     0.0     0.0     0.0     0.0   400.0
xqcutij # 3>     0.0     0.0     0.0     0.0     0.0     0.0
xqcutij # 4>     0.0     0.0     0.0     0.0     0.0     0.0
xqcutij # 5>     0.0     0.0     0.0     0.0     0.0     0.0
xqcutij # 6>     0.0     0.0     0.0     0.0     0.0     0.0
xqcutij # 7>     0.0     0.0     0.0     0.0     0.0     0.0
 No cut BW           -1           1
 No cut BW           -3           2
 alpha_s for scale    118.47817434790804       is   0.12456288784191274     
 RESET CUMULATIVE VARIABLE
 Iteration  1   Mean: 0.1505E-06 Abs mean: 0.1505E-06   Fluctuation:  0.124E-07   0.491E-05     3.4%
  1    0.1505E-06 0.1505E-06 +- 0.1243E-07      2.61
 Writing out events   8.8336175980894415E-010   2.6112025454933074     
 Relative summed weights:
  0.2860E-01  0.0000E+00  0.5224E-01  0.0000E+00  0.4415E-01  0.0000E+00  0.1205E+00  0.0000E+00
  0.4910E-01  0.0000E+00  0.3089E-01  0.0000E+00  0.7973E-01  0.0000E+00  0.1273E+00  0.0000E+00
  0.6037E-01  0.0000E+00  0.2785E-01  0.0000E+00  0.9378E-01  0.0000E+00  0.6974E-01  0.0000E+00
  0.6362E-01  0.0000E+00  0.2495E-01  0.0000E+00  0.6396E-01  0.0000E+00  0.6322E-01  0.0000E+00
 Relative number of events:
  0.3370E-01  0.0000E+00  0.4658E-01  0.0000E+00  0.6739E-01  0.0000E+00  0.7433E-01  0.0000E+00
  0.5055E-01  0.0000E+00  0.3568E-01  0.0000E+00  0.9514E-01  0.0000E+00  0.1001E+00  0.0000E+00
  0.4559E-01  0.0000E+00  0.3271E-01  0.0000E+00  0.7929E-01  0.0000E+00  0.7830E-01  0.0000E+00
  0.4559E-01  0.0000E+00  0.4658E-01  0.0000E+00  0.7830E-01  0.0000E+00  0.9019E-01  0.0000E+00
 Events:
          34           0          47           0          68           0          75           0
          51           0          36           0          96           0         101           0
          46           0          33           0          80           0          79           0
          46           0          47           0          79           0          91           0
 Iteration  2   Mean: 0.1798E-06 Abs mean: 0.1798E-06   Fluctuation:  0.938E-08   0.411E-05    15.2%
  2    0.1798E-06 0.1798E-06 +- 0.9381E-08      2.33
 Relative summed weights:
  0.3670E-01  0.0000E+00  0.3418E-01  0.0000E+00  0.8262E-01  0.0000E+00  0.7682E-01  0.0000E+00
  0.4571E-01  0.0000E+00  0.5050E-01  0.0000E+00  0.8849E-01  0.0000E+00  0.7550E-01  0.0000E+00
  0.3344E-01  0.0000E+00  0.4460E-01  0.0000E+00  0.7996E-01  0.0000E+00  0.7713E-01  0.0000E+00
  0.4012E-01  0.0000E+00  0.5345E-01  0.0000E+00  0.8242E-01  0.0000E+00  0.9834E-01  0.0000E+00
 Relative number of events:
  0.3100E-01  0.0000E+00  0.3750E-01  0.0000E+00  0.8550E-01  0.0000E+00  0.6800E-01  0.0000E+00
  0.5200E-01  0.0000E+00  0.4050E-01  0.0000E+00  0.7650E-01  0.0000E+00  0.9400E-01  0.0000E+00
  0.4200E-01  0.0000E+00  0.3200E-01  0.0000E+00  0.7350E-01  0.0000E+00  0.8950E-01  0.0000E+00
  0.4450E-01  0.0000E+00  0.4150E-01  0.0000E+00  0.9150E-01  0.0000E+00  0.1005E+00  0.0000E+00
 Events:
          62           0          75           0         171           0         136           0
         104           0          81           0         153           0         188           0
          84           0          64           0         147           0         179           0
          89           0          83           0         183           0         201           0
 Iteration  3   Mean: 0.1842E-06 Abs mean: 0.1842E-06   Fluctuation:  0.719E-08   0.738E-05    19.4%
  3    0.1842E-06 0.1842E-06 +- 0.7193E-08      2.47
 Relative summed weights:
  0.4401E-01  0.0000E+00  0.4116E-01  0.0000E+00  0.1073E+00  0.0000E+00  0.9403E-01  0.0000E+00
  0.4084E-01  0.0000E+00  0.4421E-01  0.0000E+00  0.8422E-01  0.0000E+00  0.7418E-01  0.0000E+00
  0.4256E-01  0.0000E+00  0.3068E-01  0.0000E+00  0.7290E-01  0.0000E+00  0.9251E-01  0.0000E+00
  0.4316E-01  0.0000E+00  0.3037E-01  0.0000E+00  0.8953E-01  0.0000E+00  0.6832E-01  0.0000E+00
 Relative number of events:
  0.3350E-01  0.0000E+00  0.4050E-01  0.0000E+00  0.8825E-01  0.0000E+00  0.8025E-01  0.0000E+00
  0.4600E-01  0.0000E+00  0.4550E-01  0.0000E+00  0.9350E-01  0.0000E+00  0.8700E-01  0.0000E+00
  0.3625E-01  0.0000E+00  0.3725E-01  0.0000E+00  0.7725E-01  0.0000E+00  0.7200E-01  0.0000E+00
  0.4225E-01  0.0000E+00  0.4175E-01  0.0000E+00  0.9200E-01  0.0000E+00  0.8675E-01  0.0000E+00
 Events:
         134           0         162           0         353           0         321           0
         184           0         182           0         374           0         348           0
         145           0         149           0         309           0         288           0
         169           0         167           0         368           0         347           0
 Accuracy:    0.043   0.100   0.029   2.142
 Finished due to accuracy    4.2796410949985000E-002  0.10000000000000001     

 -------------------------------------------------------------------------------
 Accumulated results:   Integral =  0.1786E-06
                        Std dev  =  0.5222E-08
                       Cross sec =  0.1786E-06
             Chi**2 per DoF.     =      2.1417
 -------------------------------------------------------------------------------
 Found         1274  events.
 Wrote          131  events.
 Actual xsec    1.7856164281366414E-007
 Correct abs xsec    1.7856164281366414E-007
 Event xsec    1.7856164281366430E-007
 Events wgts > 1:            5
 % Cross section > 1:    7.6985348212746033E-010  0.43114157665475278     
-------------------------------------------------
---------------------------
 Results Last   3 iters: Integral =   0.1786E-06
                     Abs integral =   0.1786E-06
                          Std dev =   0.5222E-08
                  Chi**2 per DoF. =      2.8603
-------------------------------------------------
---------------------------
 Status  0.10000000000000001                4           5

ls status:
events.lhe
ftn26
input_app.txt
results.dat
run1_app.log
run_01_log.txt
run_02_log.txt
run_03_log.txt
run_04_log.txt
run_05_log.txt
