 Process in group number            2
 A PDF is used, so alpha_s(MZ) is going to be modified
 Old value of alpha_s from param_card:   0.13000000000000003     
  ****************************************
 
       NNPDFDriver version 1.0.3
   Grid: NNPDF23_lo_as_0130_qed_mem0.grid
  ****************************************
 New value of alpha_s from PDF nn23lo1:  0.13000000000000000     
 Warning! ptj set to xqcut=   20.000000000000000       to improve integration efficiency
 Note that this might affect non-radiated jets,
 e.g. from decays. Use cut_decays=F in run_card.
 Warning! mmjj set to xqcut=   20.000000000000000       to improve integration efficiency
 Note that this might affect non-radiated jets,
 e.g. from decays. Use cut_decays=F in run_card.
 Define smin to   8000.0000000000000     
 Define smin to   8000.0000000000000     
 Define smin to   8000.0000000000000     
 Define smin to   8000.0000000000000     
 *****************************************************
 *               MadGraph/MadEvent                   *
 *        --------------------------------           *
 *          http://madgraph.hep.uiuc.edu             *
 *          http://madgraph.phys.ucl.ac.be           *
 *          http://madgraph.roma2.infn.it            *
 *        --------------------------------           *
 *                                                   *
 *          PARAMETER AND COUPLING VALUES            *
 *                                                   *
 *****************************************************

  External Params
  ---------------------------------
  
 aEWM1 =    132.50700000000001     
 mdl_Gf =    1.1663900000000000E-005
 aS =   0.13000000000000003     
 mdl_ymb =    4.7000000000000002     
 mdl_ymt =    173.00000000000000     
 mdl_ymtau =    1.7769999999999999     
 mdl_MZ =    91.188000000000002     
 mdl_MT =    173.00000000000000     
 mdl_MB =    4.7000000000000002     
 mdl_MH =    125.00000000000000     
 mdl_MTA =    1.7769999999999999     
 mdl_WZ =    2.4414039999999999     
 mdl_WW =    2.0476000000000001     
 mdl_WT =    1.4915000000000000     
 mdl_WH =    6.3823389999999999E-003
  Internal Params
  ---------------------------------
  
 mdl_conjg__CKM3x3 =    1.0000000000000000     
 mdl_conjg__CKM1x1 =    1.0000000000000000     
 mdl_CKM3x3 =    1.0000000000000000     
 mdl_complexi =                (0.0000000000000000,1.0000000000000000)
 mdl_MZ__exp__2 =    8315.2513440000002     
 mdl_MZ__exp__4 =    69143404.913893804     
 mdl_sqrt__2 =    1.4142135623730951     
 mdl_MH__exp__2 =    15625.000000000000     
 mdl_aEW =    7.5467711139788835E-003
 mdl_MW =    80.419002445756163     
 mdl_sqrt__aEW =    8.6872153846781555E-002
 mdl_ee =   0.30795376724436879     
 mdl_MW__exp__2 =    6467.2159543705357     
 mdl_sw2 =   0.22224648578577766     
 mdl_cw =   0.88190334743339216     
 mdl_sqrt__sw2 =   0.47143025548407230     
 mdl_sw =   0.47143025548407230     
 mdl_g1 =   0.34919219678733299     
 mdl_gw =   0.65323293034757990     
 mdl_vev =    246.21845810181637     
 mdl_vev__exp__2 =    60623.529110035903     
 mdl_lam =   0.12886910601690263     
 mdl_yb =    2.6995554250465490E-002
 mdl_yt =   0.99366614581500623     
 mdl_ytau =    1.0206617000654717E-002
 mdl_muH =    88.388347648318430     
 mdl_I1x33 =          (2.69955542504654901E-002,0.0000000000000000)
 mdl_I2x33 =               (0.99366614581500623,0.0000000000000000)
 mdl_I3x33 =               (0.99366614581500623,0.0000000000000000)
 mdl_I4x33 =          (2.69955542504654901E-002,0.0000000000000000)
 mdl_ee__exp__2 =    9.4835522759998875E-002
 mdl_sw__exp__2 =   0.22224648578577769     
 mdl_cw__exp__2 =   0.77775351421422245     
  Internal Params evaluated point by point
  ----------------------------------------
  
 mdl_sqrt__aS =   0.36055512754639896     
 mdl_G__exp__2 =    1.6336281798666927     
  Couplings of sm
  ---------------------------------
  
        GC_10 =  -0.12781E+01   0.00000E+00
        GC_11 =   0.00000E+00   0.12781E+01
        GC_50 =  -0.00000E+00  -0.28804E+00
        GC_58 =  -0.00000E+00  -0.27437E-01
        GC_59 =   0.00000E+00   0.82310E-01

 Collider parameters:
 --------------------

 Running at P P   machine @    13000.000000000000       GeV
 PDF set = nn23lo1
 alpha_s(Mz)= 0.1300 running at 2 loops.
 alpha_s(Mz)= 0.1300 running at 2 loops.
 Renormalization scale set on event-by-event basis
 Factorization   scale set on event-by-event basis


 getting user params
Enter number of events and max and min iterations: 
 Number of events and iterations         1000           5           3
Enter desired fractional accuracy: 
 Desired fractional accuracy:   0.10000000000000001     
Enter 0 for fixed, 2 for adjustable grid: 
Suppress amplitude (0 no, 1 yes)? 
 Using suppressed amplitude.
Exact helicity sum (0 yes, n = number/event)? 
 Explicitly summing over helicities
Enter Configuration Number: 
Running Configuration Number:   24
 Not subdividing B.W.
 Attempting mappinvarients           1           8
 Determine nb_t
 T-channel found:            3
 Completed mapping           8
 about to integrate           16        1000           7           3          16           1
 Using non-zero grid deformation.
 16 dimensions   1000 events 16 invarients  7 iterations  1 config(s),  (0.99)
 Using h-tuple random number sequence.
 Error opening grid
 Using Uniform Grid!          32
 Using uniform alpha   1.0000000000000000     
 Grid defined OK
 Masses: 0.000E+00 0.000E+00 0.000E+00 0.000E+00 0.000E+00 0.000E+00 0.000E+00 0.000E+00
 Set CM energy to      13000.00
 Mapping Graph          24  to config          24
 Determine nb_t
 T-channel found:            3
 Setting BW          -1           1   91.188000000000002     
 Setting BW          -2           2   91.188000000000002     
Setting grid   3    0.23669E-05   1
Setting grid   4    0.17619E-04   1
Setting grid   5    0.23669E-05   1
 Transforming s_hat 1/s           15   1.3160304238967098E-004   8000.0000000000000        168999999.99999997     
 Got moffset           1
Using random seed offsets    24 :      4
  with seed                   57
 Ranmar initialization seeds       11147       12593
 
 ********************************************
 * You are using the DiscreteSampler module *
 *      part of the MG5_aMC framework       *
 *         Author: Valentin Hirschi         *
 ********************************************
 
  Particle       3       4       5       6       7       8
      Et >    20.0    20.0    20.0    20.0    20.0    20.0
       E >     0.0     0.0     0.0     0.0     0.0     0.0
     Eta <     2.5     2.5     2.5     2.5     2.8     2.8
   xqcut:      0.0     0.0     0.0     0.0    20.0    20.0
d R # 3  >    -0.0     0.4     0.4     0.4     0.0     0.0
d R # 4  >    -0.0    -0.0     0.4     0.4     0.0     0.0
d R # 5  >    -0.0    -0.0    -0.0     0.4     0.0     0.0
d R # 6  >    -0.0    -0.0    -0.0    -0.0     0.0     0.0
d R # 7  >    -0.0    -0.0    -0.0    -0.0    -0.0     0.0
s min # 3>     0.0     0.0     0.0     0.0     0.0     0.0
s min # 4>     0.0     0.0     0.0     0.0     0.0     0.0
s min # 5>     0.0     0.0     0.0     0.0     0.0     0.0
s min # 6>     0.0     0.0     0.0     0.0     0.0     0.0
s min # 7>     0.0     0.0     0.0     0.0     0.0   400.0
xqcutij # 3>     0.0     0.0     0.0     0.0     0.0     0.0
xqcutij # 4>     0.0     0.0     0.0     0.0     0.0     0.0
xqcutij # 5>     0.0     0.0     0.0     0.0     0.0     0.0
xqcutij # 6>     0.0     0.0     0.0     0.0     0.0     0.0
xqcutij # 7>     0.0     0.0     0.0     0.0     0.0    20.0
 No cut BW           -1           1
 No cut BW           -2           2
 alpha_s for scale    336.50972297983543       is   0.10682922719217113     
 RESET CUMULATIVE VARIABLE
 Iteration  1   Mean: 0.4047E-04 Abs mean: 0.4047E-04   Fluctuation:  0.453E-05   0.334E-02     2.5%
  1    0.4047E-04 0.4047E-04 +- 0.4534E-05      3.54
 Writing out events   2.3075599938727180E-007   3.5431112419498962     
 Relative summed weights:
  0.4084E-01  0.3970E-01  0.2700E-01  0.4262E-01  0.5828E-01  0.7380E-01  0.4913E-01  0.7961E-01
  0.7658E-01  0.3887E-01  0.4477E-01  0.2808E-01  0.1522E+00  0.1273E+00  0.6015E-01  0.6108E-01
 Relative number of events:
  0.4361E-01  0.4460E-01  0.3766E-01  0.3766E-01  0.8722E-01  0.8424E-01  0.7235E-01  0.7532E-01
  0.5253E-01  0.4460E-01  0.4361E-01  0.5154E-01  0.8920E-01  0.7830E-01  0.8028E-01  0.7730E-01
 Events:
          44          45          38          38          88          85          73          76
          53          45          44          52          90          79          81          78
 Iteration  2   Mean: 0.3457E-04 Abs mean: 0.3457E-04   Fluctuation:  0.273E-05   0.411E-02    12.6%
  2    0.3457E-04 0.3457E-04 +- 0.2725E-05      3.53
 Relative summed weights:
  0.2552E-01  0.4217E-01  0.4248E-01  0.4734E-01  0.7877E-01  0.1039E+00  0.6674E-01  0.5825E-01
  0.4237E-01  0.2981E-01  0.4442E-01  0.6833E-01  0.7559E-01  0.7273E-01  0.1314E+00  0.7012E-01
 Relative number of events:
  0.4450E-01  0.5500E-01  0.4600E-01  0.5450E-01  0.8200E-01  0.8000E-01  0.7150E-01  0.6950E-01
  0.4500E-01  0.4150E-01  0.4350E-01  0.5950E-01  0.7350E-01  0.7000E-01  0.8350E-01  0.8050E-01
 Events:
          89         110          92         109         164         160         143         139
          90          83          87         119         147         140         167         161
 Iteration  3   Mean: 0.3621E-04 Abs mean: 0.3621E-04   Fluctuation:  0.145E-05   0.230E-02    15.8%
  3    0.3621E-04 0.3621E-04 +- 0.1451E-05      2.53
 Relative summed weights:
  0.4595E-01  0.4393E-01  0.3992E-01  0.5392E-01  0.6298E-01  0.8378E-01  0.7775E-01  0.8279E-01
  0.5018E-01  0.4060E-01  0.3040E-01  0.4256E-01  0.5993E-01  0.8940E-01  0.9647E-01  0.9943E-01
 Relative number of events:
  0.4125E-01  0.4700E-01  0.4650E-01  0.4400E-01  0.7475E-01  0.8075E-01  0.8200E-01  0.8725E-01
  0.4575E-01  0.4475E-01  0.4150E-01  0.4300E-01  0.7400E-01  0.8025E-01  0.8250E-01  0.8475E-01
 Events:
         165         188         186         176         299         323         328         349
         183         179         166         172         296         321         330         339
 Accuracy:    0.029   0.100   0.034   0.709
 Finished due to accuracy    2.8655834605833264E-002  0.10000000000000001     

 -------------------------------------------------------------------------------
 Accumulated results:   Integral =  0.3630E-04
                        Std dev  =  0.1235E-05
                       Cross sec =  0.3630E-04
             Chi**2 per DoF.     =      0.7091
 -------------------------------------------------------------------------------
 Found         1671  events.
 Wrote           87  events.
 Actual xsec    3.6300918734237140E-005
 Correct abs xsec    3.6300918734237140E-005
 Event xsec    3.6300918734237052E-005
 Events wgts > 1:            2
 % Cross section > 1:    1.0025541864962194E-007  0.27617873636643386     
-------------------------------------------------
---------------------------
 Results Last   3 iters: Integral =   0.3630E-04
                     Abs integral =   0.3630E-04
                          Std dev =   0.1235E-05
                  Chi**2 per DoF. =      0.6251
-------------------------------------------------
---------------------------
 Status  0.10000000000000001                4           7

ls status:
events.lhe
ftn26
input_app.txt
input_sg.txt
moffset.dat
results.dat
run1_app.log
run_01_log.txt
