 Process in group number            1
 A PDF is used, so alpha_s(MZ) is going to be modified
 Old value of alpha_s from param_card:   0.13000000000000003     
  ****************************************
 
       NNPDFDriver version 1.0.3
   Grid: NNPDF23_lo_as_0130_qed_mem0.grid
  ****************************************
 New value of alpha_s from PDF nn23lo1:  0.13000000000000000     
 Warning! ptj set to xqcut=   20.000000000000000       to improve integration efficiency
 Note that this might affect non-radiated jets,
 e.g. from decays. Use cut_decays=F in run_card.
 Warning! mmjj set to xqcut=   20.000000000000000       to improve integration efficiency
 Note that this might affect non-radiated jets,
 e.g. from decays. Use cut_decays=F in run_card.
 Define smin to   4000.0000000000000     
 Define smin to   4000.0000000000000     
 Define smin to   4000.0000000000000     
 Define smin to   4000.0000000000000     
 *****************************************************
 *               MadGraph/MadEvent                   *
 *        --------------------------------           *
 *          http://madgraph.hep.uiuc.edu             *
 *          http://madgraph.phys.ucl.ac.be           *
 *          http://madgraph.roma2.infn.it            *
 *        --------------------------------           *
 *                                                   *
 *          PARAMETER AND COUPLING VALUES            *
 *                                                   *
 *****************************************************

  External Params
  ---------------------------------
  
 aEWM1 =    132.50700000000001     
 mdl_Gf =    1.1663900000000000E-005
 aS =   0.13000000000000003     
 mdl_ymb =    4.7000000000000002     
 mdl_ymt =    173.00000000000000     
 mdl_ymtau =    1.7769999999999999     
 mdl_MZ =    91.188000000000002     
 mdl_MT =    173.00000000000000     
 mdl_MB =    4.7000000000000002     
 mdl_MH =    125.00000000000000     
 mdl_MTA =    1.7769999999999999     
 mdl_WZ =    2.4414039999999999     
 mdl_WW =    2.0476000000000001     
 mdl_WT =    1.4915000000000000     
 mdl_WH =    6.3823389999999999E-003
  Internal Params
  ---------------------------------
  
 mdl_CKM3x3 =    1.0000000000000000     
 mdl_conjg__CKM3x3 =    1.0000000000000000     
 mdl_conjg__CKM1x1 =    1.0000000000000000     
 mdl_complexi =                (0.0000000000000000,1.0000000000000000)
 mdl_MZ__exp__2 =    8315.2513440000002     
 mdl_MZ__exp__4 =    69143404.913893804     
 mdl_sqrt__2 =    1.4142135623730951     
 mdl_MH__exp__2 =    15625.000000000000     
 mdl_aEW =    7.5467711139788835E-003
 mdl_MW =    80.419002445756163     
 mdl_sqrt__aEW =    8.6872153846781555E-002
 mdl_ee =   0.30795376724436879     
 mdl_MW__exp__2 =    6467.2159543705357     
 mdl_sw2 =   0.22224648578577766     
 mdl_cw =   0.88190334743339216     
 mdl_sqrt__sw2 =   0.47143025548407230     
 mdl_sw =   0.47143025548407230     
 mdl_g1 =   0.34919219678733299     
 mdl_gw =   0.65323293034757990     
 mdl_vev =    246.21845810181637     
 mdl_vev__exp__2 =    60623.529110035903     
 mdl_lam =   0.12886910601690263     
 mdl_yb =    2.6995554250465490E-002
 mdl_yt =   0.99366614581500623     
 mdl_ytau =    1.0206617000654717E-002
 mdl_muH =    88.388347648318430     
 mdl_I1x33 =          (2.69955542504654901E-002,0.0000000000000000)
 mdl_I2x33 =               (0.99366614581500623,0.0000000000000000)
 mdl_I3x33 =               (0.99366614581500623,0.0000000000000000)
 mdl_I4x33 =          (2.69955542504654901E-002,0.0000000000000000)
 mdl_ee__exp__2 =    9.4835522759998875E-002
 mdl_sw__exp__2 =   0.22224648578577769     
 mdl_cw__exp__2 =   0.77775351421422245     
  Internal Params evaluated point by point
  ----------------------------------------
  
 mdl_sqrt__aS =   0.36055512754639896     
 mdl_G__exp__2 =    1.6336281798666927     
  Couplings of sm
  ---------------------------------
  
        GC_10 =  -0.12781E+01   0.00000E+00
        GC_11 =   0.00000E+00   0.12781E+01
        GC_50 =  -0.00000E+00  -0.28804E+00
        GC_53 =   0.00000E+00   0.57609E+00
        GC_58 =  -0.00000E+00  -0.27437E-01
        GC_59 =   0.00000E+00   0.82310E-01
       GC_100 =   0.00000E+00   0.46191E+00

 Collider parameters:
 --------------------

 Running at P P   machine @    13000.000000000000       GeV
 PDF set = nn23lo1
 alpha_s(Mz)= 0.1300 running at 2 loops.
 alpha_s(Mz)= 0.1300 running at 2 loops.
 Renormalization scale set on event-by-event basis
 Factorization   scale set on event-by-event basis


 getting user params
Enter number of events and max and min iterations: 
 Number of events and iterations         1000           5           3
Enter desired fractional accuracy: 
 Desired fractional accuracy:   0.10000000000000001     
Enter 0 for fixed, 2 for adjustable grid: 
Suppress amplitude (0 no, 1 yes)? 
 Using suppressed amplitude.
Exact helicity sum (0 yes, n = number/event)? 
 Explicitly summing over helicities
Enter Configuration Number: 
Running Configuration Number:    2
 Not subdividing B.W.
 Attempting mappinvarients           1           7
 Determine nb_t
 T-channel found:            0
 Completed mapping           7
 about to integrate           13        1000           5           3          13           1
 Using non-zero grid deformation.
 13 dimensions   1000 events 13 invarients  5 iterations  1 config(s),  (0.99)
 Using h-tuple random number sequence.
 Error opening grid
 Using Uniform Grid!          32
 Using uniform alpha   1.0000000000000000     
 Grid defined OK
 Masses: 0.000E+00 0.000E+00 0.000E+00 0.000E+00 0.000E+00 0.000E+00 0.000E+00
 Set CM energy to      13000.00
 Mapping Graph           2  to config           2
 Determine nb_t
 T-channel found:            0
 Setting BW          -1           1   80.419002445756163     
Setting grid   2    0.14619E-04   1
 Setting BW          -3           2   91.188000000000002     
 Transforming s_hat 1/s           12   9.1381749581309672E-005   4000.0000000000000        168999999.99999997     
 Got moffset           1
Using random seed offsets     2 :      9
  with seed                   78
 Ranmar initialization seeds        6643       12620
 
 ********************************************
 * You are using the DiscreteSampler module *
 *      part of the MG5_aMC framework       *
 *         Author: Valentin Hirschi         *
 ********************************************
 
  Particle       3       4       5       6       7
      Et >    20.0     0.0    20.0    20.0    20.0
       E >     0.0     0.0     0.0     0.0     0.0
     Eta <     2.5    -1.0     2.5     2.5     2.8
   xqcut:      0.0     0.0     0.0     0.0    20.0
d R # 3  >    -0.0     0.0     0.4     0.4     0.0
d R # 4  >    -0.0    -0.0     0.0     0.0     0.0
d R # 5  >    -0.0    -0.0    -0.0     0.4     0.0
d R # 6  >    -0.0    -0.0    -0.0    -0.0     0.0
s min # 3>     0.0     0.0     0.0     0.0     0.0
s min # 4>     0.0     0.0     0.0     0.0     0.0
s min # 5>     0.0     0.0     0.0     0.0     0.0
s min # 6>     0.0     0.0     0.0     0.0     0.0
xqcutij # 3>     0.0     0.0     0.0     0.0     0.0
xqcutij # 4>     0.0     0.0     0.0     0.0     0.0
xqcutij # 5>     0.0     0.0     0.0     0.0     0.0
xqcutij # 6>     0.0     0.0     0.0     0.0     0.0
 No cut BW           -1           1
 No cut BW           -3           2
 alpha_s for scale    259.69153573157269       is   0.11073286847949497     
 RESET CUMULATIVE VARIABLE
 Iteration  1   Mean: 0.1066E-02 Abs mean: 0.1066E-02   Fluctuation:  0.101E-03   0.319E-01     7.1%
  1    0.1066E-02 0.1066E-02 +- 0.1007E-03      2.99
 Writing out events   3.0104497417447371E-006   2.9877617390894784     
 Relative summed weights:
  0.2961E+00  0.1784E+00  0.1799E+00  0.2283E+00  0.2863E-01  0.1703E-01  0.2979E-01  0.4188E-01
 Relative number of events:
  0.2180E+00  0.2052E+00  0.2458E+00  0.2131E+00  0.3271E-01  0.2874E-01  0.2973E-01  0.2676E-01
 Events:
         220         207         248         215          33          29          30          27
 Iteration  2   Mean: 0.9735E-03 Abs mean: 0.9735E-03   Fluctuation:  0.541E-04   0.393E-01    24.1%
  2    0.9735E-03 0.9735E-03 +- 0.5412E-04      2.49
 Relative summed weights:
  0.2247E+00  0.2287E+00  0.1945E+00  0.2039E+00  0.4702E-01  0.3597E-01  0.3236E-01  0.3277E-01
 Relative number of events:
  0.2130E+00  0.2170E+00  0.2250E+00  0.2290E+00  0.2500E-01  0.3000E-01  0.3050E-01  0.3050E-01
 Events:
         426         434         450         458          50          60          61          61
 Iteration  3   Mean: 0.1089E-02 Abs mean: 0.1089E-02   Fluctuation:  0.402E-04   0.466E-01    29.9%
  3    0.1089E-02 0.1089E-02 +- 0.4020E-04      2.34
 Relative summed weights:
  0.2077E+00  0.1866E+00  0.2141E+00  0.2043E+00  0.5049E-01  0.3780E-01  0.5074E-01  0.4830E-01
 Relative number of events:
  0.2200E+00  0.2172E+00  0.2320E+00  0.2255E+00  0.2250E-01  0.2775E-01  0.2725E-01  0.2775E-01
 Events:
         880         869         928         902          90         111         109         111
 Accuracy:    0.034   0.100   0.029   1.350
 Finished due to accuracy    3.3978311246818590E-002  0.10000000000000001     

 -------------------------------------------------------------------------------
 Accumulated results:   Integral =  0.1055E-02
                        Std dev  =  0.3085E-04
                       Cross sec =  0.1055E-02
             Chi**2 per DoF.     =      1.3498
 -------------------------------------------------------------------------------
 Found         1070  events.
 Wrote          150  events.
 Actual xsec    1.0546975899914377E-003
 Correct abs xsec    1.0546975899914377E-003
 Event xsec    1.0546975899914397E-003
 Events wgts > 1:            4
 % Cross section > 1:    6.8526065528722698E-006  0.64972240554070937     
-------------------------------------------------
---------------------------
 Results Last   3 iters: Integral =   0.1055E-02
                     Abs integral =   0.1055E-02
                          Std dev =   0.3085E-04
                  Chi**2 per DoF. =      1.4930
-------------------------------------------------
---------------------------
 Status  0.10000000000000001                4           5

ls status:
events.lhe
ftn26
input_app.txt
input_sg.txt
moffset.dat
results.dat
run1_app.log
run_01_log.txt
