 Process in group number            1
 A PDF is used, so alpha_s(MZ) is going to be modified
 Old value of alpha_s from param_card:   0.13000000000000003     
  ****************************************
 
       NNPDFDriver version 1.0.3
   Grid: NNPDF23_lo_as_0130_qed_mem0.grid
  ****************************************
 New value of alpha_s from PDF nn23lo1:  0.13000000000000000     
 Warning! ptj set to xqcut=   20.000000000000000       to improve integration efficiency
 Note that this might affect non-radiated jets,
 e.g. from decays. Use cut_decays=F in run_card.
 Warning! mmjj set to xqcut=   20.000000000000000       to improve integration efficiency
 Note that this might affect non-radiated jets,
 e.g. from decays. Use cut_decays=F in run_card.
 Define smin to   6800.0000000000000     
 Define smin to   6800.0000000000000     
 Define smin to   6800.0000000000000     
 Define smin to   6800.0000000000000     
 Define smin to   6800.0000000000000     
 Define smin to   6800.0000000000000     
 Define smin to   6800.0000000000000     
 Define smin to   6800.0000000000000     
 *****************************************************
 *               MadGraph/MadEvent                   *
 *        --------------------------------           *
 *          http://madgraph.hep.uiuc.edu             *
 *          http://madgraph.phys.ucl.ac.be           *
 *          http://madgraph.roma2.infn.it            *
 *        --------------------------------           *
 *                                                   *
 *          PARAMETER AND COUPLING VALUES            *
 *                                                   *
 *****************************************************

  External Params
  ---------------------------------
  
 aEWM1 =    132.50700000000001     
 mdl_Gf =    1.1663900000000000E-005
 aS =   0.13000000000000003     
 mdl_ymb =    4.7000000000000002     
 mdl_ymt =    173.00000000000000     
 mdl_ymtau =    1.7769999999999999     
 mdl_MZ =    91.188000000000002     
 mdl_MT =    173.00000000000000     
 mdl_MB =    4.7000000000000002     
 mdl_MH =    125.00000000000000     
 mdl_MTA =    1.7769999999999999     
 mdl_WZ =    2.4414039999999999     
 mdl_WW =    2.0476000000000001     
 mdl_WT =    1.4915000000000000     
 mdl_WH =    6.3823389999999999E-003
  Internal Params
  ---------------------------------
  
 mdl_conjg__CKM3x3 =    1.0000000000000000     
 mdl_conjg__CKM1x1 =    1.0000000000000000     
 mdl_CKM3x3 =    1.0000000000000000     
 mdl_complexi =                (0.0000000000000000,1.0000000000000000)
 mdl_MZ__exp__2 =    8315.2513440000002     
 mdl_MZ__exp__4 =    69143404.913893804     
 mdl_sqrt__2 =    1.4142135623730951     
 mdl_MH__exp__2 =    15625.000000000000     
 mdl_aEW =    7.5467711139788835E-003
 mdl_MW =    80.419002445756163     
 mdl_sqrt__aEW =    8.6872153846781555E-002
 mdl_ee =   0.30795376724436879     
 mdl_MW__exp__2 =    6467.2159543705357     
 mdl_sw2 =   0.22224648578577766     
 mdl_cw =   0.88190334743339216     
 mdl_sqrt__sw2 =   0.47143025548407230     
 mdl_sw =   0.47143025548407230     
 mdl_g1 =   0.34919219678733299     
 mdl_gw =   0.65323293034757990     
 mdl_vev =    246.21845810181637     
 mdl_vev__exp__2 =    60623.529110035903     
 mdl_lam =   0.12886910601690263     
 mdl_yb =    2.6995554250465490E-002
 mdl_yt =   0.99366614581500623     
 mdl_ytau =    1.0206617000654717E-002
 mdl_muH =    88.388347648318430     
 mdl_I1x33 =          (2.69955542504654901E-002,0.0000000000000000)
 mdl_I2x33 =               (0.99366614581500623,0.0000000000000000)
 mdl_I3x33 =               (0.99366614581500623,0.0000000000000000)
 mdl_I4x33 =          (2.69955542504654901E-002,0.0000000000000000)
 mdl_ee__exp__2 =    9.4835522759998875E-002
 mdl_sw__exp__2 =   0.22224648578577769     
 mdl_cw__exp__2 =   0.77775351421422245     
  Internal Params evaluated point by point
  ----------------------------------------
  
 mdl_sqrt__aS =   0.36055512754639896     
 mdl_G__exp__2 =    1.6336281798666927     
  Couplings of sm
  ---------------------------------
  
        GC_10 =  -0.12781E+01   0.00000E+00
        GC_11 =   0.00000E+00   0.12781E+01
        GC_50 =  -0.00000E+00  -0.28804E+00
        GC_58 =  -0.00000E+00  -0.27437E-01
        GC_59 =   0.00000E+00   0.82310E-01

 Collider parameters:
 --------------------

 Running at P P   machine @    13000.000000000000       GeV
 PDF set = nn23lo1
 alpha_s(Mz)= 0.1300 running at 2 loops.
 alpha_s(Mz)= 0.1300 running at 2 loops.
 Renormalization scale set on event-by-event basis
 Factorization   scale set on event-by-event basis


 getting user params
Enter number of events and max and min iterations: 
 Number of events and iterations         1000           5           3
Enter desired fractional accuracy: 
 Desired fractional accuracy:   0.10000000000000001     
Enter 0 for fixed, 2 for adjustable grid: 
Suppress amplitude (0 no, 1 yes)? 
 Using suppressed amplitude.
Exact helicity sum (0 yes, n = number/event)? 
 Explicitly summing over helicities
Enter Configuration Number: 
Running Configuration Number:    5
 Not subdividing B.W.
 Attempting mappinvarients           1           7
 Determine nb_t
 T-channel found:            1
 Completed mapping           7
 about to integrate           13        1000           5           3          13           1
 Using non-zero grid deformation.
 13 dimensions   1000 events 13 invarients  5 iterations  1 config(s),  (0.99)
 Using h-tuple random number sequence.
 Error opening grid
 Using Uniform Grid!          32
 Using uniform alpha   1.0000000000000000     
 Grid defined OK
 Masses: 0.000E+00 0.000E+00 0.000E+00 0.000E+00 0.000E+00 0.000E+00 0.000E+00
 Set CM energy to      13000.00
 Mapping Graph           5  to config           5
 Determine nb_t
 T-channel found:            1
 Setting BW          -1           1   91.188000000000002     
Setting grid   2    0.17619E-04   1
 Setting BW          -3           2   91.188000000000002     
Setting grid   4    0.17619E-04   1
 Transforming s_hat 1/s           12   9.8671946531682858E-005   6800.0000000000000        168999999.99999997     
Using random seed offsets     5 :      5
  with seed                   57
 Ranmar initialization seeds       11128        9437
 
 ********************************************
 * You are using the DiscreteSampler module *
 *      part of the MG5_aMC framework       *
 *         Author: Valentin Hirschi         *
 ********************************************
 
  Particle       3       4       5       6       7
      Et >    20.0    20.0    20.0    20.0    20.0
       E >     0.0     0.0     0.0     0.0     0.0
     Eta <     2.5     2.5     2.5     2.5     2.8
   xqcut:      0.0     0.0     0.0     0.0    20.0
d R # 3  >    -0.0     0.4     0.4     0.4     0.0
d R # 4  >    -0.0    -0.0     0.4     0.4     0.0
d R # 5  >    -0.0    -0.0    -0.0     0.4     0.0
d R # 6  >    -0.0    -0.0    -0.0    -0.0     0.0
s min # 3>     0.0     0.0     0.0     0.0     0.0
s min # 4>     0.0     0.0     0.0     0.0     0.0
s min # 5>     0.0     0.0     0.0     0.0     0.0
s min # 6>     0.0     0.0     0.0     0.0     0.0
xqcutij # 3>     0.0     0.0     0.0     0.0     0.0
xqcutij # 4>     0.0     0.0     0.0     0.0     0.0
xqcutij # 5>     0.0     0.0     0.0     0.0     0.0
xqcutij # 6>     0.0     0.0     0.0     0.0     0.0
 No cut BW           -1           1
 No cut BW           -3           2
 alpha_s for scale    135.24943172171052       is   0.12198679917350080     
 RESET CUMULATIVE VARIABLE
 Iteration  1   Mean: 0.6384E-03 Abs mean: 0.6384E-03   Fluctuation:  0.436E-04   0.149E-01     4.8%
  1    0.6384E-03 0.6384E-03 +- 0.4364E-04      2.16
 Writing out events   2.6448442366742251E-006   2.1616823225779207     
 Relative summed weights:
  0.3942E-01  0.2646E-01  0.3290E-01  0.1212E-01  0.3286E-01  0.7191E-01  0.7311E-01  0.7673E-01  0.2999E-02  0.2250E-01  0.1553E-01  0.1547E-01  0.2378E-01  0.3424E-01  0.1984E-01  0.2078E-01
  0.2379E-01  0.2938E-01  0.3275E-01  0.1523E-01  0.7824E-01  0.2492E-01  0.7327E-01  0.2651E-01  0.3546E-02  0.2639E-01  0.7473E-02  0.1033E-01  0.3415E-01  0.4720E-01  0.1682E-01  0.2935E-01
 Relative number of events:
  0.3568E-01  0.3766E-01  0.3171E-01  0.2279E-01  0.5154E-01  0.5847E-01  0.4063E-01  0.5946E-01  0.4955E-02  0.1288E-01  0.1487E-01  0.1685E-01  0.2279E-01  0.2180E-01  0.3072E-01  0.3667E-01
  0.2775E-01  0.3568E-01  0.3568E-01  0.2577E-01  0.6145E-01  0.4460E-01  0.4658E-01  0.4361E-01  0.1189E-01  0.1090E-01  0.9911E-02  0.1982E-01  0.2973E-01  0.2775E-01  0.3469E-01  0.3469E-01
 Events:
          36          38          32          23          52          59          41          60           5          13          15          17          23          22          31          37
          28          36          36          26          62          45          47          44          12          11          10          20          30          28          35          35
 Iteration  2   Mean: 0.6608E-03 Abs mean: 0.6608E-03   Fluctuation:  0.257E-04   0.135E-01    16.5%
  2    0.6608E-03 0.6608E-03 +- 0.2574E-04      1.74
 Relative summed weights:
  0.5515E-01  0.2560E-01  0.2411E-01  0.3647E-01  0.5159E-01  0.4673E-01  0.4302E-01  0.6242E-01  0.8004E-02  0.2091E-01  0.1553E-01  0.2291E-01  0.2153E-01  0.1988E-01  0.2850E-01  0.2497E-01
  0.3331E-01  0.4393E-01  0.3491E-01  0.2659E-01  0.3542E-01  0.4510E-01  0.5743E-01  0.6976E-01  0.1019E-01  0.1654E-01  0.6609E-02  0.1427E-01  0.2617E-01  0.2205E-01  0.1748E-01  0.3291E-01
 Relative number of events:
  0.3600E-01  0.3600E-01  0.2850E-01  0.3150E-01  0.4950E-01  0.5200E-01  0.5300E-01  0.5700E-01  0.1350E-01  0.1350E-01  0.1150E-01  0.1450E-01  0.2250E-01  0.2550E-01  0.2650E-01  0.2400E-01
  0.3050E-01  0.3350E-01  0.3400E-01  0.3350E-01  0.4650E-01  0.4900E-01  0.6250E-01  0.6300E-01  0.1000E-01  0.1450E-01  0.8000E-02  0.1300E-01  0.3350E-01  0.2500E-01  0.2150E-01  0.2700E-01
 Events:
          72          72          57          63          99         104         106         114          27          27          23          29          45          51          53          48
          61          67          68          67          93          98         125         126          20          29          16          26          67          50          43          54
 Iteration  3   Mean: 0.6419E-03 Abs mean: 0.6419E-03   Fluctuation:  0.171E-04   0.210E-01    20.9%
  3    0.6419E-03 0.6419E-03 +- 0.1711E-04      1.69
 Relative summed weights:
  0.2896E-01  0.3434E-01  0.3162E-01  0.3371E-01  0.4106E-01  0.4353E-01  0.5326E-01  0.5058E-01  0.8051E-02  0.1196E-01  0.1021E-01  0.9136E-02  0.2962E-01  0.2583E-01  0.2518E-01  0.3218E-01
  0.3939E-01  0.3534E-01  0.3351E-01  0.2999E-01  0.5802E-01  0.5750E-01  0.4330E-01  0.6046E-01  0.1110E-01  0.9870E-02  0.1561E-01  0.1474E-01  0.2325E-01  0.2904E-01  0.3527E-01  0.3437E-01
 Relative number of events:
  0.3025E-01  0.3825E-01  0.3175E-01  0.3400E-01  0.4825E-01  0.5200E-01  0.5100E-01  0.5950E-01  0.1025E-01  0.1125E-01  0.1000E-01  0.1150E-01  0.2575E-01  0.2700E-01  0.2675E-01  0.2675E-01
  0.3425E-01  0.3275E-01  0.3125E-01  0.3225E-01  0.5875E-01  0.5775E-01  0.4700E-01  0.5650E-01  0.9500E-02  0.9750E-02  0.1225E-01  0.1200E-01  0.2575E-01  0.2875E-01  0.2425E-01  0.3300E-01
 Events:
         121         153         127         136         193         208         204         238          41          45          40          46         103         108         107         107
         137         131         125         129         235         231         188         226          38          39          49          48         103         115          97         132
 Accuracy:    0.010   0.100   0.021   0.211
 Finished due to accuracy    9.6254971285069206E-003  0.10000000000000001     

 -------------------------------------------------------------------------------
 Accumulated results:   Integral =  0.6471E-03
                        Std dev  =  0.1355E-04
                       Cross sec =  0.6471E-03
             Chi**2 per DoF.     =      0.2113
 -------------------------------------------------------------------------------
 Found         1523  events.
 Wrote          368  events.
 Actual xsec    6.4705777275372021E-004
 Correct abs xsec    6.4705777275372021E-004
 Event xsec    6.4705777275371381E-004
 Events wgts > 1:           10
 % Cross section > 1:    6.3382329960632348E-006  0.97954669010300621     
-------------------------------------------------
---------------------------
 Results Last   3 iters: Integral =   0.6471E-03
                     Abs integral =   0.6471E-03
                          Std dev =   0.1355E-04
                  Chi**2 per DoF. =      0.2064
-------------------------------------------------
---------------------------
 Status  0.10000000000000001                4           5

ls status:
events.lhe
ftn26
input_app.txt
multijob.dat
results.dat
run1_app.log
run_01_log.txt
run_02_log.txt
run_03_log.txt
run_04_log.txt
run_05_log.txt
