 Process in group number            2
 A PDF is used, so alpha_s(MZ) is going to be modified
 Old value of alpha_s from param_card:   0.13000000000000003     
  ****************************************
 
       NNPDFDriver version 1.0.3
   Grid: NNPDF23_lo_as_0130_qed_mem0.grid
  ****************************************
 New value of alpha_s from PDF nn23lo1:  0.13000000000000000     
 Warning! ptj set to xqcut=   20.000000000000000       to improve integration efficiency
 Note that this might affect non-radiated jets,
 e.g. from decays. Use cut_decays=F in run_card.
 Warning! mmjj set to xqcut=   20.000000000000000       to improve integration efficiency
 Note that this might affect non-radiated jets,
 e.g. from decays. Use cut_decays=F in run_card.
 Define smin to   8000.0000000000000     
 Define smin to   8000.0000000000000     
 Define smin to   8000.0000000000000     
 Define smin to   8000.0000000000000     
 *****************************************************
 *               MadGraph/MadEvent                   *
 *        --------------------------------           *
 *          http://madgraph.hep.uiuc.edu             *
 *          http://madgraph.phys.ucl.ac.be           *
 *          http://madgraph.roma2.infn.it            *
 *        --------------------------------           *
 *                                                   *
 *          PARAMETER AND COUPLING VALUES            *
 *                                                   *
 *****************************************************

  External Params
  ---------------------------------
  
 aEWM1 =    132.50700000000001     
 mdl_Gf =    1.1663900000000000E-005
 aS =   0.13000000000000003     
 mdl_ymb =    4.7000000000000002     
 mdl_ymt =    173.00000000000000     
 mdl_ymtau =    1.7769999999999999     
 mdl_MZ =    91.188000000000002     
 mdl_MT =    173.00000000000000     
 mdl_MB =    4.7000000000000002     
 mdl_MH =    125.00000000000000     
 mdl_MTA =    1.7769999999999999     
 mdl_WZ =    2.4414039999999999     
 mdl_WW =    2.0476000000000001     
 mdl_WT =    1.4915000000000000     
 mdl_WH =    6.3823389999999999E-003
  Internal Params
  ---------------------------------
  
 mdl_conjg__CKM3x3 =    1.0000000000000000     
 mdl_conjg__CKM1x1 =    1.0000000000000000     
 mdl_CKM3x3 =    1.0000000000000000     
 mdl_complexi =                (0.0000000000000000,1.0000000000000000)
 mdl_MZ__exp__2 =    8315.2513440000002     
 mdl_MZ__exp__4 =    69143404.913893804     
 mdl_sqrt__2 =    1.4142135623730951     
 mdl_MH__exp__2 =    15625.000000000000     
 mdl_aEW =    7.5467711139788835E-003
 mdl_MW =    80.419002445756163     
 mdl_sqrt__aEW =    8.6872153846781555E-002
 mdl_ee =   0.30795376724436879     
 mdl_MW__exp__2 =    6467.2159543705357     
 mdl_sw2 =   0.22224648578577766     
 mdl_cw =   0.88190334743339216     
 mdl_sqrt__sw2 =   0.47143025548407230     
 mdl_sw =   0.47143025548407230     
 mdl_g1 =   0.34919219678733299     
 mdl_gw =   0.65323293034757990     
 mdl_vev =    246.21845810181637     
 mdl_vev__exp__2 =    60623.529110035903     
 mdl_lam =   0.12886910601690263     
 mdl_yb =    2.6995554250465490E-002
 mdl_yt =   0.99366614581500623     
 mdl_ytau =    1.0206617000654717E-002
 mdl_muH =    88.388347648318430     
 mdl_I1x33 =          (2.69955542504654901E-002,0.0000000000000000)
 mdl_I2x33 =               (0.99366614581500623,0.0000000000000000)
 mdl_I3x33 =               (0.99366614581500623,0.0000000000000000)
 mdl_I4x33 =          (2.69955542504654901E-002,0.0000000000000000)
 mdl_ee__exp__2 =    9.4835522759998875E-002
 mdl_sw__exp__2 =   0.22224648578577769     
 mdl_cw__exp__2 =   0.77775351421422245     
  Internal Params evaluated point by point
  ----------------------------------------
  
 mdl_sqrt__aS =   0.36055512754639896     
 mdl_G__exp__2 =    1.6336281798666927     
  Couplings of sm
  ---------------------------------
  
        GC_10 =  -0.12781E+01   0.00000E+00
        GC_11 =   0.00000E+00   0.12781E+01
        GC_50 =  -0.00000E+00  -0.28804E+00
        GC_58 =  -0.00000E+00  -0.27437E-01
        GC_59 =   0.00000E+00   0.82310E-01

 Collider parameters:
 --------------------

 Running at P P   machine @    13000.000000000000       GeV
 PDF set = nn23lo1
 alpha_s(Mz)= 0.1300 running at 2 loops.
 alpha_s(Mz)= 0.1300 running at 2 loops.
 Renormalization scale set on event-by-event basis
 Factorization   scale set on event-by-event basis


 getting user params
Enter number of events and max and min iterations: 
 Number of events and iterations         1000           5           3
Enter desired fractional accuracy: 
 Desired fractional accuracy:   0.10000000000000001     
Enter 0 for fixed, 2 for adjustable grid: 
Suppress amplitude (0 no, 1 yes)? 
 Using suppressed amplitude.
Exact helicity sum (0 yes, n = number/event)? 
 Explicitly summing over helicities
Enter Configuration Number: 
Running Configuration Number:    9
 Not subdividing B.W.
 Attempting mappinvarients           1           8
 Determine nb_t
 T-channel found:            1
 Completed mapping           8
 about to integrate           16        1000           5           3          16           1
 Using non-zero grid deformation.
 16 dimensions   1000 events 16 invarients  5 iterations  1 config(s),  (0.99)
 Using h-tuple random number sequence.
 Error opening grid
 Using Uniform Grid!          32
 Using uniform alpha   1.0000000000000000     
 Grid defined OK
 Masses: 0.000E+00 0.000E+00 0.000E+00 0.000E+00 0.000E+00 0.000E+00 0.000E+00 0.000E+00
 Set CM energy to      13000.00
 Mapping Graph           9  to config           9
 Determine nb_t
 T-channel found:            1
 Setting BW          -1           1   91.188000000000002     
Setting grid   2    0.17619E-04   1
 Setting BW          -3           2   91.188000000000002     
Setting grid   4    0.70475E-04   1
Setting grid   5    0.23669E-05   1
 Transforming s_hat 1/s           15   1.3160304238967098E-004   8000.0000000000000        168999999.99999997     
 Got moffset           1
Using random seed offsets     9 :      1
  with seed                   57
 Ranmar initialization seeds       11132       12590
 
 ********************************************
 * You are using the DiscreteSampler module *
 *      part of the MG5_aMC framework       *
 *         Author: Valentin Hirschi         *
 ********************************************
 
  Particle       3       4       5       6       7       8
      Et >    20.0    20.0    20.0    20.0    20.0    20.0
       E >     0.0     0.0     0.0     0.0     0.0     0.0
     Eta <     2.5     2.5     2.5     2.5     2.8     2.8
   xqcut:      0.0     0.0     0.0     0.0    20.0    20.0
d R # 3  >    -0.0     0.4     0.4     0.4     0.0     0.0
d R # 4  >    -0.0    -0.0     0.4     0.4     0.0     0.0
d R # 5  >    -0.0    -0.0    -0.0     0.4     0.0     0.0
d R # 6  >    -0.0    -0.0    -0.0    -0.0     0.0     0.0
d R # 7  >    -0.0    -0.0    -0.0    -0.0    -0.0     0.0
s min # 3>     0.0     0.0     0.0     0.0     0.0     0.0
s min # 4>     0.0     0.0     0.0     0.0     0.0     0.0
s min # 5>     0.0     0.0     0.0     0.0     0.0     0.0
s min # 6>     0.0     0.0     0.0     0.0     0.0     0.0
s min # 7>     0.0     0.0     0.0     0.0     0.0   400.0
xqcutij # 3>     0.0     0.0     0.0     0.0     0.0     0.0
xqcutij # 4>     0.0     0.0     0.0     0.0     0.0     0.0
xqcutij # 5>     0.0     0.0     0.0     0.0     0.0     0.0
xqcutij # 6>     0.0     0.0     0.0     0.0     0.0     0.0
xqcutij # 7>     0.0     0.0     0.0     0.0     0.0     0.0
 No cut BW           -1           1
 No cut BW           -3           2
 alpha_s for scale    328.33552177846980       is   0.10718757132742283     
 RESET CUMULATIVE VARIABLE
 Iteration  1   Mean: 0.7945E-05 Abs mean: 0.7945E-05   Fluctuation:  0.687E-06   0.364E-03     2.1%
  1    0.7945E-05 0.7945E-05 +- 0.6870E-06      2.73
 Writing out events   7.6691906077711487E-008   2.7343461229896469     
 Relative summed weights:
  0.6817E-01  0.0000E+00  0.2771E-01  0.0000E+00  0.8275E-01  0.0000E+00  0.7344E-01  0.0000E+00
  0.1468E-01  0.0000E+00  0.2211E-01  0.0000E+00  0.6180E-01  0.0000E+00  0.1156E+00  0.0000E+00
  0.3994E-01  0.0000E+00  0.3032E-01  0.0000E+00  0.1466E+00  0.0000E+00  0.1353E+00  0.0000E+00
  0.3211E-01  0.0000E+00  0.3166E-01  0.0000E+00  0.5279E-01  0.0000E+00  0.6501E-01  0.0000E+00
 Relative number of events:
  0.5550E-01  0.0000E+00  0.4063E-01  0.0000E+00  0.7532E-01  0.0000E+00  0.7235E-01  0.0000E+00
  0.3171E-01  0.0000E+00  0.3271E-01  0.0000E+00  0.8226E-01  0.0000E+00  0.9019E-01  0.0000E+00
  0.3865E-01  0.0000E+00  0.3964E-01  0.0000E+00  0.9019E-01  0.0000E+00  0.8920E-01  0.0000E+00
  0.4262E-01  0.0000E+00  0.3667E-01  0.0000E+00  0.8722E-01  0.0000E+00  0.9514E-01  0.0000E+00
 Events:
          56           0          41           0          76           0          73           0
          32           0          33           0          83           0          91           0
          39           0          40           0          91           0          90           0
          43           0          37           0          88           0          96           0
 Iteration  2   Mean: 0.8619E-05 Abs mean: 0.8619E-05   Fluctuation:  0.414E-06   0.270E-03    12.8%
  2    0.8619E-05 0.8619E-05 +- 0.4137E-06      2.15
 Relative summed weights:
  0.5079E-01  0.0000E+00  0.3504E-01  0.0000E+00  0.1117E+00  0.0000E+00  0.9333E-01  0.0000E+00
  0.5479E-01  0.0000E+00  0.2916E-01  0.0000E+00  0.7676E-01  0.0000E+00  0.8011E-01  0.0000E+00
  0.3205E-01  0.0000E+00  0.4286E-01  0.0000E+00  0.7255E-01  0.0000E+00  0.1020E+00  0.0000E+00
  0.3639E-01  0.0000E+00  0.3654E-01  0.0000E+00  0.7425E-01  0.0000E+00  0.7168E-01  0.0000E+00
 Relative number of events:
  0.4800E-01  0.0000E+00  0.3650E-01  0.0000E+00  0.9050E-01  0.0000E+00  0.8150E-01  0.0000E+00
  0.4300E-01  0.0000E+00  0.2950E-01  0.0000E+00  0.8900E-01  0.0000E+00  0.8050E-01  0.0000E+00
  0.3700E-01  0.0000E+00  0.4100E-01  0.0000E+00  0.8350E-01  0.0000E+00  0.8800E-01  0.0000E+00
  0.4750E-01  0.0000E+00  0.4000E-01  0.0000E+00  0.8300E-01  0.0000E+00  0.8150E-01  0.0000E+00
 Events:
          96           0          73           0         181           0         163           0
          86           0          59           0         178           0         161           0
          74           0          82           0         167           0         176           0
          95           0          80           0         166           0         163           0
 Iteration  3   Mean: 0.8698E-05 Abs mean: 0.8698E-05   Fluctuation:  0.306E-06   0.525E-03    15.7%
  3    0.8698E-05 0.8698E-05 +- 0.3057E-06      2.22
 Relative summed weights:
  0.4732E-01  0.0000E+00  0.4714E-01  0.0000E+00  0.7573E-01  0.0000E+00  0.8781E-01  0.0000E+00
  0.3390E-01  0.0000E+00  0.4531E-01  0.0000E+00  0.8669E-01  0.0000E+00  0.8693E-01  0.0000E+00
  0.3717E-01  0.0000E+00  0.4864E-01  0.0000E+00  0.7999E-01  0.0000E+00  0.7741E-01  0.0000E+00
  0.6164E-01  0.0000E+00  0.4271E-01  0.0000E+00  0.6280E-01  0.0000E+00  0.7883E-01  0.0000E+00
 Relative number of events:
  0.3550E-01  0.0000E+00  0.4750E-01  0.0000E+00  0.7725E-01  0.0000E+00  0.8075E-01  0.0000E+00
  0.3925E-01  0.0000E+00  0.3950E-01  0.0000E+00  0.8625E-01  0.0000E+00  0.8175E-01  0.0000E+00
  0.4225E-01  0.0000E+00  0.4575E-01  0.0000E+00  0.8625E-01  0.0000E+00  0.8300E-01  0.0000E+00
  0.4075E-01  0.0000E+00  0.4525E-01  0.0000E+00  0.8500E-01  0.0000E+00  0.8400E-01  0.0000E+00
 Events:
         142           0         190           0         309           0         323           0
         157           0         158           0         345           0         327           0
         169           0         183           0         345           0         332           0
         163           0         181           0         340           0         336           0
 Accuracy:    0.018   0.100   0.027   0.442
 Finished due to accuracy    1.7903486928738107E-002  0.10000000000000001     

 -------------------------------------------------------------------------------
 Accumulated results:   Integral =  0.8600E-05
                        Std dev  =  0.2317E-06
                       Cross sec =  0.8600E-05
             Chi**2 per DoF.     =      0.4415
 -------------------------------------------------------------------------------
 Found         1689  events.
 Wrote          126  events.
 Actual xsec    8.5999714465656018E-006
 Correct abs xsec    8.5999714465656018E-006
 Event xsec    8.5999714465656120E-006
 Events wgts > 1:            4
 % Cross section > 1:    8.7277634953853177E-008   1.0148595898967478     
-------------------------------------------------
---------------------------
 Results Last   3 iters: Integral =   0.8600E-05
                     Abs integral =   0.8600E-05
                          Std dev =   0.2317E-06
                  Chi**2 per DoF. =      0.5070
-------------------------------------------------
---------------------------
 Status  0.10000000000000001                4           5

ls status:
events.lhe
ftn26
input_app.txt
input_sg.txt
moffset.dat
results.dat
run1_app.log
run_01_log.txt
run_02_log.txt
run_03_log.txt
run_04_log.txt
