 Process in group number            2
 A PDF is used, so alpha_s(MZ) is going to be modified
 Old value of alpha_s from param_card:   0.13000000000000003     
  ****************************************
 
       NNPDFDriver version 1.0.3
   Grid: NNPDF23_lo_as_0130_qed_mem0.grid
  ****************************************
 New value of alpha_s from PDF nn23lo1:  0.13000000000000000     
 Warning! ptj set to xqcut=   20.000000000000000       to improve integration efficiency
 Note that this might affect non-radiated jets,
 e.g. from decays. Use cut_decays=F in run_card.
 Warning! mmjj set to xqcut=   20.000000000000000       to improve integration efficiency
 Note that this might affect non-radiated jets,
 e.g. from decays. Use cut_decays=F in run_card.
 Define smin to   8000.0000000000000     
 Define smin to   8000.0000000000000     
 Define smin to   8000.0000000000000     
 Define smin to   8000.0000000000000     
 *****************************************************
 *               MadGraph/MadEvent                   *
 *        --------------------------------           *
 *          http://madgraph.hep.uiuc.edu             *
 *          http://madgraph.phys.ucl.ac.be           *
 *          http://madgraph.roma2.infn.it            *
 *        --------------------------------           *
 *                                                   *
 *          PARAMETER AND COUPLING VALUES            *
 *                                                   *
 *****************************************************

  External Params
  ---------------------------------
  
 aEWM1 =    132.50700000000001     
 mdl_Gf =    1.1663900000000000E-005
 aS =   0.13000000000000003     
 mdl_ymb =    4.7000000000000002     
 mdl_ymt =    173.00000000000000     
 mdl_ymtau =    1.7769999999999999     
 mdl_MZ =    91.188000000000002     
 mdl_MT =    173.00000000000000     
 mdl_MB =    4.7000000000000002     
 mdl_MH =    125.00000000000000     
 mdl_MTA =    1.7769999999999999     
 mdl_WZ =    2.4414039999999999     
 mdl_WW =    2.0476000000000001     
 mdl_WT =    1.4915000000000000     
 mdl_WH =    6.3823389999999999E-003
  Internal Params
  ---------------------------------
  
 mdl_conjg__CKM3x3 =    1.0000000000000000     
 mdl_conjg__CKM1x1 =    1.0000000000000000     
 mdl_CKM3x3 =    1.0000000000000000     
 mdl_complexi =                (0.0000000000000000,1.0000000000000000)
 mdl_MZ__exp__2 =    8315.2513440000002     
 mdl_MZ__exp__4 =    69143404.913893804     
 mdl_sqrt__2 =    1.4142135623730951     
 mdl_MH__exp__2 =    15625.000000000000     
 mdl_aEW =    7.5467711139788835E-003
 mdl_MW =    80.419002445756163     
 mdl_sqrt__aEW =    8.6872153846781555E-002
 mdl_ee =   0.30795376724436879     
 mdl_MW__exp__2 =    6467.2159543705357     
 mdl_sw2 =   0.22224648578577766     
 mdl_cw =   0.88190334743339216     
 mdl_sqrt__sw2 =   0.47143025548407230     
 mdl_sw =   0.47143025548407230     
 mdl_g1 =   0.34919219678733299     
 mdl_gw =   0.65323293034757990     
 mdl_vev =    246.21845810181637     
 mdl_vev__exp__2 =    60623.529110035903     
 mdl_lam =   0.12886910601690263     
 mdl_yb =    2.6995554250465490E-002
 mdl_yt =   0.99366614581500623     
 mdl_ytau =    1.0206617000654717E-002
 mdl_muH =    88.388347648318430     
 mdl_I1x33 =          (2.69955542504654901E-002,0.0000000000000000)
 mdl_I2x33 =               (0.99366614581500623,0.0000000000000000)
 mdl_I3x33 =               (0.99366614581500623,0.0000000000000000)
 mdl_I4x33 =          (2.69955542504654901E-002,0.0000000000000000)
 mdl_ee__exp__2 =    9.4835522759998875E-002
 mdl_sw__exp__2 =   0.22224648578577769     
 mdl_cw__exp__2 =   0.77775351421422245     
  Internal Params evaluated point by point
  ----------------------------------------
  
 mdl_sqrt__aS =   0.36055512754639896     
 mdl_G__exp__2 =    1.6336281798666927     
  Couplings of sm
  ---------------------------------
  
        GC_10 =  -0.12781E+01   0.00000E+00
        GC_11 =   0.00000E+00   0.12781E+01
        GC_50 =  -0.00000E+00  -0.28804E+00
        GC_58 =  -0.00000E+00  -0.27437E-01
        GC_59 =   0.00000E+00   0.82310E-01

 Collider parameters:
 --------------------

 Running at P P   machine @    13000.000000000000       GeV
 PDF set = nn23lo1
 alpha_s(Mz)= 0.1300 running at 2 loops.
 alpha_s(Mz)= 0.1300 running at 2 loops.
 Renormalization scale set on event-by-event basis
 Factorization   scale set on event-by-event basis


 getting user params
Enter number of events and max and min iterations: 
 Number of events and iterations         1000           5           3
Enter desired fractional accuracy: 
 Desired fractional accuracy:   0.10000000000000001     
Enter 0 for fixed, 2 for adjustable grid: 
Suppress amplitude (0 no, 1 yes)? 
 Using suppressed amplitude.
Exact helicity sum (0 yes, n = number/event)? 
 Explicitly summing over helicities
Enter Configuration Number: 
Running Configuration Number:   27
 Not subdividing B.W.
 Attempting mappinvarients           1           8
 Determine nb_t
 T-channel found:            1
 Completed mapping           8
 about to integrate           16        1000           5           3          16           1
 Using non-zero grid deformation.
 16 dimensions   1000 events 16 invarients  5 iterations  1 config(s),  (0.99)
 Using h-tuple random number sequence.
 Error opening grid
 Using Uniform Grid!          32
 Using uniform alpha   1.0000000000000000     
 Grid defined OK
 Masses: 0.000E+00 0.000E+00 0.000E+00 0.000E+00 0.000E+00 0.000E+00 0.000E+00 0.000E+00
 Set CM energy to      13000.00
 Mapping Graph          27  to config          27
 Determine nb_t
 T-channel found:            1
 Setting BW          -1           1   91.188000000000002     
Setting grid   2    0.17619E-04   1
 Setting BW          -3           2   91.188000000000002     
Setting grid   4    0.17619E-04   1
Setting grid   5    0.32901E-04   1
 Transforming s_hat 1/s           15   1.3160304238967098E-004   8000.0000000000000        168999999.99999997     
Using random seed offsets    27 :      1
  with seed                   57
 Ranmar initialization seeds       11150        9433
 
 ********************************************
 * You are using the DiscreteSampler module *
 *      part of the MG5_aMC framework       *
 *         Author: Valentin Hirschi         *
 ********************************************
 
  Particle       3       4       5       6       7       8
      Et >    20.0    20.0    20.0    20.0    20.0    20.0
       E >     0.0     0.0     0.0     0.0     0.0     0.0
     Eta <     2.5     2.5     2.5     2.5     2.8     2.8
   xqcut:      0.0     0.0     0.0     0.0    20.0    20.0
d R # 3  >    -0.0     0.4     0.4     0.4     0.0     0.0
d R # 4  >    -0.0    -0.0     0.4     0.4     0.0     0.0
d R # 5  >    -0.0    -0.0    -0.0     0.4     0.0     0.0
d R # 6  >    -0.0    -0.0    -0.0    -0.0     0.0     0.0
d R # 7  >    -0.0    -0.0    -0.0    -0.0    -0.0     0.0
s min # 3>     0.0     0.0     0.0     0.0     0.0     0.0
s min # 4>     0.0     0.0     0.0     0.0     0.0     0.0
s min # 5>     0.0     0.0     0.0     0.0     0.0     0.0
s min # 6>     0.0     0.0     0.0     0.0     0.0     0.0
s min # 7>     0.0     0.0     0.0     0.0     0.0   400.0
xqcutij # 3>     0.0     0.0     0.0     0.0     0.0     0.0
xqcutij # 4>     0.0     0.0     0.0     0.0     0.0     0.0
xqcutij # 5>     0.0     0.0     0.0     0.0     0.0     0.0
xqcutij # 6>     0.0     0.0     0.0     0.0     0.0     0.0
xqcutij # 7>     0.0     0.0     0.0     0.0     0.0     0.0
 No cut BW           -1           1
 No cut BW           -3           2
 alpha_s for scale    196.88952890348116       is   0.11523901425014416     
 RESET CUMULATIVE VARIABLE
 Iteration  1   Mean: 0.4237E-05 Abs mean: 0.4237E-05   Fluctuation:  0.388E-06   0.220E-03     2.9%
  1    0.4237E-05 0.4237E-05 +- 0.3884E-06      2.90
 Writing out events   2.9039683181644845E-008   2.8983742202814393     
 Relative summed weights:
  0.3419E-01  0.0000E+00  0.2590E-01  0.0000E+00  0.1500E+00  0.0000E+00  0.1211E+00  0.0000E+00
  0.5243E-01  0.0000E+00  0.3093E-01  0.0000E+00  0.1020E+00  0.0000E+00  0.6413E-01  0.0000E+00
  0.3091E-01  0.0000E+00  0.3461E-01  0.0000E+00  0.8926E-01  0.0000E+00  0.6177E-01  0.0000E+00
  0.2437E-01  0.0000E+00  0.2614E-01  0.0000E+00  0.5864E-01  0.0000E+00  0.9359E-01  0.0000E+00
 Relative number of events:
  0.4955E-01  0.0000E+00  0.4361E-01  0.0000E+00  0.1031E+00  0.0000E+00  0.9613E-01  0.0000E+00
  0.4163E-01  0.0000E+00  0.3568E-01  0.0000E+00  0.7136E-01  0.0000E+00  0.6739E-01  0.0000E+00
  0.2874E-01  0.0000E+00  0.3271E-01  0.0000E+00  0.7532E-01  0.0000E+00  0.6541E-01  0.0000E+00
  0.4559E-01  0.0000E+00  0.4361E-01  0.0000E+00  0.9514E-01  0.0000E+00  0.1051E+00  0.0000E+00
 Events:
          50           0          44           0         104           0          97           0
          42           0          36           0          72           0          68           0
          29           0          33           0          76           0          66           0
          46           0          44           0          96           0         106           0
 Iteration  2   Mean: 0.4654E-05 Abs mean: 0.4654E-05   Fluctuation:  0.362E-06   0.498E-03    15.3%
  2    0.4654E-05 0.4654E-05 +- 0.3624E-06      3.48
 Relative summed weights:
  0.2662E-01  0.0000E+00  0.4458E-01  0.0000E+00  0.1148E+00  0.0000E+00  0.6367E-01  0.0000E+00
  0.4642E-01  0.0000E+00  0.3797E-01  0.0000E+00  0.1064E+00  0.0000E+00  0.6747E-01  0.0000E+00
  0.2843E-01  0.0000E+00  0.3444E-01  0.0000E+00  0.7109E-01  0.0000E+00  0.5859E-01  0.0000E+00
  0.4821E-01  0.0000E+00  0.2992E-01  0.0000E+00  0.1446E+00  0.0000E+00  0.7684E-01  0.0000E+00
 Relative number of events:
  0.4700E-01  0.0000E+00  0.4750E-01  0.0000E+00  0.9700E-01  0.0000E+00  0.9550E-01  0.0000E+00
  0.4400E-01  0.0000E+00  0.3700E-01  0.0000E+00  0.7250E-01  0.0000E+00  0.6850E-01  0.0000E+00
  0.3250E-01  0.0000E+00  0.2700E-01  0.0000E+00  0.6850E-01  0.0000E+00  0.6900E-01  0.0000E+00
  0.4950E-01  0.0000E+00  0.4250E-01  0.0000E+00  0.1060E+00  0.0000E+00  0.9600E-01  0.0000E+00
 Events:
          94           0          95           0         194           0         191           0
          88           0          74           0         145           0         137           0
          65           0          54           0         137           0         138           0
          99           0          85           0         212           0         192           0
 Iteration  3   Mean: 0.4507E-05 Abs mean: 0.4507E-05   Fluctuation:  0.186E-06   0.213E-03    20.5%
  3    0.4507E-05 0.4507E-05 +- 0.1859E-06      2.61
 Relative summed weights:
  0.3991E-01  0.0000E+00  0.4874E-01  0.0000E+00  0.7403E-01  0.0000E+00  0.1013E+00  0.0000E+00
  0.5843E-01  0.0000E+00  0.4571E-01  0.0000E+00  0.9583E-01  0.0000E+00  0.8034E-01  0.0000E+00
  0.3671E-01  0.0000E+00  0.3894E-01  0.0000E+00  0.7593E-01  0.0000E+00  0.7047E-01  0.0000E+00
  0.4148E-01  0.0000E+00  0.4159E-01  0.0000E+00  0.7562E-01  0.0000E+00  0.7498E-01  0.0000E+00
 Relative number of events:
  0.5150E-01  0.0000E+00  0.4725E-01  0.0000E+00  0.1035E+00  0.0000E+00  0.9475E-01  0.0000E+00
  0.3375E-01  0.0000E+00  0.3450E-01  0.0000E+00  0.6950E-01  0.0000E+00  0.6700E-01  0.0000E+00
  0.3175E-01  0.0000E+00  0.3325E-01  0.0000E+00  0.7100E-01  0.0000E+00  0.7175E-01  0.0000E+00
  0.4825E-01  0.0000E+00  0.4825E-01  0.0000E+00  0.9625E-01  0.0000E+00  0.9775E-01  0.0000E+00
 Events:
         206           0         189           0         414           0         379           0
         135           0         138           0         278           0         268           0
         127           0         133           0         284           0         287           0
         193           0         193           0         385           0         391           0
 Accuracy:    0.019   0.100   0.034   0.300
 Finished due to accuracy    1.8555480483424723E-002  0.10000000000000001     

 -------------------------------------------------------------------------------
 Accumulated results:   Integral =  0.4498E-05
                        Std dev  =  0.1523E-06
                       Cross sec =  0.4498E-05
             Chi**2 per DoF.     =      0.3003
 -------------------------------------------------------------------------------
 Found         1259  events.
 Wrote          127  events.
 Actual xsec    4.4979969842623643E-006
 Correct abs xsec    4.4979969842623643E-006
 Event xsec    4.4979969842623753E-006
 Events wgts > 1:            5
 % Cross section > 1:    3.1445896621196595E-008  0.69910888627137213     
-------------------------------------------------
---------------------------
 Results Last   3 iters: Integral =   0.4498E-05
                     Abs integral =   0.4498E-05
                          Std dev =   0.1523E-06
                  Chi**2 per DoF. =      0.3192
-------------------------------------------------
---------------------------
 Status  0.10000000000000001                4           5

ls status:
events.lhe
ftn26
input_app.txt
results.dat
run1_app.log
run_01_log.txt
run_02_log.txt
run_03_log.txt
run_04_log.txt
run_05_log.txt
